{"C:\\Users\\dprit\\OneDrive\\Documents\\New project\\raw-surf-stabilization14\\frontend\\src\\components\\map\\ForecastTimeStatus.js": {"path":"C:\\Users\\dprit\\OneDrive\\Documents\\New project\\raw-surf-stabilization14\\frontend\\src\\components\\map\\ForecastTimeStatus.js","statementMap":{"0":{"start":{"line":6,"column":21},"end":{"line":12,"column":26}},"1":{"start":{"line":7,"column":4},"end":{"line":7,"column":56}},"2":{"start":{"line":7,"column":39},"end":{"line":7,"column":56}},"3":{"start":{"line":8,"column":21},"end":{"line":8,"column":63}},"4":{"start":{"line":9,"column":4},"end":{"line":9,"column":104}},"5":{"start":{"line":9,"column":87},"end":{"line":9,"column":104}},"6":{"start":{"line":10,"column":4},"end":{"line":10,"column":38}},"7":{"start":{"line":11,"column":4},"end":{"line":11,"column":121}},"8":{"start":{"line":13,"column":30},"end":{"line":13,"column":50}},"9":{"start":{"line":14,"column":2},"end":{"line":18,"column":19}},"10":{"start":{"line":15,"column":4},"end":{"line":15,"column":28}},"11":{"start":{"line":16,"column":18},"end":{"line":16,"column":65}},"12":{"start":{"line":16,"column":36},"end":{"line":16,"column":59}},"13":{"start":{"line":17,"column":4},"end":{"line":17,"column":38}},"14":{"start":{"line":17,"column":17},"end":{"line":17,"column":37}},"15":{"start":{"line":19,"column":19},"end":{"line":19,"column":91}},"16":{"start":{"line":20,"column":2},"end":{"line":20,"column":68}},"17":{"start":{"line":20,"column":56},"end":{"line":20,"column":68}},"18":{"start":{"line":21,"column":2},"end":{"line":25,"column":4}}},"fnMap":{"0":{"name":"ForecastTimeStatus","decl":{"start":{"line":5,"column":24},"end":{"line":5,"column":42}},"loc":{"start":{"line":5,"column":74},"end":{"line":26,"column":1}},"line":5},"1":{"name":"(anonymous_1)","decl":{"start":{"line":6,"column":33},"end":{"line":6,"column":34}},"loc":{"start":{"line":6,"column":39},"end":{"line":12,"column":3}},"line":6},"2":{"name":"(anonymous_2)","decl":{"start":{"line":14,"column":12},"end":{"line":14,"column":13}},"loc":{"start":{"line":14,"column":18},"end":{"line":18,"column":3}},"line":14},"3":{"name":"(anonymous_3)","decl":{"start":{"line":16,"column":30},"end":{"line":16,"column":31}},"loc":{"start":{"line":16,"column":36},"end":{"line":16,"column":59}},"line":16},"4":{"name":"(anonymous_4)","decl":{"start":{"line":17,"column":11},"end":{"line":17,"column":12}},"loc":{"start":{"line":17,"column":17},"end":{"line":17,"column":37}},"line":17}},"branchMap":{"0":{"loc":{"start":{"line":7,"column":4},"end":{"line":7,"column":56}},"type":"if","locations":[{"start":{"line":7,"column":4},"end":{"line":7,"column":56}},{"start":{},"end":{}}],"line":7},"1":{"loc":{"start":{"line":9,"column":4},"end":{"line":9,"column":104}},"type":"if","locations":[{"start":{"line":9,"column":4},"end":{"line":9,"column":104}},{"start":{},"end":{}}],"line":9},"2":{"loc":{"start":{"line":9,"column":8},"end":{"line":9,"column":85}},"type":"binary-expr","locations":[{"start":{"line":9,"column":8},"end":{"line":9,"column":17}},{"start":{"line":9,"column":21},"end":{"line":9,"column":51}},{"start":{"line":9,"column":55},"end":{"line":9,"column":85}}],"line":9},"3":{"loc":{"start":{"line":19,"column":19},"end":{"line":19,"column":91}},"type":"binary-expr","locations":[{"start":{"line":19,"column":19},"end":{"line":19,"column":54}},{"start":{"line":19,"column":58},"end":{"line":19,"column":91}}],"line":19},"4":{"loc":{"start":{"line":20,"column":2},"end":{"line":20,"column":68}},"type":"if","locations":[{"start":{"line":20,"column":2},"end":{"line":20,"column":68}},{"start":{},"end":{}}],"line":20},"5":{"loc":{"start":{"line":20,"column":6},"end":{"line":20,"column":54}},"type":"binary-expr","locations":[{"start":{"line":20,"column":6},"end":{"line":20,"column":15}},{"start":{"line":20,"column":19},"end":{"line":20,"column":54}}],"line":20},"6":{"loc":{"start":{"line":22,"column":69},"end":{"line":22,"column":124}},"type":"cond-expr","locations":[{"start":{"line":22,"column":89},"end":{"line":22,"column":105}},{"start":{"line":22,"column":108},"end":{"line":22,"column":124}}],"line":22},"7":{"loc":{"start":{"line":23,"column":7},"end":{"line":23,"column":103}},"type":"cond-expr","locations":[{"start":{"line":23,"column":18},"end":{"line":23,"column":64}},{"start":{"line":23,"column":67},"end":{"line":23,"column":103}}],"line":23}},"s":{"0":7,"1":14,"2":0,"3":14,"4":14,"5":2,"6":12,"7":12,"8":7,"9":7,"10":6,"11":6,"12":2,"13":6,"14":6,"15":7,"16":7,"17":2,"18":5},"f":{"0":7,"1":14,"2":6,"3":2,"4":6},"b":{"0":[0,14],"1":[2,12],"2":[14,14,12],"3":[7,3],"4":[2,5],"5":[7,3],"6":[1,4],"7":[4,1]},"_coverageSchema":"1a1c01bbd47fc00a2c39e90264f33305004495a9","hash":"5be42175588b6cb12be8c6bf9b41a94c78fff3fa"}
}
