{"C:\\Users\\dprit\\OneDrive\\Documents\\New project\\raw-surf-stabilization14\\frontend\\src\\components\\map\\backendWeatherServiceClient.js": {"path":"C:\\Users\\dprit\\OneDrive\\Documents\\New project\\raw-surf-stabilization14\\frontend\\src\\components\\map\\backendWeatherServiceClient.js","statementMap":{"0":{"start":{"line":22,"column":26},"end":{"line":22,"column":58}},"1":{"start":{"line":25,"column":26},"end":{"line":25,"column":61}},"2":{"start":{"line":26,"column":24},"end":{"line":26,"column":57}},"3":{"start":{"line":27,"column":25},"end":{"line":27,"column":59}},"4":{"start":{"line":35,"column":27},"end":{"line":35,"column":31}},"5":{"start":{"line":38,"column":17},"end":{"line":38,"column":36}},"6":{"start":{"line":39,"column":18},"end":{"line":39,"column":90}},"7":{"start":{"line":40,"column":2},"end":{"line":40,"column":57}},"8":{"start":{"line":40,"column":43},"end":{"line":40,"column":57}},"9":{"start":{"line":41,"column":2},"end":{"line":41,"column":73}},"10":{"start":{"line":41,"column":45},"end":{"line":41,"column":73}},"11":{"start":{"line":43,"column":2},"end":{"line":56,"column":7}},"12":{"start":{"line":44,"column":4},"end":{"line":55,"column":5}},"13":{"start":{"line":45,"column":18},"end":{"line":45,"column":73}},"14":{"start":{"line":46,"column":6},"end":{"line":46,"column":57}},"15":{"start":{"line":46,"column":19},"end":{"line":46,"column":57}},"16":{"start":{"line":47,"column":19},"end":{"line":47,"column":35}},"17":{"start":{"line":48,"column":6},"end":{"line":48,"column":30}},"18":{"start":{"line":49,"column":6},"end":{"line":49,"column":18}},"19":{"start":{"line":51,"column":6},"end":{"line":51,"column":96}},"20":{"start":{"line":52,"column":6},"end":{"line":52,"column":18}},"21":{"start":{"line":54,"column":6},"end":{"line":54,"column":34}},"22":{"start":{"line":58,"column":2},"end":{"line":58,"column":30}},"23":{"start":{"line":66,"column":2},"end":{"line":66,"column":49}},"24":{"start":{"line":66,"column":37},"end":{"line":66,"column":49}},"25":{"start":{"line":67,"column":2},"end":{"line":69,"column":3}},"26":{"start":{"line":68,"column":4},"end":{"line":68,"column":50}},"27":{"start":{"line":70,"column":2},"end":{"line":73,"column":16}},"28":{"start":{"line":71,"column":18},"end":{"line":71,"column":78}},"29":{"start":{"line":72,"column":4},"end":{"line":72,"column":48}},"30":{"start":{"line":72,"column":24},"end":{"line":72,"column":48}},"31":{"start":{"line":74,"column":2},"end":{"line":76,"column":3}},"32":{"start":{"line":75,"column":4},"end":{"line":75,"column":70}},"33":{"start":{"line":77,"column":2},"end":{"line":77,"column":14}},"34":{"start":{"line":85,"column":2},"end":{"line":85,"column":50}},"35":{"start":{"line":85,"column":37},"end":{"line":85,"column":50}},"36":{"start":{"line":86,"column":2},"end":{"line":86,"column":49}},"37":{"start":{"line":86,"column":37},"end":{"line":86,"column":49}},"38":{"start":{"line":87,"column":2},"end":{"line":89,"column":3}},"39":{"start":{"line":88,"column":4},"end":{"line":88,"column":52}},"40":{"start":{"line":90,"column":2},"end":{"line":93,"column":16}},"41":{"start":{"line":91,"column":18},"end":{"line":91,"column":80}},"42":{"start":{"line":92,"column":4},"end":{"line":92,"column":48}},"43":{"start":{"line":92,"column":24},"end":{"line":92,"column":48}},"44":{"start":{"line":94,"column":2},"end":{"line":96,"column":3}},"45":{"start":{"line":95,"column":4},"end":{"line":95,"column":64}},"46":{"start":{"line":97,"column":2},"end":{"line":97,"column":14}},"47":{"start":{"line":105,"column":2},"end":{"line":105,"column":49}},"48":{"start":{"line":105,"column":37},"end":{"line":105,"column":49}},"49":{"start":{"line":106,"column":2},"end":{"line":108,"column":3}},"50":{"start":{"line":107,"column":4},"end":{"line":107,"column":49}},"51":{"start":{"line":109,"column":2},"end":{"line":112,"column":16}},"52":{"start":{"line":110,"column":18},"end":{"line":110,"column":77}},"53":{"start":{"line":111,"column":4},"end":{"line":111,"column":48}},"54":{"start":{"line":111,"column":24},"end":{"line":111,"column":48}},"55":{"start":{"line":113,"column":2},"end":{"line":115,"column":3}},"56":{"start":{"line":114,"column":4},"end":{"line":114,"column":61}},"57":{"start":{"line":116,"column":2},"end":{"line":116,"column":14}},"58":{"start":{"line":124,"column":2},"end":{"line":124,"column":50}},"59":{"start":{"line":124,"column":37},"end":{"line":124,"column":50}},"60":{"start":{"line":125,"column":2},"end":{"line":125,"column":49}},"61":{"start":{"line":125,"column":37},"end":{"line":125,"column":49}},"62":{"start":{"line":126,"column":2},"end":{"line":128,"column":3}},"63":{"start":{"line":127,"column":4},"end":{"line":127,"column":55}},"64":{"start":{"line":129,"column":2},"end":{"line":132,"column":16}},"65":{"start":{"line":130,"column":18},"end":{"line":130,"column":83}},"66":{"start":{"line":131,"column":4},"end":{"line":131,"column":48}},"67":{"start":{"line":131,"column":24},"end":{"line":131,"column":48}},"68":{"start":{"line":133,"column":2},"end":{"line":135,"column":3}},"69":{"start":{"line":134,"column":4},"end":{"line":134,"column":67}},"70":{"start":{"line":136,"column":2},"end":{"line":136,"column":14}},"71":{"start":{"line":145,"column":2},"end":{"line":145,"column":50}},"72":{"start":{"line":145,"column":37},"end":{"line":145,"column":50}},"73":{"start":{"line":146,"column":2},"end":{"line":146,"column":72}},"74":{"start":{"line":146,"column":42},"end":{"line":146,"column":72}},"75":{"start":{"line":147,"column":2},"end":{"line":156,"column":31}},"76":{"start":{"line":148,"column":22},"end":{"line":148,"column":77}},"77":{"start":{"line":154,"column":4},"end":{"line":154,"column":37}},"78":{"start":{"line":155,"column":4},"end":{"line":155,"column":21}},"79":{"start":{"line":156,"column":16},"end":{"line":156,"column":29}},"80":{"start":{"line":160,"column":2},"end":{"line":160,"column":44}},"81":{"start":{"line":160,"column":37},"end":{"line":160,"column":44}},"82":{"start":{"line":161,"column":2},"end":{"line":161,"column":30}},"83":{"start":{"line":162,"column":2},"end":{"line":162,"column":91}},"84":{"start":{"line":162,"column":8},"end":{"line":162,"column":76}},"85":{"start":{"line":170,"column":2},"end":{"line":170,"column":50}},"86":{"start":{"line":170,"column":37},"end":{"line":170,"column":50}},"87":{"start":{"line":171,"column":2},"end":{"line":171,"column":49}},"88":{"start":{"line":171,"column":37},"end":{"line":171,"column":49}},"89":{"start":{"line":172,"column":2},"end":{"line":174,"column":3}},"90":{"start":{"line":173,"column":4},"end":{"line":173,"column":56}},"91":{"start":{"line":175,"column":2},"end":{"line":178,"column":16}},"92":{"start":{"line":176,"column":18},"end":{"line":176,"column":84}},"93":{"start":{"line":177,"column":4},"end":{"line":177,"column":48}},"94":{"start":{"line":177,"column":24},"end":{"line":177,"column":48}},"95":{"start":{"line":179,"column":2},"end":{"line":181,"column":3}},"96":{"start":{"line":180,"column":4},"end":{"line":180,"column":68}},"97":{"start":{"line":182,"column":2},"end":{"line":182,"column":14}},"98":{"start":{"line":192,"column":17},"end":{"line":192,"column":77}},"99":{"start":{"line":193,"column":19},"end":{"line":193,"column":92}},"100":{"start":{"line":194,"column":21},"end":{"line":194,"column":61}},"101":{"start":{"line":195,"column":19},"end":{"line":195,"column":58}},"102":{"start":{"line":196,"column":29},"end":{"line":196,"column":51}},"103":{"start":{"line":198,"column":34},"end":{"line":198,"column":38}},"104":{"start":{"line":199,"column":27},"end":{"line":199,"column":31}},"105":{"start":{"line":200,"column":23},"end":{"line":200,"column":27}},"106":{"start":{"line":202,"column":22},"end":{"line":202,"column":54}},"107":{"start":{"line":203,"column":23},"end":{"line":203,"column":65}},"108":{"start":{"line":204,"column":22},"end":{"line":204,"column":56}},"109":{"start":{"line":206,"column":19},"end":{"line":206,"column":38}},"110":{"start":{"line":207,"column":27},"end":{"line":207,"column":105}},"111":{"start":{"line":209,"column":2},"end":{"line":243,"column":3}},"112":{"start":{"line":210,"column":29},"end":{"line":214,"column":5}},"113":{"start":{"line":211,"column":6},"end":{"line":213,"column":43}},"114":{"start":{"line":216,"column":4},"end":{"line":238,"column":5}},"115":{"start":{"line":217,"column":22},"end":{"line":217,"column":30}},"116":{"start":{"line":218,"column":24},"end":{"line":218,"column":28}},"117":{"start":{"line":220,"column":6},"end":{"line":227,"column":7}},"118":{"start":{"line":221,"column":22},"end":{"line":221,"column":50}},"119":{"start":{"line":222,"column":23},"end":{"line":222,"column":69}},"120":{"start":{"line":223,"column":8},"end":{"line":226,"column":9}},"121":{"start":{"line":224,"column":10},"end":{"line":224,"column":29}},"122":{"start":{"line":225,"column":10},"end":{"line":225,"column":26}},"123":{"start":{"line":230,"column":6},"end":{"line":235,"column":7}},"124":{"start":{"line":231,"column":8},"end":{"line":231,"column":89}},"125":{"start":{"line":232,"column":8},"end":{"line":232,"column":49}},"126":{"start":{"line":234,"column":8},"end":{"line":234,"column":140}},"127":{"start":{"line":237,"column":6},"end":{"line":237,"column":132}},"128":{"start":{"line":240,"column":4},"end":{"line":240,"column":114}},"129":{"start":{"line":242,"column":4},"end":{"line":242,"column":63}},"130":{"start":{"line":242,"column":19},"end":{"line":242,"column":63}},"131":{"start":{"line":245,"column":23},"end":{"line":245,"column":54}},"132":{"start":{"line":246,"column":2},"end":{"line":251,"column":4}},"133":{"start":{"line":246,"column":17},"end":{"line":251,"column":4}},"134":{"start":{"line":253,"column":2},"end":{"line":253,"column":57}},"135":{"start":{"line":272,"column":2},"end":{"line":272,"column":50}},"136":{"start":{"line":272,"column":44},"end":{"line":272,"column":48}},"137":{"start":{"line":274,"column":2},"end":{"line":280,"column":3}},"138":{"start":{"line":275,"column":4},"end":{"line":279,"column":5}},"139":{"start":{"line":278,"column":6},"end":{"line":278,"column":122}},"140":{"start":{"line":282,"column":2},"end":{"line":433,"column":3}},"141":{"start":{"line":285,"column":4},"end":{"line":293,"column":7}},"142":{"start":{"line":295,"column":4},"end":{"line":432,"column":5}},"143":{"start":{"line":296,"column":38},"end":{"line":299,"column":8}},"144":{"start":{"line":301,"column":22},"end":{"line":301,"column":79}},"145":{"start":{"line":302,"column":23},"end":{"line":302,"column":82}},"146":{"start":{"line":303,"column":25},"end":{"line":303,"column":53}},"147":{"start":{"line":304,"column":26},"end":{"line":304,"column":55}},"148":{"start":{"line":311,"column":27},"end":{"line":311,"column":66}},"149":{"start":{"line":312,"column":29},"end":{"line":312,"column":68}},"150":{"start":{"line":313,"column":31},"end":{"line":313,"column":70}},"151":{"start":{"line":314,"column":26},"end":{"line":314,"column":71}},"152":{"start":{"line":316,"column":6},"end":{"line":332,"column":7}},"153":{"start":{"line":318,"column":8},"end":{"line":331,"column":10}},"154":{"start":{"line":338,"column":19},"end":{"line":338,"column":80}},"155":{"start":{"line":338,"column":33},"end":{"line":338,"column":80}},"156":{"start":{"line":339,"column":28},"end":{"line":339,"column":32}},"157":{"start":{"line":340,"column":6},"end":{"line":348,"column":7}},"158":{"start":{"line":341,"column":8},"end":{"line":341,"column":36}},"159":{"start":{"line":342,"column":8},"end":{"line":347,"column":9}},"160":{"start":{"line":342,"column":21},"end":{"line":342,"column":22}},"161":{"start":{"line":343,"column":21},"end":{"line":343,"column":40}},"162":{"start":{"line":344,"column":22},"end":{"line":344,"column":42}},"163":{"start":{"line":345,"column":21},"end":{"line":345,"column":45}},"164":{"start":{"line":346,"column":10},"end":{"line":346,"column":85}},"165":{"start":{"line":346,"column":56},"end":{"line":346,"column":85}},"166":{"start":{"line":351,"column":26},"end":{"line":351,"column":73}},"167":{"start":{"line":352,"column":25},"end":{"line":352,"column":80}},"168":{"start":{"line":353,"column":26},"end":{"line":353,"column":42}},"169":{"start":{"line":354,"column":23},"end":{"line":354,"column":62}},"170":{"start":{"line":355,"column":25},"end":{"line":355,"column":64}},"171":{"start":{"line":356,"column":21},"end":{"line":356,"column":22}},"172":{"start":{"line":356,"column":39},"end":{"line":356,"column":40}},"173":{"start":{"line":358,"column":29},"end":{"line":370,"column":8}},"174":{"start":{"line":359,"column":19},"end":{"line":359,"column":85}},"175":{"start":{"line":360,"column":27},"end":{"line":360,"column":72}},"176":{"start":{"line":361,"column":27},"end":{"line":361,"column":78}},"177":{"start":{"line":364,"column":24},"end":{"line":366,"column":98}},"178":{"start":{"line":367,"column":8},"end":{"line":367,"column":63}},"179":{"start":{"line":367,"column":38},"end":{"line":367,"column":63}},"180":{"start":{"line":368,"column":8},"end":{"line":368,"column":46}},"181":{"start":{"line":368,"column":31},"end":{"line":368,"column":46}},"182":{"start":{"line":369,"column":8},"end":{"line":369,"column":56}},"183":{"start":{"line":372,"column":26},"end":{"line":404,"column":7}},"184":{"start":{"line":406,"column":6},"end":{"line":406,"column":186}},"185":{"start":{"line":408,"column":6},"end":{"line":415,"column":8}},"186":{"start":{"line":417,"column":6},"end":{"line":417,"column":70}},"187":{"start":{"line":418,"column":6},"end":{"line":431,"column":8}},"188":{"start":{"line":435,"column":16},"end":{"line":435,"column":26}},"189":{"start":{"line":436,"column":23},"end":{"line":436,"column":67}},"190":{"start":{"line":438,"column":21},"end":{"line":438,"column":27}},"191":{"start":{"line":439,"column":2},"end":{"line":451,"column":3}},"192":{"start":{"line":440,"column":4},"end":{"line":450,"column":18}},"193":{"start":{"line":441,"column":6},"end":{"line":449,"column":7}},"194":{"start":{"line":442,"column":19},"end":{"line":442,"column":41}},"195":{"start":{"line":443,"column":8},"end":{"line":448,"column":10}},"196":{"start":{"line":453,"column":22},"end":{"line":453,"column":94}},"197":{"start":{"line":454,"column":2},"end":{"line":487,"column":3}},"198":{"start":{"line":455,"column":25},"end":{"line":470,"column":5}},"199":{"start":{"line":471,"column":4},"end":{"line":471,"column":51}},"200":{"start":{"line":473,"column":4},"end":{"line":484,"column":7}},"201":{"start":{"line":486,"column":4},"end":{"line":486,"column":48}},"202":{"start":{"line":489,"column":26},"end":{"line":489,"column":37}},"203":{"start":{"line":490,"column":20},"end":{"line":490,"column":103}},"204":{"start":{"line":491,"column":14},"end":{"line":491,"column":153}},"205":{"start":{"line":493,"column":2},"end":{"line":676,"column":3}},"206":{"start":{"line":494,"column":16},"end":{"line":494,"column":44}},"207":{"start":{"line":495,"column":4},"end":{"line":506,"column":5}},"208":{"start":{"line":496,"column":19},"end":{"line":496,"column":61}},"209":{"start":{"line":497,"column":6},"end":{"line":504,"column":20}},"210":{"start":{"line":498,"column":26},"end":{"line":498,"column":42}},"211":{"start":{"line":499,"column":8},"end":{"line":503,"column":9}},"212":{"start":{"line":500,"column":10},"end":{"line":500,"column":36}},"213":{"start":{"line":501,"column":15},"end":{"line":503,"column":9}},"214":{"start":{"line":502,"column":10},"end":{"line":502,"column":36}},"215":{"start":{"line":505,"column":6},"end":{"line":505,"column":30}},"216":{"start":{"line":507,"column":17},"end":{"line":507,"column":33}},"217":{"start":{"line":509,"column":4},"end":{"line":554,"column":5}},"218":{"start":{"line":510,"column":6},"end":{"line":522,"column":69}},"219":{"start":{"line":524,"column":6},"end":{"line":524,"column":94}},"220":{"start":{"line":525,"column":22},"end":{"line":525,"column":92}},"221":{"start":{"line":526,"column":22},"end":{"line":526,"column":61}},"222":{"start":{"line":526,"column":42},"end":{"line":526,"column":60}},"223":{"start":{"line":527,"column":19},"end":{"line":527,"column":59}},"224":{"start":{"line":527,"column":45},"end":{"line":527,"column":57}},"225":{"start":{"line":528,"column":19},"end":{"line":528,"column":59}},"226":{"start":{"line":528,"column":45},"end":{"line":528,"column":57}},"227":{"start":{"line":529,"column":22},"end":{"line":537,"column":9}},"228":{"start":{"line":529,"column":52},"end":{"line":537,"column":7}},"229":{"start":{"line":538,"column":6},"end":{"line":550,"column":8}},"230":{"start":{"line":551,"column":6},"end":{"line":553,"column":7}},"231":{"start":{"line":552,"column":8},"end":{"line":552,"column":59}},"232":{"start":{"line":556,"column":19},"end":{"line":556,"column":88}},"233":{"start":{"line":558,"column":4},"end":{"line":583,"column":14}},"234":{"start":{"line":585,"column":20},"end":{"line":585,"column":39}},"235":{"start":{"line":586,"column":24},"end":{"line":586,"column":99}},"236":{"start":{"line":587,"column":23},"end":{"line":587,"column":140}},"237":{"start":{"line":589,"column":4},"end":{"line":628,"column":7}},"238":{"start":{"line":630,"column":4},"end":{"line":630,"column":18}},"239":{"start":{"line":632,"column":25},"end":{"line":652,"column":5}},"240":{"start":{"line":653,"column":4},"end":{"line":653,"column":51}},"241":{"start":{"line":655,"column":4},"end":{"line":672,"column":7}},"242":{"start":{"line":674,"column":4},"end":{"line":674,"column":130}},"243":{"start":{"line":675,"column":4},"end":{"line":675,"column":14}}},"fnMap":{"0":{"name":"fetchProductsManifest","decl":{"start":{"line":37,"column":22},"end":{"line":37,"column":43}},"loc":{"start":{"line":37,"column":66},"end":{"line":59,"column":1}},"line":37},"1":{"name":"(anonymous_1)","decl":{"start":{"line":43,"column":26},"end":{"line":43,"column":27}},"loc":{"start":{"line":43,"column":38},"end":{"line":56,"column":3}},"line":43},"2":{"name":"getBackendMarineSystemFlag","decl":{"start":{"line":65,"column":16},"end":{"line":65,"column":42}},"loc":{"start":{"line":65,"column":45},"end":{"line":78,"column":1}},"line":65},"3":{"name":"getBackendWeatherFlag","decl":{"start":{"line":84,"column":16},"end":{"line":84,"column":37}},"loc":{"start":{"line":84,"column":40},"end":{"line":98,"column":1}},"line":84},"4":{"name":"getBackendWindFlag","decl":{"start":{"line":104,"column":16},"end":{"line":104,"column":34}},"loc":{"start":{"line":104,"column":37},"end":{"line":117,"column":1}},"line":104},"5":{"name":"getBackendCopernicusFlag","decl":{"start":{"line":123,"column":16},"end":{"line":123,"column":40}},"loc":{"start":{"line":123,"column":43},"end":{"line":137,"column":1}},"line":123},"6":{"name":"getSurfModeFlag","decl":{"start":{"line":144,"column":16},"end":{"line":144,"column":31}},"loc":{"start":{"line":144,"column":34},"end":{"line":157,"column":1}},"line":144},"7":{"name":"setSurfModeFlag","decl":{"start":{"line":159,"column":16},"end":{"line":159,"column":31}},"loc":{"start":{"line":159,"column":36},"end":{"line":163,"column":1}},"line":159},"8":{"name":"getBackendIconMarineFlag","decl":{"start":{"line":169,"column":16},"end":{"line":169,"column":40}},"loc":{"start":{"line":169,"column":43},"end":{"line":183,"column":1}},"line":169},"9":{"name":"getSharedValidTime","decl":{"start":{"line":191,"column":16},"end":{"line":191,"column":34}},"loc":{"start":{"line":191,"column":115},"end":{"line":254,"column":1}},"line":191},"10":{"name":"(anonymous_10)","decl":{"start":{"line":210,"column":54},"end":{"line":210,"column":55}},"loc":{"start":{"line":211,"column":6},"end":{"line":213,"column":43}},"line":211},"11":{"name":"(anonymous_11)","decl":{"start":{"line":242,"column":53},"end":{"line":242,"column":54}},"loc":{"start":{"line":242,"column":59},"end":{"line":242,"column":61}},"line":242},"12":{"name":"fetchBackendMarineGrid","decl":{"start":{"line":271,"column":22},"end":{"line":271,"column":44}},"loc":{"start":{"line":271,"column":120},"end":{"line":677,"column":1}},"line":271},"13":{"name":"(anonymous_13)","decl":{"start":{"line":272,"column":38},"end":{"line":272,"column":39}},"loc":{"start":{"line":272,"column":44},"end":{"line":272,"column":48}},"line":272},"14":{"name":"(anonymous_14)","decl":{"start":{"line":338,"column":19},"end":{"line":338,"column":20}},"loc":{"start":{"line":338,"column":33},"end":{"line":338,"column":80}},"line":338},"15":{"name":"(anonymous_15)","decl":{"start":{"line":358,"column":48},"end":{"line":358,"column":49}},"loc":{"start":{"line":358,"column":54},"end":{"line":370,"column":7}},"line":358},"16":{"name":"(anonymous_16)","decl":{"start":{"line":526,"column":37},"end":{"line":526,"column":38}},"loc":{"start":{"line":526,"column":42},"end":{"line":526,"column":60}},"line":526},"17":{"name":"(anonymous_17)","decl":{"start":{"line":527,"column":40},"end":{"line":527,"column":41}},"loc":{"start":{"line":527,"column":45},"end":{"line":527,"column":57}},"line":527},"18":{"name":"(anonymous_18)","decl":{"start":{"line":528,"column":40},"end":{"line":528,"column":41}},"loc":{"start":{"line":528,"column":45},"end":{"line":528,"column":57}},"line":528},"19":{"name":"(anonymous_19)","decl":{"start":{"line":529,"column":46},"end":{"line":529,"column":47}},"loc":{"start":{"line":529,"column":52},"end":{"line":537,"column":7}},"line":529}},"branchMap":{"0":{"loc":{"start":{"line":37,"column":44},"end":{"line":37,"column":64}},"type":"default-arg","locations":[{"start":{"line":37,"column":59},"end":{"line":37,"column":64}}],"line":37},"1":{"loc":{"start":{"line":39,"column":18},"end":{"line":39,"column":90}},"type":"binary-expr","locations":[{"start":{"line":39,"column":18},"end":{"line":39,"column":24}},{"start":{"line":39,"column":28},"end":{"line":39,"column":58}},{"start":{"line":39,"column":62},"end":{"line":39,"column":90}}],"line":39},"2":{"loc":{"start":{"line":40,"column":2},"end":{"line":40,"column":57}},"type":"if","locations":[{"start":{"line":40,"column":2},"end":{"line":40,"column":57}},{"start":{},"end":{}}],"line":40},"3":{"loc":{"start":{"line":40,"column":6},"end":{"line":40,"column":41}},"type":"binary-expr","locations":[{"start":{"line":40,"column":6},"end":{"line":40,"column":12}},{"start":{"line":40,"column":16},"end":{"line":40,"column":29}},{"start":{"line":40,"column":33},"end":{"line":40,"column":41}}],"line":40},"4":{"loc":{"start":{"line":41,"column":2},"end":{"line":41,"column":73}},"type":"if","locations":[{"start":{"line":41,"column":2},"end":{"line":41,"column":73}},{"start":{},"end":{}}],"line":41},"5":{"loc":{"start":{"line":41,"column":6},"end":{"line":41,"column":43}},"type":"binary-expr","locations":[{"start":{"line":41,"column":6},"end":{"line":41,"column":26}},{"start":{"line":41,"column":30},"end":{"line":41,"column":43}}],"line":41},"6":{"loc":{"start":{"line":46,"column":6},"end":{"line":46,"column":57}},"type":"if","locations":[{"start":{"line":46,"column":6},"end":{"line":46,"column":57}},{"start":{},"end":{}}],"line":46},"7":{"loc":{"start":{"line":66,"column":2},"end":{"line":66,"column":49}},"type":"if","locations":[{"start":{"line":66,"column":2},"end":{"line":66,"column":49}},{"start":{},"end":{}}],"line":66},"8":{"loc":{"start":{"line":67,"column":2},"end":{"line":69,"column":3}},"type":"if","locations":[{"start":{"line":67,"column":2},"end":{"line":69,"column":3}},{"start":{},"end":{}}],"line":67},"9":{"loc":{"start":{"line":72,"column":4},"end":{"line":72,"column":48}},"type":"if","locations":[{"start":{"line":72,"column":4},"end":{"line":72,"column":48}},{"start":{},"end":{}}],"line":72},"10":{"loc":{"start":{"line":74,"column":2},"end":{"line":76,"column":3}},"type":"if","locations":[{"start":{"line":74,"column":2},"end":{"line":76,"column":3}},{"start":{},"end":{}}],"line":74},"11":{"loc":{"start":{"line":85,"column":2},"end":{"line":85,"column":50}},"type":"if","locations":[{"start":{"line":85,"column":2},"end":{"line":85,"column":50}},{"start":{},"end":{}}],"line":85},"12":{"loc":{"start":{"line":86,"column":2},"end":{"line":86,"column":49}},"type":"if","locations":[{"start":{"line":86,"column":2},"end":{"line":86,"column":49}},{"start":{},"end":{}}],"line":86},"13":{"loc":{"start":{"line":87,"column":2},"end":{"line":89,"column":3}},"type":"if","locations":[{"start":{"line":87,"column":2},"end":{"line":89,"column":3}},{"start":{},"end":{}}],"line":87},"14":{"loc":{"start":{"line":92,"column":4},"end":{"line":92,"column":48}},"type":"if","locations":[{"start":{"line":92,"column":4},"end":{"line":92,"column":48}},{"start":{},"end":{}}],"line":92},"15":{"loc":{"start":{"line":94,"column":2},"end":{"line":96,"column":3}},"type":"if","locations":[{"start":{"line":94,"column":2},"end":{"line":96,"column":3}},{"start":{},"end":{}}],"line":94},"16":{"loc":{"start":{"line":105,"column":2},"end":{"line":105,"column":49}},"type":"if","locations":[{"start":{"line":105,"column":2},"end":{"line":105,"column":49}},{"start":{},"end":{}}],"line":105},"17":{"loc":{"start":{"line":106,"column":2},"end":{"line":108,"column":3}},"type":"if","locations":[{"start":{"line":106,"column":2},"end":{"line":108,"column":3}},{"start":{},"end":{}}],"line":106},"18":{"loc":{"start":{"line":111,"column":4},"end":{"line":111,"column":48}},"type":"if","locations":[{"start":{"line":111,"column":4},"end":{"line":111,"column":48}},{"start":{},"end":{}}],"line":111},"19":{"loc":{"start":{"line":113,"column":2},"end":{"line":115,"column":3}},"type":"if","locations":[{"start":{"line":113,"column":2},"end":{"line":115,"column":3}},{"start":{},"end":{}}],"line":113},"20":{"loc":{"start":{"line":124,"column":2},"end":{"line":124,"column":50}},"type":"if","locations":[{"start":{"line":124,"column":2},"end":{"line":124,"column":50}},{"start":{},"end":{}}],"line":124},"21":{"loc":{"start":{"line":125,"column":2},"end":{"line":125,"column":49}},"type":"if","locations":[{"start":{"line":125,"column":2},"end":{"line":125,"column":49}},{"start":{},"end":{}}],"line":125},"22":{"loc":{"start":{"line":126,"column":2},"end":{"line":128,"column":3}},"type":"if","locations":[{"start":{"line":126,"column":2},"end":{"line":128,"column":3}},{"start":{},"end":{}}],"line":126},"23":{"loc":{"start":{"line":131,"column":4},"end":{"line":131,"column":48}},"type":"if","locations":[{"start":{"line":131,"column":4},"end":{"line":131,"column":48}},{"start":{},"end":{}}],"line":131},"24":{"loc":{"start":{"line":133,"column":2},"end":{"line":135,"column":3}},"type":"if","locations":[{"start":{"line":133,"column":2},"end":{"line":135,"column":3}},{"start":{},"end":{}}],"line":133},"25":{"loc":{"start":{"line":145,"column":2},"end":{"line":145,"column":50}},"type":"if","locations":[{"start":{"line":145,"column":2},"end":{"line":145,"column":50}},{"start":{},"end":{}}],"line":145},"26":{"loc":{"start":{"line":146,"column":2},"end":{"line":146,"column":72}},"type":"if","locations":[{"start":{"line":146,"column":2},"end":{"line":146,"column":72}},{"start":{},"end":{}}],"line":146},"27":{"loc":{"start":{"line":160,"column":2},"end":{"line":160,"column":44}},"type":"if","locations":[{"start":{"line":160,"column":2},"end":{"line":160,"column":44}},{"start":{},"end":{}}],"line":160},"28":{"loc":{"start":{"line":162,"column":53},"end":{"line":162,"column":74}},"type":"cond-expr","locations":[{"start":{"line":162,"column":58},"end":{"line":162,"column":64}},{"start":{"line":162,"column":67},"end":{"line":162,"column":74}}],"line":162},"29":{"loc":{"start":{"line":170,"column":2},"end":{"line":170,"column":50}},"type":"if","locations":[{"start":{"line":170,"column":2},"end":{"line":170,"column":50}},{"start":{},"end":{}}],"line":170},"30":{"loc":{"start":{"line":171,"column":2},"end":{"line":171,"column":49}},"type":"if","locations":[{"start":{"line":171,"column":2},"end":{"line":171,"column":49}},{"start":{},"end":{}}],"line":171},"31":{"loc":{"start":{"line":172,"column":2},"end":{"line":174,"column":3}},"type":"if","locations":[{"start":{"line":172,"column":2},"end":{"line":174,"column":3}},{"start":{},"end":{}}],"line":172},"32":{"loc":{"start":{"line":177,"column":4},"end":{"line":177,"column":48}},"type":"if","locations":[{"start":{"line":177,"column":4},"end":{"line":177,"column":48}},{"start":{},"end":{}}],"line":177},"33":{"loc":{"start":{"line":179,"column":2},"end":{"line":181,"column":3}},"type":"if","locations":[{"start":{"line":179,"column":2},"end":{"line":181,"column":3}},{"start":{},"end":{}}],"line":179},"34":{"loc":{"start":{"line":191,"column":52},"end":{"line":191,"column":67}},"type":"default-arg","locations":[{"start":{"line":191,"column":60},"end":{"line":191,"column":67}}],"line":191},"35":{"loc":{"start":{"line":191,"column":69},"end":{"line":191,"column":86}},"type":"default-arg","locations":[{"start":{"line":191,"column":81},"end":{"line":191,"column":86}}],"line":191},"36":{"loc":{"start":{"line":191,"column":88},"end":{"line":191,"column":113}},"type":"default-arg","locations":[{"start":{"line":191,"column":111},"end":{"line":191,"column":113}}],"line":191},"37":{"loc":{"start":{"line":191,"column":90},"end":{"line":191,"column":106}},"type":"default-arg","locations":[{"start":{"line":191,"column":101},"end":{"line":191,"column":106}}],"line":191},"38":{"loc":{"start":{"line":192,"column":17},"end":{"line":192,"column":77}},"type":"cond-expr","locations":[{"start":{"line":192,"column":50},"end":{"line":192,"column":51}},{"start":{"line":192,"column":54},"end":{"line":192,"column":77}}],"line":192},"39":{"loc":{"start":{"line":193,"column":19},"end":{"line":193,"column":92}},"type":"binary-expr","locations":[{"start":{"line":193,"column":20},"end":{"line":193,"column":49}},{"start":{"line":193,"column":53},"end":{"line":193,"column":77}},{"start":{"line":193,"column":82},"end":{"line":193,"column":92}}],"line":193},"40":{"loc":{"start":{"line":202,"column":23},"end":{"line":202,"column":39}},"type":"binary-expr","locations":[{"start":{"line":202,"column":23},"end":{"line":202,"column":28}},{"start":{"line":202,"column":32},"end":{"line":202,"column":39}}],"line":202},"41":{"loc":{"start":{"line":203,"column":23},"end":{"line":203,"column":65}},"type":"cond-expr","locations":[{"start":{"line":203,"column":48},"end":{"line":203,"column":54}},{"start":{"line":203,"column":57},"end":{"line":203,"column":65}}],"line":203},"42":{"loc":{"start":{"line":204,"column":23},"end":{"line":204,"column":41}},"type":"binary-expr","locations":[{"start":{"line":204,"column":23},"end":{"line":204,"column":32}},{"start":{"line":204,"column":36},"end":{"line":204,"column":41}}],"line":204},"43":{"loc":{"start":{"line":207,"column":27},"end":{"line":207,"column":105}},"type":"binary-expr","locations":[{"start":{"line":207,"column":27},"end":{"line":207,"column":35}},{"start":{"line":207,"column":39},"end":{"line":207,"column":71}},{"start":{"line":207,"column":75},"end":{"line":207,"column":105}}],"line":207},"44":{"loc":{"start":{"line":209,"column":2},"end":{"line":243,"column":3}},"type":"if","locations":[{"start":{"line":209,"column":2},"end":{"line":243,"column":3}},{"start":{"line":239,"column":9},"end":{"line":243,"column":3}}],"line":209},"45":{"loc":{"start":{"line":209,"column":6},"end":{"line":209,"column":71}},"type":"binary-expr","locations":[{"start":{"line":209,"column":6},"end":{"line":209,"column":14}},{"start":{"line":209,"column":18},"end":{"line":209,"column":50}},{"start":{"line":209,"column":54},"end":{"line":209,"column":71}}],"line":209},"46":{"loc":{"start":{"line":211,"column":6},"end":{"line":213,"column":43}},"type":"binary-expr","locations":[{"start":{"line":211,"column":6},"end":{"line":211,"column":43}},{"start":{"line":212,"column":6},"end":{"line":212,"column":45}},{"start":{"line":213,"column":6},"end":{"line":213,"column":43}}],"line":211},"47":{"loc":{"start":{"line":216,"column":4},"end":{"line":238,"column":5}},"type":"if","locations":[{"start":{"line":216,"column":4},"end":{"line":238,"column":5}},{"start":{"line":236,"column":11},"end":{"line":238,"column":5}}],"line":216},"48":{"loc":{"start":{"line":223,"column":8},"end":{"line":226,"column":9}},"type":"if","locations":[{"start":{"line":223,"column":8},"end":{"line":226,"column":9}},{"start":{},"end":{}}],"line":223},"49":{"loc":{"start":{"line":230,"column":6},"end":{"line":235,"column":7}},"type":"if","locations":[{"start":{"line":230,"column":6},"end":{"line":235,"column":7}},{"start":{"line":233,"column":13},"end":{"line":235,"column":7}}],"line":230},"50":{"loc":{"start":{"line":230,"column":10},"end":{"line":230,"column":49}},"type":"binary-expr","locations":[{"start":{"line":230,"column":10},"end":{"line":230,"column":34}},{"start":{"line":230,"column":38},"end":{"line":230,"column":49}}],"line":230},"51":{"loc":{"start":{"line":242,"column":4},"end":{"line":242,"column":63}},"type":"if","locations":[{"start":{"line":242,"column":4},"end":{"line":242,"column":63}},{"start":{},"end":{}}],"line":242},"52":{"loc":{"start":{"line":246,"column":2},"end":{"line":251,"column":4}},"type":"if","locations":[{"start":{"line":246,"column":2},"end":{"line":251,"column":4}},{"start":{},"end":{}}],"line":246},"53":{"loc":{"start":{"line":253,"column":9},"end":{"line":253,"column":56}},"type":"binary-expr","locations":[{"start":{"line":253,"column":9},"end":{"line":253,"column":34}},{"start":{"line":253,"column":38},"end":{"line":253,"column":56}}],"line":253},"54":{"loc":{"start":{"line":271,"column":88},"end":{"line":271,"column":103}},"type":"default-arg","locations":[{"start":{"line":271,"column":96},"end":{"line":271,"column":103}}],"line":271},"55":{"loc":{"start":{"line":271,"column":105},"end":{"line":271,"column":118}},"type":"default-arg","locations":[{"start":{"line":271,"column":113},"end":{"line":271,"column":118}}],"line":271},"56":{"loc":{"start":{"line":274,"column":2},"end":{"line":280,"column":3}},"type":"if","locations":[{"start":{"line":274,"column":2},"end":{"line":280,"column":3}},{"start":{},"end":{}}],"line":274},"57":{"loc":{"start":{"line":274,"column":6},"end":{"line":274,"column":42}},"type":"binary-expr","locations":[{"start":{"line":274,"column":6},"end":{"line":274,"column":22}},{"start":{"line":274,"column":26},"end":{"line":274,"column":42}}],"line":274},"58":{"loc":{"start":{"line":275,"column":4},"end":{"line":279,"column":5}},"type":"if","locations":[{"start":{"line":275,"column":4},"end":{"line":279,"column":5}},{"start":{"line":277,"column":11},"end":{"line":279,"column":5}}],"line":275},"59":{"loc":{"start":{"line":275,"column":8},"end":{"line":275,"column":48}},"type":"binary-expr","locations":[{"start":{"line":275,"column":8},"end":{"line":275,"column":25}},{"start":{"line":275,"column":29},"end":{"line":275,"column":48}}],"line":275},"60":{"loc":{"start":{"line":282,"column":2},"end":{"line":433,"column":3}},"type":"if","locations":[{"start":{"line":282,"column":2},"end":{"line":433,"column":3}},{"start":{},"end":{}}],"line":282},"61":{"loc":{"start":{"line":282,"column":6},"end":{"line":282,"column":45}},"type":"binary-expr","locations":[{"start":{"line":282,"column":6},"end":{"line":282,"column":22}},{"start":{"line":282,"column":26},"end":{"line":282,"column":45}}],"line":282},"62":{"loc":{"start":{"line":288,"column":31},"end":{"line":288,"column":54}},"type":"binary-expr","locations":[{"start":{"line":288,"column":31},"end":{"line":288,"column":37}},{"start":{"line":288,"column":41},"end":{"line":288,"column":54}}],"line":288},"63":{"loc":{"start":{"line":301,"column":22},"end":{"line":301,"column":79}},"type":"cond-expr","locations":[{"start":{"line":301,"column":57},"end":{"line":301,"column":72}},{"start":{"line":301,"column":75},"end":{"line":301,"column":79}}],"line":301},"64":{"loc":{"start":{"line":302,"column":23},"end":{"line":302,"column":82}},"type":"cond-expr","locations":[{"start":{"line":302,"column":59},"end":{"line":302,"column":75}},{"start":{"line":302,"column":78},"end":{"line":302,"column":82}}],"line":302},"65":{"loc":{"start":{"line":303,"column":25},"end":{"line":303,"column":53}},"type":"binary-expr","locations":[{"start":{"line":303,"column":25},"end":{"line":303,"column":47}},{"start":{"line":303,"column":51},"end":{"line":303,"column":53}}],"line":303},"66":{"loc":{"start":{"line":304,"column":26},"end":{"line":304,"column":55}},"type":"binary-expr","locations":[{"start":{"line":304,"column":26},"end":{"line":304,"column":49}},{"start":{"line":304,"column":53},"end":{"line":304,"column":55}}],"line":304},"67":{"loc":{"start":{"line":312,"column":29},"end":{"line":312,"column":68}},"type":"cond-expr","locations":[{"start":{"line":312,"column":44},"end":{"line":312,"column":54}},{"start":{"line":312,"column":57},"end":{"line":312,"column":68}}],"line":312},"68":{"loc":{"start":{"line":313,"column":31},"end":{"line":313,"column":70}},"type":"cond-expr","locations":[{"start":{"line":313,"column":46},"end":{"line":313,"column":57}},{"start":{"line":313,"column":60},"end":{"line":313,"column":70}}],"line":313},"69":{"loc":{"start":{"line":314,"column":26},"end":{"line":314,"column":71}},"type":"cond-expr","locations":[{"start":{"line":314,"column":41},"end":{"line":314,"column":54}},{"start":{"line":314,"column":57},"end":{"line":314,"column":71}}],"line":314},"70":{"loc":{"start":{"line":316,"column":6},"end":{"line":332,"column":7}},"type":"if","locations":[{"start":{"line":316,"column":6},"end":{"line":332,"column":7}},{"start":{},"end":{}}],"line":316},"71":{"loc":{"start":{"line":321,"column":33},"end":{"line":321,"column":98}},"type":"binary-expr","locations":[{"start":{"line":321,"column":33},"end":{"line":321,"column":46}},{"start":{"line":321,"column":50},"end":{"line":321,"column":98}}],"line":321},"72":{"loc":{"start":{"line":340,"column":6},"end":{"line":348,"column":7}},"type":"if","locations":[{"start":{"line":340,"column":6},"end":{"line":348,"column":7}},{"start":{},"end":{}}],"line":340},"73":{"loc":{"start":{"line":346,"column":10},"end":{"line":346,"column":85}},"type":"if","locations":[{"start":{"line":346,"column":10},"end":{"line":346,"column":85}},{"start":{},"end":{}}],"line":346},"74":{"loc":{"start":{"line":346,"column":14},"end":{"line":346,"column":54}},"type":"binary-expr","locations":[{"start":{"line":346,"column":14},"end":{"line":346,"column":17}},{"start":{"line":346,"column":21},"end":{"line":346,"column":54}}],"line":346},"75":{"loc":{"start":{"line":346,"column":22},"end":{"line":346,"column":35}},"type":"binary-expr","locations":[{"start":{"line":346,"column":22},"end":{"line":346,"column":30}},{"start":{"line":346,"column":34},"end":{"line":346,"column":35}}],"line":346},"76":{"loc":{"start":{"line":346,"column":40},"end":{"line":346,"column":53}},"type":"binary-expr","locations":[{"start":{"line":346,"column":40},"end":{"line":346,"column":48}},{"start":{"line":346,"column":52},"end":{"line":346,"column":53}}],"line":346},"77":{"loc":{"start":{"line":351,"column":26},"end":{"line":351,"column":73}},"type":"binary-expr","locations":[{"start":{"line":351,"column":26},"end":{"line":351,"column":47}},{"start":{"line":351,"column":51},"end":{"line":351,"column":73}}],"line":351},"78":{"loc":{"start":{"line":352,"column":25},"end":{"line":352,"column":80}},"type":"cond-expr","locations":[{"start":{"line":352,"column":39},"end":{"line":352,"column":42}},{"start":{"line":352,"column":46},"end":{"line":352,"column":79}}],"line":352},"79":{"loc":{"start":{"line":352,"column":46},"end":{"line":352,"column":79}},"type":"cond-expr","locations":[{"start":{"line":352,"column":70},"end":{"line":352,"column":73}},{"start":{"line":352,"column":76},"end":{"line":352,"column":79}}],"line":352},"80":{"loc":{"start":{"line":354,"column":23},"end":{"line":354,"column":62}},"type":"cond-expr","locations":[{"start":{"line":354,"column":38},"end":{"line":354,"column":48}},{"start":{"line":354,"column":51},"end":{"line":354,"column":62}}],"line":354},"81":{"loc":{"start":{"line":355,"column":25},"end":{"line":355,"column":64}},"type":"cond-expr","locations":[{"start":{"line":355,"column":40},"end":{"line":355,"column":51}},{"start":{"line":355,"column":54},"end":{"line":355,"column":64}}],"line":355},"82":{"loc":{"start":{"line":359,"column":19},"end":{"line":359,"column":85}},"type":"cond-expr","locations":[{"start":{"line":359,"column":37},"end":{"line":359,"column":78}},{"start":{"line":359,"column":81},"end":{"line":359,"column":85}}],"line":359},"83":{"loc":{"start":{"line":360,"column":27},"end":{"line":360,"column":72}},"type":"binary-expr","locations":[{"start":{"line":360,"column":27},"end":{"line":360,"column":47}},{"start":{"line":360,"column":51},"end":{"line":360,"column":72}}],"line":360},"84":{"loc":{"start":{"line":361,"column":27},"end":{"line":361,"column":78}},"type":"binary-expr","locations":[{"start":{"line":361,"column":27},"end":{"line":361,"column":29}},{"start":{"line":361,"column":33},"end":{"line":361,"column":53}},{"start":{"line":361,"column":57},"end":{"line":361,"column":78}}],"line":361},"85":{"loc":{"start":{"line":364,"column":24},"end":{"line":366,"column":98}},"type":"cond-expr","locations":[{"start":{"line":365,"column":12},"end":{"line":365,"column":56}},{"start":{"line":366,"column":12},"end":{"line":366,"column":98}}],"line":364},"86":{"loc":{"start":{"line":364,"column":24},"end":{"line":364,"column":80}},"type":"binary-expr","locations":[{"start":{"line":364,"column":24},"end":{"line":364,"column":34}},{"start":{"line":364,"column":38},"end":{"line":364,"column":48}},{"start":{"line":364,"column":52},"end":{"line":364,"column":64}},{"start":{"line":364,"column":68},"end":{"line":364,"column":80}}],"line":364},"87":{"loc":{"start":{"line":366,"column":27},"end":{"line":366,"column":85}},"type":"cond-expr","locations":[{"start":{"line":366,"column":56},"end":{"line":366,"column":58}},{"start":{"line":366,"column":62},"end":{"line":366,"column":84}}],"line":366},"88":{"loc":{"start":{"line":366,"column":27},"end":{"line":366,"column":53}},"type":"binary-expr","locations":[{"start":{"line":366,"column":27},"end":{"line":366,"column":37}},{"start":{"line":366,"column":41},"end":{"line":366,"column":53}}],"line":366},"89":{"loc":{"start":{"line":366,"column":62},"end":{"line":366,"column":84}},"type":"cond-expr","locations":[{"start":{"line":366,"column":75},"end":{"line":366,"column":77}},{"start":{"line":366,"column":80},"end":{"line":366,"column":84}}],"line":366},"90":{"loc":{"start":{"line":367,"column":8},"end":{"line":367,"column":63}},"type":"if","locations":[{"start":{"line":367,"column":8},"end":{"line":367,"column":63}},{"start":{},"end":{}}],"line":367},"91":{"loc":{"start":{"line":368,"column":8},"end":{"line":368,"column":46}},"type":"if","locations":[{"start":{"line":368,"column":8},"end":{"line":368,"column":46}},{"start":{},"end":{}}],"line":368},"92":{"loc":{"start":{"line":374,"column":16},"end":{"line":374,"column":103}},"type":"binary-expr","locations":[{"start":{"line":374,"column":16},"end":{"line":374,"column":34}},{"start":{"line":374,"column":38},"end":{"line":374,"column":51}},{"start":{"line":374,"column":55},"end":{"line":374,"column":103}}],"line":374},"93":{"loc":{"start":{"line":375,"column":14},"end":{"line":375,"column":35}},"type":"binary-expr","locations":[{"start":{"line":375,"column":14},"end":{"line":375,"column":30}},{"start":{"line":375,"column":34},"end":{"line":375,"column":35}}],"line":375},"94":{"loc":{"start":{"line":376,"column":14},"end":{"line":376,"column":35}},"type":"binary-expr","locations":[{"start":{"line":376,"column":14},"end":{"line":376,"column":30}},{"start":{"line":376,"column":34},"end":{"line":376,"column":35}}],"line":376},"95":{"loc":{"start":{"line":385,"column":26},"end":{"line":385,"column":59}},"type":"binary-expr","locations":[{"start":{"line":385,"column":26},"end":{"line":385,"column":54}},{"start":{"line":385,"column":58},"end":{"line":385,"column":59}}],"line":385},"96":{"loc":{"start":{"line":421,"column":31},"end":{"line":421,"column":96}},"type":"binary-expr","locations":[{"start":{"line":421,"column":31},"end":{"line":421,"column":44}},{"start":{"line":421,"column":48},"end":{"line":421,"column":96}}],"line":421},"97":{"loc":{"start":{"line":439,"column":2},"end":{"line":451,"column":3}},"type":"if","locations":[{"start":{"line":439,"column":2},"end":{"line":451,"column":3}},{"start":{},"end":{}}],"line":439},"98":{"loc":{"start":{"line":441,"column":6},"end":{"line":449,"column":7}},"type":"if","locations":[{"start":{"line":441,"column":6},"end":{"line":449,"column":7}},{"start":{},"end":{}}],"line":441},"99":{"loc":{"start":{"line":441,"column":10},"end":{"line":441,"column":99}},"type":"binary-expr","locations":[{"start":{"line":441,"column":10},"end":{"line":441,"column":39}},{"start":{"line":441,"column":43},"end":{"line":441,"column":53}},{"start":{"line":441,"column":57},"end":{"line":441,"column":99}}],"line":441},"100":{"loc":{"start":{"line":453,"column":40},"end":{"line":453,"column":69}},"type":"binary-expr","locations":[{"start":{"line":453,"column":40},"end":{"line":453,"column":52}},{"start":{"line":453,"column":56},"end":{"line":453,"column":69}}],"line":453},"101":{"loc":{"start":{"line":454,"column":2},"end":{"line":487,"column":3}},"type":"if","locations":[{"start":{"line":454,"column":2},"end":{"line":487,"column":3}},{"start":{},"end":{}}],"line":454},"102":{"loc":{"start":{"line":464,"column":21},"end":{"line":464,"column":50}},"type":"binary-expr","locations":[{"start":{"line":464,"column":21},"end":{"line":464,"column":33}},{"start":{"line":464,"column":37},"end":{"line":464,"column":50}}],"line":464},"103":{"loc":{"start":{"line":476,"column":31},"end":{"line":476,"column":60}},"type":"binary-expr","locations":[{"start":{"line":476,"column":31},"end":{"line":476,"column":43}},{"start":{"line":476,"column":47},"end":{"line":476,"column":60}}],"line":476},"104":{"loc":{"start":{"line":491,"column":117},"end":{"line":491,"column":151}},"type":"cond-expr","locations":[{"start":{"line":491,"column":137},"end":{"line":491,"column":146}},{"start":{"line":491,"column":149},"end":{"line":491,"column":151}}],"line":491},"105":{"loc":{"start":{"line":495,"column":4},"end":{"line":506,"column":5}},"type":"if","locations":[{"start":{"line":495,"column":4},"end":{"line":506,"column":5}},{"start":{},"end":{}}],"line":495},"106":{"loc":{"start":{"line":499,"column":8},"end":{"line":503,"column":9}},"type":"if","locations":[{"start":{"line":499,"column":8},"end":{"line":503,"column":9}},{"start":{"line":501,"column":15},"end":{"line":503,"column":9}}],"line":499},"107":{"loc":{"start":{"line":499,"column":12},"end":{"line":499,"column":41}},"type":"binary-expr","locations":[{"start":{"line":499,"column":12},"end":{"line":499,"column":21}},{"start":{"line":499,"column":25},"end":{"line":499,"column":41}}],"line":499},"108":{"loc":{"start":{"line":501,"column":15},"end":{"line":503,"column":9}},"type":"if","locations":[{"start":{"line":501,"column":15},"end":{"line":503,"column":9}},{"start":{},"end":{}}],"line":501},"109":{"loc":{"start":{"line":501,"column":19},"end":{"line":501,"column":48}},"type":"binary-expr","locations":[{"start":{"line":501,"column":19},"end":{"line":501,"column":28}},{"start":{"line":501,"column":32},"end":{"line":501,"column":48}}],"line":501},"110":{"loc":{"start":{"line":509,"column":4},"end":{"line":554,"column":5}},"type":"if","locations":[{"start":{"line":509,"column":4},"end":{"line":554,"column":5}},{"start":{},"end":{}}],"line":509},"111":{"loc":{"start":{"line":509,"column":8},"end":{"line":509,"column":97}},"type":"binary-expr","locations":[{"start":{"line":509,"column":8},"end":{"line":509,"column":37}},{"start":{"line":509,"column":41},"end":{"line":509,"column":56}},{"start":{"line":509,"column":60},"end":{"line":509,"column":77}},{"start":{"line":509,"column":81},"end":{"line":509,"column":97}}],"line":509},"112":{"loc":{"start":{"line":524,"column":48},"end":{"line":524,"column":93}},"type":"binary-expr","locations":[{"start":{"line":524,"column":48},"end":{"line":524,"column":87}},{"start":{"line":524,"column":91},"end":{"line":524,"column":93}}],"line":524},"113":{"loc":{"start":{"line":525,"column":22},"end":{"line":525,"column":92}},"type":"cond-expr","locations":[{"start":{"line":525,"column":70},"end":{"line":525,"column":87}},{"start":{"line":525,"column":90},"end":{"line":525,"column":92}}],"line":525},"114":{"loc":{"start":{"line":525,"column":22},"end":{"line":525,"column":67}},"type":"binary-expr","locations":[{"start":{"line":525,"column":22},"end":{"line":525,"column":31}},{"start":{"line":525,"column":35},"end":{"line":525,"column":67}}],"line":525},"115":{"loc":{"start":{"line":526,"column":43},"end":{"line":526,"column":55}},"type":"binary-expr","locations":[{"start":{"line":526,"column":43},"end":{"line":526,"column":50}},{"start":{"line":526,"column":54},"end":{"line":526,"column":55}}],"line":526},"116":{"loc":{"start":{"line":527,"column":45},"end":{"line":527,"column":57}},"type":"binary-expr","locations":[{"start":{"line":527,"column":45},"end":{"line":527,"column":52}},{"start":{"line":527,"column":56},"end":{"line":527,"column":57}}],"line":527},"117":{"loc":{"start":{"line":528,"column":45},"end":{"line":528,"column":57}},"type":"binary-expr","locations":[{"start":{"line":528,"column":45},"end":{"line":528,"column":52}},{"start":{"line":528,"column":56},"end":{"line":528,"column":57}}],"line":528},"118":{"loc":{"start":{"line":539,"column":20},"end":{"line":539,"column":43}},"type":"binary-expr","locations":[{"start":{"line":539,"column":20},"end":{"line":539,"column":35}},{"start":{"line":539,"column":39},"end":{"line":539,"column":43}}],"line":539},"119":{"loc":{"start":{"line":540,"column":20},"end":{"line":540,"column":43}},"type":"binary-expr","locations":[{"start":{"line":540,"column":20},"end":{"line":540,"column":35}},{"start":{"line":540,"column":39},"end":{"line":540,"column":43}}],"line":540},"120":{"loc":{"start":{"line":541,"column":24},"end":{"line":541,"column":56}},"type":"binary-expr","locations":[{"start":{"line":541,"column":24},"end":{"line":541,"column":43}},{"start":{"line":541,"column":47},"end":{"line":541,"column":56}}],"line":541},"121":{"loc":{"start":{"line":542,"column":21},"end":{"line":542,"column":45}},"type":"binary-expr","locations":[{"start":{"line":542,"column":21},"end":{"line":542,"column":37}},{"start":{"line":542,"column":41},"end":{"line":542,"column":45}}],"line":542},"122":{"loc":{"start":{"line":544,"column":24},"end":{"line":544,"column":51}},"type":"binary-expr","locations":[{"start":{"line":544,"column":24},"end":{"line":544,"column":43}},{"start":{"line":544,"column":47},"end":{"line":544,"column":51}}],"line":544},"123":{"loc":{"start":{"line":551,"column":6},"end":{"line":553,"column":7}},"type":"if","locations":[{"start":{"line":551,"column":6},"end":{"line":553,"column":7}},{"start":{},"end":{}}],"line":551},"124":{"loc":{"start":{"line":562,"column":17},"end":{"line":562,"column":95}},"type":"binary-expr","locations":[{"start":{"line":562,"column":17},"end":{"line":562,"column":32}},{"start":{"line":562,"column":37},"end":{"line":562,"column":94}}],"line":562},"125":{"loc":{"start":{"line":562,"column":37},"end":{"line":562,"column":94}},"type":"cond-expr","locations":[{"start":{"line":562,"column":59},"end":{"line":562,"column":78}},{"start":{"line":562,"column":81},"end":{"line":562,"column":94}}],"line":562},"126":{"loc":{"start":{"line":563,"column":17},"end":{"line":563,"column":39}},"type":"binary-expr","locations":[{"start":{"line":563,"column":17},"end":{"line":563,"column":32}},{"start":{"line":563,"column":36},"end":{"line":563,"column":39}}],"line":563},"127":{"loc":{"start":{"line":564,"column":23},"end":{"line":564,"column":53}},"type":"binary-expr","locations":[{"start":{"line":564,"column":23},"end":{"line":564,"column":45}},{"start":{"line":564,"column":49},"end":{"line":564,"column":53}}],"line":564},"128":{"loc":{"start":{"line":581,"column":16},"end":{"line":581,"column":65}},"type":"binary-expr","locations":[{"start":{"line":581,"column":16},"end":{"line":581,"column":48}},{"start":{"line":581,"column":52},"end":{"line":581,"column":65}}],"line":581},"129":{"loc":{"start":{"line":582,"column":17},"end":{"line":582,"column":40}},"type":"binary-expr","locations":[{"start":{"line":582,"column":17},"end":{"line":582,"column":32}},{"start":{"line":582,"column":36},"end":{"line":582,"column":40}}],"line":582},"130":{"loc":{"start":{"line":586,"column":24},"end":{"line":586,"column":99}},"type":"cond-expr","locations":[{"start":{"line":586,"column":48},"end":{"line":586,"column":92}},{"start":{"line":586,"column":95},"end":{"line":586,"column":99}}],"line":586},"131":{"loc":{"start":{"line":586,"column":24},"end":{"line":586,"column":45}},"type":"binary-expr","locations":[{"start":{"line":586,"column":24},"end":{"line":586,"column":31}},{"start":{"line":586,"column":35},"end":{"line":586,"column":45}}],"line":586},"132":{"loc":{"start":{"line":587,"column":23},"end":{"line":587,"column":140}},"type":"cond-expr","locations":[{"start":{"line":587,"column":55},"end":{"line":587,"column":133}},{"start":{"line":587,"column":136},"end":{"line":587,"column":140}}],"line":587},"133":{"loc":{"start":{"line":587,"column":23},"end":{"line":587,"column":52}},"type":"binary-expr","locations":[{"start":{"line":587,"column":23},"end":{"line":587,"column":30}},{"start":{"line":587,"column":34},"end":{"line":587,"column":52}}],"line":587},"134":{"loc":{"start":{"line":592,"column":31},"end":{"line":592,"column":60}},"type":"binary-expr","locations":[{"start":{"line":592,"column":31},"end":{"line":592,"column":43}},{"start":{"line":592,"column":47},"end":{"line":592,"column":60}}],"line":592},"135":{"loc":{"start":{"line":598,"column":19},"end":{"line":598,"column":47}},"type":"cond-expr","locations":[{"start":{"line":598,"column":29},"end":{"line":598,"column":43}},{"start":{"line":598,"column":46},"end":{"line":598,"column":47}}],"line":598},"136":{"loc":{"start":{"line":615,"column":16},"end":{"line":615,"column":60}},"type":"binary-expr","locations":[{"start":{"line":615,"column":16},"end":{"line":615,"column":30}},{"start":{"line":615,"column":34},"end":{"line":615,"column":60}}],"line":615},"137":{"loc":{"start":{"line":616,"column":14},"end":{"line":616,"column":56}},"type":"binary-expr","locations":[{"start":{"line":616,"column":14},"end":{"line":616,"column":26}},{"start":{"line":616,"column":30},"end":{"line":616,"column":56}}],"line":616},"138":{"loc":{"start":{"line":621,"column":22},"end":{"line":621,"column":49}},"type":"binary-expr","locations":[{"start":{"line":621,"column":22},"end":{"line":621,"column":41}},{"start":{"line":621,"column":45},"end":{"line":621,"column":49}}],"line":621},"139":{"loc":{"start":{"line":622,"column":35},"end":{"line":622,"column":76}},"type":"binary-expr","locations":[{"start":{"line":622,"column":35},"end":{"line":622,"column":67}},{"start":{"line":622,"column":71},"end":{"line":622,"column":76}}],"line":622},"140":{"loc":{"start":{"line":623,"column":22},"end":{"line":623,"column":49}},"type":"binary-expr","locations":[{"start":{"line":623,"column":22},"end":{"line":623,"column":41}},{"start":{"line":623,"column":45},"end":{"line":623,"column":49}}],"line":623},"141":{"loc":{"start":{"line":624,"column":19},"end":{"line":624,"column":43}},"type":"binary-expr","locations":[{"start":{"line":624,"column":19},"end":{"line":624,"column":35}},{"start":{"line":624,"column":39},"end":{"line":624,"column":43}}],"line":624},"142":{"loc":{"start":{"line":625,"column":17},"end":{"line":625,"column":39}},"type":"binary-expr","locations":[{"start":{"line":625,"column":17},"end":{"line":625,"column":31}},{"start":{"line":625,"column":35},"end":{"line":625,"column":39}}],"line":625},"143":{"loc":{"start":{"line":626,"column":18},"end":{"line":626,"column":41}},"type":"binary-expr","locations":[{"start":{"line":626,"column":18},"end":{"line":626,"column":33}},{"start":{"line":626,"column":37},"end":{"line":626,"column":41}}],"line":626},"144":{"loc":{"start":{"line":627,"column":24},"end":{"line":627,"column":53}},"type":"binary-expr","locations":[{"start":{"line":627,"column":24},"end":{"line":627,"column":45}},{"start":{"line":627,"column":49},"end":{"line":627,"column":53}}],"line":627},"145":{"loc":{"start":{"line":634,"column":14},"end":{"line":634,"column":97}},"type":"cond-expr","locations":[{"start":{"line":634,"column":45},"end":{"line":634,"column":91}},{"start":{"line":634,"column":94},"end":{"line":634,"column":97}}],"line":634},"146":{"loc":{"start":{"line":634,"column":54},"end":{"line":634,"column":90}},"type":"binary-expr","locations":[{"start":{"line":634,"column":54},"end":{"line":634,"column":83}},{"start":{"line":634,"column":87},"end":{"line":634,"column":90}}],"line":634},"147":{"loc":{"start":{"line":658,"column":31},"end":{"line":658,"column":60}},"type":"binary-expr","locations":[{"start":{"line":658,"column":31},"end":{"line":658,"column":43}},{"start":{"line":658,"column":47},"end":{"line":658,"column":60}}],"line":658}},"s":{"0":4,"1":4,"2":4,"3":4,"4":4,"5":24,"6":24,"7":24,"8":0,"9":24,"10":0,"11":24,"12":24,"13":24,"14":14,"15":6,"16":8,"17":8,"18":8,"19":11,"20":11,"21":19,"22":24,"23":41,"24":0,"25":41,"26":3,"27":38,"28":38,"29":38,"30":0,"31":38,"32":0,"33":38,"34":21,"35":1,"36":20,"37":0,"38":20,"39":0,"40":20,"41":20,"42":20,"43":0,"44":20,"45":0,"46":20,"47":6,"48":0,"49":6,"50":0,"51":6,"52":6,"53":6,"54":0,"55":6,"56":0,"57":6,"58":10,"59":0,"60":10,"61":0,"62":10,"63":0,"64":10,"65":10,"66":10,"67":0,"68":10,"69":0,"70":10,"71":0,"72":0,"73":0,"74":0,"75":0,"76":0,"77":0,"78":0,"79":0,"80":0,"81":0,"82":0,"83":0,"84":0,"85":7,"86":0,"87":7,"88":0,"89":7,"90":0,"91":7,"92":7,"93":7,"94":0,"95":7,"96":0,"97":7,"98":29,"99":29,"100":29,"101":29,"102":29,"103":29,"104":29,"105":29,"106":29,"107":29,"108":29,"109":29,"110":29,"111":29,"112":3,"113":3,"114":3,"115":3,"116":3,"117":3,"118":3,"119":3,"120":3,"121":3,"122":3,"123":3,"124":3,"125":3,"126":0,"127":0,"128":26,"129":26,"130":24,"131":29,"132":29,"133":26,"134":29,"135":0,"136":0,"137":0,"138":0,"139":0,"140":0,"141":0,"142":0,"143":0,"144":0,"145":0,"146":0,"147":0,"148":0,"149":0,"150":0,"151":0,"152":0,"153":0,"154":0,"155":0,"156":0,"157":0,"158":0,"159":0,"160":0,"161":0,"162":0,"163":0,"164":0,"165":0,"166":0,"167":0,"168":0,"169":0,"170":0,"171":0,"172":0,"173":0,"174":0,"175":0,"176":0,"177":0,"178":0,"179":0,"180":0,"181":0,"182":0,"183":0,"184":0,"185":0,"186":0,"187":0,"188":0,"189":0,"190":0,"191":0,"192":0,"193":0,"194":0,"195":0,"196":0,"197":0,"198":0,"199":0,"200":0,"201":0,"202":0,"203":0,"204":0,"205":0,"206":0,"207":0,"208":0,"209":0,"210":0,"211":0,"212":0,"213":0,"214":0,"215":0,"216":0,"217":0,"218":0,"219":0,"220":0,"221":0,"222":0,"223":0,"224":0,"225":0,"226":0,"227":0,"228":0,"229":0,"230":0,"231":0,"232":0,"233":0,"234":0,"235":0,"236":0,"237":0,"238":0,"239":0,"240":0,"241":0,"242":0,"243":0},"f":{"0":24,"1":24,"2":41,"3":21,"4":6,"5":10,"6":0,"7":0,"8":7,"9":29,"10":3,"11":0,"12":0,"13":0,"14":0,"15":0,"16":0,"17":0,"18":0,"19":0},"b":{"0":[0],"1":[24,3,0],"2":[0,24],"3":[24,3,0],"4":[0,24],"5":[24,10],"6":[6,8],"7":[0,41],"8":[3,38],"9":[0,38],"10":[0,38],"11":[1,20],"12":[0,20],"13":[0,20],"14":[0,20],"15":[0,20],"16":[0,6],"17":[0,6],"18":[0,6],"19":[0,6],"20":[0,10],"21":[0,10],"22":[0,10],"23":[0,10],"24":[0,10],"25":[0,0],"26":[0,0],"27":[0,0],"28":[0,0],"29":[0,7],"30":[0,7],"31":[0,7],"32":[0,7],"33":[0,7],"34":[3],"35":[3],"36":[26],"37":[26],"38":[0,29],"39":[29,29,24],"40":[29,0],"41":[2,27],"42":[29,0],"43":[29,7,4],"44":[3,26],"45":[29,7,4],"46":[3,3,3],"47":[3,0],"48":[3,0],"49":[3,0],"50":[3,3],"51":[24,2],"52":[26,3],"53":[29,26],"54":[0],"55":[0],"56":[0,0],"57":[0,0],"58":[0,0],"59":[0,0],"60":[0,0],"61":[0,0],"62":[0,0],"63":[0,0],"64":[0,0],"65":[0,0],"66":[0,0],"67":[0,0],"68":[0,0],"69":[0,0],"70":[0,0],"71":[0,0],"72":[0,0],"73":[0,0],"74":[0,0],"75":[0,0],"76":[0,0],"77":[0,0],"78":[0,0],"79":[0,0],"80":[0,0],"81":[0,0],"82":[0,0],"83":[0,0],"84":[0,0,0],"85":[0,0],"86":[0,0,0,0],"87":[0,0],"88":[0,0],"89":[0,0],"90":[0,0],"91":[0,0],"92":[0,0,0],"93":[0,0],"94":[0,0],"95":[0,0],"96":[0,0],"97":[0,0],"98":[0,0],"99":[0,0,0],"100":[0,0],"101":[0,0],"102":[0,0],"103":[0,0],"104":[0,0],"105":[0,0],"106":[0,0],"107":[0,0],"108":[0,0],"109":[0,0],"110":[0,0],"111":[0,0,0,0],"112":[0,0],"113":[0,0],"114":[0,0],"115":[0,0],"116":[0,0],"117":[0,0],"118":[0,0],"119":[0,0],"120":[0,0],"121":[0,0],"122":[0,0],"123":[0,0],"124":[0,0],"125":[0,0],"126":[0,0],"127":[0,0],"128":[0,0],"129":[0,0],"130":[0,0],"131":[0,0],"132":[0,0],"133":[0,0],"134":[0,0],"135":[0,0],"136":[0,0],"137":[0,0],"138":[0,0],"139":[0,0],"140":[0,0],"141":[0,0],"142":[0,0],"143":[0,0],"144":[0,0],"145":[0,0],"146":[0,0],"147":[0,0]},"_coverageSchema":"1a1c01bbd47fc00a2c39e90264f33305004495a9","hash":"62278b2e64e5d44fe5f9f5df5431666e4da09441"}
,"C:\\Users\\dprit\\OneDrive\\Documents\\New project\\raw-surf-stabilization14\\frontend\\src\\components\\map\\backendWeatherServiceClientDiag.js": {"path":"C:\\Users\\dprit\\OneDrive\\Documents\\New project\\raw-surf-stabilization14\\frontend\\src\\components\\map\\backendWeatherServiceClientDiag.js","statementMap":{"0":{"start":{"line":15,"column":2},"end":{"line":15,"column":50}},"1":{"start":{"line":18,"column":26},"end":{"line":18,"column":69}},"2":{"start":{"line":19,"column":24},"end":{"line":19,"column":65}},"3":{"start":{"line":20,"column":25},"end":{"line":20,"column":67}},"4":{"start":{"line":22,"column":28},"end":{"line":35,"column":1}},"5":{"start":{"line":52,"column":2},"end":{"line":52,"column":57}},"6":{"start":{"line":52,"column":45},"end":{"line":52,"column":57}},"7":{"start":{"line":53,"column":39},"end":{"line":53,"column":45}},"8":{"start":{"line":54,"column":2},"end":{"line":54,"column":95}},"9":{"start":{"line":54,"column":43},"end":{"line":54,"column":80}},"10":{"start":{"line":54,"column":83},"end":{"line":54,"column":95}},"11":{"start":{"line":55,"column":16},"end":{"line":55,"column":18}},"12":{"start":{"line":56,"column":2},"end":{"line":56,"column":91}},"13":{"start":{"line":56,"column":44},"end":{"line":56,"column":91}},"14":{"start":{"line":57,"column":2},"end":{"line":57,"column":93}},"15":{"start":{"line":57,"column":44},"end":{"line":57,"column":93}},"16":{"start":{"line":58,"column":2},"end":{"line":58,"column":33}},"17":{"start":{"line":58,"column":21},"end":{"line":58,"column":33}},"18":{"start":{"line":60,"column":2},"end":{"line":60,"column":54}},"19":{"start":{"line":79,"column":17},"end":{"line":79,"column":79}},"20":{"start":{"line":80,"column":15},"end":{"line":80,"column":70}},"21":{"start":{"line":81,"column":15},"end":{"line":81,"column":70}},"22":{"start":{"line":82,"column":21},"end":{"line":82,"column":74}},"23":{"start":{"line":83,"column":19},"end":{"line":84,"column":87}},"24":{"start":{"line":86,"column":17},"end":{"line":86,"column":21}},"25":{"start":{"line":87,"column":2},"end":{"line":90,"column":3}},"26":{"start":{"line":88,"column":14},"end":{"line":88,"column":107}},"27":{"start":{"line":89,"column":4},"end":{"line":89,"column":43}},"28":{"start":{"line":92,"column":2},"end":{"line":107,"column":4}},"29":{"start":{"line":111,"column":2},"end":{"line":111,"column":44}},"30":{"start":{"line":111,"column":37},"end":{"line":111,"column":44}},"31":{"start":{"line":113,"column":18},"end":{"line":117,"column":36}},"32":{"start":{"line":119,"column":26},"end":{"line":119,"column":30}},"33":{"start":{"line":120,"column":2},"end":{"line":130,"column":3}},"34":{"start":{"line":121,"column":4},"end":{"line":129,"column":18}},"35":{"start":{"line":122,"column":16},"end":{"line":122,"column":38}},"36":{"start":{"line":123,"column":6},"end":{"line":128,"column":8}},"37":{"start":{"line":133,"column":34},"end":{"line":133,"column":35}},"38":{"start":{"line":134,"column":25},"end":{"line":134,"column":77}},"39":{"start":{"line":135,"column":2},"end":{"line":145,"column":3}},"40":{"start":{"line":136,"column":15},"end":{"line":136,"column":66}},"41":{"start":{"line":137,"column":15},"end":{"line":137,"column":68}},"42":{"start":{"line":138,"column":15},"end":{"line":138,"column":76}},"43":{"start":{"line":139,"column":15},"end":{"line":139,"column":78}},"44":{"start":{"line":140,"column":18},"end":{"line":140,"column":25}},"45":{"start":{"line":141,"column":18},"end":{"line":141,"column":25}},"46":{"start":{"line":142,"column":4},"end":{"line":144,"column":10}},"47":{"start":{"line":147,"column":20},"end":{"line":147,"column":60}},"48":{"start":{"line":150,"column":23},"end":{"line":150,"column":62}},"49":{"start":{"line":151,"column":30},"end":{"line":151,"column":34}},"50":{"start":{"line":153,"column":2},"end":{"line":168,"column":3}},"51":{"start":{"line":154,"column":4},"end":{"line":159,"column":5}},"52":{"start":{"line":155,"column":6},"end":{"line":155,"column":48}},"53":{"start":{"line":156,"column":6},"end":{"line":156,"column":44}},"54":{"start":{"line":158,"column":6},"end":{"line":158,"column":41}},"55":{"start":{"line":160,"column":9},"end":{"line":168,"column":3}},"56":{"start":{"line":161,"column":16},"end":{"line":161,"column":47}},"57":{"start":{"line":162,"column":16},"end":{"line":162,"column":35}},"58":{"start":{"line":163,"column":4},"end":{"line":167,"column":5}},"59":{"start":{"line":164,"column":6},"end":{"line":164,"column":42}},"60":{"start":{"line":166,"column":6},"end":{"line":166,"column":32}},"61":{"start":{"line":170,"column":21},"end":{"line":170,"column":52}},"62":{"start":{"line":171,"column":25},"end":{"line":171,"column":47}},"63":{"start":{"line":172,"column":27},"end":{"line":172,"column":56}},"64":{"start":{"line":172,"column":51},"end":{"line":172,"column":55}},"65":{"start":{"line":173,"column":25},"end":{"line":173,"column":55}},"66":{"start":{"line":174,"column":29},"end":{"line":174,"column":59}},"67":{"start":{"line":175,"column":26},"end":{"line":175,"column":55}},"68":{"start":{"line":178,"column":24},"end":{"line":178,"column":43}},"69":{"start":{"line":179,"column":2},"end":{"line":185,"column":3}},"70":{"start":{"line":180,"column":4},"end":{"line":180,"column":102}},"71":{"start":{"line":181,"column":9},"end":{"line":185,"column":3}},"72":{"start":{"line":182,"column":4},"end":{"line":182,"column":50}},"73":{"start":{"line":183,"column":9},"end":{"line":185,"column":3}},"74":{"start":{"line":184,"column":4},"end":{"line":184,"column":47}},"75":{"start":{"line":187,"column":21},"end":{"line":187,"column":27}},"76":{"start":{"line":188,"column":2},"end":{"line":192,"column":3}},"77":{"start":{"line":189,"column":4},"end":{"line":189,"column":42}},"78":{"start":{"line":190,"column":9},"end":{"line":192,"column":3}},"79":{"start":{"line":191,"column":4},"end":{"line":191,"column":35}},"80":{"start":{"line":194,"column":2},"end":{"line":248,"column":4}},"81":{"start":{"line":250,"column":27},"end":{"line":250,"column":75}},"82":{"start":{"line":251,"column":25},"end":{"line":251,"column":63}},"83":{"start":{"line":252,"column":27},"end":{"line":252,"column":54}},"84":{"start":{"line":253,"column":2},"end":{"line":255,"column":3}},"85":{"start":{"line":254,"column":4},"end":{"line":254,"column":26}},"86":{"start":{"line":257,"column":2},"end":{"line":282,"column":4}},"87":{"start":{"line":283,"column":2},"end":{"line":283,"column":67}},"88":{"start":{"line":283,"column":27},"end":{"line":283,"column":67}},"89":{"start":{"line":290,"column":2},"end":{"line":290,"column":44}},"90":{"start":{"line":290,"column":37},"end":{"line":290,"column":44}},"91":{"start":{"line":292,"column":17},"end":{"line":292,"column":47}},"92":{"start":{"line":293,"column":18},"end":{"line":293,"column":95}},"93":{"start":{"line":295,"column":2},"end":{"line":334,"column":3}},"94":{"start":{"line":296,"column":4},"end":{"line":333,"column":6}},"95":{"start":{"line":336,"column":15},"end":{"line":336,"column":30}},"96":{"start":{"line":337,"column":2},"end":{"line":337,"column":121}},"97":{"start":{"line":339,"column":2},"end":{"line":404,"column":3}},"98":{"start":{"line":340,"column":4},"end":{"line":340,"column":56}},"99":{"start":{"line":341,"column":4},"end":{"line":341,"column":33}},"100":{"start":{"line":342,"column":4},"end":{"line":342,"column":51}},"101":{"start":{"line":343,"column":4},"end":{"line":343,"column":47}},"102":{"start":{"line":344,"column":4},"end":{"line":344,"column":43}},"103":{"start":{"line":345,"column":4},"end":{"line":345,"column":74}},"104":{"start":{"line":346,"column":4},"end":{"line":346,"column":59}},"105":{"start":{"line":347,"column":4},"end":{"line":347,"column":53}},"106":{"start":{"line":348,"column":4},"end":{"line":348,"column":84}},"107":{"start":{"line":349,"column":4},"end":{"line":349,"column":55}},"108":{"start":{"line":350,"column":4},"end":{"line":350,"column":59}},"109":{"start":{"line":351,"column":4},"end":{"line":351,"column":129}},"110":{"start":{"line":352,"column":4},"end":{"line":352,"column":90}},"111":{"start":{"line":353,"column":4},"end":{"line":353,"column":99}},"112":{"start":{"line":354,"column":4},"end":{"line":354,"column":45}},"113":{"start":{"line":355,"column":4},"end":{"line":355,"column":47}},"114":{"start":{"line":356,"column":4},"end":{"line":356,"column":51}},"115":{"start":{"line":358,"column":21},"end":{"line":360,"column":77}},"116":{"start":{"line":362,"column":4},"end":{"line":362,"column":35}},"117":{"start":{"line":363,"column":4},"end":{"line":363,"column":57}},"118":{"start":{"line":365,"column":4},"end":{"line":371,"column":5}},"119":{"start":{"line":366,"column":6},"end":{"line":366,"column":39}},"120":{"start":{"line":367,"column":11},"end":{"line":371,"column":5}},"121":{"start":{"line":368,"column":6},"end":{"line":368,"column":38}},"122":{"start":{"line":370,"column":6},"end":{"line":370,"column":38}},"123":{"start":{"line":372,"column":9},"end":{"line":404,"column":3}},"124":{"start":{"line":373,"column":4},"end":{"line":373,"column":56}},"125":{"start":{"line":374,"column":4},"end":{"line":374,"column":34}},"126":{"start":{"line":375,"column":4},"end":{"line":375,"column":52}},"127":{"start":{"line":376,"column":4},"end":{"line":376,"column":67}},"128":{"start":{"line":377,"column":4},"end":{"line":377,"column":38}},"129":{"start":{"line":378,"column":4},"end":{"line":378,"column":55}},"130":{"start":{"line":379,"column":4},"end":{"line":379,"column":59}},"131":{"start":{"line":380,"column":4},"end":{"line":380,"column":129}},"132":{"start":{"line":381,"column":4},"end":{"line":381,"column":90}},"133":{"start":{"line":382,"column":4},"end":{"line":382,"column":99}},"134":{"start":{"line":383,"column":4},"end":{"line":383,"column":47}},"135":{"start":{"line":384,"column":4},"end":{"line":384,"column":52}},"136":{"start":{"line":385,"column":4},"end":{"line":385,"column":63}},"137":{"start":{"line":386,"column":4},"end":{"line":386,"column":46}},"138":{"start":{"line":387,"column":4},"end":{"line":387,"column":82}},"139":{"start":{"line":388,"column":4},"end":{"line":388,"column":81}},"140":{"start":{"line":390,"column":4},"end":{"line":394,"column":5}},"141":{"start":{"line":391,"column":6},"end":{"line":391,"column":100}},"142":{"start":{"line":393,"column":6},"end":{"line":393,"column":38}},"143":{"start":{"line":396,"column":4},"end":{"line":403,"column":5}},"144":{"start":{"line":397,"column":6},"end":{"line":397,"column":92}},"145":{"start":{"line":398,"column":6},"end":{"line":401,"column":7}},"146":{"start":{"line":399,"column":8},"end":{"line":399,"column":88}},"147":{"start":{"line":400,"column":8},"end":{"line":400,"column":110}},"148":{"start":{"line":402,"column":6},"end":{"line":402,"column":121}},"149":{"start":{"line":406,"column":2},"end":{"line":406,"column":41}},"150":{"start":{"line":407,"column":2},"end":{"line":407,"column":32}},"151":{"start":{"line":409,"column":2},"end":{"line":412,"column":3}},"152":{"start":{"line":410,"column":4},"end":{"line":410,"column":44}},"153":{"start":{"line":411,"column":4},"end":{"line":411,"column":95}},"154":{"start":{"line":414,"column":19},"end":{"line":414,"column":79}},"155":{"start":{"line":415,"column":2},"end":{"line":415,"column":56}},"156":{"start":{"line":416,"column":2},"end":{"line":416,"column":70}},"157":{"start":{"line":417,"column":2},"end":{"line":417,"column":56}},"158":{"start":{"line":418,"column":2},"end":{"line":418,"column":52}},"159":{"start":{"line":420,"column":2},"end":{"line":422,"column":28}},"160":{"start":{"line":423,"column":2},"end":{"line":423,"column":33}},"161":{"start":{"line":427,"column":0},"end":{"line":594,"column":1}},"162":{"start":{"line":429,"column":21},"end":{"line":429,"column":26}},"163":{"start":{"line":430,"column":18},"end":{"line":430,"column":23}},"164":{"start":{"line":431,"column":2},"end":{"line":431,"column":111}},"165":{"start":{"line":431,"column":8},"end":{"line":431,"column":63}},"166":{"start":{"line":432,"column":2},"end":{"line":432,"column":111}},"167":{"start":{"line":432,"column":8},"end":{"line":432,"column":63}},"168":{"start":{"line":434,"column":2},"end":{"line":471,"column":4}},"169":{"start":{"line":473,"column":2},"end":{"line":510,"column":4}},"170":{"start":{"line":512,"column":32},"end":{"line":542,"column":3}},"171":{"start":{"line":544,"column":2},"end":{"line":547,"column":4}},"172":{"start":{"line":549,"column":2},"end":{"line":552,"column":4}},"173":{"start":{"line":554,"column":2},"end":{"line":557,"column":4}},"174":{"start":{"line":559,"column":2},"end":{"line":593,"column":4}}},"fnMap":{"0":{"name":"getMainClient","decl":{"start":{"line":13,"column":9},"end":{"line":13,"column":22}},"loc":{"start":{"line":13,"column":25},"end":{"line":16,"column":1}},"line":13},"1":{"name":"getStatusUrl","decl":{"start":{"line":18,"column":9},"end":{"line":18,"column":21}},"loc":{"start":{"line":18,"column":24},"end":{"line":18,"column":71}},"line":18},"2":{"name":"getGridUrl","decl":{"start":{"line":19,"column":9},"end":{"line":19,"column":19}},"loc":{"start":{"line":19,"column":22},"end":{"line":19,"column":67}},"line":19},"3":{"name":"getPointUrl","decl":{"start":{"line":20,"column":9},"end":{"line":20,"column":20}},"loc":{"start":{"line":20,"column":23},"end":{"line":20,"column":69}},"line":20},"4":{"name":"deriveResolutionDeg","decl":{"start":{"line":51,"column":9},"end":{"line":51,"column":28}},"loc":{"start":{"line":51,"column":49},"end":{"line":61,"column":1}},"line":51},"5":{"name":"(anonymous_5)","decl":{"start":{"line":54,"column":38},"end":{"line":54,"column":39}},"loc":{"start":{"line":54,"column":43},"end":{"line":54,"column":80}},"line":54},"6":{"name":"computeServedExtent","decl":{"start":{"line":78,"column":16},"end":{"line":78,"column":35}},"loc":{"start":{"line":78,"column":45},"end":{"line":108,"column":1}},"line":78},"7":{"name":"updateProjectionDiag","decl":{"start":{"line":110,"column":16},"end":{"line":110,"column":36}},"loc":{"start":{"line":110,"column":54},"end":{"line":284,"column":1}},"line":110},"8":{"name":"(anonymous_8)","decl":{"start":{"line":172,"column":46},"end":{"line":172,"column":47}},"loc":{"start":{"line":172,"column":51},"end":{"line":172,"column":55}},"line":172},"9":{"name":"updateDiagnostics","decl":{"start":{"line":289,"column":16},"end":{"line":289,"column":33}},"loc":{"start":{"line":289,"column":64},"end":{"line":424,"column":1}},"line":289}},"branchMap":{"0":{"loc":{"start":{"line":52,"column":2},"end":{"line":52,"column":57}},"type":"if","locations":[{"start":{"line":52,"column":2},"end":{"line":52,"column":57}},{"start":{},"end":{}}],"line":52},"1":{"loc":{"start":{"line":52,"column":6},"end":{"line":52,"column":43}},"type":"binary-expr","locations":[{"start":{"line":52,"column":6},"end":{"line":52,"column":13}},{"start":{"line":52,"column":17},"end":{"line":52,"column":43}}],"line":52},"2":{"loc":{"start":{"line":54,"column":2},"end":{"line":54,"column":95}},"type":"if","locations":[{"start":{"line":54,"column":2},"end":{"line":54,"column":95}},{"start":{},"end":{}}],"line":54},"3":{"loc":{"start":{"line":54,"column":43},"end":{"line":54,"column":80}},"type":"binary-expr","locations":[{"start":{"line":54,"column":43},"end":{"line":54,"column":64}},{"start":{"line":54,"column":68},"end":{"line":54,"column":80}}],"line":54},"4":{"loc":{"start":{"line":56,"column":2},"end":{"line":56,"column":91}},"type":"if","locations":[{"start":{"line":56,"column":2},"end":{"line":56,"column":91}},{"start":{},"end":{}}],"line":56},"5":{"loc":{"start":{"line":56,"column":6},"end":{"line":56,"column":42}},"type":"binary-expr","locations":[{"start":{"line":56,"column":6},"end":{"line":56,"column":30}},{"start":{"line":56,"column":34},"end":{"line":56,"column":42}}],"line":56},"6":{"loc":{"start":{"line":57,"column":2},"end":{"line":57,"column":93}},"type":"if","locations":[{"start":{"line":57,"column":2},"end":{"line":57,"column":93}},{"start":{},"end":{}}],"line":57},"7":{"loc":{"start":{"line":57,"column":6},"end":{"line":57,"column":42}},"type":"binary-expr","locations":[{"start":{"line":57,"column":6},"end":{"line":57,"column":30}},{"start":{"line":57,"column":34},"end":{"line":57,"column":42}}],"line":57},"8":{"loc":{"start":{"line":58,"column":2},"end":{"line":58,"column":33}},"type":"if","locations":[{"start":{"line":58,"column":2},"end":{"line":58,"column":33}},{"start":{},"end":{}}],"line":58},"9":{"loc":{"start":{"line":79,"column":17},"end":{"line":79,"column":79}},"type":"binary-expr","locations":[{"start":{"line":79,"column":17},"end":{"line":79,"column":44}},{"start":{"line":79,"column":48},"end":{"line":79,"column":71}},{"start":{"line":79,"column":75},"end":{"line":79,"column":79}}],"line":79},"10":{"loc":{"start":{"line":80,"column":15},"end":{"line":80,"column":70}},"type":"cond-expr","locations":[{"start":{"line":80,"column":51},"end":{"line":80,"column":63}},{"start":{"line":80,"column":66},"end":{"line":80,"column":70}}],"line":80},"11":{"loc":{"start":{"line":81,"column":15},"end":{"line":81,"column":70}},"type":"cond-expr","locations":[{"start":{"line":81,"column":51},"end":{"line":81,"column":63}},{"start":{"line":81,"column":66},"end":{"line":81,"column":70}}],"line":81},"12":{"loc":{"start":{"line":82,"column":21},"end":{"line":82,"column":74}},"type":"cond-expr","locations":[{"start":{"line":82,"column":56},"end":{"line":82,"column":67}},{"start":{"line":82,"column":70},"end":{"line":82,"column":74}}],"line":82},"13":{"loc":{"start":{"line":82,"column":22},"end":{"line":82,"column":52}},"type":"binary-expr","locations":[{"start":{"line":82,"column":22},"end":{"line":82,"column":35}},{"start":{"line":82,"column":39},"end":{"line":82,"column":52}}],"line":82},"14":{"loc":{"start":{"line":83,"column":19},"end":{"line":84,"column":87}},"type":"cond-expr","locations":[{"start":{"line":83,"column":64},"end":{"line":83,"column":83}},{"start":{"line":84,"column":7},"end":{"line":84,"column":86}}],"line":83},"15":{"loc":{"start":{"line":84,"column":7},"end":{"line":84,"column":86}},"type":"cond-expr","locations":[{"start":{"line":84,"column":55},"end":{"line":84,"column":79}},{"start":{"line":84,"column":82},"end":{"line":84,"column":86}}],"line":84},"16":{"loc":{"start":{"line":87,"column":2},"end":{"line":90,"column":3}},"type":"if","locations":[{"start":{"line":87,"column":2},"end":{"line":90,"column":3}},{"start":{},"end":{}}],"line":87},"17":{"loc":{"start":{"line":87,"column":6},"end":{"line":87,"column":82}},"type":"binary-expr","locations":[{"start":{"line":87,"column":6},"end":{"line":87,"column":12}},{"start":{"line":87,"column":16},"end":{"line":87,"column":47}},{"start":{"line":87,"column":51},"end":{"line":87,"column":82}}],"line":87},"18":{"loc":{"start":{"line":88,"column":14},"end":{"line":88,"column":107}},"type":"cond-expr","locations":[{"start":{"line":88,"column":45},"end":{"line":88,"column":76}},{"start":{"line":88,"column":81},"end":{"line":88,"column":106}}],"line":88},"19":{"loc":{"start":{"line":100,"column":23},"end":{"line":100,"column":98}},"type":"cond-expr","locations":[{"start":{"line":100,"column"
[...]
olumn":76}},{"start":{"line":146,"column":8},"end":{"line":146,"column":60}}],"line":145},"40":{"loc":{"start":{"line":147,"column":34},"end":{"line":147,"column":69}},"type":"binary-expr","locations":[{"start":{"line":147,"column":34},"end":{"line":147,"column":46}},{"start":{"line":147,"column":50},"end":{"line":147,"column":69}}],"line":147},"41":{"loc":{"start":{"line":151,"column":6},"end":{"line":157,"column":7}},"type":"if","locations":[{"start":{"line":151,"column":6},"end":{"line":157,"column":7}},{"start":{},"end":{}}],"line":151},"42":{"loc":{"start":{"line":151,"column":10},"end":{"line":151,"column":79}},"type":"binary-expr","locations":[{"start":{"line":151,"column":10},"end":{"line":151,"column":29}},{"start":{"line":151,"column":33},"end":{"line":151,"column":46}},{"start":{"line":151,"column":50},"end":{"line":151,"column":79}}],"line":151},"43":{"loc":{"start":{"line":152,"column":18},"end":{"line":152,"column":69}},"type":"binary-expr","locations":[{"start":{"line":152,"column":18},"end":{"line":152,"column":53}},{"start":{"line":152,"column":57},"end":{"line":152,"column":69}}],"line":152},"44":{"loc":{"start":{"line":155,"column":22},"end":{"line":155,"column":88}},"type":"binary-expr","locations":[{"start":{"line":155,"column":22},"end":{"line":155,"column":52}},{"start":{"line":155,"column":56},"end":{"line":155,"column":80}},{"start":{"line":155,"column":84},"end":{"line":155,"column":88}}],"line":155},"45":{"loc":{"start":{"line":159,"column":6},"end":{"line":230,"column":7}},"type":"if","locations":[{"start":{"line":159,"column":6},"end":{"line":230,"column":7}},{"start":{"line":221,"column":13},"end":{"line":230,"column":7}}],"line":159},"46":{"loc":{"start":{"line":159,"column":10},"end":{"line":159,"column":111}},"type":"binary-expr","locations":[{"start":{"line":159,"column":10},"end":{"line":159,"column":27}},{"start":{"line":159,"column":31},"end":{"line":159,"column":53}},{"start":{"line":159,"column":57},"end":{"line":159,"column":87}},{"start":{"line":159,"column":91},"end":{"line":159,"column":111}}],"line":159},"47":{"loc":{"start":{"line":162,"column":8},"end":{"line":194,"column":9}},"type":"if","locations":[{"start":{"line":162,"column":8},"end":{"line":194,"column":9}},{"start":{},"end":{}}],"line":162},"48":{"loc":{"start":{"line":162,"column":12},"end":{"line":162,"column":54}},"type":"binary-expr","locations":[{"start":{"line":162,"column":12},"end":{"line":162,"column":15}},{"start":{"line":162,"column":19},"end":{"line":162,"column":54}}],"line":162},"49":{"loc":{"start":{"line":163,"column":26},"end":{"line":163,"column":132}},"type":"cond-expr","locations":[{"start":{"line":163,"column":65},"end":{"line":163,"column":93}},{"start":{"line":163,"column":96},"end":{"line":163,"column":132}}],"line":163},"50":{"loc":{"start":{"line":165,"column":10},"end":{"line":168,"column":11}},"type":"if","locations":[{"start":{"line":165,"column":10},"end":{"line":168,"column":11}},{"start":{},"end":{}}],"line":165},"51":{"loc":{"start":{"line":175,"column":10},"end":{"line":175,"column":121}},"type":"if","locations":[{"start":{"line":175,"column":10},"end":{"line":175,"column":121}},{"start":{},"end":{}}],"line":175},"52":{"loc":{"start":{"line":176,"column":10},"end":{"line":192,"column":11}},"type":"if","locations":[{"start":{"line":176,"column":10},"end":{"line":192,"column":11}},{"start":{},"end":{}}],"line":176},"53":{"loc":{"start":{"line":176,"column":14},"end":{"line":176,"column":114}},"type":"binary-expr","locations":[{"start":{"line":176,"column":14},"end":{"line":176,"column":43}},{"start":{"line":176,"column":47},"end":{"line":176,"column":65}},{"start":{"line":176,"column":69},"end":{"line":176,"column":89}},{"start":{"line":176,"column":93},"end":{"line":176,"column":114}}],"line":176},"54":{"loc":{"start":{"line":177,"column":54},"end":{"line":177,"column":99}},"type":"binary-expr","locations":[{"start":{"line":177,"column":54},"end":{"line":177,"column":93}},{"start":{"line":177,"column":97},"end":{"line":177,"column":99}}],"line":177},"55":{"loc":{"start":{"line":179,"column":34},"end":{"line":179,"column":106}},"type":"binary-expr","locations":[{"start":{"line":179,"column":34},"end":{"line":179,"column":67}},{"start":{"line":179,"column":71},"end":{"line":179,"column":98}},{"start":{"line":179,"column":102},"end":{"line":179,"column":106}}],"line":179},"56":{"loc":{"start":{"line":180,"column":34},"end":{"line":180,"column":191}},"type":"binary-expr","locations":[{"start":{"line":180,"column":34},"end":{"line":180,"column":67}},{"start":{"line":180,"column":71},"end":{"line":180,"column":98}},{"start":{"line":180,"column":103},"end":{"line":180,"column":190}}],"line":180},"57":{"loc":{"start":{"line":180,"column":103},"end":{"line":180,"column":190}},"type":"cond-expr","locations":[{"start":{"line":180,"column":146},"end":{"line":180,"column":183}},{"start":{"line":180,"column":186},"end":{"line":180,"column":190}}],"line":180},"58":{"loc":{"start":{"line":181,"column":31},"end":{"line":181,"column":97}},"type":"binary-expr","locations":[{"start":{"line":181,"column":31},"end":{"line":181,"column":61}},{"start":{"line":181,"column":65},"end":{"line":181,"column":89}},{"start":{"line":181,"column":93},"end":{"line":181,"column":97}}],"line":181},"59":{"loc":{"start":{"line":189,"column":12},"end":{"line":191,"column":13}},"type":"if","locations":[{"start":{"line":189,"column":12},"end":{"line":191,"column":13}},{"start":{},"end":{}}],"line":189},"60":{"loc":{"start":{"line":198,"column":8},"end":{"line":219,"column":9}},"type":"if","locations":[{"start":{"line":198,"column":8},"end":{"line":219,"column":9}},{"start":{},"end":{}}],"line":198},"61":{"loc":{"start":{"line":202,"column":25},"end":{"line":202,"column":43}},"type":"binary-expr","locations":[{"start":{"line":202,"column":25},"end":{"line":202,"column":38}},{"start":{"line":202,"column":42},"end":{"line":202,"column":43}}],"line":202},"62":{"loc":{"start":{"line":203,"column":19},"end":{"line":203,"column":158}},"type":"cond-expr","locations":[{"start":{"line":203,"column":26},"end":{"line":203,"column":115}},{"start":{"line":203,"column":118},"end":{"line":203,"column":158}}],"line":203},"63":{"loc":{"start":{"line":203,"column":40},"end":{"line":203,"column":55}},"type":"binary-expr","locations":[{"start":{"line":203,"column":40},"end":{"line":203,"column":50}},{"start":{"line":203,"column":54},"end":{"line":203,"column":55}}],"line":203},"64":{"loc":{"start":{"line":203,"column":60},"end":{"line":203,"column":71}},"type":"binary-expr","locations":[{"start":{"line":203,"column":60},"end":{"line":203,"column":66}},{"start":{"line":203,"column":70},"end":{"line":203,"column":71}}],"line":203},"65":{"loc":{"start":{"line":203,"column":76},"end":{"line":203,"column":87}},"type":"binary-expr","locations":[{"start":{"line":203,"column":76},"end":{"line":203,"column":82}},{"start":{"line":203,"column":86},"end":{"line":203,"column":87}}],"line":203},"66":{"loc":{"start":{"line":203,"column":97},"end":{"line":203,"column":113}},"type":"binary-expr","locations":[{"start":{"line":203,"column":97},"end":{"line":203,"column":108}},{"start":{"line":203,"column":112},"end":{"line":203,"column":113}}],"line":203},"67":{"loc":{"start":{"line":222,"column":8},"end":{"line":224,"column":9}},"type":"if","locations":[{"start":{"line":222,"column":8},"end":{"line":224,"column":9}},{"start":{},"end":{}}],"line":222},"68":{"loc":{"start":{"line":222,"column":12},"end":{"line":222,"column":67}},"type":"binary-expr","locations":[{"start":{"line":222,"column":12},"end":{"line":222,"column":41}},{"start":{"line":222,"column":45},"end":{"line":222,"column":67}}],"line":222},"69":{"loc":{"start":{"line":226,"column":8},"end":{"line":228,"column":9}},"type":"if","locations":[{"start":{"line":226,"column":8},"end":{"line":228,"column":9}},{"start":{},"end":{}}],"line":226},"70":{"loc":{"start":{"line":233,"column":6},"end":{"line":249,"column":7}},"type":"if","locations":[{"start":{"line":233,"column":6},"end":{"line":249,"column":7}},{"start":{},"end":{}}],"line":233},"71":{"loc":{"start":{"line":233,"column":10},"end":{"line":233,"column":132}},"type":"binary-expr","locations":[{"start":{"line":233,"column":10},"end":{"line":233,"column":32}},{"start":{"line":233,"column":36},"end":{"line":233,"column":60}},{"start":{"line":233,"column":65},"end":{"line":233,"column":84}},{"start":{"line":233,"column":88},"end":{"line":233,"column":131}}],"line":233},"72":{"loc":{"start":{"line":233,"column":89},"end":{"line":233,"column":117}},"type":"binary-expr","locations":[{"start":{"line":233,"column":89},"end":{"line":233,"column":106}},{"start":{"line":233,"column":110},"end":{"line":233,"column":117}}],"line":233},"73":{"loc":{"start":{"line":236,"column":20},"end":{"line":236,"column":77}},"type":"cond-expr","locations":[{"start":{"line":236,"column":32},"end":{"line":236,"column":73}},{"start":{"line":236,"column":76},"end":{"line":236,"column":77}}],"line":236},"74":{"loc":{"start":{"line":238,"column":8},"end":{"line":245,"column":9}},"type":"if","locations":[{"start":{"line":238,"column":8},"end":{"line":245,"column":9}},{"start":{},"end":{}}],"line":238},"75":{"loc":{"start":{"line":240,"column":36},"end":{"line":240,"column":104}},"type":"cond-expr","locations":[{"start":{"line":240,"column":67},"end":{"line":240,"column":81}},{"start":{"line":240,"column":84},"end":{"line":240,"column":104}}],"line":240},"76":{"loc":{"start":{"line":242,"column":10},"end":{"line":244,"column":11}},"type":"if","locations":[{"start":{"line":242,"column":10},"end":{"line":244,"column":11}},{"start":{},"end":{}}],"line":242},"77":{"loc":{"start":{"line":246,"column":28},"end":{"line":246,"column":53}},"type":"binary-expr","locations":[{"start":{"line":246,"column":28},"end":{"line":246,"column":48}},{"start":{"line":246,"column":52},"end":{"line":246,"column":53}}],"line":246},"78":{"loc":{"start":{"line":247,"column":8},"end":{"line":247,"column":101}},"type":"if","locations":[{"start":{"line":247,"column":8},"end":{"line":247,"column":101}},{"start":{},"end":{}}],"line":247},"79":{"loc":{"start":{"line":248,"column":8},"end":{"line":248,"column":95}},"type":"if","locations":[{"start":{"line":248,"column":8},"end":{"line":248,"column":95}},{"start":{},"end":{}}],"line":248},"80":{"loc":{"start":{"line":252,"column":8},"end":{"line":296,"column":9}},"type":"if","locations":[{"start":{"line":252,"column":8},"end":{"line":296,"column":9}},{"start":{},"end":{}}],"line":252},"81":{"loc":{"start":{"line":252,"column":12},"end":{"line":252,"column":155}},"type":"binary-expr","locations":[{"start":{"line":252,"column":12},"end":{"line":252,"column":34}},{"start":{"line":252,"column":38},"end":{"line":252,"column":62}},{"start":{"line":252,"column":67},"end":{"line":252,"column":86}},{"start":{"line":252,"column":90},"end":{"line":252,"column":133}},{"start":{"line":252,"column":138},"end":{"line":252,"column":155}}],"line":252},"82":{"loc":{"start":{"line":252,"column":91},"end":{"line":252,"column":119}},"type":"binary-expr","locations":[{"start":{"line":252,"column":91},"end":{"line":252,"column":108}},{"start":{"line":252,"column":112},"end":{"line":252,"column":119}}],"line":252},"83":{"loc":{"start":{"line":254,"column":10},"end":{"line":295,"column":11}},"type":"if","locations":[{"start":{"line":254,"column":10},"end":{"line":295,"column":11}},{"start":{},"end":{}}],"line":254},"84":{"loc":{"start":{"line":257,"column":12},"end":{"line":270,"column":13}},"type":"if","locations":[{"start":{"line":257,"column":12},"end":{"line":270,"column":13}},{"start":{},"end":{}}],"line":257},"85":{"loc":{"start":{"line":257,"column":16},"end":{"line":257,"column":58}},"type":"binary-expr","locations":[{"start":{"line":257,"column":16},"end":{"line":257,"column":19}},{"start":{"line":257,"column":23},"end":{"line":257,"column":58}}],"line":257},"86":{"loc":{"start":{"line":258,"column":30},"end":{"line":258,"column":123}},"type":"cond-expr","locations":[{"start":{"line":258,"column":56},"end":{"line":258,"column":84}},{"start":{"line":258,"column":87},"end":{"line":258,"column":123}}],"line":258},"87":{"loc":{"start":{"line":260,"column":14},"end":{"line":263,"column":15}},"type":"if","locations":[{"start":{"line":260,"column":14},"end":{"line":263,"column":15}},{"start":{},"end":{}}],"line":260},"88":{"loc":{"start":{"line":268,"column":14},"end":{"line":268,"column":125}},"type":"if","locations":[{"start":{"line":268,"column":14},"end":{"line":268,"column":125}},{"start":{},"end":{}}],"line":268},"89":{"loc":{"start":{"line":272,"column":12},"end":{"line":293,"column":13}},"type":"if","locations":[{"start":{"line":272,"column":12},"end":{"line":293,"column":13}},{"start":{},"end":{}}],"line":272},"90":{"loc":{"start":{"line":276,"column":29},"end":{"line":276,"column":47}},"type":"binary-expr","locations":[{"start":{"line":276,"column":29},"end":{"line":276,"column":42}},{"start":{"line":276,"column":46},"end":{"line":276,"column":47}}],"line":276},"91":{"loc":{"start":{"line":277,"column":23},"end":{"line":277,"column":162}},"type":"cond-expr","locations":[{"start":{"line":277,"column":30},"end":{"line":277,"column":119}},{"start":{"line":277,"column":122},"end":{"line":277,"column":162}}],"line":277},"92":{"loc":{"start":{"line":277,"column":44},"end":{"line":277,"column":59}},"type":"binary-expr","locations":[{"start":{"line":277,"column":44},"end":{"line":277,"column":54}},{"start":{"line":277,"column":58},"end":{"line":277,"column":59}}],"line":277},"93":{"loc":{"start":{"line":277,"column":64},"end":{"line":277,"column":75}},"type":"binary-expr","locations":[{"start":{"line":277,"column":64},"end":{"line":277,"column":70}},{"start":{"line":277,"column":74},"end":{"line":277,"column":75}}],"line":277},"94":{"loc":{"start":{"line":277,"column":80},"end":{"line":277,"column":91}},"type":"binary-expr","locations":[{"start":{"line":277,"column":80},"end":{"line":277,"column":86}},{"start":{"line":277,"column":90},"end":{"line":277,"column":91}}],"line":277},"95":{"loc":{"start":{"line":277,"column":101},"end":{"line":277,"column":117}},"type":"binary-expr","locations":[{"start":{"line":277,"column":101},"end":{"line":277,"column":112}},{"start":{"line":277,"column":116},"end":{"line":277,"column":117}}],"line":277},"96":{"loc":{"start":{"line":300,"column":4},"end":{"line":327,"column":5}},"type":"if","locations":[{"start":{"line":300,"column":4},"end":{"line":327,"column":5}},{"start":{"line":321,"column":11},"end":{"line":327,"column":5}}],"line":300},"97":{"loc":{"start":{"line":303,"column":6},"end":{"line":309,"column":7}},"type":"if","locations":[{"start":{"line":303,"column":6},"end":{"line":309,"column":7}},{"start":{},"end":{}}],"line":303},"98":{"loc":{"start":{"line":305,"column":8},"end":{"line":308,"column":9}},"type":"if","locations":[{"start":{"line":305,"column":8},"end":{"line":308,"column":9}},{"start":{},"end":{}}],"line":305},"99":{"loc":{"start":{"line":306,"column":41},"end":{"line":306,"column":139}},"type":"cond-expr","locations":[{"start":{"line":306,"column":82},"end":{"line":306,"column":106}},{"start":{"line":306,"column":109},"end":{"line":306,"column":139}}],"line":306},"100":{"loc":{"start":{"line":310,"column":24},"end":{"line":312,"column":42}},"type":"cond-expr","locations":[{"start":{"line":311,"column":11},"end":{"line":311,"column":81}},{"start":{"line":312,"column":10},"end":{"line":312,"column":42}}],"line":310},"101":{"loc":{"start":{"line":311,"column":11},"end":{"line":311,"column":81}},"type":"cond-expr","locations":[{"start":{"line":311,"column":33},"end":{"line":311,"column":57}},{"start":{"line":311,"column":60},"end":{"line":311,"column":81}}],"line":311},"102":{"loc":{"start":{"line":322,"column":6},"end":{"line":326,"column":7}},"type":"if","locations":[{"start":{"line":322,"column":6},"end":{"line":326,"column":7}},{"start":{},"end":{}}],"line":322},"103":{"loc":{"start":{"line":322,"column":10},"end":{"line":324,"column":76}},"type":"binary-expr","locations":[{"start":{"line":322,"column":10},"end":{"line":322,"column":87}},{"start":{"line":323,"column":10},"end":{"line":323,"column":79}},{"start":{"line":324,"column":10},"end":{"line":324,"column":76}}],"line":322},"104":{"loc":{"start":{"line":329,"column":4},"end":{"line":343,"column":5}},"type":"if","locations":[{"start":{"line":329,"column":4},"end":{"line":343,"column":5}},{"start":{},"end":{}}],"line":329},"105":{"loc":{"start":{"line":346,"column":4},"end":{"line":349,"column":5}},"type":"if","locations":[{"start":{"line":346,"column":4},"end":{"line":349,"column":5}},{"start":{},"end":{}}],"line":346},"106":{"loc":{"start":{"line":351,"column":4},"end":{"line":355,"column":5}},"type":"if","locations":[{"start":{"line":351,"column":4},"end":{"line":355,"column":5}},{"start":{},"end":{}}],"line":351},"107":{"loc":{"start":{"line":352,"column":6},"end":{"line":354,"column":7}},"type":"if","locations":[{"start":{"line":352,"column":6},"end":{"line":354,"column":7}},{"start":{},"end":{}}],"line":352}},"s":{"0":1,"1":10,"2":10,"3":10,"4":10,"5":10,"6":4,"7":6,"8":0,"9":6,"10":6,"11":6,"12":6,"13":6,"14":6,"15":6,"16":6,"17":6,"18":6,"19":6,"20":0,"21":6,"22":0,"23":6,"24":0,"25":6,"26":6,"27":6,"28":6,"29":6,"30":6,"31":6,"32":6,"33":0,"34":6,"35":6,"36":6,"37":6,"38":6,"39":6,"40":4,"41":6,"42":6,"43":6,"44":6,"45":6,"46":6,"47":6,"48":6,"49":6,"50":6,"51":6,"52":6,"53":6,"54":6,"55":6,"56":5,"57":5,"58":5,"59":5,"60":5,"61":5,"62":5,"63":5,"64":5,"65":5,"66":5,"67":5,"68":5,"69":5,"70":5,"71":5,"72":5,"73":5,"74":5,"75":5,"76":0,"77":5,"78":5,"79":5,"80":0,"81":5,"82":5,"83":6,"84":6,"85":6,"86":6,"87":6,"88":0,"89":0,"90":0,"91":0,"92":6,"93":4,"94":4,"95":4,"96":4,"97":4,"98":4,"99":1,"100":1,"101":4,"102":4,"103":4,"104":4,"105":4,"106":4,"107":4,"108":4,"109":4,"110":3,"111":3,"112":3,"113":0,"114":4,"115":4,"116":4,"117":4,"118":4,"119":40,"120":40,"121":40,"122":4,"123":4,"124":2,"125":0,"126":2,"127":2,"128":2,"129":2,"130":0,"131":0,"132":0,"133":0,"134":0,"135":0,"136":0,"137":0,"138":0,"139":0,"140":0,"141":0,"142":0,"143":0,"144":0,"145":0,"146":0,"147":0,"148":0,"149":0,"150":0,"151":0,"152":0,"153":0,"154":0,"155":0,"156":0,"157":0,"158":0,"159":0,"160":0,"161":0,"162":0,"163":0,"164":0,"165":0,"166":0,"167":0,"168":0,"169":0,"170":0,"171":0,"172":0,"173":0,"174":0,"175":0,"176":0,"177":0,"178":0,"179":0,"180":0,"181":0,"182":0,"183":0,"184":0,"185":0,"186":0,"187":0,"188":0,"189":0,"190":0,"191":0,"192":0,"193":0,"194":0,"195":0,"196":0,"197":0,"198":0},"f":{"0":10,"1":10,"2":40,"3":0},"b":{"0":[4,6],"1":[0,6],"2":[6,6],"3":[6,0],"4":[6,0],"5":[6,0],"6":[0,6],"7":[6,0,0],"8":[0,6],"9":[6,0],"10":[0,6],"11":[6,0],"12":[6,6,0],"13":[6,0],"14":[6,0],"15":[6,0,0],"16":[6,0],"17":[6,0],"18":[6,1],"19":[4,2],"20":[6,0],"21":[0,6],"22":[6,6,6],"23":[5,1],"24":[5,0],"25":[5,5,5,5],"26":[5,5,5,5],"27":[5,5,5,5],"28":[5,0],"29":[5,0],"30":[0,5],"31":[5,0],"32":[5,5],"33":[0,5],"34":[0,5],"35":[5,5,5,5],"36":[5,5,5,5,0,0,5,0,0,0],"37":[6,0,0,0],"38":[6,6],"39":[6,6,6],"40":[6,6],"41":[0,6],"42":[6,0,0],"43":[0,0],"44":[0,0,0],"45":[4,2],"46":[6,5,5,4],"47":[4,0],"48":[4,4],"49":[4,0],"50":[1,3],"51":[4,0],"52":[3,1],"53":[4,4,4,4],"54":[3,1],"55":[3,3,3],"56":[3,3,3],"57":[3,0],"58":[3,0,0],"59":[0,3],"60":[4,0],"61":[40,40],"62":[4,36],"63":[4,0],"64":[4,4],"65":[4,0],"66":[4,4],"67":[0,2],"68":[2,2],"69":[2,0],"70":[0,0],"71":[0,0,0,0],"72":[0,0],"73":[0,0],"74":[0,0],"75":[0,0],"76":[0,0],"77":[0,0],"78":[0,0],"79":[0,0],"80":[0,0],"81":[0,0,0,0,0],"82":[0,0],"83":[0,0],"84":[0,0],"85":[0,0],"86":[0,0],"87":[0,0],"88":[0,0],"89":[0,0],"90":[0,0],"91":[0,0],"92":[0,0],"93":[0,0],"94":[0,0],"95":[0,0],"96":[0,0],"97":[0,0],"98":[0,0],"99":[0,0],"100":[0,0],"101":[0,0],"102":[0,0],"103":[0,0,0],"104":[0,0],"105":[0,0],"106":[0,0],"107":[0,0]},"_coverageSchema":"1a1c01bbd47fc00a2c39e90264f33305004495a9","hash":"1bf92bc9ca65a97f5e64b9b8b2183b1365c20161"}
}
