<?xml version="1.0" encoding="utf-8"?><testsuites name="pytest tests"><testsuite name="pytest" errors="0" failures="0" skipped="0" tests="12" time="6.553" timestamp="2026-03-15T07:42:08.981711+00:00" hostname="agent-env-80022ca7-d611-4cb1-b080-4135e2286024"><testcase classname="backend.tests.test_reactions_notifications_iter34.TestFeedReactions" name="test_add_shaka_reaction" time="1.133" /><testcase classname="backend.tests.test_reactions_notifications_iter34.TestFeedReactions" name="test_add_wave_reaction" time="0.429" /><testcase classname="backend.tests.test_reactions_notifications_iter34.TestFeedReactions" name="test_add_heart_reaction" time="0.478" /><testcase classname="backend.tests.test_reactions_notifications_iter34.TestFeedReactions" name="test_add_fire_reaction" time="0.433" /><testcase classname="backend.tests.test_reactions_notifications_iter34.TestFeedReactions" name="test_invalid_emoji_rejected" time="0.048" /><testcase classname="backend.tests.test_reactions_notifications_iter34.TestFeedReactions" name="test_reactions_in_posts_response" time="0.698" /><testcase classname="backend.tests.test_reactions_notifications_iter34.TestNotifications" name="test_create_reaction_notification" time="0.671" /><testcase classname="backend.tests.test_reactions_notifications_iter34.TestNotifications" name="test_get_notifications" time="0.219" /><testcase classname="backend.tests.test_reactions_notifications_iter34.TestNotifications" name="test_get_unread_count" time="0.188" /><testcase classname="backend.tests.test_reactions_notifications_iter34.TestSurfSpots" name="test_get_surf_spots" time="0.961" /><testcase classname="backend.tests.test_reactions_notifications_iter34.TestSurfSpots" name="test_surf_spot_has_required_fields" time="0.906" /><testcase classname="backend.tests.test_reactions_notifications_iter34.TestLivePhotographers" name="test_get_live_photographers" time="0.329" /></testsuite></testsuites>