<?xml version="1.0" encoding="utf-8"?><testsuites name="pytest tests"><testsuite name="pytest" errors="0" failures="0" skipped="0" tests="9" time="4.355" timestamp="2026-04-02T18:32:32.333204+00:00" hostname="agent-env-80022ca7-d611-4cb1-b080-4135e2286024"><testcase classname="backend.tests.test_ad_approval_queue_iter142.TestAdApprovalQueue" name="test_get_ad_queue_returns_pending_approved_rejected" time="0.786" /><testcase classname="backend.tests.test_ad_approval_queue_iter142.TestAdApprovalQueue" name="test_get_ad_queue_requires_admin" time="0.253" /><testcase classname="backend.tests.test_ad_approval_queue_iter142.TestAdApprovalQueue" name="test_approve_ad_activates_it" time="0.788" /><testcase classname="backend.tests.test_ad_approval_queue_iter142.TestAdApprovalQueue" name="test_reject_ad_with_reason" time="0.753" /><testcase classname="backend.tests.test_ad_approval_queue_iter142.TestAdApprovalQueue" name="test_approve_nonexistent_ad_returns_404" time="0.297" /><testcase classname="backend.tests.test_ad_approval_queue_iter142.TestAdApprovalQueue" name="test_invalid_action_returns_400" time="0.530" /><testcase classname="backend.tests.test_ad_approval_queue_iter142.TestAdConfig" name="test_get_ad_config" time="0.260" /><testcase classname="backend.tests.test_ad_approval_queue_iter142.TestAdConfig" name="test_get_ad_analytics" time="0.401" /><testcase classname="backend.tests.test_ad_approval_queue_iter142.TestAdSubmission" name="test_get_my_submissions" time="0.216" /></testsuite></testsuites>