<?xml version="1.0" encoding="utf-8"?><testsuites name="pytest tests"><testsuite name="pytest" errors="0" failures="0" skipped="0" tests="6" time="6.706" timestamp="2026-04-04T21:42:37.263079+00:00" hostname="agent-env-80022ca7-d611-4cb1-b080-4135e2286024"><testcase classname="backend.tests.test_location_session_nav.TestPhotographerLocationSettings" name="test_get_pricing_includes_home_location_name" time="1.062" /><testcase classname="backend.tests.test_location_session_nav.TestPhotographerLocationSettings" name="test_update_home_location_name" time="1.312" /><testcase classname="backend.tests.test_location_session_nav.TestPhotographerLocationSettings" name="test_get_pricing_after_update" time="1.437" /><testcase classname="backend.tests.test_location_session_nav.TestPhotographerLocationSettings" name="test_clear_home_location_name" time="1.497" /><testcase classname="backend.tests.test_location_session_nav.TestSessionNavigation" name="test_bookings_endpoint_exists" time="1.034" /><testcase classname="backend.tests.test_location_session_nav.TestSessionNavigation" name="test_booking_details_endpoint" time="0.311" /></testsuite></testsuites>