<?xml version="1.0" encoding="utf-8"?><testsuites name="pytest tests"><testsuite name="pytest" errors="0" failures="0" skipped="0" tests="7" time="9.903" timestamp="2026-03-16T12:05:21.416970+00:00" hostname="agent-env-80022ca7-d611-4cb1-b080-4135e2286024"><testcase classname="backend.tests.test_gamification_gallery_iter55.TestGamificationAPI" name="test_gamification_user_stats_endpoint_exists" time="3.653" /><testcase classname="backend.tests.test_gamification_gallery_iter55.TestGamificationAPI" name="test_gamification_with_photographer_user" time="0.947" /><testcase classname="backend.tests.test_gamification_gallery_iter55.TestGamificationAPI" name="test_gamification_nonexistent_user" time="0.640" /><testcase classname="backend.tests.test_gamification_gallery_iter55.TestGalleryPricingAPI" name="test_gallery_pricing_endpoint_structure" time="1.565" /><testcase classname="backend.tests.test_gamification_gallery_iter55.TestGalleryPricingAPI" name="test_gallery_pricing_tiers" time="1.222" /><testcase classname="backend.tests.test_gamification_gallery_iter55.TestGalleryPricingAPI" name="test_gallery_pricing_without_viewer" time="1.223" /><testcase classname="backend.tests.test_gamification_gallery_iter55.TestProfileWithGamification" name="test_profile_loads" time="0.591" /></testsuite></testsuites>