<?xml version="1.0" encoding="utf-8"?><testsuites name="pytest tests"><testsuite name="pytest" errors="0" failures="0" skipped="0" tests="17" time="5.820" timestamp="2026-04-06T02:16:41.157188+00:00" hostname="agent-env-80022ca7-d611-4cb1-b080-4135e2286024"><testcase classname="tests.test_new_features_iter241.TestWatermarkSettings" name="test_get_watermark_settings" time="0.686" /><testcase classname="tests.test_new_features_iter241.TestWatermarkSettings" name="test_get_watermark_settings_not_found" time="0.194" /><testcase classname="tests.test_new_features_iter241.TestWatermarkSettings" name="test_update_watermark_settings" time="0.854" /><testcase classname="tests.test_new_features_iter241.TestWatermarkSettings" name="test_update_watermark_settings_invalid_style" time="0.220" /><testcase classname="tests.test_new_features_iter241.TestWatermarkSettings" name="test_update_watermark_settings_invalid_position" time="0.201" /><testcase classname="tests.test_new_features_iter241.TestWatermarkSettings" name="test_update_watermark_settings_invalid_opacity" time="0.203" /><testcase classname="tests.test_new_features_iter241.TestWatermarkPreview" name="test_generate_watermark_preview" time="0.225" /><testcase classname="tests.test_new_features_iter241.TestWatermarkPreview" name="test_generate_watermark_preview_with_logo_style" time="0.227" /><testcase classname="tests.test_new_features_iter241.TestSelectionQueue" name="test_get_selection_queue" time="0.240" /><testcase classname="tests.test_new_features_iter241.TestSelectionQueue" name="test_get_selection_queue_empty_for_nonexistent_user" time="0.198" /><testcase classname="tests.test_new_features_iter241.TestSelectionQueue" name="test_get_selection_quota_items_not_found" time="0.240" /><testcase classname="tests.test_new_features_iter241.TestSelectionQueue" name="test_select_photos_not_found" time="0.200" /><testcase classname="tests.test_new_features_iter241.TestAIMatchTrigger" name="test_trigger_ai_match_no_session" time="0.286" /><testcase classname="tests.test_new_features_iter241.TestAIMatchTrigger" name="test_trigger_ai_match_unauthorized_gallery" time="0.240" /><testcase classname="tests.test_new_features_iter241.TestAIMatchTrigger" name="test_trigger_ai_match_unauthorized_booking" time="0.570" /><testcase classname="tests.test_new_features_iter241.TestSurferGalleryEndpoints" name="test_get_surfer_gallery" time="0.523" /><testcase classname="tests.test_new_features_iter241.TestSurferGalleryEndpoints" name="test_get_claim_queue" time="0.429" /></testsuite></testsuites>