<?xml version="1.0" encoding="utf-8"?><testsuites name="pytest tests"><testsuite name="pytest" errors="0" failures="0" skipped="0" tests="15" time="7.520" timestamp="2026-03-15T01:07:08.986155+00:00" hostname="agent-env-80022ca7-d611-4cb1-b080-4135e2286024"><testcase classname="backend.tests.test_credits_gallery_pricing.TestCreditWalletAPIs" name="test_get_credit_balance" time="1.449" /><testcase classname="backend.tests.test_credits_gallery_pricing.TestCreditWalletAPIs" name="test_get_credit_balance_invalid_user" time="0.269" /><testcase classname="backend.tests.test_credits_gallery_pricing.TestCreditWalletAPIs" name="test_get_credit_history" time="0.355" /><testcase classname="backend.tests.test_credits_gallery_pricing.TestCreditWalletAPIs" name="test_get_credit_history_with_filter" time="0.427" /><testcase classname="backend.tests.test_credits_gallery_pricing.TestCreditWalletAPIs" name="test_get_credit_history_invalid_user" time="0.301" /><testcase classname="backend.tests.test_credits_gallery_pricing.TestCreditWalletAPIs" name="test_credit_summary" time="0.333" /><testcase classname="backend.tests.test_credits_gallery_pricing.TestGalleryPricingTiers" name="test_get_gallery_pricing" time="0.329" /><testcase classname="backend.tests.test_credits_gallery_pricing.TestGalleryPricingTiers" name="test_update_gallery_pricing" time="1.256" /><testcase classname="backend.tests.test_credits_gallery_pricing.TestGalleryPricingTiers" name="test_gallery_pricing_invalid_photographer" time="0.247" /><testcase classname="backend.tests.test_credits_gallery_pricing.TestLiveSessionParticipants" name="test_get_live_participants" time="0.436" /><testcase classname="backend.tests.test_credits_gallery_pricing.TestLiveSessionParticipants" name="test_live_participants_invalid_photographer" time="0.265" /><testcase classname="backend.tests.test_credits_gallery_pricing.TestGalleryItemPricing" name="test_gallery_item_pricing_not_found" time="0.341" /><testcase classname="backend.tests.test_credits_gallery_pricing.TestGalleryItemPricing" name="test_gallery_purchase_not_found" time="0.255" /><testcase classname="backend.tests.test_credits_gallery_pricing.TestCreditPurchaseInitiation" name="test_purchase_credits_initiation" time="0.921" /><testcase classname="backend.tests.test_credits_gallery_pricing.TestCreditPurchaseInitiation" name="test_purchase_credits_invalid_user" time="0.255" /></testsuite></testsuites>