<?xml version="1.0" encoding="utf-8"?><testsuites name="pytest tests"><testsuite name="pytest" errors="0" failures="0" skipped="0" tests="12" time="204.825" timestamp="2026-04-03T00:30:55.691839+00:00" hostname="agent-env-80022ca7-d611-4cb1-b080-4135e2286024"><testcase classname="backend.tests.test_iteration_155_authoritative_coordinates.TestAuthoritativeCoordinates" name="test_api_health" time="1.188" /><testcase classname="backend.tests.test_iteration_155_authoritative_coordinates.TestAuthoritativeCoordinates" name="test_surf_spots_endpoint" time="18.707" /><testcase classname="backend.tests.test_iteration_155_authoritative_coordinates.TestAuthoritativeCoordinates" name="test_pipeline_coordinates" time="18.636" /><testcase classname="backend.tests.test_iteration_155_authoritative_coordinates.TestAuthoritativeCoordinates" name="test_cocoa_beach_pier_coordinates" time="18.637" /><testcase classname="backend.tests.test_iteration_155_authoritative_coordinates.TestAuthoritativeCoordinates" name="test_snapper_rocks_coordinates" time="17.969" /><testcase classname="backend.tests.test_iteration_155_authoritative_coordinates.TestAuthoritativeCoordinates" name="test_clearwater_beach_coordinates" time="18.718" /><testcase classname="backend.tests.test_iteration_155_authoritative_coordinates.TestAuthoritativeCoordinates" name="test_sebastian_inlet_coordinates" time="18.531" /><testcase classname="backend.tests.test_iteration_155_authoritative_coordinates.TestAuthoritativeCoordinates" name="test_new_smyrna_beach_inlet_coordinates" time="18.870" /><testcase classname="backend.tests.test_iteration_155_authoritative_coordinates.TestAuthoritativeCoordinates" name="test_sunset_beach_hawaii_coordinates" time="18.727" /><testcase classname="backend.tests.test_iteration_155_authoritative_coordinates.TestAuthoritativeCoordinates" name="test_waimea_bay_coordinates" time="18.249" /><testcase classname="backend.tests.test_iteration_155_authoritative_coordinates.TestAuthoritativeCoordinates" name="test_burleigh_heads_coordinates" time="17.895" /><testcase classname="backend.tests.test_iteration_155_authoritative_coordinates.TestAuthoritativeCoordinates" name="test_all_key_spots_summary" time="18.631" /></testsuite></testsuites>