<?xml version="1.0" encoding="utf-8"?><testsuites name="pytest tests"><testsuite name="pytest" errors="0" failures="0" skipped="0" tests="7" time="3.646" timestamp="2026-04-03T04:48:09.332560+00:00" hostname="agent-env-80022ca7-d611-4cb1-b080-4135e2286024"><testcase classname="tests.test_iteration_172.TestWaveConditionsAPI" name="test_wave_conditions_returns_wave_height" time="1.108" /><testcase classname="tests.test_iteration_172.TestSpotSync" name="test_total_spots_count" time="0.482" /><testcase classname="tests.test_iteration_172.TestSpotSync" name="test_beach_91st_street_exists" time="0.309" /><testcase classname="tests.test_iteration_172.TestSpotSync" name="test_el_tunco_exists" time="0.307" /><testcase classname="tests.test_iteration_172.TestSpotSync" name="test_playa_bonita_exists" time="0.303" /><testcase classname="tests.test_iteration_172.TestSpotSync" name="test_rockaway_beach_coordinates_fixed" time="0.285" /><testcase classname="tests.test_iteration_172.TestHealthEndpoint" name="test_health_endpoint" time="0.788" /></testsuite></testsuites>