<?xml version="1.0" encoding="utf-8"?><testsuites name="pytest tests"><testsuite name="pytest" errors="0" failures="0" skipped="0" tests="15" time="8.910" timestamp="2026-04-04T02:22:45.141123+00:00" hostname="agent-env-80022ca7-d611-4cb1-b080-4135e2286024"><testcase classname="backend.tests.test_recent_locations_iter199.TestRecentLocationsEndpoint" name="test_get_recent_locations_success" time="0.704" /><testcase classname="backend.tests.test_recent_locations_iter199.TestRecentLocationsEndpoint" name="test_recent_locations_limit" time="0.311" /><testcase classname="backend.tests.test_recent_locations_iter199.TestRecentLocationsEndpoint" name="test_recent_locations_nonexistent_user" time="0.270" /><testcase classname="backend.tests.test_recent_locations_iter199.TestRecentLocationsEndpoint" name="test_recent_locations_has_coordinates" time="0.291" /><testcase classname="backend.tests.test_recent_locations_iter199.TestPostDeleteCascade" name="test_delete_post_unauthorized" time="0.578" /><testcase classname="backend.tests.test_recent_locations_iter199.TestPostDeleteCascade" name="test_delete_nonexistent_post" time="0.253" /><testcase classname="backend.tests.test_recent_locations_iter199.TestIWasThereCollaboration" name="test_collaboration_request_own_post_blocked" time="1.456" /><testcase classname="backend.tests.test_recent_locations_iter199.TestIWasThereCollaboration" name="test_collaboration_request_nonexistent_post" time="0.236" /><testcase classname="backend.tests.test_recent_locations_iter199.TestPostSettings" name="test_settings_unauthorized" time="0.314" /><testcase classname="backend.tests.test_recent_locations_iter199.TestPostSettings" name="test_settings_nonexistent_post" time="0.244" /><testcase classname="backend.tests.test_recent_locations_iter199.TestNOAAConditionsDisplay" name="test_post_with_noaa_data_exists" time="0.651" /><testcase classname="backend.tests.test_recent_locations_iter199.TestNOAAConditionsDisplay" name="test_feed_returns_session_metadata" time="0.680" /><testcase classname="backend.tests.test_recent_locations_iter199.TestSurfConditionsEndpoint" name="test_fetch_conditions_cocoa_beach" time="1.483" /><testcase classname="backend.tests.test_recent_locations_iter199.TestFeedEndpoint" name="test_feed_loads" time="0.692" /><testcase classname="backend.tests.test_recent_locations_iter199.TestFeedEndpoint" name="test_feed_includes_collaborators" time="0.672" /></testsuite></testsuites>