<?xml version="1.0" encoding="utf-8"?><testsuites name="pytest tests"><testsuite name="pytest" errors="0" failures="0" skipped="0" tests="11" time="5.325" timestamp="2026-03-31T03:25:14.312855+00:00" hostname="agent-env-80022ca7-d611-4cb1-b080-4135e2286024"><testcase classname="backend.tests.test_sprint_features_iter95.TestSurfSpotsNearby" name="test_nearby_spots_returns_spots_within_radius" time="0.400" /><testcase classname="backend.tests.test_sprint_features_iter95.TestSurfSpotsNearby" name="test_nearby_spots_respects_radius_parameter" time="0.826" /><testcase classname="backend.tests.test_sprint_features_iter95.TestPhotographerStatus" name="test_photographer_status_returns_is_shooting" time="0.245" /><testcase classname="backend.tests.test_sprint_features_iter95.TestPhotographerStatus" name="test_photographer_status_returns_current_spot_name" time="0.226" /><testcase classname="backend.tests.test_sprint_features_iter95.TestPhotographerStatus" name="test_photographer_status_returns_on_demand_available" time="0.235" /><testcase classname="backend.tests.test_sprint_features_iter95.TestPhotographerStatus" name="test_photographer_status_404_for_invalid_id" time="0.222" /><testcase classname="backend.tests.test_sprint_features_iter95.TestGoLiveWithSpotName" name="test_go_live_accepts_spot_name_parameter" time="1.854" /><testcase classname="backend.tests.test_sprint_features_iter95.TestCrewPaymentEndpoints" name="test_crew_status_endpoint_exists" time="0.243" /><testcase classname="backend.tests.test_sprint_features_iter95.TestCrewPaymentEndpoints" name="test_nudge_all_endpoint_exists" time="0.267" /><testcase classname="backend.tests.test_sprint_features_iter95.TestCrewPaymentEndpoints" name="test_update_splits_endpoint_exists" time="0.278" /><testcase classname="backend.tests.test_sprint_features_iter95.TestSpotSelectorAPIEndpoint" name="test_surf_spots_nearby_endpoint_format" time="0.470" /></testsuite></testsuites>