<?xml version="1.0" encoding="utf-8"?><testsuites name="pytest tests"><testsuite name="pytest" errors="0" failures="0" skipped="0" tests="12" time="5.173" timestamp="2026-04-03T04:22:10.285091+00:00" hostname="agent-env-80022ca7-d611-4cb1-b080-4135e2286024"><testcase classname="backend.tests.test_iteration_170_passport_checkin.TestPassportCheckInAPI" name="test_health_check" time="0.551" /><testcase classname="backend.tests.test_iteration_170_passport_checkin.TestPassportCheckInAPI" name="test_passport_checkin_within_500m" time="0.538" /><testcase classname="backend.tests.test_iteration_170_passport_checkin.TestPassportCheckInAPI" name="test_passport_checkin_too_far" time="0.274" /><testcase classname="backend.tests.test_iteration_170_passport_checkin.TestPassportCheckInAPI" name="test_passport_checkin_invalid_spot" time="0.275" /><testcase classname="backend.tests.test_iteration_170_passport_checkin.TestPassportCheckInAPI" name="test_passport_checkin_storm_chaser_badge" time="0.993" /><testcase classname="backend.tests.test_iteration_170_passport_checkin.TestPassportCheckInAPI" name="test_passport_stats_endpoint" time="0.358" /><testcase classname="backend.tests.test_iteration_170_passport_checkin.TestMapSpotsAPI" name="test_surf_spots_count" time="0.439" /><testcase classname="backend.tests.test_iteration_170_passport_checkin.TestMapSpotsAPI" name="test_surf_spot_structure" time="0.422" /><testcase classname="backend.tests.test_iteration_170_passport_checkin.TestMapSpotsAPI" name="test_sample_spot_exists" time="0.345" /><testcase classname="backend.tests.test_iteration_170_passport_checkin.TestLegacyCheckInAPI" name="test_legacy_checkin_endpoint" time="0.254" /><testcase classname="backend.tests.test_iteration_170_passport_checkin.TestUserAuthentication" name="test_user_login" time="0.462" /><testcase classname="backend.tests.test_iteration_170_passport_checkin.TestUserAuthentication" name="test_user_profile_exists" time="0.201" /></testsuite></testsuites>