<?xml version="1.0" encoding="utf-8"?><testsuites name="pytest tests"><testsuite name="pytest" errors="0" failures="0" skipped="0" tests="13" time="11.068" timestamp="2026-03-15T02:26:54.025301+00:00" hostname="agent-env-80022ca7-d611-4cb1-b080-4135e2286024"><testcase classname="backend.tests.test_photo_tagging_session_pricing.TestPhotoTagCreation" name="test_confirm_tags_creates_photo_tag_record" time="2.470" /><testcase classname="backend.tests.test_photo_tagging_session_pricing.TestGetMyTaggedPhotos" name="test_my_tagged_photos_returns_is_new_field" time="0.494" /><testcase classname="backend.tests.test_photo_tagging_session_pricing.TestGetMyTaggedPhotos" name="test_tagged_photos_have_correct_access_status" time="0.387" /><testcase classname="backend.tests.test_photo_tagging_session_pricing.TestProfileTaggedEndpoint" name="test_profile_tagged_returns_is_new_field" time="0.459" /><testcase classname="backend.tests.test_photo_tagging_session_pricing.TestProfileTaggedEndpoint" name="test_profile_tagged_new_count_accurate" time="0.435" /><testcase classname="backend.tests.test_photo_tagging_session_pricing.TestMarkPhotoViewed" name="test_mark_photo_viewed_clears_new_badge" time="1.916" /><testcase classname="backend.tests.test_photo_tagging_session_pricing.TestMarkPhotoViewed" name="test_mark_photo_viewed_idempotent" time="0.900" /><testcase classname="backend.tests.test_photo_tagging_session_pricing.TestMarkPhotoViewed" name="test_mark_photo_viewed_invalid_tag" time="0.251" /><testcase classname="backend.tests.test_photo_tagging_session_pricing.TestNotificationDiffersBasedOnAccess" name="test_notifications_have_access_info" time="0.288" /><testcase classname="backend.tests.test_photo_tagging_session_pricing.TestAnalyticsEventCreation" name="test_confirm_tags_creates_analytics_event" time="1.184" /><testcase classname="backend.tests.test_photo_tagging_session_pricing.TestAnalyticsEventCreation" name="test_mark_viewed_creates_analytics_event" time="0.792" /><testcase classname="backend.tests.test_photo_tagging_session_pricing.TestSessionParticipantPricingLogic" name="test_confirm_tags_response_contains_participant_info" time="0.921" /><testcase classname="backend.tests.test_photo_tagging_session_pricing.TestTaggedPhotosSessionPriceField" name="test_my_tagged_photos_has_session_price" time="0.494" /></testsuite></testsuites>