<?xml version="1.0" encoding="utf-8"?><testsuites name="pytest tests"><testsuite name="pytest" errors="0" failures="0" skipped="0" tests="7" time="3.018" timestamp="2026-03-31T03:13:52.542421+00:00" hostname="agent-env-80022ca7-d611-4cb1-b080-4135e2286024"><testcase classname="backend.tests.test_sprint_features_iter94.TestOnDemandToggleWithSpot" name="test_on_demand_toggle_with_spot_params" time="0.503" /><testcase classname="backend.tests.test_sprint_features_iter94.TestOnDemandToggleWithSpot" name="test_on_demand_toggle_disable" time="0.516" /><testcase classname="backend.tests.test_sprint_features_iter94.TestOnDemandStatusReturnsSpot" name="test_on_demand_status_returns_spot_info" time="0.686" /><testcase classname="backend.tests.test_sprint_features_iter94.TestOnDemandStatusReturnsSpot" name="test_on_demand_status_when_disabled" time="0.536" /><testcase classname="backend.tests.test_sprint_features_iter94.TestDispatchCurrentDayEnforcement" name="test_dispatch_immediate_future_date_rejected" time="0.224" /><testcase classname="backend.tests.test_sprint_features_iter94.TestDispatchCurrentDayEnforcement" name="test_dispatch_scheduled_requires_24h_lead" time="0.274" /><testcase classname="backend.tests.test_sprint_features_iter94.TestOnDemandToggleCleanup" name="test_cleanup_disable_on_demand" time="0.218" /></testsuite></testsuites>