<?xml version="1.0" encoding="utf-8"?><testsuites name="pytest tests"><testsuite name="pytest" errors="0" failures="0" skipped="0" tests="8" time="8.359" timestamp="2026-03-17T03:03:09.552234+00:00" hostname="agent-env-80022ca7-d611-4cb1-b080-4135e2286024"><testcase classname="backend.tests.test_competition_verification_iter64.TestCompetitionVerification" name="test_get_pending_verifications_returns_results" time="1.819" /><testcase classname="backend.tests.test_competition_verification_iter64.TestCompetitionVerification" name="test_verify_competition_result_approves_and_awards_xp" time="1.978" /><testcase classname="backend.tests.test_competition_verification_iter64.TestCompetitionVerification" name="test_reject_competition_result" time="1.287" /><testcase classname="backend.tests.test_competition_verification_iter64.TestCompetitionVerification" name="test_verify_requires_admin" time="0.805" /><testcase classname="backend.tests.test_competition_verification_iter64.TestCompetitionVerification" name="test_verify_nonexistent_result" time="0.569" /><testcase classname="backend.tests.test_competition_verification_iter64.TestCareerStats" name="test_career_stats_returns_competition_data" time="0.681" /><testcase classname="backend.tests.test_competition_verification_iter64.TestStokedDashboardAPI" name="test_gamification_endpoint_for_xp" time="0.397" /><testcase classname="backend.tests.test_competition_verification_iter64.TestStokedDashboardAPI" name="test_stoke_sponsor_income_endpoint" time="0.759" /></testsuite></testsuites>