<?xml version="1.0" encoding="utf-8"?><testsuites name="pytest tests"><testsuite name="pytest" errors="0" failures="0" skipped="1" tests="12" time="6.905" timestamp="2026-04-01T04:55:23.598638+00:00" hostname="agent-env-80022ca7-d611-4cb1-b080-4135e2286024"><testcase classname="backend.tests.test_grom_zone_messaging_iter110.TestGromZoneMessaging" name="test_grom_login_and_profile" time="1.564" /><testcase classname="backend.tests.test_grom_zone_messaging_iter110.TestGromZoneMessaging" name="test_grom_zone_available_groms_endpoint" time="0.401" /><testcase classname="backend.tests.test_grom_zone_messaging_iter110.TestGromZoneMessaging" name="test_grom_zone_conversations_filter" time="0.483" /><testcase classname="backend.tests.test_grom_zone_messaging_iter110.TestGromZoneMessaging" name="test_grom_unread_counts_includes_grom_zone" time="0.386" /><testcase classname="backend.tests.test_grom_zone_messaging_iter110.TestGromZoneMessaging" name="test_grom_to_grom_messaging_allowed" time="1.432" /><testcase classname="backend.tests.test_grom_zone_messaging_iter110.TestGromZoneMessaging" name="test_grom_cannot_message_non_grom" time="0.404" /><testcase classname="backend.tests.test_grom_zone_messaging_iter110.TestGromZoneMessaging" name="test_non_grom_cannot_access_grom_zone_available_groms" time="0.202" /><testcase classname="backend.tests.test_grom_zone_messaging_iter110.TestGromZoneMessaging" name="test_non_grom_cannot_message_grom" time="0.260" /><testcase classname="backend.tests.test_grom_zone_messaging_iter110.TestGromZoneMessaging" name="test_unlinked_grom_cannot_use_grom_zone" time="0.248" /><testcase classname="backend.tests.test_grom_zone_messaging_iter110.TestGromZoneParentalControls" name="test_parent_can_toggle_grom_channel_permission" time="0.220"><skipped type="pytest.skip" message="Parent does not have access to this Grom">/app/backend/tests/test_grom_zone_messaging_iter110.py:267: Parent does not have access to this Grom</skipped></testcase><testcase classname="backend.tests.test_grom_zone_messaging_iter110.TestGromZoneConversationFiltering" name="test_grom_primary_inbox_only_shows_grom_conversations" time="0.407" /><testcase classname="backend.tests.test_grom_zone_messaging_iter110.TestGromZoneConversationFiltering" name="test_grom_zone_filter_vs_primary" time="0.833" /></testsuite></testsuites>