<?xml version="1.0" encoding="utf-8"?><testsuites name="pytest tests"><testsuite name="pytest" errors="0" failures="0" skipped="0" tests="22" time="16.156" timestamp="2026-04-03T16:37:37.452503+00:00" hostname="agent-env-80022ca7-d611-4cb1-b080-4135e2286024"><testcase classname="backend.tests.test_notes_api.TestNotesAPI" name="test_create_note_success" time="1.194" /><testcase classname="backend.tests.test_notes_api.TestNotesAPI" name="test_create_note_max_length" time="0.796" /><testcase classname="backend.tests.test_notes_api.TestNotesAPI" name="test_create_note_exceeds_max_length" time="0.537" /><testcase classname="backend.tests.test_notes_api.TestNotesAPI" name="test_create_note_empty_content" time="0.573" /><testcase classname="backend.tests.test_notes_api.TestNotesAPI" name="test_create_note_replaces_existing" time="1.487" /><testcase classname="backend.tests.test_notes_api.TestNotesAPI" name="test_get_my_note" time="1.084" /><testcase classname="backend.tests.test_notes_api.TestNotesAPI" name="test_get_my_note_when_none_exists" time="0.857" /><testcase classname="backend.tests.test_notes_api.TestNotesAPI" name="test_get_notes_feed" time="1.066" /><testcase classname="backend.tests.test_notes_api.TestNotesAPI" name="test_delete_note" time="1.537" /><testcase classname="backend.tests.test_notes_api.TestNotesAPI" name="test_delete_note_when_none_exists" time="0.869" /><testcase classname="backend.tests.test_notes_api.TestNotesAPI" name="test_note_has_24hr_expiration" time="0.821" /><testcase classname="backend.tests.test_notes_api.TestNotesAPI" name="test_create_note_with_emoji" time="0.788" /><testcase classname="backend.tests.test_notes_api.TestNotesAPI" name="test_create_note_invalid_user" time="0.633" /><testcase classname="backend.tests.test_notes_api.TestNotesReply" name="test_cannot_reply_to_own_note" time="1.046" /><testcase classname="backend.tests.test_notes_api.TestNotesReply" name="test_reply_requires_text_or_emoji" time="0.838" /><testcase classname="backend.tests.test_notes_api.TestSpotCount" name="test_total_spot_count" time="0.533" /><testcase classname="backend.tests.test_notes_api.TestSpotCount" name="test_tahiti_spots_exist" time="0.366" /><testcase classname="backend.tests.test_notes_api.TestSpotCount" name="test_maldives_spots_exist" time="0.301" /><testcase classname="backend.tests.test_notes_api.TestSpotCount" name="test_morocco_spots_exist" time="0.443" /><testcase classname="backend.tests.test_notes_api.TestSpotCount" name="test_south_africa_spots_exist" time="0.319" /><testcase classname="backend.tests.test_notes_api.TestCrewChatQuickActions" name="test_quick_actions_categories_exist" time="0.000" /><testcase classname="backend.tests.test_notes_api.TestCrewChatQuickActions" name="test_quick_actions_count" time="0.000" /></testsuite></testsuites>