<?xml version="1.0" encoding="utf-8"?><testsuites name="pytest tests"><testsuite name="pytest" errors="0" failures="0" skipped="3" tests="6" time="3.133" timestamp="2026-03-19T03:31:38.563909+00:00" hostname="agent-env-80022ca7-d611-4cb1-b080-4135e2286024"><testcase classname="backend.tests.test_session_join_selfie_fix.TestDatabaseColumnTypes" name="test_posts_media_url_is_text" time="0.000" /><testcase classname="backend.tests.test_session_join_selfie_fix.TestDatabaseColumnTypes" name="test_posts_thumbnail_url_is_text" time="0.000" /><testcase classname="backend.tests.test_session_join_selfie_fix.TestJoinSessionWithSelfie" name="test_join_session_endpoint_accepts_selfie_url" time="0.817"><skipped type="pytest.skip" message="No surfer ID found in login response">/app/backend/tests/test_session_join_selfie_fix.py:106: No surfer ID found in login response</skipped></testcase><testcase classname="backend.tests.test_session_join_selfie_fix.TestParticipantRecordCreation" name="test_participant_selfie_url_stored" time="0.484"><skipped type="pytest.skip" message="No photographer ID found">/app/backend/tests/test_session_join_selfie_fix.py:188: No photographer ID found</skipped></testcase><testcase classname="backend.tests.test_session_join_selfie_fix.TestCheckInPostCreation" name="test_check_in_posts_exist" time="0.142"><skipped type="pytest.skip" message="Cannot get feed: 404">/app/backend/tests/test_session_join_selfie_fix.py:220: Cannot get feed: 404</skipped></testcase><testcase classname="backend.tests.test_session_join_selfie_fix.TestEndToEndSessionJoin" name="test_full_join_flow_with_large_base64_selfie" time="1.629" /></testsuite></testsuites>