<?xml version="1.0" encoding="utf-8"?><testsuites name="pytest tests"><testsuite name="pytest" errors="0" failures="0" skipped="0" tests="12" time="167.634" timestamp="2026-04-02T23:00:52.918365+00:00" hostname="agent-env-80022ca7-d611-4cb1-b080-4135e2286024"><testcase classname="tests.test_iteration_152_spots.TestIteration152SpotExpansion" name="test_total_spot_count_389" time="14.110" /><testcase classname="tests.test_iteration_152_spots.TestIteration152SpotExpansion" name="test_jetty_park_coordinates" time="13.707" /><testcase classname="tests.test_iteration_152_spots.TestIteration152SpotExpansion" name="test_cocoa_beach_pier_coordinates" time="14.012" /><testcase classname="tests.test_iteration_152_spots.TestIteration152SpotExpansion" name="test_sebastian_inlet_coordinates" time="13.796" /><testcase classname="tests.test_iteration_152_spots.TestIteration152SpotExpansion" name="test_space_coast_offshore_coordinates" time="14.186" /><testcase classname="tests.test_iteration_152_spots.TestIteration152SpotExpansion" name="test_brazil_spot_count" time="13.801" /><testcase classname="tests.test_iteration_152_spots.TestIteration152SpotExpansion" name="test_peru_spot_count" time="13.896" /><testcase classname="tests.test_iteration_152_spots.TestIteration152SpotExpansion" name="test_chile_spot_count" time="13.977" /><testcase classname="tests.test_iteration_152_spots.TestIteration152SpotExpansion" name="test_punta_de_lobos_exists" time="14.497" /><testcase classname="tests.test_iteration_152_spots.TestIteration152SpotExpansion" name="test_chicama_exists" time="13.811" /><testcase classname="tests.test_iteration_152_spots.TestIteration152SpotExpansion" name="test_south_america_total_count" time="13.969" /><testcase classname="tests.test_iteration_152_spots.TestIteration152SpotExpansion" name="test_picnic_tables_recalibrated" time="13.815" /></testsuite></testsuites>