<?xml version="1.0" encoding="utf-8"?><testsuites name="pytest tests"><testsuite name="pytest" errors="0" failures="0" skipped="0" tests="18" time="212.868" timestamp="2026-04-02T23:17:19.039204+00:00" hostname="agent-env-80022ca7-d611-4cb1-b080-4135e2286024"><testcase classname="tests.test_iteration_153_precision_coordinates.TestPrecisionCoordinateFix" name="test_total_spot_count_389" time="13.840" /><testcase classname="tests.test_iteration_153_precision_coordinates.TestPrecisionCoordinateFix" name="test_pipeline_hawaii_coordinates" time="13.694" /><testcase classname="tests.test_iteration_153_precision_coordinates.TestPrecisionCoordinateFix" name="test_uluwatu_bali_coordinates" time="13.722" /><testcase classname="tests.test_iteration_153_precision_coordinates.TestPrecisionCoordinateFix" name="test_bells_beach_australia_coordinates" time="13.586" /><testcase classname="tests.test_iteration_153_precision_coordinates.TestPrecisionCoordinateFix" name="test_snapper_rocks_gold_coast_coordinates" time="13.873" /><testcase classname="tests.test_iteration_153_precision_coordinates.TestPrecisionCoordinateFix" name="test_all_australian_spots_positive_longitude" time="2.279" /><testcase classname="tests.test_iteration_153_precision_coordinates.TestPrecisionCoordinateFix" name="test_hossegor_la_graviere_france_coordinates" time="13.593" /><testcase classname="tests.test_iteration_153_precision_coordinates.TestPrecisionCoordinateFix" name="test_nazare_portugal_coordinates" time="13.814" /><testcase classname="tests.test_iteration_153_precision_coordinates.TestPrecisionCoordinateFix" name="test_sebastian_inlet_florida_coordinates" time="13.552" /><testcase classname="tests.test_iteration_153_precision_coordinates.TestPrecisionCoordinateFix" name="test_cocoa_beach_pier_florida_coordinates" time="13.788" /><testcase classname="tests.test_iteration_153_precision_coordinates.TestPrecisionCoordinateFix" name="test_jetty_park_florida_coordinates" time="14.053" /><testcase classname="tests.test_iteration_153_precision_coordinates.TestPrecisionCoordinateFix" name="test_chicama_peru_coordinates" time="13.887" /><testcase classname="tests.test_iteration_153_precision_coordinates.TestPrecisionCoordinateFix" name="test_punta_de_lobos_chile_coordinates" time="13.859" /><testcase classname="tests.test_iteration_153_precision_coordinates.TestPrecisionCoordinateFix" name="test_spot_count_at_least_389" time="13.684" /><testcase classname="tests.test_iteration_153_precision_coordinates.TestPrecisionCoordinateFix" name="test_florida_spots_offshore_longitude" time="14.187" /><testcase classname="tests.test_iteration_153_precision_coordinates.TestPrecisionCoordinateFix" name="test_hawaii_spots_negative_longitude" time="13.901" /><testcase classname="tests.test_iteration_153_precision_coordinates.TestRegionalCoordinateValidation" name="test_indonesia_positive_longitude" time="0.981" /><testcase classname="tests.test_iteration_153_precision_coordinates.TestRegionalCoordinateValidation" name="test_western_europe_negative_longitude" time="2.483" /></testsuite></testsuites>