<?xml version="1.0" encoding="utf-8"?><testsuites name="pytest tests"><testsuite name="pytest" errors="0" failures="0" skipped="0" tests="33" time="9.391" timestamp="2026-04-01T20:54:27.480468+00:00" hostname="agent-env-80022ca7-d611-4cb1-b080-4135e2286024"><testcase classname="backend.tests.test_role_audit_iter121.TestPhotographerTier" name="test_photographer_profile_exists" time="1.307" /><testcase classname="backend.tests.test_role_audit_iter121.TestPhotographerTier" name="test_photographer_can_access_gallery" time="0.293" /><testcase classname="backend.tests.test_role_audit_iter121.TestPhotographerTier" name="test_photographer_can_access_bookings" time="0.120" /><testcase classname="backend.tests.test_role_audit_iter121.TestPhotographerTier" name="test_photographer_can_access_sessions" time="0.119" /><testcase classname="backend.tests.test_role_audit_iter121.TestPhotographerTier" name="test_photographer_can_access_earnings" time="0.127" /><testcase classname="backend.tests.test_role_audit_iter121.TestPhotographerTier" name="test_photographer_can_set_gallery_pricing" time="0.230" /><testcase classname="backend.tests.test_role_audit_iter121.TestPhotographerTier" name="test_photographer_on_demand_settings" time="0.114" /><testcase classname="backend.tests.test_role_audit_iter121.TestProSurferTier" name="test_pro_surfer_profile_exists" time="0.206" /><testcase classname="backend.tests.test_role_audit_iter121.TestProSurferTier" name="test_pro_surfer_has_elite_tier" time="0.213" /><testcase classname="backend.tests.test_role_audit_iter121.TestProSurferTier" name="test_pro_surfer_career_stats" time="0.415" /><testcase classname="backend.tests.test_role_audit_iter121.TestProSurferTier" name="test_pro_surfer_sponsorships" time="0.256" /><testcase classname="backend.tests.test_role_audit_iter121.TestProSurferTier" name="test_pro_surfer_stoke_income" time="0.418" /><testcase classname="backend.tests.test_role_audit_iter121.TestStandardSurferTier" name="test_standard_surfer_profile_exists" time="0.200" /><testcase classname="backend.tests.test_role_audit_iter121.TestStandardSurferTier" name="test_standard_surfer_not_blocked_by_parent_link" time="0.212" /><testcase classname="backend.tests.test_role_audit_iter121.TestStandardSurferTier" name="test_standard_surfer_cannot_access_photographer_earnings" time="0.111" /><testcase classname="backend.tests.test_role_audit_iter121.TestStandardSurferTier" name="test_standard_surfer_can_access_bookings" time="0.103" /><testcase classname="backend.tests.test_role_audit_iter121.TestStandardSurferTier" name="test_standard_surfer_can_access_wallet" time="0.217" /><testcase classname="backend.tests.test_role_audit_iter121.TestGoldPassLogic" name="test_gold_pass_available_slots_endpoint" time="0.285" /><testcase classname="backend.tests.test_role_audit_iter121.TestGoldPassLogic" name="test_gold_pass_elite_vs_non_elite" time="0.490" /><testcase classname="backend.tests.test_role_audit_iter121.TestGoldPassLogic" name="test_gold_pass_24h_window" time="0.258" /><testcase classname="backend.tests.test_role_audit_iter121.TestCrossRoleInteractions" name="test_photographer_can_view_surfer_profile" time="0.254" /><testcase classname="backend.tests.test_role_audit_iter121.TestCrossRoleInteractions" name="test_surfer_can_view_photographer_profile" time="0.216" /><testcase classname="backend.tests.test_role_audit_iter121.TestCrossRoleInteractions" name="test_stoke_sponsor_eligible_surfers" time="0.315" /><testcase classname="backend.tests.test_role_audit_iter121.TestCrossRoleInteractions" name="test_stoke_sponsor_leaderboard" time="0.336" /><testcase classname="backend.tests.test_role_audit_iter121.TestProZoneRestrictions" name="test_pro_zone_check_endpoint" time="0.252" /><testcase classname="backend.tests.test_role_audit_iter121.TestProZoneRestrictions" name="test_go_live_triggers_pro_zone" time="0.330" /><testcase classname="backend.tests.test_role_audit_iter121.TestGromParentPermissions" name="test_grom_parent_login" time="0.479" /><testcase classname="backend.tests.test_role_audit_iter121.TestGromParentPermissions" name="test_grom_parent_can_tag_grom" time="0.637" /><testcase classname="backend.tests.test_role_audit_iter121.TestGromParentPermissions" name="test_non_parent_cannot_tag_grom" time="0.206" /><testcase classname="backend.tests.test_role_audit_iter121.TestLiveBroadcastRings" name="test_active_streams_endpoint" time="0.240" /><testcase classname="backend.tests.test_role_audit_iter121.TestLiveBroadcastRings" name="test_mux_status" time="0.121" /><testcase classname="backend.tests.test_role_audit_iter121.TestOnDemandFeatures" name="test_on_demand_requests_endpoint" time="0.119" /><testcase classname="backend.tests.test_role_audit_iter121.TestOnDemandFeatures" name="test_on_demand_availability" time="0.102" /></testsuite></testsuites>