<?xml version="1.0" encoding="utf-8"?><testsuites name="pytest tests"><testsuite name="pytest" errors="0" failures="0" skipped="0" tests="15" time="5.914" timestamp="2026-04-02T01:58:56.808908+00:00" hostname="agent-env-80022ca7-d611-4cb1-b080-4135e2286024"><testcase classname="backend.tests.test_crew_chat_scheduler_iter131.TestSchedulerPaymentExpiry" name="test_scheduler_jobs_registered" time="1.227" /><testcase classname="backend.tests.test_crew_chat_scheduler_iter131.TestSchedulerPaymentExpiry" name="test_booking_has_payment_window_fields" time="0.473" /><testcase classname="backend.tests.test_crew_chat_scheduler_iter131.TestSchedulerPaymentExpiry" name="test_booking_status_includes_payment_fields" time="0.383" /><testcase classname="backend.tests.test_crew_chat_scheduler_iter131.TestCrewChatInfo" name="test_get_chat_info_success" time="0.411" /><testcase classname="backend.tests.test_crew_chat_scheduler_iter131.TestCrewChatInfo" name="test_get_chat_info_requires_user_id" time="0.096" /><testcase classname="backend.tests.test_crew_chat_scheduler_iter131.TestCrewChatInfo" name="test_get_chat_info_invalid_booking" time="0.205" /><testcase classname="backend.tests.test_crew_chat_scheduler_iter131.TestCrewChatMessages" name="test_get_messages_success" time="0.380" /><testcase classname="backend.tests.test_crew_chat_scheduler_iter131.TestCrewChatMessages" name="test_get_messages_with_limit" time="0.894" /><testcase classname="backend.tests.test_crew_chat_scheduler_iter131.TestCrewChatMessages" name="test_get_messages_requires_user_id" time="0.122" /><testcase classname="backend.tests.test_crew_chat_scheduler_iter131.TestCrewChatSend" name="test_send_message_endpoint_exists" time="0.445" /><testcase classname="backend.tests.test_crew_chat_scheduler_iter131.TestCrewChatSend" name="test_send_message_requires_content" time="0.115" /><testcase classname="backend.tests.test_crew_chat_scheduler_iter131.TestCrewChatSend" name="test_send_message_empty_content_rejected" time="0.275" /><testcase classname="backend.tests.test_crew_chat_scheduler_iter131.TestCrewChatSend" name="test_send_message_requires_user_id" time="0.132" /><testcase classname="backend.tests.test_crew_chat_scheduler_iter131.TestCrewChatMarkRead" name="test_mark_read_endpoint_exists" time="0.356" /><testcase classname="backend.tests.test_crew_chat_scheduler_iter131.TestCrewHubChatButton" name="test_crew_hub_status_endpoint" time="0.331" /></testsuite></testsuites>