<?xml version="1.0" encoding="utf-8"?><testsuites name="pytest tests"><testsuite name="pytest" errors="0" failures="1" skipped="0" tests="16" time="133.653" timestamp="2026-04-02T22:36:43.490294+00:00" hostname="agent-env-80022ca7-d611-4cb1-b080-4135e2286024"><testcase classname="backend.tests.test_iteration_151_forecast_search.TestForecastEndpoint" name="test_forecast_endpoint_returns_200" time="11.812" /><testcase classname="backend.tests.test_iteration_151_forecast_search.TestForecastEndpoint" name="test_forecast_returns_7_days" time="0.741" /><testcase classname="backend.tests.test_iteration_151_forecast_search.TestForecastEndpoint" name="test_forecast_contains_required_fields" time="0.801" /><testcase classname="backend.tests.test_iteration_151_forecast_search.TestForecastEndpoint" name="test_forecast_wave_heights_are_numeric" time="0.808" /><testcase classname="backend.tests.test_iteration_151_forecast_search.TestForecastEndpoint" name="test_forecast_labels_are_valid" time="0.831" /><testcase classname="backend.tests.test_iteration_151_forecast_search.TestForecastEndpoint" name="test_forecast_includes_source_and_timestamp" time="0.817" /><testcase classname="backend.tests.test_iteration_151_forecast_search.TestForecastEndpoint" name="test_forecast_invalid_spot_returns_404" time="0.223" /><testcase classname="backend.tests.test_iteration_151_forecast_search.TestCurrentConditionsEndpoint" name="test_conditions_endpoint_returns_200" time="11.676" /><testcase classname="backend.tests.test_iteration_151_forecast_search.TestCurrentConditionsEndpoint" name="test_conditions_contains_current_data" time="0.736" /><testcase classname="backend.tests.test_iteration_151_forecast_search.TestCurrentConditionsEndpoint" name="test_conditions_contains_swell_data" time="0.766" /><testcase classname="backend.tests.test_iteration_151_forecast_search.TestCurrentConditionsEndpoint" name="test_conditions_includes_hourly_forecast" time="0.759" /><testcase classname="backend.tests.test_iteration_151_forecast_search.TestCurrentConditionsEndpoint" name="test_conditions_invalid_spot_returns_404" time="0.240" /><testcase classname="backend.tests.test_iteration_151_forecast_search.TestSurfSpotsEndpoint" name="test_surf_spots_returns_spots" time="10.735" /><testcase classname="backend.tests.test_iteration_151_forecast_search.TestSurfSpotsEndpoint" name="test_surf_spots_contain_search_fields" time="10.916" /><testcase classname="backend.tests.test_iteration_151_forecast_search.TestSurfSpotsEndpoint" name="test_surf_spots_total_count" time="10.701" /><testcase classname="backend.tests.test_iteration_151_forecast_search.TestBatchConditionsEndpoint" name="test_batch_conditions_returns_200" time="70.989"><failure message="assert 502 == 200&#10; +  where 502 = &lt;Response [502]&gt;.status_code">backend/tests/test_iteration_151_forecast_search.py:231: in test_batch_conditions_returns_200
    assert response.status_code == 200
E   assert 502 == 200
E    +  where 502 = &lt;Response [502]&gt;.status_code</failure></testcase></testsuite></testsuites>