<?xml version="1.0" encoding="utf-8"?><testsuites name="pytest tests"><testsuite name="pytest" errors="0" failures="0" skipped="0" tests="15" time="23.568" timestamp="2026-03-14T21:05:27.475487+00:00" hostname="agent-env-80022ca7-d611-4cb1-b080-4135e2286024"><testcase classname="backend.tests.test_password_reset_admin.TestForgotPassword" name="test_forgot_password_returns_success_and_dev_token" time="2.370" /><testcase classname="backend.tests.test_password_reset_admin.TestForgotPassword" name="test_forgot_password_prevents_email_enumeration" time="0.888" /><testcase classname="backend.tests.test_password_reset_admin.TestForgotPassword" name="test_forgot_password_invalidates_previous_tokens" time="2.064" /><testcase classname="backend.tests.test_password_reset_admin.TestVerifyResetToken" name="test_verify_token_validates_valid_token" time="1.261" /><testcase classname="backend.tests.test_password_reset_admin.TestVerifyResetToken" name="test_verify_token_returns_error_for_invalid_token" time="1.197" /><testcase classname="backend.tests.test_password_reset_admin.TestVerifyResetToken" name="test_verify_token_returns_error_for_used_token" time="1.856" /><testcase classname="backend.tests.test_password_reset_admin.TestResetPassword" name="test_reset_password_with_valid_token" time="1.587" /><testcase classname="backend.tests.test_password_reset_admin.TestResetPassword" name="test_reset_password_marks_token_as_used" time="1.803" /><testcase classname="backend.tests.test_password_reset_admin.TestResetPassword" name="test_reset_password_prevents_token_reuse" time="1.797" /><testcase classname="backend.tests.test_password_reset_admin.TestResetPassword" name="test_login_with_new_password_after_reset" time="2.583" /><testcase classname="backend.tests.test_password_reset_admin.TestResetPassword" name="test_reset_password_validates_password_length" time="1.225" /><testcase classname="backend.tests.test_password_reset_admin.TestAdminBootstrap" name="test_admin_bootstrap_fails_if_admin_exists" time="1.054" /><testcase classname="backend.tests.test_password_reset_admin.TestAdminBootstrap" name="test_admin_bootstrap_requires_existing_user" time="0.243" /><testcase classname="backend.tests.test_password_reset_admin.TestLoginIsAdminField" name="test_login_response_includes_is_admin_field" time="1.166" /><testcase classname="backend.tests.test_password_reset_admin.TestCompletePasswordResetFlow" name="test_full_password_reset_flow" time="2.390" /></testsuite></testsuites>