<?xml version="1.0" encoding="utf-8"?><testsuites name="pytest tests"><testsuite name="pytest" errors="0" failures="0" skipped="0" tests="15" time="4.965" timestamp="2026-04-10T04:27:01.028858+00:00" hostname="agent-env-80022ca7-d611-4cb1-b080-4135e2286024"><testcase classname="backend.tests.test_jump_in_session_flow.TestJumpInSessionFlow" name="test_photographer_is_shooting" time="0.248" /><testcase classname="backend.tests.test_jump_in_session_flow.TestJumpInSessionFlow" name="test_surfer_profile_exists" time="0.228" /><testcase classname="backend.tests.test_jump_in_session_flow.TestJumpInSessionFlow" name="test_join_session_endpoint_exists" time="0.123" /><testcase classname="backend.tests.test_jump_in_session_flow.TestJumpInSessionFlow" name="test_join_session_photographer_not_shooting" time="0.269" /><testcase classname="backend.tests.test_jump_in_session_flow.TestJumpInSessionFlow" name="test_join_session_insufficient_credits" time="0.875" /><testcase classname="backend.tests.test_jump_in_session_flow.TestJumpInSessionFlow" name="test_join_session_card_payment_returns_checkout_url" time="0.924" /><testcase classname="backend.tests.test_jump_in_session_flow.TestJumpInSessionFlow" name="test_complete_payment_endpoint_exists" time="0.242" /><testcase classname="backend.tests.test_jump_in_session_flow.TestJumpInSessionFlow" name="test_get_user_live_sessions" time="0.255" /><testcase classname="backend.tests.test_jump_in_session_flow.TestJumpInSessionFlow" name="test_leave_session_endpoint_exists" time="0.206" /><testcase classname="backend.tests.test_jump_in_session_flow.TestJumpInSessionFlow" name="test_leave_session_refund_logic_endpoint" time="0.254" /><testcase classname="backend.tests.test_jump_in_session_flow.TestJumpInSessionFlow" name="test_get_active_session_for_photographer" time="0.273" /><testcase classname="backend.tests.test_jump_in_session_flow.TestJumpInSessionFlow" name="test_session_pricing_endpoint" time="0.316" /><testcase classname="backend.tests.test_jump_in_session_flow.TestLiveSessionsTabDisplay" name="test_username_display_in_sessions" time="0.235" /><testcase classname="backend.tests.test_jump_in_session_flow.TestLiveSessionsTabDisplay" name="test_photographer_username_exists" time="0.200" /><testcase classname="backend.tests.test_jump_in_session_flow.TestAlreadyInSessionCheck" name="test_already_in_session_check" time="0.248" /></testsuite></testsuites>