<?xml version="1.0" encoding="utf-8"?><testsuites name="pytest tests"><testsuite name="pytest" errors="0" failures="0" skipped="0" tests="72" time="86.175" timestamp="2026-04-03T02:46:03.351479+00:00" hostname="agent-env-80022ca7-d611-4cb1-b080-4135e2286024"><testcase classname="backend.tests.test_iteration_164_global_mega_expansion.TestAPIHealth" name="test_api_health" time="0.860" /><testcase classname="backend.tests.test_iteration_164_global_mega_expansion.TestAPIHealth" name="test_surf_spots_endpoint_accessible" time="0.690" /><testcase classname="backend.tests.test_iteration_164_global_mega_expansion.TestTotalSpotCount" name="test_total_spot_count_832" time="0.284" /><testcase classname="backend.tests.test_iteration_164_global_mega_expansion.TestAPIPerformance" name="test_api_response_time_under_2_seconds" time="0.285" /><testcase classname="backend.tests.test_iteration_164_global_mega_expansion.TestNorthernCalifornia" name="test_norcal_spot_count_minimum_36" time="0.287" /><testcase classname="backend.tests.test_iteration_164_global_mega_expansion.TestNorthernCalifornia" name="test_humboldt_spots_exist" time="0.275" /><testcase classname="backend.tests.test_iteration_164_global_mega_expansion.TestNorthernCalifornia" name="test_shelter_cove_exists" time="0.281" /><testcase classname="backend.tests.test_iteration_164_global_mega_expansion.TestNorthernCalifornia" name="test_mendocino_spots_exist" time="0.296" /><testcase classname="backend.tests.test_iteration_164_global_mega_expansion.TestNorthernCalifornia" name="test_fort_bragg_glass_beach_exists" time="0.289" /><testcase classname="backend.tests.test_iteration_164_global_mega_expansion.TestNorthernCalifornia" name="test_sonoma_spots_exist" time="0.280" /><testcase classname="backend.tests.test_iteration_164_global_mega_expansion.TestNorthernCalifornia" name="test_salmon_creek_exists" time="0.291" /><testcase classname="backend.tests.test_iteration_164_global_mega_expansion.TestNorthernCalifornia" name="test_san_francisco_spots_exist" time="0.278" /><testcase classname="backend.tests.test_iteration_164_global_mega_expansion.TestNorthernCalifornia" name="test_fort_point_exists" time="0.380" /><testcase classname="backend.tests.test_iteration_164_global_mega_expansion.TestNorthernCalifornia" name="test_santa_cruz_spots_exist" time="0.284" /><testcase classname="backend.tests.test_iteration_164_global_mega_expansion.TestNorthernCalifornia" name="test_cowells_beach_exists" time="0.303" /><testcase classname="backend.tests.test_iteration_164_global_mega_expansion.TestTexas" name="test_texas_spot_count_minimum_13" time="0.282" /><testcase classname="backend.tests.test_iteration_164_global_mega_expansion.TestTexas" name="test_galveston_spots_exist" time="0.281" /><testcase classname="backend.tests.test_iteration_164_global_mega_expansion.TestTexas" name="test_galveston_seawall_exists" time="0.279" /><testcase classname="backend.tests.test_iteration_164_global_mega_expansion.TestTexas" name="test_port_aransas_spots_exist" time="0.284" /><testcase classname="backend.tests.test_iteration_164_global_mega_expansion.TestTexas" name="test_south_padre_spots_exist" time="0.279" /><testcase classname="backend.tests.test_iteration_164_global_mega_expansion.TestMexico" name="test_mexico_spot_count_minimum_19" time="0.279" /><testcase classname="backend.tests.test_iteration_164_global_mega_expansion.TestMexico" name="test_baja_california_spots_exist" time="0.305" /><testcase classname="backend.tests.test_iteration_164_global_mega_expansion.TestMexico" name="test_k38_exists" time="0.293" /><testcase classname="backend.tests.test_iteration_164_global_mega_expansion.TestMexico" name="test_scorpion_bay_exists" time="0.292" /><testcase classname="backend.tests.test_iteration_164_global_mega_expansion.TestMexico" name="test_mainland_pacific_spots_exist" time="0.271" /><testcase classname="backend.tests.test_iteration_164_global_mega_expansion.TestMexico" name="test_pascuales_exists" time="0.291" /><testcase classname="backend.tests.test_iteration_164_global_mega_expansion.TestMexico" name="test_caribbean_mexico_spots_exist" time="0.339" /><testcase classname="backend.tests.test_iteration_164_global_mega_expansion.TestThailand" name="test_thailand_spot_count_9" time="0.275" /><testcase classname="backend.tests.test_iteration_164_global_mega_expansion.TestThailand" name="test_phuket_spots_exist" time="0.290" /><testcase classname="backend.tests.test_iteration_164_global_mega_expansion.TestThailand" name="test_kata_beach_exists" time="0.396" /><testcase classname="backend.tests.test_iteration_164_global_mega_expansion.TestThailand" name="test_khao_lak_spots_exist" time="0.273" /><testcase classname="backend.tests.test_iteration_164_global_mega_expansion.TestThailand" name="test_krabi_spots_exist" time="0.304" /><testcase classname="backend.tests.test_iteration_164_global_mega_expansion.TestVietnam" name="test_vietnam_spot_count_7" time="0.278" /><testcase classname="backend.tests.test_iteration_164_global_mega_expansion.TestVietnam" name="test_da_nang_spots_exist" time="0.276" /><testcase classname="backend.tests.test_iteration_164_global_mega_expansion.TestVietnam" name="test_my_khe_beach_exists" time="0.283" /><testcase classname="backend.tests.test_iteration_164_global_mega_expansion.TestVietnam" name="test_nha_trang_spots_exist" time="30.412" /><testcase classname="backend.tests.test_iteration_164_global_mega_expansion.TestVietnam" name="test_mui_ne_exists" time="0.314" /><testcase classname="backend.tests.test_iteration_164_global_mega_expansion.TestSpain" name="test_spain_spot_count_20" time="0.281" /><testcase classname="backend.tests.test_iteration_164_global_mega_expansion.TestSpain" name="test_basque_country_spots_exist" time="0.276" /><testcase classname="backend.tests.test_iteration_164_global_mega_expansion.TestSpain" name="test_mundaka_exists" time="0.290" /><testcase classname="backend.tests.test_iteration_164_global_mega_expansion.TestSpain" name="test_zarautz_exists" time="0.291" /><testcase classname="backend.tests.test_iteration_164_global_mega_expansion.TestSpain" name="test_canary_islands_spots_exist" time="11.704" /><testcase classname="backend.tests.test_iteration_164_global_mega_expansion.TestSpain" name="test_famara_exists" time="0.483" /><testcase classname="backend.tests.test_iteration_164_global_mega_expansion.TestSpain" name="test_el_confital_exists" time="0.423" /><testcase classname="backend.tests.test_iteration_164_global_mega_expansion.TestMorocco" name="test_morocco_spot_count_13" time="0.396" /><testcase classname="backend.tests.test_iteration_164_global_mega_expansion.TestMorocco" name="test_taghazout_spots_exist" time="0.433" /><testcase classname="backend.tests.test_iteration_164_global_mega_expansion.TestMorocco" name="test_anchor_point_exists" time="0.522" /><testcase classname="backend.tests.test_iteration_164_global_mega_expansion.TestMorocco" name="test_killer_point_exists" time="0.372" /><testcase classname="backend.tests.test_iteration_164_global_mega_expansion.TestMorocco" name="test_imsouane_spots_exist" time="6.578" /><testcase classname="backend.tests.test_iteration_164_global_mega_expansion.TestMorocco" name="test_essaouira_spots_exist" time="0.399" /><testcase classname="backend.tests.test_iteration_164_global_mega_expansion.TestSouthAfrica" name="test_south_africa_spot_count_17" time="0.411" /><testcase classname="backend.tests.test_iteration_164_global_mega_expansion.TestSouthAfrica" name="test_jeffreys_bay_spots_exist" time="0.396" /><testcase classname="backend.tests.test_iteration_164_global_mega_expansion.TestSouthAfrica" name="test_supertubes_exists" time="0.384" /><testcase classname="backend.tests.test_iteration_164_global_mega_expansion.TestSouthAfrica" name="test_cape_town_spots_exist" time="0.372" /><testcase classname="backend.tests.test_iteration_164_global_mega_expansion.TestSouthAfrica" name="test_dungeons_exists" time="0.366" /><testcase classname="backend.tests.test_iteration_164_global_mega_expansion.TestSouthAfrica" name="test_durban_spots_exist" time="0.372" /><testcase classname="backend.tests.test_iteration_164_global_mega_expansion.TestTurksAndCaicos" name="test_turks_caicos_spot_count_4" time="0.362" /><testcase classname="backend.tests.test_iteration_164_global_mega_expansion.TestTurksAndCaicos" name="test_long_bay_beach_exists" time="0.371" /><testcase classname="backend.tests.test_iteration_164_global_mega_expansion.TestTurksAndCaicos" name="test_grace_bay_exists" time="11.608" /><testcase classname="backend.tests.test_iteration_164_global_mega_expansion.TestBarbados" name="test_barbados_spot_count_minimum_5" time="2.415" /><testcase classname="backend.tests.test_iteration_164_global_mega_expansion.TestBarbados" name="test_bathsheba_spots_exist" time="0.370" /><testcase classname="backend.tests.test_iteration_164_global_mega_expansion.TestBarbados" name="test_soup_bowl_exists" time="0.370" /><testcase classname="backend.tests.test_iteration_164_global_mega_expansion.TestBarbados" name="test_south_point_exists" time="0.369" /><testcase classname="backend.tests.test_iteration_164_global_mega_expansion.TestPhilippinesExpansion" name="test_philippines_spot_count_minimum_10" time="0.380" /><testcase classname="backend.tests.test_iteration_164_global_mega_expansion.TestPhilippinesExpansion" name="test_siargao_spots_exist" time="0.374" /><testcase classname="backend.tests.test_iteration_164_global_mega_expansion.TestPhilippinesExpansion" name="test_cloud_9_exists" time="0.362" /><testcase classname="backend.tests.test_iteration_164_global_mega_expansion.TestPhilippinesExpansion" name="test_baler_spots_exist" time="0.400" /><testcase classname="backend.tests.test_iteration_164_global_mega_expansion.TestCoordinatesOffshore" name="test_norcal_coordinates_valid" time="0.404" /><testcase classname="backend.tests.test_iteration_164_global_mega_expansion.TestCoordinatesOffshore" name="test_texas_coordinates_valid" time="0.377" /><testcase classname="backend.tests.test_iteration_164_global_mega_expansion.TestCoordinatesOffshore" name="test_thailand_coordinates_valid" time="0.370" /><testcase classname="backend.tests.test_iteration_164_global_mega_expansion.TestCoordinatesOffshore" name="test_morocco_coordinates_valid" time="0.465" /><testcase classname="backend.tests.test_iteration_164_global_mega_expansion.TestExpansionSummary" name="test_expansion_summary" time="0.359" /></testsuite></testsuites>