<?xml version="1.0" encoding="utf-8"?><testsuites name="pytest tests"><testsuite name="pytest" errors="0" failures="0" skipped="0" tests="15" time="6.964" timestamp="2026-03-15T00:53:56.353881+00:00" hostname="agent-env-80022ca7-d611-4cb1-b080-4135e2286024"><testcase classname="backend.tests.test_credits_pricing_system.TestPricingAPI" name="test_get_photographer_pricing" time="2.193" /><testcase classname="backend.tests.test_credits_pricing_system.TestPricingAPI" name="test_update_photographer_pricing" time="0.621" /><testcase classname="backend.tests.test_credits_pricing_system.TestPricingAPI" name="test_update_pricing_partial" time="0.409" /><testcase classname="backend.tests.test_credits_pricing_system.TestPricingAPI" name="test_update_pricing_validation_negative" time="0.186" /><testcase classname="backend.tests.test_credits_pricing_system.TestPricingAPI" name="test_get_pricing_non_photographer" time="0.208" /><testcase classname="backend.tests.test_credits_pricing_system.TestCreditBalanceAPI" name="test_get_credit_balance" time="0.189" /><testcase classname="backend.tests.test_credits_pricing_system.TestCreditBalanceAPI" name="test_get_credit_balance_hobbyist" time="0.189" /><testcase classname="backend.tests.test_credits_pricing_system.TestCreditBalanceAPI" name="test_get_credit_balance_nonexistent_user" time="0.188" /><testcase classname="backend.tests.test_credits_pricing_system.TestCreditHistoryAPI" name="test_get_credit_history" time="0.407" /><testcase classname="backend.tests.test_credits_pricing_system.TestCreditHistoryAPI" name="test_get_credit_history_with_limit" time="0.242" /><testcase classname="backend.tests.test_credits_pricing_system.TestCreditHistoryAPI" name="test_get_credit_history_by_type" time="0.284" /><testcase classname="backend.tests.test_credits_pricing_system.TestCreditSummaryAPI" name="test_get_credit_summary" time="0.311" /><testcase classname="backend.tests.test_credits_pricing_system.TestCreditSummaryAPI" name="test_get_credit_summary_nonexistent" time="0.187" /><testcase classname="backend.tests.test_credits_pricing_system.TestJoinBookingWithCredits" name="test_get_booking_details" time="0.908" /><testcase classname="backend.tests.test_credits_pricing_system.TestRestorePricing" name="test_restore_default_pricing" time="0.370" /></testsuite></testsuites>