<?xml version="1.0" encoding="utf-8"?><testsuites name="pytest tests"><testsuite name="pytest" errors="0" failures="0" skipped="0" tests="15" time="19.552" timestamp="2026-04-02T19:47:19.438756+00:00" hostname="agent-env-80022ca7-d611-4cb1-b080-4135e2286024"><testcase classname="tests.test_privacy_shield_global_spots_iter145.TestGlobalSpotDatabase" name="test_total_spot_count" time="3.435" /><testcase classname="tests.test_privacy_shield_global_spots_iter145.TestGlobalSpotDatabase" name="test_spots_by_country_distribution" time="3.073" /><testcase classname="tests.test_privacy_shield_global_spots_iter145.TestGlobalSpotDatabase" name="test_spots_have_required_fields" time="3.073" /><testcase classname="tests.test_privacy_shield_global_spots_iter145.TestGlobalSpotDatabase" name="test_filter_by_country" time="0.533" /><testcase classname="tests.test_privacy_shield_global_spots_iter145.TestPrivacyShieldGeofencing" name="test_free_tier_1_mile_radius" time="0.211" /><testcase classname="tests.test_privacy_shield_global_spots_iter145.TestPrivacyShieldGeofencing" name="test_basic_tier_10_mile_radius" time="0.504" /><testcase classname="tests.test_privacy_shield_global_spots_iter145.TestPrivacyShieldGeofencing" name="test_geofence_affects_photographer_count" time="0.220" /><testcase classname="tests.test_privacy_shield_global_spots_iter145.TestSingleSpotPrivacyShield" name="test_spot_within_geofence_shows_photographers" time="2.289" /><testcase classname="tests.test_privacy_shield_global_spots_iter145.TestSingleSpotPrivacyShield" name="test_spot_outside_geofence_hides_photographers" time="2.049" /><testcase classname="tests.test_privacy_shield_global_spots_iter145.TestSingleSpotPrivacyShield" name="test_free_tier_single_spot" time="2.010" /><testcase classname="tests.test_privacy_shield_global_spots_iter145.TestAdminSpotStats" name="test_admin_stats_returns_correct_totals" time="0.431" /><testcase classname="tests.test_privacy_shield_global_spots_iter145.TestAdminSpotStats" name="test_admin_stats_by_tier" time="0.326" /><testcase classname="tests.test_privacy_shield_global_spots_iter145.TestAdminSpotStats" name="test_admin_stats_requires_admin" time="0.239" /><testcase classname="tests.test_privacy_shield_global_spots_iter145.TestDistanceCalculation" name="test_distance_calculation_accuracy" time="0.212" /><testcase classname="tests.test_privacy_shield_global_spots_iter145.TestViewportFiltering" name="test_viewport_filtering" time="0.864" /></testsuite></testsuites>