<?xml version="1.0" encoding="utf-8"?><testsuites name="pytest tests"><testsuite name="pytest" errors="0" failures="0" skipped="0" tests="17" time="11.653" timestamp="2026-04-02T05:07:53.269989+00:00" hostname="agent-env-80022ca7-d611-4cb1-b080-4135e2286024"><testcase classname="tests.test_admin_analytics_iter140.TestFinancialAnalytics" name="test_financial_analytics_returns_200" time="1.663" /><testcase classname="tests.test_admin_analytics_iter140.TestFinancialAnalytics" name="test_financial_analytics_has_credit_liability" time="0.371" /><testcase classname="tests.test_admin_analytics_iter140.TestFinancialAnalytics" name="test_financial_analytics_has_credit_distribution" time="0.366" /><testcase classname="tests.test_admin_analytics_iter140.TestFinancialAnalytics" name="test_financial_analytics_has_revenue_data" time="0.393" /><testcase classname="tests.test_admin_analytics_iter140.TestFinancialAnalytics" name="test_financial_analytics_requires_admin" time="0.209" /><testcase classname="tests.test_admin_analytics_iter140.TestEcosystemAnalytics" name="test_ecosystem_analytics_returns_200" time="1.069" /><testcase classname="tests.test_admin_analytics_iter140.TestEcosystemAnalytics" name="test_ecosystem_has_role_distribution" time="0.858" /><testcase classname="tests.test_admin_analytics_iter140.TestEcosystemAnalytics" name="test_ecosystem_has_role_categories" time="0.857" /><testcase classname="tests.test_admin_analytics_iter140.TestEcosystemAnalytics" name="test_ecosystem_has_booking_efficiency" time="0.869" /><testcase classname="tests.test_admin_analytics_iter140.TestEcosystemAnalytics" name="test_ecosystem_has_spot_heatmap" time="0.870" /><testcase classname="tests.test_admin_analytics_iter140.TestPriceImpactAnalytics" name="test_price_impact_returns_200" time="0.408" /><testcase classname="tests.test_admin_analytics_iter140.TestPriceImpactAnalytics" name="test_price_impact_has_markers" time="0.310" /><testcase classname="tests.test_admin_analytics_iter140.TestPriceImpactAnalytics" name="test_price_impact_has_signup_trend" time="0.293" /><testcase classname="tests.test_admin_analytics_iter140.TestCachedMetrics" name="test_cached_metrics_returns_200" time="0.262" /><testcase classname="tests.test_admin_analytics_iter140.TestCachedMetrics" name="test_cached_metrics_has_source" time="0.245" /><testcase classname="tests.test_admin_analytics_iter140.TestCachedMetrics" name="test_refresh_cache_returns_200" time="1.163" /><testcase classname="tests.test_admin_analytics_iter140.TestCachedMetrics" name="test_cached_metrics_returns_from_cache_after_refresh" time="1.375" /></testsuite></testsuites>