<?xml version="1.0" encoding="utf-8"?><testsuites name="pytest tests"><testsuite name="pytest" errors="0" failures="0" skipped="0" tests="16" time="40.677" timestamp="2026-03-15T01:20:00.350129+00:00" hostname="agent-env-80022ca7-d611-4cb1-b080-4135e2286024"><testcase classname="backend.tests.test_featured_ai_messaging.TestFeaturedPhotographers" name="test_get_featured_photographers_success" time="9.602" /><testcase classname="backend.tests.test_featured_ai_messaging.TestFeaturedPhotographers" name="test_featured_photographers_limit_parameter" time="8.153" /><testcase classname="backend.tests.test_featured_ai_messaging.TestFeaturedPhotographers" name="test_featured_photographers_structure" time="8.162" /><testcase classname="backend.tests.test_featured_ai_messaging.TestAIPhotoTagging" name="test_analyze_photo_with_url" time="4.198" /><testcase classname="backend.tests.test_featured_ai_messaging.TestAIPhotoTagging" name="test_analyze_photo_missing_input" time="0.149" /><testcase classname="backend.tests.test_featured_ai_messaging.TestAIPhotoTagging" name="test_suggest_tags" time="4.823" /><testcase classname="backend.tests.test_featured_ai_messaging.TestAIPhotoTagging" name="test_confirm_tags_invalid_gallery_item" time="0.308" /><testcase classname="backend.tests.test_featured_ai_messaging.TestAIPhotoTagging" name="test_my_tagged_photos" time="0.320" /><testcase classname="backend.tests.test_featured_ai_messaging.TestMessagingAPIs" name="test_start_conversation_success" time="0.619" /><testcase classname="backend.tests.test_featured_ai_messaging.TestMessagingAPIs" name="test_start_conversation_same_user" time="0.315" /><testcase classname="backend.tests.test_featured_ai_messaging.TestMessagingAPIs" name="test_start_conversation_invalid_sender" time="0.335" /><testcase classname="backend.tests.test_featured_ai_messaging.TestMessagingAPIs" name="test_start_conversation_invalid_recipient" time="0.299" /><testcase classname="backend.tests.test_featured_ai_messaging.TestMessagingAPIs" name="test_unread_counts" time="0.379" /><testcase classname="backend.tests.test_featured_ai_messaging.TestMessagingAPIs" name="test_decline_conversation_invalid_id" time="0.287" /><testcase classname="backend.tests.test_featured_ai_messaging.TestMessagingAPIs" name="test_conversations_list" time="0.539" /><testcase classname="backend.tests.test_featured_ai_messaging.TestFullMessagingFlow" name="test_full_message_flow" time="2.111" /></testsuite></testsuites>