<?xml version="1.0" encoding="utf-8"?><testsuites name="pytest tests"><testsuite name="pytest" errors="0" failures="0" skipped="3" tests="15" time="5.907" timestamp="2026-04-11T04:14:17.483820+00:00" hostname="agent-env-80022ca7-d611-4cb1-b080-4135e2286024"><testcase classname="backend.tests.test_gallery_ux_tickets_iter287.TestHealthCheck" name="test_api_health" time="0.839" /><testcase classname="backend.tests.test_gallery_ux_tickets_iter287.TestQualityPreviewsEndpoint" name="test_quality_previews_returns_tiers" time="0.895"><skipped type="pytest.skip" message="No gallery items available to test quality-previews endpoint">/app/backend/tests/test_gallery_ux_tickets_iter287.py:66: No gallery items available to test quality-previews endpoint</skipped></testcase><testcase classname="backend.tests.test_gallery_ux_tickets_iter287.TestQualityPreviewsEndpoint" name="test_quality_previews_invalid_item" time="0.249" /><testcase classname="backend.tests.test_gallery_ux_tickets_iter287.TestBulkPurchaseEndpoint" name="test_bulk_purchase_no_items_error" time="0.115" /><testcase classname="backend.tests.test_gallery_ux_tickets_iter287.TestBulkPurchaseEndpoint" name="test_bulk_purchase_invalid_buyer" time="0.409" /><testcase classname="backend.tests.test_gallery_ux_tickets_iter287.TestBulkPurchaseEndpoint" name="test_bulk_purchase_invalid_items" time="0.567" /><testcase classname="backend.tests.test_gallery_ux_tickets_iter287.TestCoverRemainingEndpoint" name="test_cover_remaining_invalid_dispatch" time="0.491" /><testcase classname="backend.tests.test_gallery_ux_tickets_iter287.TestCoverRemainingEndpoint" name="test_cover_remaining_requires_captain" time="0.207" /><testcase classname="backend.tests.test_gallery_ux_tickets_iter287.TestRemindCrewEndpoint" name="test_remind_crew_invalid_dispatch" time="0.245" /><testcase classname="backend.tests.test_gallery_ux_tickets_iter287.TestRemindCrewEndpoint" name="test_remind_crew_requires_captain" time="0.204" /><testcase classname="backend.tests.test_gallery_ux_tickets_iter287.TestGalleryItemPricing" name="test_pricing_endpoint_returns_tiers" time="0.097"><skipped type="pytest.skip" message="No gallery items available to test pricing endpoint">/app/backend/tests/test_gallery_ux_tickets_iter287.py:233: No gallery items available to test pricing endpoint</skipped></testcase><testcase classname="backend.tests.test_gallery_ux_tickets_iter287.TestGalleryItemPricing" name="test_pricing_with_viewer_id" time="0.316"><skipped type="pytest.skip" message="No gallery items available">/app/backend/tests/test_gallery_ux_tickets_iter287.py:269: No gallery items available</skipped></testcase><testcase classname="backend.tests.test_gallery_ux_tickets_iter287.TestDispatchCrewStatus" name="test_crew_status_invalid_dispatch" time="0.208" /><testcase classname="backend.tests.test_gallery_ux_tickets_iter287.TestSurferGalleryEndpoints" name="test_surfer_gallery_endpoint_exists" time="0.533" /><testcase classname="backend.tests.test_gallery_ux_tickets_iter287.TestSelectionQueueEndpoints" name="test_selection_queue_endpoint_exists" time="0.459" /></testsuite></testsuites>