<?xml version="1.0" encoding="utf-8"?><testsuites name="pytest tests"><testsuite name="pytest" errors="0" failures="0" skipped="0" tests="20" time="3.665" timestamp="2026-03-30T22:57:46.559929+00:00" hostname="agent-env-80022ca7-d611-4cb1-b080-4135e2286024"><testcase classname="tests.test_capture_session_iter83.TestOnDemandPhotographers" name="test_on_demand_endpoint_returns_200" time="1.383" /><testcase classname="tests.test_capture_session_iter83.TestOnDemandPhotographers" name="test_on_demand_with_location_params" time="0.257" /><testcase classname="tests.test_capture_session_iter83.TestOnDemandPhotographers" name="test_on_demand_response_structure" time="0.284" /><testcase classname="tests.test_capture_session_iter83.TestSessionPricingEndpoint" name="test_pricing_endpoint_requires_user_id" time="0.154" /><testcase classname="tests.test_capture_session_iter83.TestSessionPricingEndpoint" name="test_pricing_endpoint_with_invalid_photographer" time="0.517" /><testcase classname="tests.test_capture_session_iter83.TestGromParentPermissions" name="test_grom_parent_in_surfer_roles_list" time="0.250" /><testcase classname="tests.test_capture_session_iter83.TestGromParentPermissions" name="test_go_live_blocks_grom_parent" time="0.000" /><testcase classname="tests.test_capture_session_iter83.TestGromParentPermissions" name="test_join_session_allows_grom_parent" time="0.000" /><testcase classname="tests.test_capture_session_iter83.TestSessionJoinPhotosCredit" name="test_photos_credit_remaining_field_exists" time="0.000" /><testcase classname="tests.test_capture_session_iter83.TestSessionJoinPhotosCredit" name="test_participant_role_field_exists" time="0.000" /><testcase classname="tests.test_capture_session_iter83.TestSessionJoinPhotosCredit" name="test_resolution_preference_field_exists" time="0.000" /><testcase classname="tests.test_capture_session_iter83.TestSessionJoinPhotosCredit" name="test_join_session_assigns_photos_credit" time="0.000" /><testcase classname="tests.test_capture_session_iter83.TestLiveSessionModel" name="test_session_mode_field_exists" time="0.000" /><testcase classname="tests.test_capture_session_iter83.TestLiveSessionModel" name="test_dispatch_request_id_field_exists" time="0.000" /><testcase classname="tests.test_capture_session_iter83.TestLiveSessionModel" name="test_booking_id_field_exists" time="0.000" /><testcase classname="tests.test_capture_session_iter83.TestResolutionPricing" name="test_pricing_endpoint_returns_resolution_prices" time="0.000" /><testcase classname="tests.test_capture_session_iter83.TestResolutionPricing" name="test_pricing_modes" time="0.000" /><testcase classname="tests.test_capture_session_iter83.TestAuthAndLogin" name="test_login_success" time="0.254" /><testcase classname="tests.test_capture_session_iter83.TestAuthAndLogin" name="test_login_returns_credit_balance" time="0.247" /><testcase classname="tests.test_capture_session_iter83.TestLivePhotographers" name="test_live_photographers_endpoint" time="0.247" /></testsuite></testsuites>