<?xml version="1.0" encoding="utf-8"?><testsuites name="pytest tests"><testsuite name="pytest" errors="0" failures="0" skipped="2" tests="16" time="10.126" timestamp="2026-04-01T05:12:07.955980+00:00" hostname="agent-env-80022ca7-d611-4cb1-b080-4135e2286024"><testcase classname="backend.tests.test_cross_profile_tagging_iter111.TestLinkedGromsEndpoint" name="test_get_linked_groms_success" time="1.710" /><testcase classname="backend.tests.test_cross_profile_tagging_iter111.TestLinkedGromsEndpoint" name="test_get_linked_groms_non_grom_parent_fails" time="0.161" /><testcase classname="backend.tests.test_cross_profile_tagging_iter111.TestGromHighlightsEndpoint" name="test_get_grom_highlights_success" time="0.412" /><testcase classname="backend.tests.test_cross_profile_tagging_iter111.TestGromHighlightsEndpoint" name="test_get_grom_highlights_with_grom_filter" time="0.285" /><testcase classname="backend.tests.test_cross_profile_tagging_iter111.TestGromHighlightsEndpoint" name="test_get_grom_highlights_non_grom_parent_fails" time="0.146" /><testcase classname="backend.tests.test_cross_profile_tagging_iter111.TestTagGromEndpoint" name="test_tag_grom_success" time="1.514" /><testcase classname="backend.tests.test_cross_profile_tagging_iter111.TestTagGromEndpoint" name="test_tag_grom_duplicate_fails" time="1.377" /><testcase classname="backend.tests.test_cross_profile_tagging_iter111.TestTagGromEndpoint" name="test_tag_unlinked_grom_fails" time="0.707" /><testcase classname="backend.tests.test_cross_profile_tagging_iter111.TestTagGromEndpoint" name="test_tag_grom_non_owner_photo_fails" time="0.215" /><testcase classname="backend.tests.test_cross_profile_tagging_iter111.TestUntagGromEndpoint" name="test_untag_grom_success" time="1.132" /><testcase classname="backend.tests.test_cross_profile_tagging_iter111.TestUntagGromEndpoint" name="test_untag_non_owner_fails" time="1.069" /><testcase classname="backend.tests.test_cross_profile_tagging_iter111.TestGromProfilePhotosEndpoint" name="test_get_grom_profile_photos_as_parent" time="0.256" /><testcase classname="backend.tests.test_cross_profile_tagging_iter111.TestGromProfilePhotosEndpoint" name="test_get_grom_profile_photos_unauthorized_fails" time="0.181" /><testcase classname="backend.tests.test_cross_profile_tagging_iter111.TestGromProfilePhotosEndpoint" name="test_get_grom_profile_photos_no_viewer_fails" time="0.145" /><testcase classname="backend.tests.test_cross_profile_tagging_iter111.TestRoleBasedAccess" name="test_non_grom_parent_cannot_tag" time="0.373"><skipped type="pytest.skip" message="Non-Grom Parent login failed: 401">/app/backend/tests/test_cross_profile_tagging_iter111.py:385: Non-Grom Parent login failed: 401</skipped></testcase><testcase classname="backend.tests.test_cross_profile_tagging_iter111.TestRoleBasedAccess" name="test_non_grom_parent_cannot_view_linked_groms" time="0.370"><skipped type="pytest.skip" message="Non-Grom Parent login failed: 401">/app/backend/tests/test_cross_profile_tagging_iter111.py:412: Non-Grom Parent login failed: 401</skipped></testcase></testsuite></testsuites>