<?xml version="1.0" encoding="utf-8"?><testsuites name="pytest tests"><testsuite name="pytest" errors="0" failures="0" skipped="0" tests="12" time="5.019" timestamp="2026-04-02T01:40:18.958372+00:00" hostname="agent-env-80022ca7-d611-4cb1-b080-4135e2286024"><testcase classname="backend.tests.test_crew_payment_iter130.TestCrewPaymentDetailsEndpoint" name="test_crew_payment_details_returns_booking_info" time="1.567" /><testcase classname="backend.tests.test_crew_payment_iter130.TestCrewPaymentDetailsEndpoint" name="test_crew_payment_details_invalid_booking_returns_404" time="0.259" /><testcase classname="backend.tests.test_crew_payment_iter130.TestCrewPaymentDetailsEndpoint" name="test_crew_payment_details_requires_user_id" time="0.107" /><testcase classname="backend.tests.test_crew_payment_iter130.TestCrewPayEndpoint" name="test_crew_pay_endpoint_exists" time="1.163" /><testcase classname="backend.tests.test_crew_payment_iter130.TestCrewPayEndpoint" name="test_crew_pay_invalid_booking_returns_404" time="0.220" /><testcase classname="backend.tests.test_crew_payment_iter130.TestCrewPayEndpoint" name="test_crew_pay_requires_participant_id" time="0.143" /><testcase classname="backend.tests.test_crew_payment_iter130.TestCrewPayEndpoint" name="test_crew_pay_requires_amount" time="0.114" /><testcase classname="backend.tests.test_crew_payment_iter130.TestPushNotificationFunctions" name="test_push_config_endpoint_exists" time="0.120" /><testcase classname="backend.tests.test_crew_payment_iter130.TestPushNotificationFunctions" name="test_push_send_endpoint_exists" time="0.463" /><testcase classname="backend.tests.test_crew_payment_iter130.TestBookingCardCrewHubIntegration" name="test_bookings_endpoint_returns_booking_type" time="0.362" /><testcase classname="backend.tests.test_crew_payment_iter130.TestBookingCardCrewHubIntegration" name="test_crew_hub_status_endpoint_exists" time="0.332" /><testcase classname="backend.tests.test_crew_payment_iter130.TestAppRouteExists" name="test_crew_payment_page_route_accessible" time="0.102" /></testsuite></testsuites>