<?xml version="1.0" encoding="utf-8"?><testsuites name="pytest tests"><testsuite name="pytest" errors="0" failures="0" skipped="0" tests="26" time="5.110" timestamp="2026-04-08T02:19:48.621543+00:00" hostname="agent-env-80022ca7-d611-4cb1-b080-4135e2286024"><testcase classname="backend.tests.test_surfer_gallery_review_iter261.TestSessionEntitlementsAPI" name="test_session_entitlements_returns_default_for_unknown_session" time="1.068" /><testcase classname="backend.tests.test_surfer_gallery_review_iter261.TestSessionEntitlementsAPI" name="test_session_entitlements_requires_user_id" time="0.068" /><testcase classname="backend.tests.test_surfer_gallery_review_iter261.TestSessionEntitlementsAPI" name="test_session_entitlements_response_structure" time="0.197" /><testcase classname="backend.tests.test_surfer_gallery_review_iter261.TestProposedMatchesAPI" name="test_proposed_matches_returns_empty_for_no_matches" time="0.278" /><testcase classname="backend.tests.test_surfer_gallery_review_iter261.TestProposedMatchesAPI" name="test_proposed_matches_requires_user_id" time="0.051" /><testcase classname="backend.tests.test_surfer_gallery_review_iter261.TestProposedMatchesAPI" name="test_proposed_matches_returns_404_for_invalid_user" time="0.194" /><testcase classname="backend.tests.test_surfer_gallery_review_iter261.TestClaimMatchAPI" name="test_claim_match_returns_404_for_invalid_match" time="0.199" /><testcase classname="backend.tests.test_surfer_gallery_review_iter261.TestClaimMatchAPI" name="test_claim_match_requires_user_id" time="0.118" /><testcase classname="backend.tests.test_surfer_gallery_review_iter261.TestClaimMatchAPI" name="test_claim_match_validates_request_body" time="0.055" /><testcase classname="backend.tests.test_surfer_gallery_review_iter261.TestClaimMatchesBatchAPI" name="test_batch_claim_returns_400_for_empty_list" time="0.048" /><testcase classname="backend.tests.test_surfer_gallery_review_iter261.TestClaimMatchesBatchAPI" name="test_batch_claim_requires_user_id" time="0.057" /><testcase classname="backend.tests.test_surfer_gallery_review_iter261.TestClaimMatchesBatchAPI" name="test_batch_claim_returns_404_for_invalid_user" time="0.227" /><testcase classname="backend.tests.test_surfer_gallery_review_iter261.TestDismissMatchAPI" name="test_dismiss_match_returns_404_for_invalid_match" time="0.160" /><testcase classname="backend.tests.test_surfer_gallery_review_iter261.TestDismissMatchAPI" name="test_dismiss_match_requires_all_params" time="0.051" /><testcase classname="backend.tests.test_surfer_gallery_review_iter261.TestConfirmIdentityAPI" name="test_confirm_identity_returns_404_for_invalid_match" time="0.198" /><testcase classname="backend.tests.test_surfer_gallery_review_iter261.TestConfirmIdentityAPI" name="test_confirm_identity_requires_user_id" time="0.055" /><testcase classname="backend.tests.test_surfer_gallery_review_iter261.TestConfirmIdentityAPI" name="test_confirm_identity_validates_request_body" time="0.050" /><testcase classname="backend.tests.test_surfer_gallery_review_iter261.TestResolutionUpsellAPI" name="test_resolution_upsell_returns_404_for_invalid_item" time="0.357" /><testcase classname="backend.tests.test_surfer_gallery_review_iter261.TestResolutionUpsellAPI" name="test_resolution_upsell_requires_user_id" time="0.048" /><testcase classname="backend.tests.test_surfer_gallery_review_iter261.TestUpgradeResolutionAPI" name="test_upgrade_resolution_returns_404_for_invalid_item" time="0.154" /><testcase classname="backend.tests.test_surfer_gallery_review_iter261.TestUpgradeResolutionAPI" name="test_upgrade_resolution_requires_user_id" time="0.061" /><testcase classname="backend.tests.test_surfer_gallery_review_iter261.TestAPIRouteRegistration" name="test_all_endpoints_are_accessible" time="0.534" /><testcase classname="backend.tests.test_surfer_gallery_review_iter261.TestEntitlementLogicTypes" name="test_entitlement_logic_a_all_inclusive" time="0.189" /><testcase classname="backend.tests.test_surfer_gallery_review_iter261.TestEntitlementLogicTypes" name="test_entitlement_logic_b_partial_credits" time="0.189" /><testcase classname="backend.tests.test_surfer_gallery_review_iter261.TestEntitlementLogicTypes" name="test_entitlement_logic_c_pay_per_clip" time="0.202" /><testcase classname="backend.tests.test_surfer_gallery_review_iter261.TestAccountTierDifferentiation" name="test_proposed_matches_returns_account_tier_info" time="0.206" /></testsuite></testsuites>