<?xml version="1.0" encoding="utf-8"?><testsuites name="pytest tests"><testsuite name="pytest" errors="0" failures="0" skipped="0" tests="18" time="6.011" timestamp="2026-04-07T04:04:43.092256+00:00" hostname="agent-env-80022ca7-d611-4cb1-b080-4135e2286024"><testcase classname="tests.test_compliance_endpoints_iter249.TestHealthCheck" name="test_api_health" time="0.890" /><testcase classname="tests.test_compliance_endpoints_iter249.TestTosStatusEndpoint" name="test_get_tos_status_existing_user" time="0.189" /><testcase classname="tests.test_compliance_endpoints_iter249.TestTosStatusEndpoint" name="test_get_tos_status_nonexistent_user" time="0.190" /><testcase classname="tests.test_compliance_endpoints_iter249.TestAcknowledgeTosEndpoint" name="test_acknowledge_tos_success" time="0.270" /><testcase classname="tests.test_compliance_endpoints_iter249.TestAcknowledgeTosEndpoint" name="test_acknowledge_tos_duplicate" time="0.370" /><testcase classname="tests.test_compliance_endpoints_iter249.TestLocationFraudReporting" name="test_report_location_fraud_within_range" time="0.334" /><testcase classname="tests.test_compliance_endpoints_iter249.TestLocationFraudReporting" name="test_report_location_fraud_significant_distance" time="0.153" /><testcase classname="tests.test_compliance_endpoints_iter249.TestLocationFraudReporting" name="test_report_location_fraud_missing_user" time="0.148" /><testcase classname="tests.test_compliance_endpoints_iter249.TestAdminViolationCreation" name="test_create_violation_admin_success" time="0.184" /><testcase classname="tests.test_compliance_endpoints_iter249.TestAdminViolationCreation" name="test_create_violation_missing_user" time="0.184" /><testcase classname="tests.test_compliance_endpoints_iter249.TestUserViolationsEndpoint" name="test_get_user_violations" time="0.245" /><testcase classname="tests.test_compliance_endpoints_iter249.TestUserViolationsEndpoint" name="test_get_violations_nonexistent_user" time="0.227" /><testcase classname="tests.test_compliance_endpoints_iter249.TestViolationAppeal" name="test_appeal_nonexistent_violation" time="0.184" /><testcase classname="tests.test_compliance_endpoints_iter249.TestViolationAppeal" name="test_appeal_wrong_user" time="0.182" /><testcase classname="tests.test_compliance_endpoints_iter249.TestAppealReview" name="test_review_nonexistent_appeal" time="0.225" /><testcase classname="tests.test_compliance_endpoints_iter249.TestComplianceDashboard" name="test_dashboard_admin_access" time="0.893" /><testcase classname="tests.test_compliance_endpoints_iter249.TestHaversineDistanceCalculation" name="test_distance_calculation_accuracy" time="0.377" /><testcase classname="tests.test_compliance_endpoints_iter249.TestComplianceRouterRegistration" name="test_compliance_routes_exist" time="0.667" /></testsuite></testsuites>