<?xml version="1.0" encoding="utf-8"?><testsuites name="pytest tests"><testsuite name="pytest" errors="0" failures="0" skipped="0" tests="8" time="10.776" timestamp="2026-03-16T04:42:20.708963+00:00" hostname="agent-env-80022ca7-d611-4cb1-b080-4135e2286024"><testcase classname="backend.tests.test_session_pricing_savings.TestSessionPricingSavings" name="test_photographer_login" time="1.467" /><testcase classname="backend.tests.test_session_pricing_savings.TestSessionPricingSavings" name="test_get_photographer_pricing" time="0.679" /><testcase classname="backend.tests.test_session_pricing_savings.TestSessionPricingSavings" name="test_go_live_with_session_pricing" time="2.094" /><testcase classname="backend.tests.test_session_pricing_savings.TestSessionPricingSavings" name="test_go_live_default_values" time="1.746" /><testcase classname="backend.tests.test_session_pricing_savings.TestSessionPricingSavings" name="test_savings_calculation_no_savings" time="1.737" /><testcase classname="backend.tests.test_session_pricing_savings.TestSessionPricingSavings" name="test_active_session_retrieval" time="1.761" /><testcase classname="backend.tests.test_session_pricing_savings.TestSurfSpotMapIntegration" name="test_get_surf_spots" time="0.889" /><testcase classname="backend.tests.test_session_pricing_savings.TestSurfSpotMapIntegration" name="test_get_live_photographers" time="0.351" /></testsuite></testsuites>