<?xml version="1.0" encoding="utf-8"?><testsuites name="pytest tests"><testsuite name="pytest" errors="0" failures="0" skipped="0" tests="13" time="6.631" timestamp="2026-04-02T01:30:48.362723+00:00" hostname="agent-env-80022ca7-d611-4cb1-b080-4135e2286024"><testcase classname="backend.tests.test_saved_crews_iter129.TestSavedCrewsAPI" name="test_get_saved_crews_returns_array" time="1.188" /><testcase classname="backend.tests.test_saved_crews_iter129.TestSavedCrewsAPI" name="test_get_saved_crews_empty_for_new_user" time="0.219" /><testcase classname="backend.tests.test_saved_crews_iter129.TestSavedCrewsAPI" name="test_create_saved_crew" time="0.968" /><testcase classname="backend.tests.test_saved_crews_iter129.TestSavedCrewsAPI" name="test_create_saved_crew_as_default" time="0.604" /><testcase classname="backend.tests.test_saved_crews_iter129.TestSavedCrewsAPI" name="test_get_default_crew" time="0.236" /><testcase classname="backend.tests.test_saved_crews_iter129.TestSavedCrewsAPI" name="test_set_default_crew" time="0.773" /><testcase classname="backend.tests.test_saved_crews_iter129.TestSavedCrewsAPI" name="test_delete_saved_crew" time="0.685" /><testcase classname="backend.tests.test_saved_crews_iter129.TestSavedCrewsAPI" name="test_delete_nonexistent_crew_returns_404" time="0.217" /><testcase classname="backend.tests.test_saved_crews_iter129.TestSavedCrewsAPI" name="test_mark_crew_used" time="0.927" /><testcase classname="backend.tests.test_saved_crews_iter129.TestSavedCrewsAPI" name="test_existing_dawn_patrol_crew" time="0.234" /><testcase classname="backend.tests.test_saved_crews_iter129.TestSavedCrewsValidation" name="test_create_crew_requires_name" time="0.105" /><testcase classname="backend.tests.test_saved_crews_iter129.TestSavedCrewsValidation" name="test_create_crew_requires_members" time="0.158" /><testcase classname="backend.tests.test_saved_crews_iter129.TestSavedCrewsValidation" name="test_create_crew_invalid_user_returns_404" time="0.248" /></testsuite></testsuites>