<?xml version="1.0" encoding="utf-8"?><testsuites name="pytest tests"><testsuite name="pytest" errors="0" failures="0" skipped="0" tests="23" time="7.331" timestamp="2026-04-03T17:31:17.937698+00:00" hostname="agent-env-80022ca7-d611-4cb1-b080-4135e2286024"><testcase classname="backend.tests.test_iteration_181_caribbean_central_america.TestCaribbeanSpots" name="test_puerto_rico_rincon_domes" time="0.640" /><testcase classname="backend.tests.test_iteration_181_caribbean_central_america.TestCaribbeanSpots" name="test_puerto_rico_tres_palmas" time="0.188" /><testcase classname="backend.tests.test_iteration_181_caribbean_central_america.TestCaribbeanSpots" name="test_barbados_soup_bowl" time="0.193" /><testcase classname="backend.tests.test_iteration_181_caribbean_central_america.TestCaribbeanSpots" name="test_dominican_republic_cabarete" time="0.188" /><testcase classname="backend.tests.test_iteration_181_caribbean_central_america.TestCentralAmericaSpots" name="test_costa_rica_pavones" time="0.190" /><testcase classname="backend.tests.test_iteration_181_caribbean_central_america.TestCentralAmericaSpots" name="test_costa_rica_witchs_rock" time="0.189" /><testcase classname="backend.tests.test_iteration_181_caribbean_central_america.TestCentralAmericaSpots" name="test_costa_rica_salsa_brava" time="0.192" /><testcase classname="backend.tests.test_iteration_181_caribbean_central_america.TestCentralAmericaSpots" name="test_nicaragua_popoyo" time="0.187" /><testcase classname="backend.tests.test_iteration_181_caribbean_central_america.TestCentralAmericaSpots" name="test_panama_santa_catalina" time="0.193" /><testcase classname="backend.tests.test_iteration_181_caribbean_central_america.TestCentralAmericaSpots" name="test_el_salvador_punta_roca" time="0.187" /><testcase classname="backend.tests.test_iteration_181_caribbean_central_america.TestSpotsCount" name="test_total_spots_count" time="1.074" /><testcase classname="backend.tests.test_iteration_181_caribbean_central_america.TestSpotsCount" name="test_caribbean_countries_present" time="0.934" /><testcase classname="backend.tests.test_iteration_181_caribbean_central_america.TestSpotsCount" name="test_central_america_countries_present" time="0.948" /><testcase classname="backend.tests.test_iteration_181_caribbean_central_america.TestFollowPushNotification" name="test_follow_endpoint_exists" time="0.336" /><testcase classname="backend.tests.test_iteration_181_caribbean_central_america.TestFollowPushNotification" name="test_follow_endpoint_requires_follower_id" time="0.047" /><testcase classname="backend.tests.test_iteration_181_caribbean_central_america.TestMessagePushNotification" name="test_send_message_endpoint_exists" time="0.190" /><testcase classname="backend.tests.test_iteration_181_caribbean_central_america.TestMessagePushNotification" name="test_send_message_requires_content" time="0.048" /><testcase classname="backend.tests.test_iteration_181_caribbean_central_america.TestNoteReplyThreading" name="test_note_reply_endpoint_exists" time="0.192" /><testcase classname="backend.tests.test_iteration_181_caribbean_central_america.TestNoteReplyThreading" name="test_note_reply_requires_text_or_emoji" time="0.155" /><testcase classname="backend.tests.test_iteration_181_caribbean_central_america.TestNoteReplyThreading" name="test_note_reply_creates_conversation_message" time="0.524" /><testcase classname="backend.tests.test_iteration_181_caribbean_central_america.TestNoteReplyConversationPreview" name="test_conversation_preview_format" time="0.443" /><testcase classname="backend.tests.test_iteration_181_caribbean_central_america.TestOneSignalConfiguration" name="test_onesignal_env_vars_present" time="0.000" /><testcase classname="backend.tests.test_iteration_181_caribbean_central_america.TestOneSignalConfiguration" name="test_push_notification_fire_and_forget_pattern" time="0.001" /></testsuite></testsuites>