<?xml version="1.0" encoding="utf-8"?><testsuites name="pytest tests"><testsuite name="pytest" errors="0" failures="0" skipped="0" tests="14" time="5.006" timestamp="2026-04-03T01:57:40.912336+00:00" hostname="agent-env-80022ca7-d611-4cb1-b080-4135e2286024"><testcase classname="tests.test_iteration_160_brevard_county_surgical_fix.TestAPIHealth" name="test_api_health" time="0.835" /><testcase classname="tests.test_iteration_160_brevard_county_surgical_fix.TestAPIHealth" name="test_surf_spots_endpoint" time="0.709" /><testcase classname="tests.test_iteration_160_brevard_county_surgical_fix.TestTotalSpotCounts" name="test_total_spot_count" time="0.255" /><testcase classname="tests.test_iteration_160_brevard_county_surgical_fix.TestTotalSpotCounts" name="test_florida_spot_count" time="0.365" /><testcase classname="tests.test_iteration_160_brevard_county_surgical_fix.TestUserSpecifiedBrevardCoordinates" name="test_paradise_beach_exact_coordinates" time="0.282" /><testcase classname="tests.test_iteration_160_brevard_county_surgical_fix.TestUserSpecifiedBrevardCoordinates" name="test_cherie_down_park_exact_coordinates" time="0.328" /><testcase classname="tests.test_iteration_160_brevard_county_surgical_fix.TestUserSpecifiedBrevardCoordinates" name="test_16th_street_south_exact_coordinates" time="0.256" /><testcase classname="tests.test_iteration_160_brevard_county_surgical_fix.TestUserSpecifiedBrevardCoordinates" name="test_lori_wilson_park_exact_coordinates" time="0.323" /><testcase classname="tests.test_iteration_160_brevard_county_surgical_fix.TestUserSpecifiedBrevardCoordinates" name="test_jetty_park_exact_coordinates" time="0.261" /><testcase classname="tests.test_iteration_160_brevard_county_surgical_fix.TestSpaceCoastOffshorePositioning" name="test_space_coast_spots_offshore" time="0.258" /><testcase classname="tests.test_iteration_160_brevard_county_surgical_fix.TestSpaceCoastOffshorePositioning" name="test_brevard_county_spots_not_on_buildings" time="0.256" /><testcase classname="tests.test_iteration_160_brevard_county_surgical_fix.TestAPIPerformance" name="test_surf_spots_response_time" time="0.276" /><testcase classname="tests.test_iteration_160_brevard_county_surgical_fix.TestSurflineIDVerification" name="test_paradise_beach_surfline_id" time="0.254" /><testcase classname="tests.test_iteration_160_brevard_county_surgical_fix.TestSurflineIDVerification" name="test_cherie_down_park_surfline_id" time="0.277" /></testsuite></testsuites>