<?xml version="1.0" encoding="utf-8"?><testsuites name="pytest tests"><testsuite name="pytest" errors="0" failures="0" skipped="0" tests="11" time="11.815" timestamp="2026-03-14T16:00:07.336351+00:00" hostname="agent-env-80022ca7-d611-4cb1-b080-4135e2286024"><testcase classname="backend.tests.test_gps_features.TestGPSCheckIn" name="test_api_health" time="0.171" /><testcase classname="backend.tests.test_gps_features.TestGPSCheckIn" name="test_get_surf_spots_have_images" time="1.787" /><testcase classname="backend.tests.test_gps_features.TestGPSCheckIn" name="test_sebastian_inlet_exists" time="0.966" /><testcase classname="backend.tests.test_gps_features.TestGPSCheckIn" name="test_gps_checkin_finds_nearest_spot" time="1.579" /><testcase classname="backend.tests.test_gps_features.TestGPSCheckIn" name="test_gps_checkin_without_nearby_spot_uses_custom_location" time="0.989" /><testcase classname="backend.tests.test_gps_features.TestGPSCheckIn" name="test_checkin_manual_spot_selection" time="1.967" /><testcase classname="backend.tests.test_gps_features.TestSpotImageAPI" name="test_update_spot_image" time="1.318" /><testcase classname="backend.tests.test_gps_features.TestSpotImageAPI" name="test_update_spot_image_not_found" time="0.286" /><testcase classname="backend.tests.test_gps_features.TestSpotImageAPI" name="test_seed_images_endpoint_exists" time="0.226" /><testcase classname="backend.tests.test_gps_features.TestHaversineDistanceCalculation" name="test_haversine_calculation_accuracy" time="1.900" /><testcase classname="backend.tests.test_gps_features.TestExplorePageImages" name="test_explore_trending_spots_have_images" time="0.560" /></testsuite></testsuites>