<?xml version="1.0" encoding="utf-8"?><testsuites name="pytest tests"><testsuite name="pytest" errors="0" failures="0" skipped="6" tests="16" time="7.400" timestamp="2026-04-02T03:50:45.582256+00:00" hostname="agent-env-80022ca7-d611-4cb1-b080-4135e2286024"><testcase classname="tests.test_booking_invite_admin_console_iter136.TestBookingInviteFeatures" name="test_search_users_endpoint_exists" time="1.155" /><testcase classname="tests.test_booking_invite_admin_console_iter136.TestBookingInviteFeatures" name="test_search_users_requires_query" time="0.171" /><testcase classname="tests.test_booking_invite_admin_console_iter136.TestBookingInviteFeatures" name="test_invite_by_handle_endpoint_exists" time="0.234" /><testcase classname="tests.test_booking_invite_admin_console_iter136.TestBookingInviteFeatures" name="test_join_by_code_endpoint_exists" time="0.244" /><testcase classname="tests.test_booking_invite_admin_console_iter136.TestAdminConsoleRoutes" name="test_admin_stats_endpoint" time="0.378" /><testcase classname="tests.test_booking_invite_admin_console_iter136.TestAdminConsoleRoutes" name="test_admin_users_endpoint" time="0.204" /><testcase classname="tests.test_booking_invite_admin_console_iter136.TestAdminConsoleRoutes" name="test_admin_logs_endpoint" time="0.205" /><testcase classname="tests.test_booking_invite_admin_console_iter136.TestAdminConsoleRoutes" name="test_admin_photographers_endpoint" time="0.323" /><testcase classname="tests.test_booking_invite_admin_console_iter136.TestAdminConsoleRoutes" name="test_admin_active_sessions_endpoint" time="0.303" /><testcase classname="tests.test_booking_invite_admin_console_iter136.TestAuthenticatedAdminFlow" name="test_admin_stats_with_valid_admin" time="0.521"><skipped type="pytest.skip" message="Admin login failed">/app/backend/tests/test_booking_invite_admin_console_iter136.py:159: Admin login failed</skipped></testcase><testcase classname="tests.test_booking_invite_admin_console_iter136.TestAuthenticatedAdminFlow" name="test_admin_users_with_valid_admin" time="0.419"><skipped type="pytest.skip" message="Admin login failed">/app/backend/tests/test_booking_invite_admin_console_iter136.py:173: Admin login failed</skipped></testcase><testcase classname="tests.test_booking_invite_admin_console_iter136.TestAuthenticatedAdminFlow" name="test_admin_logs_with_valid_admin" time="0.424"><skipped type="pytest.skip" message="Admin login failed">/app/backend/tests/test_booking_invite_admin_console_iter136.py:187: Admin login failed</skipped></testcase><testcase classname="tests.test_booking_invite_admin_console_iter136.TestBookingInviteWithAuth" name="test_get_user_bookings" time="0.438"><skipped type="pytest.skip" message="User login failed">/app/backend/tests/test_booking_invite_admin_console_iter136.py:224: User login failed</skipped></testcase><testcase classname="tests.test_booking_invite_admin_console_iter136.TestBookingInviteWithAuth" name="test_get_user_invites" time="0.883"><skipped type="pytest.skip" message="User login failed">/app/backend/tests/test_booking_invite_admin_console_iter136.py:236: User login failed</skipped></testcase><testcase classname="tests.test_booking_invite_admin_console_iter136.TestSurfSpotsEndpoint" name="test_surf_spots_list" time="0.839" /><testcase classname="tests.test_booking_invite_admin_console_iter136.TestNotificationsEndpoint" name="test_get_notifications" time="0.593"><skipped type="pytest.skip" message="User login failed">/app/backend/tests/test_booking_invite_admin_console_iter136.py:279: User login failed</skipped></testcase></testsuite></testsuites>