<?xml version="1.0" encoding="utf-8"?><testsuites name="pytest tests"><testsuite name="pytest" errors="0" failures="0" skipped="2" tests="19" time="7.418" timestamp="2026-04-02T02:43:35.684296+00:00" hostname="agent-env-80022ca7-d611-4cb1-b080-4135e2286024"><testcase classname="backend.tests.test_iteration_133_features.TestStripeIdentityEndpoints" name="test_identity_status_endpoint_exists" time="1.294" /><testcase classname="backend.tests.test_iteration_133_features.TestStripeIdentityEndpoints" name="test_identity_create_session_endpoint_exists" time="0.128" /><testcase classname="backend.tests.test_iteration_133_features.TestStripeWebhookHandlers" name="test_webhook_endpoint_exists" time="0.113" /><testcase classname="backend.tests.test_iteration_133_features.TestStripeWebhookHandlers" name="test_webhook_handles_identity_verification" time="0.107" /><testcase classname="backend.tests.test_iteration_133_features.TestStripeWebhookHandlers" name="test_webhook_handles_subscription_deleted" time="0.119" /><testcase classname="backend.tests.test_iteration_133_features.TestGodModeAuditLog" name="test_audit_log_endpoint_exists" time="0.400" /><testcase classname="backend.tests.test_iteration_133_features.TestGodModeAuditLog" name="test_audit_log_returns_history" time="0.496"><skipped type="pytest.skip" message="Admin login failed - skipping audit log test">/app/backend/tests/test_iteration_133_features.py:170: Admin login failed - skipping audit log test</skipped></testcase><testcase classname="backend.tests.test_iteration_133_features.TestPricingConfigEndpoints" name="test_public_pricing_config" time="0.280" /><testcase classname="backend.tests.test_iteration_133_features.TestPricingConfigEndpoints" name="test_admin_pricing_config" time="0.439"><skipped type="pytest.skip" message="Admin login failed">/app/backend/tests/test_iteration_133_features.py:218: Admin login failed</skipped></testcase><testcase classname="backend.tests.test_iteration_133_features.TestBookingsEndpoint" name="test_user_bookings_endpoint" time="0.524" /><testcase classname="backend.tests.test_iteration_133_features.TestBookingsEndpoint" name="test_user_sessions_endpoint" time="0.268" /><testcase classname="backend.tests.test_iteration_133_features.TestCrewChatsIntegration" name="test_crew_chat_info_endpoint" time="0.425" /><testcase classname="backend.tests.test_iteration_133_features.TestCrewChatsIntegration" name="test_bookings_invites_endpoint" time="0.241" /><testcase classname="backend.tests.test_iteration_133_features.TestMessagesConversations" name="test_conversations_endpoint" time="0.526" /><testcase classname="backend.tests.test_iteration_133_features.TestMessagesConversations" name="test_family_conversations_endpoint" time="0.228" /><testcase classname="backend.tests.test_iteration_133_features.TestExploreEndpoints" name="test_explore_trending" time="0.476" /><testcase classname="backend.tests.test_iteration_133_features.TestExploreEndpoints" name="test_explore_search" time="0.393" /><testcase classname="backend.tests.test_iteration_133_features.TestFeedEndpoints" name="test_posts_endpoint" time="0.666" /><testcase classname="backend.tests.test_iteration_133_features.TestUserProfile" name="test_user_profile_has_ad_supported_flag" time="0.222" /></testsuite></testsuites>