<?xml version="1.0" encoding="utf-8"?><testsuites name="pytest tests"><testsuite name="pytest" errors="0" failures="0" skipped="0" tests="15" time="11.146" timestamp="2026-03-15T02:33:14.086663+00:00" hostname="agent-env-80022ca7-d611-4cb1-b080-4135e2286024"><testcase classname="tests.test_tagged_photo_workflow.TestNotificationsSend" name="test_send_notification_creates_record" time="1.238" /><testcase classname="tests.test_tagged_photo_workflow.TestNotificationsSend" name="test_notification_appears_in_recipient_list" time="0.553" /><testcase classname="tests.test_tagged_photo_workflow.TestNotificationsSend" name="test_send_notification_without_body" time="0.241" /><testcase classname="tests.test_tagged_photo_workflow.TestProfileTaggedEndpoint" name="test_tagged_endpoint_returns_items" time="0.857" /><testcase classname="tests.test_tagged_photo_workflow.TestProfileTaggedEndpoint" name="test_ai_tagged_items_have_required_fields" time="0.417" /><testcase classname="tests.test_tagged_photo_workflow.TestProfileTaggedEndpoint" name="test_new_count_matches_is_new_items" time="0.436" /><testcase classname="tests.test_tagged_photo_workflow.TestMyTaggedPhotos" name="test_my_tagged_photos_returns_data" time="0.385" /><testcase classname="tests.test_tagged_photo_workflow.TestMyTaggedPhotos" name="test_tagged_photos_have_session_pricing_fields" time="0.385" /><testcase classname="tests.test_tagged_photo_workflow.TestMarkPhotoViewed" name="test_mark_photo_viewed_success" time="0.660" /><testcase classname="tests.test_tagged_photo_workflow.TestMarkPhotoViewed" name="test_mark_viewed_is_idempotent" time="0.920" /><testcase classname="tests.test_tagged_photo_workflow.TestMarkPhotoViewed" name="test_mark_viewed_invalid_tag_returns_404" time="0.239" /><testcase classname="tests.test_tagged_photo_workflow.TestGalleryPricing" name="test_gallery_pricing_returns_tiers" time="0.851" /><testcase classname="tests.test_tagged_photo_workflow.TestGalleryPurchase" name="test_purchase_without_credits_fails" time="0.932" /><testcase classname="tests.test_tagged_photo_workflow.TestGalleryPurchase" name="test_purchase_validates_quality_tier" time="0.703" /><testcase classname="tests.test_tagged_photo_workflow.TestEndToEndTaggedPhotoFlow" name="test_create_tag_then_view_clears_badge" time="2.250" /></testsuite></testsuites>