<?xml version="1.0" encoding="utf-8"?><testsuites name="pytest tests"><testsuite name="pytest" errors="0" failures="0" skipped="0" tests="15" time="6.612" timestamp="2026-03-17T02:07:11.013382+00:00" hostname="agent-env-80022ca7-d611-4cb1-b080-4135e2286024"><testcase classname="backend.tests.test_career_hub_stoke_sponsor.TestCareerStats" name="test_get_career_stats_valid_user" time="1.790" /><testcase classname="backend.tests.test_career_hub_stoke_sponsor.TestCareerStats" name="test_get_career_stats_invalid_user" time="0.176" /><testcase classname="backend.tests.test_career_hub_stoke_sponsor.TestCompetitionResults" name="test_get_competition_results" time="0.229" /><testcase classname="backend.tests.test_career_hub_stoke_sponsor.TestCompetitionResults" name="test_add_competition_result" time="0.447" /><testcase classname="backend.tests.test_career_hub_stoke_sponsor.TestCompetitionResults" name="test_add_competition_result_with_missing_fields" time="0.338" /><testcase classname="backend.tests.test_career_hub_stoke_sponsor.TestSponsorships" name="test_get_sponsorships" time="0.226" /><testcase classname="backend.tests.test_career_hub_stoke_sponsor.TestSponsorships" name="test_add_sponsorship" time="0.396" /><testcase classname="backend.tests.test_career_hub_stoke_sponsor.TestSponsorships" name="test_get_sponsorships_includes_all_active" time="0.396" /><testcase classname="backend.tests.test_career_hub_stoke_sponsor.TestStokeSponsorSystem" name="test_get_eligible_surfers" time="0.265" /><testcase classname="backend.tests.test_career_hub_stoke_sponsor.TestStokeSponsorSystem" name="test_get_eligible_surfers_with_tier_filter" time="0.569" /><testcase classname="backend.tests.test_career_hub_stoke_sponsor.TestStokeSponsorSystem" name="test_get_stoke_sponsor_income" time="0.402" /><testcase classname="backend.tests.test_career_hub_stoke_sponsor.TestStokeSponsorSystem" name="test_get_photographer_contributions" time="0.233" /><testcase classname="backend.tests.test_career_hub_stoke_sponsor.TestElitePhotographers" name="test_get_elite_photographers" time="0.227" /><testcase classname="backend.tests.test_career_hub_stoke_sponsor.TestGoldPassSlots" name="test_get_gold_pass_available_slots" time="0.259" /><testcase classname="backend.tests.test_career_hub_stoke_sponsor.TestHealthCheck" name="test_career_api_router_accessible" time="0.604" /></testsuite></testsuites>