<?xml version="1.0" encoding="utf-8"?><testsuites name="pytest tests"><testsuite name="pytest" errors="0" failures="0" skipped="1" tests="13" time="17.836" timestamp="2026-04-07T05:25:00.716456+00:00" hostname="agent-env-80022ca7-d611-4cb1-b080-4135e2286024"><testcase classname="backend.tests.test_pin_post_edit_comment_iter253.TestPinPostToProfile" name="test_get_user_posts_for_pin_test" time="1.705" /><testcase classname="backend.tests.test_pin_post_edit_comment_iter253.TestPinPostToProfile" name="test_pin_post_to_profile" time="0.990" /><testcase classname="backend.tests.test_pin_post_edit_comment_iter253.TestPinPostToProfile" name="test_pin_post_toggle_behavior" time="1.520" /><testcase classname="backend.tests.test_pin_post_edit_comment_iter253.TestPinPostToProfile" name="test_unpin_post_from_profile" time="1.400" /><testcase classname="backend.tests.test_pin_post_edit_comment_iter253.TestPinPostToProfile" name="test_cannot_pin_others_post" time="0.937" /><testcase classname="backend.tests.test_pin_post_edit_comment_iter253.TestPinPostToProfile" name="test_profile_returns_pinned_post_id" time="0.200" /><testcase classname="backend.tests.test_pin_post_edit_comment_iter253.TestEditComment" name="test_create_and_edit_comment" time="2.079" /><testcase classname="backend.tests.test_pin_post_edit_comment_iter253.TestEditComment" name="test_cannot_edit_others_comment" time="2.941"><skipped type="pytest.skip" message="No comments from other users found to test">/app/backend/tests/test_pin_post_edit_comment_iter253.py:267: No comments from other users found to test</skipped></testcase><testcase classname="backend.tests.test_pin_post_edit_comment_iter253.TestEditComment" name="test_edit_comment_empty_content_rejected" time="1.654" /><testcase classname="backend.tests.test_pin_post_edit_comment_iter253.TestEditComment" name="test_comments_return_is_edited_field" time="0.850" /><testcase classname="backend.tests.test_pin_post_edit_comment_iter253.TestCommentAuthorUsername" name="test_comment_response_includes_author_username" time="1.445" /><testcase classname="backend.tests.test_pin_post_edit_comment_iter253.TestCommentAuthorUsername" name="test_get_comments_includes_author_username" time="0.898" /><testcase classname="backend.tests.test_pin_post_edit_comment_iter253.TestPostMenuPinOption" name="test_pin_endpoint_exists" time="1.127" /></testsuite></testsuites>