<?xml version="1.0" encoding="utf-8"?><testsuites name="pytest tests"><testsuite name="pytest" errors="0" failures="0" skipped="0" tests="14" time="8.213" timestamp="2026-03-15T00:41:34.638876+00:00" hostname="agent-env-80022ca7-d611-4cb1-b080-4135e2286024"><testcase classname="backend.tests.test_photographer_bookings.TestPhotographerBookingsAPI" name="test_get_photographer_bookings" time="0.992" /><testcase classname="backend.tests.test_photographer_bookings.TestPhotographerBookingsAPI" name="test_create_booking_session" time="0.402" /><testcase classname="backend.tests.test_photographer_bookings.TestPhotographerBookingsAPI" name="test_create_booking_open_nearby_mode" time="0.452" /><testcase classname="backend.tests.test_photographer_bookings.TestPhotographerBookingsAPI" name="test_update_booking_status" time="0.626" /><testcase classname="backend.tests.test_photographer_bookings.TestPhotographerBookingsAPI" name="test_update_booking_status_invalid" time="0.629" /><testcase classname="backend.tests.test_photographer_bookings.TestLiveSessionsAPI" name="test_get_active_session_none" time="0.213" /><testcase classname="backend.tests.test_photographer_bookings.TestLiveSessionsAPI" name="test_get_live_photographers" time="0.271" /><testcase classname="backend.tests.test_photographer_bookings.TestLiveSessionsAPI" name="test_get_live_photographers_with_coords" time="0.361" /><testcase classname="backend.tests.test_photographer_bookings.TestUserBookingsAPI" name="test_get_all_bookings" time="0.347" /><testcase classname="backend.tests.test_photographer_bookings.TestUserBookingsAPI" name="test_get_user_bookings" time="0.687" /><testcase classname="backend.tests.test_photographer_bookings.TestUserBookingsAPI" name="test_get_user_live_sessions" time="0.185" /><testcase classname="backend.tests.test_photographer_bookings.TestUserBookingsAPI" name="test_get_user_invites" time="0.180" /><testcase classname="backend.tests.test_photographer_bookings.TestJoinByCodeAPI" name="test_join_by_invalid_code" time="0.178" /><testcase classname="backend.tests.test_photographer_bookings.TestCleanup" name="test_cleanup_test_bookings" time="2.607" /></testsuite></testsuites>