<?xml version="1.0" encoding="utf-8"?><testsuites name="pytest tests"><testsuite name="pytest" errors="0" failures="0" skipped="0" tests="16" time="12.183" timestamp="2026-03-14T14:59:00.368304+00:00" hostname="agent-env-80022ca7-d611-4cb1-b080-4135e2286024"><testcase classname="tests.test_credits_messages_notifications.TestCreditsAPI" name="test_health_check" time="0.245" /><testcase classname="tests.test_credits_messages_notifications.TestCreditsAPI" name="test_get_profile_balance" time="1.207" /><testcase classname="tests.test_credits_messages_notifications.TestCreditsAPI" name="test_purchase_credits_creates_stripe_session" time="1.272" /><testcase classname="tests.test_credits_messages_notifications.TestCreditsAPI" name="test_check_credit_status_invalid_session" time="0.317" /><testcase classname="tests.test_credits_messages_notifications.TestMessagesAPI" name="test_get_conversations_empty" time="0.677" /><testcase classname="tests.test_credits_messages_notifications.TestMessagesAPI" name="test_get_conversations_requests_inbox" time="0.545" /><testcase classname="tests.test_credits_messages_notifications.TestMessagesAPI" name="test_send_message_creates_conversation" time="1.289" /><testcase classname="tests.test_credits_messages_notifications.TestMessagesAPI" name="test_get_conversation_messages" time="1.127" /><testcase classname="tests.test_credits_messages_notifications.TestMessagesAPI" name="test_conversation_not_found" time="0.503" /><testcase classname="tests.test_credits_messages_notifications.TestMessagesAPI" name="test_send_message_invalid_recipient" time="0.507" /><testcase classname="tests.test_credits_messages_notifications.TestNotificationsAPI" name="test_get_notifications" time="0.515" /><testcase classname="tests.test_credits_messages_notifications.TestNotificationsAPI" name="test_get_unread_count" time="0.553" /><testcase classname="tests.test_credits_messages_notifications.TestNotificationsAPI" name="test_mark_notification_read" time="0.848" /><testcase classname="tests.test_credits_messages_notifications.TestNotificationsAPI" name="test_mark_all_read" time="0.715" /><testcase classname="tests.test_credits_messages_notifications.TestNotificationsAPI" name="test_mark_invalid_notification_read" time="0.236" /><testcase classname="tests.test_credits_messages_notifications.TestIntegration" name="test_sending_message_creates_notification" time="1.515" /></testsuite></testsuites>