<?xml version="1.0" encoding="utf-8"?><testsuites name="pytest tests"><testsuite name="pytest" errors="0" failures="0" skipped="0" tests="29" time="34.963" timestamp="2026-03-14T20:56:00.674216+00:00" hostname="agent-env-80022ca7-d611-4cb1-b080-4135e2286024"><testcase classname="backend.tests.test_password_auth.TestPasswordLogin" name="test_login_with_correct_password" time="1.140" /><testcase classname="backend.tests.test_password_auth.TestPasswordLogin" name="test_login_with_wrong_password_returns_401" time="1.097" /><testcase classname="backend.tests.test_password_auth.TestPasswordLogin" name="test_login_with_nonexistent_user_returns_404" time="0.252" /><testcase classname="backend.tests.test_password_auth.TestPasswordLogin" name="test_login_requires_password_field" time="0.768" /><testcase classname="backend.tests.test_password_auth.TestPasswordLogin" name="test_signup_stores_hashed_password" time="1.119" /><testcase classname="backend.tests.test_password_auth.TestPasswordLoginAllRoles" name="test_login_surfer_roles" time="5.085" /><testcase classname="backend.tests.test_password_auth.TestPasswordLoginAllRoles" name="test_login_photographer_roles" time="4.603" /><testcase classname="backend.tests.test_password_auth.TestPasswordLoginAllRoles" name="test_login_business_roles" time="5.539" /><testcase classname="backend.tests.test_password_auth.TestLoginResponseFields" name="test_login_returns_required_fields" time="1.111" /><testcase classname="backend.tests.test_auth_signup.TestAPIHealth" name="test_api_root" time="0.119" /><testcase classname="backend.tests.test_auth_signup.TestSurferSignup" name="test_signup_grom" time="1.313" /><testcase classname="backend.tests.test_auth_signup.TestSurferSignup" name="test_signup_grom_without_parent_fails" time="0.233" /><testcase classname="backend.tests.test_auth_signup.TestSurferSignup" name="test_signup_surfer" time="0.646" /><testcase classname="backend.tests.test_auth_signup.TestSurferSignup" name="test_signup_comp_surfer" time="0.626" /><testcase classname="backend.tests.test_auth_signup.TestSurferSignup" name="test_signup_pro_surfer" time="0.632" /><testcase classname="backend.tests.test_auth_signup.TestPhotographerSignup" name="test_signup_photographer" time="0.655" /><testcase classname="backend.tests.test_auth_signup.TestPhotographerSignup" name="test_signup_approved_pro" time="0.633" /><testcase classname="backend.tests.test_auth_signup.TestPhotographerSignup" name="test_signup_grom_parent" time="0.653" /><testcase classname="backend.tests.test_auth_signup.TestPhotographerSignup" name="test_signup_hobbyist" time="0.639" /><testcase classname="backend.tests.test_auth_signup.TestBusinessSignup" name="test_signup_school" time="0.646" /><testcase classname="backend.tests.test_auth_signup.TestBusinessSignup" name="test_signup_coach" time="0.627" /><testcase classname="backend.tests.test_auth_signup.TestBusinessSignup" name="test_signup_resort" time="0.676" /><testcase classname="backend.tests.test_auth_signup.TestBusinessSignup" name="test_signup_destination" time="0.632" /><testcase classname="backend.tests.test_auth_signup.TestBusinessSignup" name="test_signup_shop" time="0.630" /><testcase classname="backend.tests.test_auth_signup.TestBusinessSignup" name="test_signup_shaper" time="0.633" /><testcase classname="backend.tests.test_auth_signup.TestSubscriptionEndpoints" name="test_update_subscription" time="1.412" /><testcase classname="backend.tests.test_auth_signup.TestProOnboarding" name="test_submit_pro_onboarding" time="1.048" /><testcase classname="backend.tests.test_auth_signup.TestProOnboarding" name="test_non_pro_cannot_submit_onboarding" time="0.872" /><testcase classname="backend.tests.test_auth_signup.TestDuplicateEmail" name="test_duplicate_email_fails" time="0.860" /></testsuite></testsuites>