<?xml version="1.0" encoding="utf-8"?><testsuites name="pytest tests"><testsuite name="pytest" errors="0" failures="0" skipped="0" tests="14" time="16.975" timestamp="2026-03-14T21:36:17.931935+00:00" hostname="agent-env-80022ca7-d611-4cb1-b080-4135e2286024"><testcase classname="tests.test_profile_content.TestProfileStats" name="test_profile_stats_endpoint_exists" time="3.008" /><testcase classname="tests.test_profile_content.TestProfilePosts" name="test_profile_posts_endpoint" time="0.764" /><testcase classname="tests.test_profile_content.TestProfileVideos" name="test_profile_videos_endpoint" time="0.814" /><testcase classname="tests.test_profile_content.TestProfileSessionShots" name="test_profile_session_shots_endpoint" time="0.767" /><testcase classname="tests.test_profile_content.TestProfileSaved" name="test_profile_saved_endpoint" time="0.794" /><testcase classname="tests.test_profile_content.TestProfileTagged" name="test_profile_tagged_endpoint" time="0.783" /><testcase classname="tests.test_profile_content.TestSavePostFunctionality" name="test_check_if_saved_endpoint" time="1.195" /><testcase classname="tests.test_profile_content.TestSavePostFunctionality" name="test_save_post_endpoint" time="1.878" /><testcase classname="tests.test_profile_content.TestSavePostFunctionality" name="test_unsave_post_endpoint" time="1.616" /><testcase classname="tests.test_profile_content.TestSavePostFunctionality" name="test_save_and_verify_in_saved_list" time="2.104" /><testcase classname="tests.test_profile_content.TestTagUserInPost" name="test_tag_user_endpoint" time="1.224" /><testcase classname="tests.test_profile_content.TestPaginationSupport" name="test_posts_pagination" time="0.764" /><testcase classname="tests.test_profile_content.TestErrorHandling" name="test_nonexistent_user_stats" time="0.413" /><testcase classname="tests.test_profile_content.TestErrorHandling" name="test_save_nonexistent_post" time="0.770" /></testsuite></testsuites>