<?xml version="1.0" encoding="utf-8"?><testsuites name="pytest tests"><testsuite name="pytest" errors="0" failures="0" skipped="2" tests="13" time="3.518" timestamp="2026-03-16T12:20:36.317903+00:00" hostname="agent-env-80022ca7-d611-4cb1-b080-4135e2286024"><testcase classname="backend.tests.test_xp_rewards_iter56.TestGamificationAPI" name="test_gamification_api_structure" time="1.731" /><testcase classname="backend.tests.test_xp_rewards_iter56.TestGamificationAPI" name="test_award_xp_endpoint" time="0.000"><skipped type="pytest.skip" message="Badge checking has pre-existing model issue: LiveSessionParticipant.payment_status not found">/app/backend/tests/test_xp_rewards_iter56.py:65: Badge checking has pre-existing model issue: LiveSessionParticipant.payment_status not found</skipped></testcase><testcase classname="backend.tests.test_xp_rewards_iter56.TestGamificationAPI" name="test_check_badges_endpoint" time="0.000"><skipped type="pytest.skip" message="Badge checking has pre-existing model issue: LiveSessionParticipant.payment_status not found">/app/backend/tests/test_xp_rewards_iter56.py:86: Badge checking has pre-existing model issue: LiveSessionParticipant.payment_status not found</skipped></testcase><testcase classname="backend.tests.test_xp_rewards_iter56.TestXPTransactionReasons" name="test_xp_transaction_structure" time="0.502" /><testcase classname="backend.tests.test_xp_rewards_iter56.TestReviewXPAward" name="test_review_xp_award_code_verification" time="0.247" /><testcase classname="backend.tests.test_xp_rewards_iter56.TestSessionJoinXPAward" name="test_session_join_xp_code_verification" time="0.005" /><testcase classname="backend.tests.test_xp_rewards_iter56.TestGalleryPurchaseXPAward" name="test_gallery_purchase_xp_code_verification" time="0.006" /><testcase classname="backend.tests.test_xp_rewards_iter56.TestAdminGodModeAccess" name="test_admin_user_has_admin_flag" time="0.240" /><testcase classname="backend.tests.test_xp_rewards_iter56.TestAdminGodModeAccess" name="test_god_mode_route_in_frontend_code" time="0.249" /><testcase classname="backend.tests.test_xp_rewards_iter56.TestAdminGodModeAccess" name="test_god_mode_card_in_settings" time="0.243" /><testcase classname="backend.tests.test_xp_rewards_iter56.TestAdminGodModeAccess" name="test_god_mode_page_exists" time="0.226" /><testcase classname="backend.tests.test_xp_rewards_iter56.TestPersonaContextExists" name="test_persona_context_exists" time="0.000" /><testcase classname="backend.tests.test_xp_rewards_iter56.TestPersonaContextExists" name="test_all_personas_exported" time="0.003" /></testsuite></testsuites>