<?xml version="1.0" encoding="utf-8"?><testsuites name="pytest tests"><testsuite name="pytest" errors="0" failures="0" skipped="0" tests="11" time="11.754" timestamp="2026-04-02T00:13:51.516959+00:00" hostname="agent-env-80022ca7-d611-4cb1-b080-4135e2286024"><testcase classname="backend.tests.test_hobbyist_funnel_ad_toggle_iter127.TestHobbyistConversion" name="test_convert_to_hobbyist_free_tier" time="2.066" /><testcase classname="backend.tests.test_hobbyist_funnel_ad_toggle_iter127.TestHobbyistConversion" name="test_convert_to_hobbyist_basic_tier_returns_checkout_url" time="1.911" /><testcase classname="backend.tests.test_hobbyist_funnel_ad_toggle_iter127.TestHobbyistConversion" name="test_convert_to_hobbyist_invalid_tier" time="0.808" /><testcase classname="backend.tests.test_hobbyist_funnel_ad_toggle_iter127.TestHobbyistConversion" name="test_convert_to_hobbyist_user_not_found" time="0.841" /><testcase classname="backend.tests.test_hobbyist_funnel_ad_toggle_iter127.TestAdFreeToggleLogic" name="test_pay_with_credits_free_tier_sets_ad_supported_true" time="1.373" /><testcase classname="backend.tests.test_hobbyist_funnel_ad_toggle_iter127.TestAdFreeToggleLogic" name="test_pay_with_credits_paid_tier_insufficient_credits" time="0.785" /><testcase classname="backend.tests.test_hobbyist_funnel_ad_toggle_iter127.TestLoginIsAdSupported" name="test_login_includes_is_ad_supported_field" time="0.432" /><testcase classname="backend.tests.test_hobbyist_funnel_ad_toggle_iter127.TestLoginIsAdSupported" name="test_login_new_user_default_is_ad_supported" time="0.992" /><testcase classname="backend.tests.test_hobbyist_funnel_ad_toggle_iter127.TestGromSubscriptionAdToggle" name="test_grom_free_tier_sets_ad_supported_true" time="1.719" /><testcase classname="backend.tests.test_hobbyist_funnel_ad_toggle_iter127.TestSubscriptionTierDefinitions" name="test_surfer_tiers_have_is_ad_supported" time="0.110" /><testcase classname="backend.tests.test_hobbyist_funnel_ad_toggle_iter127.TestSubscriptionTierDefinitions" name="test_account_billing_status_includes_is_ad_supported" time="0.645" /></testsuite></testsuites>