<?xml version="1.0" encoding="utf-8"?><testsuites name="pytest tests"><testsuite name="pytest" errors="0" failures="0" skipped="0" tests="18" time="5.269" timestamp="2026-03-15T14:59:47.106310+00:00" hostname="agent-env-80022ca7-d611-4cb1-b080-4135e2286024"><testcase classname="backend.tests.test_payments_push_iter35.TestPaymentsPackages" name="test_get_packages_returns_200" time="0.139" /><testcase classname="backend.tests.test_payments_push_iter35.TestPaymentsPackages" name="test_packages_returns_three_packages" time="0.117" /><testcase classname="backend.tests.test_payments_push_iter35.TestPaymentsPackages" name="test_small_package_25_dollars" time="0.118" /><testcase classname="backend.tests.test_payments_push_iter35.TestPaymentsPackages" name="test_medium_package_35_dollars" time="0.111" /><testcase classname="backend.tests.test_payments_push_iter35.TestPaymentsPackages" name="test_large_package_50_dollars" time="0.112" /><testcase classname="backend.tests.test_payments_push_iter35.TestPaymentsCheckout" name="test_checkout_with_valid_user" time="1.031" /><testcase classname="backend.tests.test_payments_push_iter35.TestPaymentsCheckout" name="test_checkout_invalid_package" time="0.112" /><testcase classname="backend.tests.test_payments_push_iter35.TestPaymentsCheckout" name="test_checkout_invalid_user" time="0.244" /><testcase classname="backend.tests.test_payments_push_iter35.TestPaymentsCheckout" name="test_checkout_medium_package" time="0.575" /><testcase classname="backend.tests.test_payments_push_iter35.TestPaymentsCheckout" name="test_checkout_large_package" time="0.605" /><testcase classname="backend.tests.test_payments_push_iter35.TestOneSignalConfig" name="test_config_returns_200" time="0.108" /><testcase classname="backend.tests.test_payments_push_iter35.TestOneSignalConfig" name="test_config_returns_app_id" time="0.102" /><testcase classname="backend.tests.test_payments_push_iter35.TestOneSignalConfig" name="test_config_returns_enabled_status" time="0.106" /><testcase classname="backend.tests.test_payments_push_iter35.TestOneSignalSubscribe" name="test_subscribe_new_subscription" time="0.361" /><testcase classname="backend.tests.test_payments_push_iter35.TestOneSignalSubscribe" name="test_subscribe_duplicate_subscription" time="0.603" /><testcase classname="backend.tests.test_payments_push_iter35.TestOneSignalSubscribe" name="test_subscribe_without_token" time="0.301" /><testcase classname="backend.tests.test_payments_push_iter35.TestPaymentHistory" name="test_payment_history_returns_200" time="0.233" /><testcase classname="backend.tests.test_payments_push_iter35.TestPaymentHistory" name="test_payment_history_returns_list" time="0.234" /></testsuite></testsuites>