<?xml version="1.0" encoding="utf-8"?><testsuites name="pytest tests"><testsuite name="pytest" errors="0" failures="2" skipped="0" tests="13" time="3.838" timestamp="2026-03-16T05:19:02.612191+00:00" hostname="agent-env-80022ca7-d611-4cb1-b080-4135e2286024"><testcase classname="tests.test_sessions_dashboard.TestEarningsBreakdownAPI" name="test_earnings_breakdown_returns_200" time="0.328" /><testcase classname="tests.test_sessions_dashboard.TestEarningsBreakdownAPI" name="test_earnings_breakdown_response_structure" time="0.318" /><testcase classname="tests.test_sessions_dashboard.TestEarningsBreakdownAPI" name="test_earnings_breakdown_total_calculation" time="0.299" /><testcase classname="tests.test_sessions_dashboard.TestEarningsBreakdownAPI" name="test_earnings_breakdown_with_days_param" time="0.306" /><testcase classname="tests.test_sessions_dashboard.TestEarningsBreakdownAPI" name="test_earnings_breakdown_invalid_photographer" time="0.251" /><testcase classname="tests.test_sessions_dashboard.TestPhotographerPricingAPI" name="test_pricing_returns_200" time="0.449" /><testcase classname="tests.test_sessions_dashboard.TestPhotographerPricingAPI" name="test_pricing_response_structure" time="0.234" /><testcase classname="tests.test_sessions_dashboard.TestPhotographerPricingAPI" name="test_pricing_invalid_photographer" time="0.235" /><testcase classname="tests.test_sessions_dashboard.TestGalleryPricingAPI" name="test_gallery_pricing_returns_200" time="0.223" /><testcase classname="tests.test_sessions_dashboard.TestGalleryPricingAPI" name="test_gallery_pricing_response_structure" time="0.256" /><testcase classname="tests.test_sessions_dashboard.TestActiveSessionAPI" name="test_active_session_returns_response" time="0.376"><failure message="AssertionError: Expected 200, got 500: Internal Server Error&#10;assert 500 == 200&#10; +  where 500 = &lt;Response [500]&gt;.status_code">tests/test_sessions_dashboard.py:168: in test_active_session_returns_response
    assert response.status_code == 200, f"Expected 200, got {response.status_code}: {response.text}"
E   AssertionError: Expected 200, got 500: Internal Server Error
E   assert 500 == 200
E    +  where 500 = &lt;Response [500]&gt;.status_code</failure></testcase><testcase classname="tests.test_sessions_dashboard.TestActiveSessionAPI" name="test_active_session_invalid_photographer" time="0.229" /><testcase classname="tests.test_sessions_dashboard.TestSessionHistoryAPI" name="test_session_history_returns_200" time="0.261"><failure message="AssertionError: Expected 200, got 500: Internal Server Error&#10;assert 500 == 200&#10; +  where 500 = &lt;Response [500]&gt;.status_code">tests/test_sessions_dashboard.py:186: in test_session_history_returns_200
    assert response.status_code == 200, f"Expected 200, got {response.status_code}: {response.text}"
E   AssertionError: Expected 200, got 500: Internal Server Error
E   assert 500 == 200
E    +  where 500 = &lt;Response [500]&gt;.status_code</failure></testcase></testsuite></testsuites>