<?xml version="1.0" encoding="utf-8"?><testsuites name="pytest tests"><testsuite name="pytest" errors="0" failures="0" skipped="0" tests="19" time="8.796" timestamp="2026-04-07T04:31:51.043144+00:00" hostname="agent-env-80022ca7-d611-4cb1-b080-4135e2286024"><testcase classname="backend.tests.test_new_features_iter250.TestHealthCheck" name="test_api_health" time="0.905" /><testcase classname="backend.tests.test_new_features_iter250.TestComplianceDashboardLocationFraudMap" name="test_dashboard_returns_location_fraud_map_data" time="0.928" /><testcase classname="backend.tests.test_new_features_iter250.TestComplianceDashboardLocationFraudMap" name="test_dashboard_location_fraud_map_data_structure" time="0.763" /><testcase classname="backend.tests.test_new_features_iter250.TestComplianceDashboardLocationFraudMap" name="test_dashboard_requires_admin" time="0.378" /><testcase classname="backend.tests.test_new_features_iter250.TestBulkReviewAppeals" name="test_bulk_review_appeals_endpoint_exists" time="0.220" /><testcase classname="backend.tests.test_new_features_iter250.TestBulkReviewAppeals" name="test_bulk_review_appeals_with_invalid_ids" time="0.313" /><testcase classname="backend.tests.test_new_features_iter250.TestBulkReviewAppeals" name="test_bulk_review_appeals_requires_admin" time="0.239" /><testcase classname="backend.tests.test_new_features_iter250.TestBulkReviewAppeals" name="test_bulk_review_appeals_response_structure" time="0.268" /><testcase classname="backend.tests.test_new_features_iter250.TestPostReactionsDetail" name="test_reactions_detail_nonexistent_post" time="0.238" /><testcase classname="backend.tests.test_new_features_iter250.TestPostReactionsDetail" name="test_reactions_detail_with_existing_post" time="0.930" /><testcase classname="backend.tests.test_new_features_iter250.TestPostReactionsDetail" name="test_reactions_detail_reactor_structure" time="0.964" /><testcase classname="backend.tests.test_new_features_iter250.TestSearchMentions" name="test_search_mentions_endpoint_exists" time="0.239" /><testcase classname="backend.tests.test_new_features_iter250.TestSearchMentions" name="test_search_mentions_requires_query" time="0.129" /><testcase classname="backend.tests.test_new_features_iter250.TestSearchMentions" name="test_search_mentions_response_structure" time="0.238" /><testcase classname="backend.tests.test_new_features_iter250.TestSearchMentions" name="test_search_mentions_limit_parameter" time="0.241" /><testcase classname="backend.tests.test_new_features_iter250.TestSearchMentions" name="test_search_mentions_by_email" time="0.239" /><testcase classname="backend.tests.test_new_features_iter250.TestPostWithMentions" name="test_create_post_with_mentions_schema" time="0.363" /><testcase classname="backend.tests.test_new_features_iter250.TestIntegrationFlow" name="test_full_compliance_dashboard_flow" time="0.889" /><testcase classname="backend.tests.test_new_features_iter250.TestIntegrationFlow" name="test_mention_search_to_post_flow" time="0.203" /></testsuite></testsuites>