<?xml version="1.0" encoding="utf-8"?><testsuites name="pytest tests"><testsuite name="pytest" errors="0" failures="0" skipped="0" tests="15" time="5.215" timestamp="2026-04-01T22:23:17.327835+00:00" hostname="agent-env-80022ca7-d611-4cb1-b080-4135e2286024"><testcase classname="backend.tests.test_subscription_plan_sync_iter124.TestSurferTierPricing" name="test_surfer_account_billing_returns_correct_tiers" time="0.320" /><testcase classname="backend.tests.test_subscription_plan_sync_iter124.TestSurferTierPricing" name="test_surfer_free_tier_price_is_zero" time="0.218" /><testcase classname="backend.tests.test_subscription_plan_sync_iter124.TestSurferTierPricing" name="test_surfer_basic_tier_price_is_4_99" time="0.303" /><testcase classname="backend.tests.test_subscription_plan_sync_iter124.TestSurferTierPricing" name="test_surfer_premium_tier_price_is_14_99" time="0.226" /><testcase classname="backend.tests.test_subscription_plan_sync_iter124.TestSurferTierPricing" name="test_surfer_tier_features_present" time="0.207" /><testcase classname="backend.tests.test_subscription_plan_sync_iter124.TestGromTierPricing" name="test_grom_parent_can_see_grom_tiers_for_linked_groms" time="0.287" /><testcase classname="backend.tests.test_subscription_plan_sync_iter124.TestGromTierPricing" name="test_grom_tier_endpoint_validates_grom_prices" time="0.678" /><testcase classname="backend.tests.test_subscription_plan_sync_iter124.TestTierUpgradeStripeCheckout" name="test_upgrade_to_basic_tier_creates_stripe_checkout" time="0.810" /><testcase classname="backend.tests.test_subscription_plan_sync_iter124.TestTierUpgradeStripeCheckout" name="test_upgrade_to_premium_tier_creates_stripe_checkout" time="0.639" /><testcase classname="backend.tests.test_subscription_plan_sync_iter124.TestTierUpgradeStripeCheckout" name="test_switch_to_free_tier_no_stripe" time="0.243" /><testcase classname="backend.tests.test_subscription_plan_sync_iter124.TestBackendFrontendPriceSync" name="test_backend_surfer_prices_match_frontend_config" time="0.199" /><testcase classname="backend.tests.test_subscription_plan_sync_iter124.TestBackendFrontendPriceSync" name="test_backend_has_gold_pass_for_premium" time="0.249" /><testcase classname="backend.tests.test_subscription_plan_sync_iter124.TestBackendFrontendPriceSync" name="test_backend_has_correct_storage_values" time="0.237" /><testcase classname="backend.tests.test_subscription_plan_sync_iter124.TestRoleSpecificTiers" name="test_surfer_roles_get_surfer_tiers" time="0.261" /><testcase classname="backend.tests.test_subscription_plan_sync_iter124.TestRoleSpecificTiers" name="test_grom_parent_gets_surfer_tiers_for_self" time="0.254" /></testsuite></testsuites>