<?xml version="1.0" encoding="utf-8"?><testsuites name="pytest tests"><testsuite name="pytest" errors="0" failures="0" skipped="0" tests="14" time="2.085" timestamp="2026-03-17T00:38:02.397384+00:00" hostname="agent-env-80022ca7-d611-4cb1-b080-4135e2286024"><testcase classname="tests.test_dispatch_selfie_mobile_selfie.TestDispatchActiveEndpoint" name="test_dispatch_active_returns_active_dispatch_key" time="0.572" /><testcase classname="tests.test_dispatch_selfie_mobile_selfie.TestDispatchGetEndpoint" name="test_dispatch_get_schema_includes_selfie_url" time="0.000" /><testcase classname="tests.test_dispatch_selfie_mobile_selfie.TestDispatchGetEndpoint" name="test_update_selfie_endpoint_exists" time="0.000" /><testcase classname="tests.test_dispatch_selfie_mobile_selfie.TestDispatchRequestModel" name="test_dispatch_request_model_has_selfie_url_field" time="0.000" /><testcase classname="tests.test_dispatch_selfie_mobile_selfie.TestMobileSelfieVisibility" name="test_unified_spot_drawer_has_mobile_sticky_footer" time="0.000" /><testcase classname="tests.test_dispatch_selfie_mobile_selfie.TestMobileSelfieVisibility" name="test_mobile_selfie_button_has_data_testid" time="0.000" /><testcase classname="tests.test_dispatch_selfie_mobile_selfie.TestRequestProSelfieModal" name="test_request_pro_selfie_modal_exists" time="0.000" /><testcase classname="tests.test_dispatch_selfie_mobile_selfie.TestRequestProSelfieModal" name="test_request_pro_selfie_modal_has_surfboard_tip" time="0.000" /><testcase classname="tests.test_dispatch_selfie_mobile_selfie.TestRequestProSelfieModal" name="test_request_pro_selfie_modal_uses_dispatch_update_selfie" time="0.000" /><testcase classname="tests.test_dispatch_selfie_mobile_selfie.TestMapPageIntegration" name="test_map_page_imports_request_pro_selfie_modal" time="0.000" /><testcase classname="tests.test_dispatch_selfie_mobile_selfie.TestMapPageIntegration" name="test_map_page_has_selfie_modal_state" time="0.000" /><testcase classname="tests.test_dispatch_selfie_mobile_selfie.TestMapPageIntegration" name="test_map_page_renders_request_pro_selfie_modal" time="0.000" /><testcase classname="tests.test_dispatch_selfie_mobile_selfie.TestSurfSpotsEndpoint" name="test_surf_spots_returns_data" time="1.019" /><testcase classname="tests.test_dispatch_selfie_mobile_selfie.TestLivePhotographersEndpoint" name="test_live_photographers_endpoint_works" time="0.441" /></testsuite></testsuites>