<?xml version="1.0" encoding="utf-8"?><testsuites name="pytest tests"><testsuite name="pytest" errors="0" failures="0" skipped="0" tests="6" time="4.986" timestamp="2026-04-04T06:49:13.117429+00:00" hostname="agent-env-80022ca7-d611-4cb1-b080-4135e2286024"><testcase classname="backend.tests.test_lineup.TestLineupEndpoints" name="test_01_get_lineups_returns_array" time="1.638" /><testcase classname="backend.tests.test_lineup.TestLineupEndpoints" name="test_02_open_lineup_requires_valid_booking" time="0.687" /><testcase classname="backend.tests.test_lineup.TestLineupEndpoints" name="test_03_join_lineup_requires_valid_booking" time="0.640" /><testcase classname="backend.tests.test_lineup.TestLineupEndpoints" name="test_04_leave_lineup_requires_valid_booking" time="0.673" /><testcase classname="backend.tests.test_lineup.TestLineupEndpoints" name="test_05_lock_lineup_requires_valid_booking" time="0.649" /><testcase classname="backend.tests.test_lineup.TestLineupEndpoints" name="test_06_close_lineup_requires_valid_booking" time="0.635" /></testsuite></testsuites>