<?xml version="1.0" encoding="utf-8"?><testsuites name="pytest tests"><testsuite name="pytest" errors="0" failures="1" skipped="0" tests="10" time="51.147" timestamp="2026-03-15T05:46:20.727955+00:00" hostname="agent-env-80022ca7-d611-4cb1-b080-4135e2286024"><testcase classname="backend.tests.test_gallery_delete_map_fab.TestGalleryDeletionAPIs" name="test_get_photographer_galleries" time="9.047" /><testcase classname="backend.tests.test_gallery_delete_map_fab.TestGalleryDeletionAPIs" name="test_delete_gallery_unauthorized" time="8.798" /><testcase classname="backend.tests.test_gallery_delete_map_fab.TestGalleryDeletionAPIs" name="test_delete_gallery_item_unauthorized" time="7.685" /><testcase classname="backend.tests.test_gallery_delete_map_fab.TestGalleryDeletionAPIs" name="test_gallery_delete_endpoint_exists" time="7.748" /><testcase classname="backend.tests.test_gallery_delete_map_fab.TestGalleryDeletionAPIs" name="test_gallery_item_delete_endpoint_exists" time="8.353" /><testcase classname="backend.tests.test_gallery_delete_map_fab.TestLivePhotographersAPI" name="test_get_live_photographers" time="0.287" /><testcase classname="backend.tests.test_gallery_delete_map_fab.TestSurfSpotAPIs" name="test_get_surf_spots" time="1.165" /><testcase classname="backend.tests.test_gallery_delete_map_fab.TestFeaturedPhotographersAPI" name="test_get_featured_photographers" time="7.450" /><testcase classname="backend.tests.test_gallery_delete_map_fab.TestSettingsPageAPIs" name="test_get_photographer_profile" time="0.124" /><testcase classname="backend.tests.test_gallery_delete_map_fab.TestGalleryItemsAPI" name="test_get_gallery_items_endpoint" time="0.408"><failure message="AssertionError: Expected 200, got 405&#10;assert 405 == 200&#10; +  where 405 = &lt;Response [405]&gt;.status_code">backend/tests/test_gallery_delete_map_fab.py:208: in test_get_gallery_items_endpoint
    assert items_response.status_code == 200, f"Expected 200, got {items_response.status_code}"
E   AssertionError: Expected 200, got 405
E   assert 405 == 200
E    +  where 405 = &lt;Response [405]&gt;.status_code</failure></testcase></testsuite></testsuites>