<?xml version="1.0" encoding="utf-8"?><testsuites name="pytest tests"><testsuite name="pytest" errors="0" failures="0" skipped="0" tests="10" time="8.142" timestamp="2026-04-04T06:22:58.970769+00:00" hostname="agent-env-80022ca7-d611-4cb1-b080-4135e2286024"><testcase classname="backend.tests.test_session_management.TestSessionManagementEndpoints" name="test_share_to_feed_endpoint_exists" time="0.986" /><testcase classname="backend.tests.test_session_management.TestSessionManagementEndpoints" name="test_send_split_requests_endpoint_exists" time="0.745" /><testcase classname="backend.tests.test_session_management.TestSessionManagementEndpoints" name="test_request_join_endpoint_exists" time="0.729" /><testcase classname="backend.tests.test_session_management.TestSessionManagementEndpoints" name="test_share_to_feed_requires_user_id" time="0.506" /><testcase classname="backend.tests.test_session_management.TestSessionManagementEndpoints" name="test_send_split_requests_requires_user_id" time="0.510" /><testcase classname="backend.tests.test_session_management.TestSessionManagementEndpoints" name="test_request_join_requires_user_id" time="0.514" /><testcase classname="backend.tests.test_session_management.TestScheduledTabAPI" name="test_get_user_bookings" time="0.967" /><testcase classname="backend.tests.test_session_management.TestScheduledTabAPI" name="test_get_photographer_directory" time="0.799" /><testcase classname="backend.tests.test_session_management.TestPostModelSessionLogFields" name="test_feed_endpoint_works" time="1.685" /><testcase classname="backend.tests.test_session_management.TestCancelBookingRefundPolicy" name="test_cancel_endpoint_exists" time="0.636" /></testsuite></testsuites>