<?xml version="1.0" encoding="utf-8"?><testsuites name="pytest tests"><testsuite name="pytest" errors="0" failures="0" skipped="0" tests="11" time="8.435" timestamp="2026-04-07T01:33:30.511193+00:00" hostname="agent-env-80022ca7-d611-4cb1-b080-4135e2286024"><testcase classname="backend.tests.test_surfer_gallery_iter246.TestSurferGalleryEndpoints" name="test_main_gallery_endpoint_returns_200" time="1.527" /><testcase classname="backend.tests.test_surfer_gallery_iter246.TestSurferGalleryEndpoints" name="test_main_gallery_stats_structure" time="0.634" /><testcase classname="backend.tests.test_surfer_gallery_iter246.TestSurferGalleryEndpoints" name="test_main_gallery_item_structure" time="0.658" /><testcase classname="backend.tests.test_surfer_gallery_iter246.TestSurferGalleryEndpoints" name="test_claim_queue_endpoint_returns_200" time="0.661" /><testcase classname="backend.tests.test_surfer_gallery_iter246.TestSurferGalleryEndpoints" name="test_claim_queue_item_structure" time="0.597" /><testcase classname="backend.tests.test_surfer_gallery_iter246.TestSurferGalleryEndpoints" name="test_pending_selections_endpoint_returns_200" time="0.627" /><testcase classname="backend.tests.test_surfer_gallery_iter246.TestSurferGalleryEndpoints" name="test_purchase_history_endpoint_returns_200" time="0.695" /><testcase classname="backend.tests.test_surfer_gallery_iter246.TestSurferGalleryEndpoints" name="test_invalid_surfer_id_returns_404" time="0.609" /><testcase classname="backend.tests.test_surfer_gallery_iter246.TestSurferGalleryEndpoints" name="test_gallery_stats_match_item_counts" time="0.620" /><testcase classname="backend.tests.test_surfer_gallery_iter246.TestVisibilityToggle" name="test_visibility_toggle_endpoint_exists" time="0.950" /><testcase classname="backend.tests.test_surfer_gallery_iter246.TestFavoriteToggle" name="test_favorite_toggle_endpoint_exists" time="0.793" /></testsuite></testsuites>