<?xml version="1.0" encoding="utf-8"?><testsuites name="pytest tests"><testsuite name="pytest" errors="0" failures="0" skipped="0" tests="34" time="3.980" timestamp="2026-04-03T02:17:40.006601+00:00" hostname="agent-env-80022ca7-d611-4cb1-b080-4135e2286024"><testcase classname="backend.tests.test_iteration_162_ny_central_america.TestAPIHealth" name="test_api_health" time="0.755" /><testcase classname="backend.tests.test_iteration_162_ny_central_america.TestAPIHealth" name="test_surf_spots_endpoint" time="0.648" /><testcase classname="backend.tests.test_iteration_162_ny_central_america.TestTotalSpotCount" name="test_total_spot_count" time="0.309" /><testcase classname="backend.tests.test_iteration_162_ny_central_america.TestNewYorkSpots" name="test_rockaway_90th_street" time="0.259" /><testcase classname="backend.tests.test_iteration_162_ny_central_america.TestNewYorkSpots" name="test_rockaway_92nd_street" time="0.000" /><testcase classname="backend.tests.test_iteration_162_ny_central_america.TestNewYorkSpots" name="test_ditch_plains" time="0.000" /><testcase classname="backend.tests.test_iteration_162_ny_central_america.TestNewYorkSpots" name="test_long_beach" time="0.000" /><testcase classname="backend.tests.test_iteration_162_ny_central_america.TestNewYorkSpots" name="test_fire_island" time="0.000" /><testcase classname="backend.tests.test_iteration_162_ny_central_america.TestNewYorkSpots" name="test_montauk_point" time="0.000" /><testcase classname="backend.tests.test_iteration_162_ny_central_america.TestNewYorkSpots" name="test_ny_spot_count" time="0.000" /><testcase classname="backend.tests.test_iteration_162_ny_central_america.TestElSalvadorSpots" name="test_punta_roca" time="0.265" /><testcase classname="backend.tests.test_iteration_162_ny_central_america.TestElSalvadorSpots" name="test_sunzal" time="0.000" /><testcase classname="backend.tests.test_iteration_162_ny_central_america.TestElSalvadorSpots" name="test_k59" time="0.000" /><testcase classname="backend.tests.test_iteration_162_ny_central_america.TestElSalvadorSpots" name="test_las_flores" time="0.000" /><testcase classname="backend.tests.test_iteration_162_ny_central_america.TestElSalvadorSpots" name="test_el_salvador_count" time="0.000" /><testcase classname="backend.tests.test_iteration_162_ny_central_america.TestCostaRicaNorthPacific" name="test_witchs_rock" time="0.286" /><testcase classname="backend.tests.test_iteration_162_ny_central_america.TestCostaRicaNorthPacific" name="test_tamarindo" time="0.000" /><testcase classname="backend.tests.test_iteration_162_ny_central_america.TestCostaRicaNorthPacific" name="test_playa_negra" time="0.000" /><testcase classname="backend.tests.test_iteration_162_ny_central_america.TestCostaRicaNorthPacific" name="test_ollies_point" time="0.000" /><testcase classname="backend.tests.test_iteration_162_ny_central_america.TestCostaRicaCentralSouth" name="test_santa_teresa" time="0.255" /><testcase classname="backend.tests.test_iteration_162_ny_central_america.TestCostaRicaCentralSouth" name="test_pavones" time="0.000" /><testcase classname="backend.tests.test_iteration_162_ny_central_america.TestCostaRicaCentralSouth" name="test_jaco_beach" time="0.000" /><testcase classname="backend.tests.test_iteration_162_ny_central_america.TestCostaRicaCentralSouth" name="test_dominical" time="0.000" /><testcase classname="backend.tests.test_iteration_162_ny_central_america.TestCostaRicaCaribbean" name="test_salsa_brava" time="0.267" /><testcase classname="backend.tests.test_iteration_162_ny_central_america.TestCostaRicaCaribbean" name="test_playa_cocles" time="0.000" /><testcase classname="backend.tests.test_iteration_162_ny_central_america.TestCostaRicaCaribbean" name="test_puerto_viejo" time="0.000" /><testcase classname="backend.tests.test_iteration_162_ny_central_america.TestCentralAmericaCluster" name="test_central_america_count" time="0.289" /><testcase classname="backend.tests.test_iteration_162_ny_central_america.TestCentralAmericaCluster" name="test_costa_rica_total" time="0.000" /><testcase classname="backend.tests.test_iteration_162_ny_central_america.TestKeyCoordinates" name="test_ditch_plains_exact" time="0.276" /><testcase classname="backend.tests.test_iteration_162_ny_central_america.TestKeyCoordinates" name="test_punta_roca_exact" time="0.000" /><testcase classname="backend.tests.test_iteration_162_ny_central_america.TestKeyCoordinates" name="test_witchs_rock_exact" time="0.000" /><testcase classname="backend.tests.test_iteration_162_ny_central_america.TestKeyCoordinates" name="test_pavones_exact" time="0.000" /><testcase classname="backend.tests.test_iteration_162_ny_central_america.TestKeyCoordinates" name="test_salsa_brava_exact" time="0.000" /><testcase classname="backend.tests.test_iteration_162_ny_central_america.TestAPIPerformance" name="test_surf_spots_response_time" time="0.260" /></testsuite></testsuites>