<?xml version="1.0" encoding="utf-8"?><testsuites name="pytest tests"><testsuite name="pytest" errors="0" failures="0" skipped="0" tests="15" time="1.391" timestamp="2026-03-19T03:53:26.982526+00:00" hostname="agent-env-80022ca7-d611-4cb1-b080-4135e2286024"><testcase classname="backend.tests.test_credit_refund_redundancy.TestCreditRefundCodeVerification" name="test_refund_logic_exists_in_sessions_route" time="0.001" /><testcase classname="backend.tests.test_credit_refund_redundancy.TestCreditRefundCodeVerification" name="test_refund_transaction_type_is_correct" time="0.000" /><testcase classname="backend.tests.test_credit_refund_redundancy.TestCreditRefundCodeVerification" name="test_refund_notification_is_created" time="0.000" /><testcase classname="backend.tests.test_credit_refund_redundancy.TestFrontendRefundHandling" name="test_frontend_handles_refund_response" time="0.000" /><testcase classname="backend.tests.test_credit_refund_redundancy.TestFrontendRefundHandling" name="test_frontend_updates_user_balance" time="0.000" /><testcase classname="backend.tests.test_credit_refund_redundancy.TestFrontendPaymentUI" name="test_photos_included_shown_in_checkout" time="0.000" /><testcase classname="backend.tests.test_credit_refund_redundancy.TestFrontendPaymentUI" name="test_savings_shown_in_checkout" time="0.000" /><testcase classname="backend.tests.test_credit_refund_redundancy.TestFrontendPaymentUI" name="test_credit_banner_shown_when_user_has_credits" time="0.000" /><testcase classname="backend.tests.test_credit_refund_redundancy.TestJoinSessionEndpoint" name="test_join_session_returns_photos_included" time="1.328" /><testcase classname="backend.tests.test_credit_refund_redundancy.TestJoinSessionEndpoint" name="test_refund_error_format" time="0.000" /><testcase classname="backend.tests.test_credit_refund_redundancy.TestCreditTransactionTypes" name="test_live_session_buyin_type_exists" time="0.000" /><testcase classname="backend.tests.test_credit_refund_redundancy.TestCreditTransactionTypes" name="test_session_join_refund_type_exists" time="0.000" /><testcase classname="backend.tests.test_credit_refund_redundancy.TestRefundLogicStructure" name="test_try_except_block_exists" time="0.000" /><testcase classname="backend.tests.test_credit_refund_redundancy.TestRefundLogicStructure" name="test_payment_processed_flag_exists" time="0.000" /><testcase classname="backend.tests.test_credit_refund_redundancy.TestRefundLogicStructure" name="test_db_rollback_before_refund" time="0.000" /></testsuite></testsuites>