<?xml version="1.0" encoding="utf-8"?><testsuites name="pytest tests"><testsuite name="pytest" errors="0" failures="1" skipped="2" tests="10" time="8.724" timestamp="2026-04-03T20:25:32.120649+00:00" hostname="agent-env-80022ca7-d611-4cb1-b080-4135e2286024"><testcase classname="backend.tests.test_iteration_185_booking_credits.TestPhotographerDirectory" name="test_get_photographer_directory" time="0.868" /><testcase classname="backend.tests.test_iteration_185_booking_credits.TestPhotographerDirectory" name="test_photographer_directory_with_filters" time="0.309" /><testcase classname="backend.tests.test_iteration_185_booking_credits.TestBookingCreationWithCredits" name="test_create_booking_without_credits" time="1.606" /><testcase classname="backend.tests.test_iteration_185_booking_credits.TestBookingCreationWithCredits" name="test_create_booking_with_credits_applied" time="0.170"><skipped type="pytest.skip" message="Could not get user profile: 404">/app/backend/tests/test_iteration_185_booking_credits.py:107: Could not get user profile: 404</skipped></testcase><testcase classname="backend.tests.test_iteration_185_booking_credits.TestBookingCreationWithCredits" name="test_create_booking_insufficient_credits" time="0.302" /><testcase classname="backend.tests.test_iteration_185_booking_credits.TestBookingCreationWithCredits" name="test_create_booking_credits_exceed_price" time="0.122"><skipped type="pytest.skip" message="Could not get user profile">/app/backend/tests/test_iteration_185_booking_credits.py:206: Could not get user profile</skipped></testcase><testcase classname="backend.tests.test_iteration_185_booking_credits.TestBookingNotifications" name="test_booking_creates_notification" time="1.440" /><testcase classname="backend.tests.test_iteration_185_booking_credits.TestImpactZoneCoordinates" name="test_booking_with_gps_coordinates" time="1.912" /><testcase classname="backend.tests.test_iteration_185_booking_credits.TestImpactZoneCoordinates" name="test_booking_with_preset_location" time="1.791" /><testcase classname="backend.tests.test_iteration_185_booking_credits.TestUserCreditBalance" name="test_get_user_credit_balance" time="0.111"><failure message="AssertionError: Expected 200, got 404: {&quot;detail&quot;:&quot;Not Found&quot;}&#10;assert 404 == 200&#10; +  where 404 = &lt;Response [404]&gt;.status_code">backend/tests/test_iteration_185_booking_credits.py:375: in test_get_user_credit_balance
    assert response.status_code == 200, f"Expected 200, got {response.status_code}: {response.text}"
E   AssertionError: Expected 200, got 404: {"detail":"Not Found"}
E   assert 404 == 200
E    +  where 404 = &lt;Response [404]&gt;.status_code</failure></testcase></testsuite></testsuites>