<?xml version="1.0" encoding="utf-8"?><testsuites name="pytest tests"><testsuite name="pytest" errors="0" failures="0" skipped="4" tests="11" time="8.871" timestamp="2026-04-02T01:00:06.967763+00:00" hostname="agent-env-80022ca7-d611-4cb1-b080-4135e2286024"><testcase classname="backend.tests.test_crew_hub_iter128.TestCrewHubEndpoints" name="test_01_crew_hub_status_endpoint_exists" time="1.944" /><testcase classname="backend.tests.test_crew_hub_iter128.TestCrewHubEndpoints" name="test_02_captain_hold_endpoint_exists" time="0.744" /><testcase classname="backend.tests.test_crew_hub_iter128.TestCrewHubEndpoints" name="test_03_update_splits_endpoint_exists" time="0.944" /><testcase classname="backend.tests.test_crew_hub_iter128.TestCrewHubEndpoints" name="test_04_captain_cover_remaining_endpoint_exists" time="0.890" /><testcase classname="backend.tests.test_crew_hub_iter128.TestCrewHubEndpoints" name="test_05_cancel_refund_endpoint_exists" time="1.102" /><testcase classname="backend.tests.test_crew_hub_iter128.TestCrewHubWithNewBooking" name="test_06_create_booking_for_crew_hub_test" time="0.478"><skipped type="pytest.skip" message="Login failed - skipping test">/app/backend/tests/test_crew_hub_iter128.py:249: Login failed - skipping test</skipped></testcase><testcase classname="backend.tests.test_crew_hub_iter128.TestCrewHubWithNewBooking" name="test_07_verify_payment_window_timing" time="0.452"><skipped type="pytest.skip" message="Login failed - skipping test">/app/backend/tests/test_crew_hub_iter128.py:304: Login failed - skipping test</skipped></testcase><testcase classname="backend.tests.test_crew_hub_iter128.TestCrewHubDataValidation" name="test_08_invalid_booking_id_returns_404" time="0.446"><skipped type="pytest.skip" message="Login failed - skipping test">/app/backend/tests/test_crew_hub_iter128.py:356: Login failed - skipping test</skipped></testcase><testcase classname="backend.tests.test_crew_hub_iter128.TestCrewHubDataValidation" name="test_09_non_captain_access_denied" time="0.737" /><testcase classname="backend.tests.test_crew_hub_iter128.TestCrewHubDataValidation" name="test_10_update_splits_validation" time="0.426"><skipped type="pytest.skip" message="Login failed - skipping test">/app/backend/tests/test_crew_hub_iter128.py:384: Login failed - skipping test</skipped></testcase><testcase classname="backend.tests.test_crew_hub_iter128.TestCrewHubRefundFlow" name="test_11_refund_goes_to_credit_balance" time="0.650" /></testsuite></testsuites>