<?xml version="1.0" encoding="utf-8"?><testsuites name="pytest tests"><testsuite name="pytest" errors="0" failures="0" skipped="0" tests="14" time="6.964" timestamp="2026-03-31T01:04:00.058495+00:00" hostname="agent-env-80022ca7-d611-4cb1-b080-4135e2286024"><testcase classname="backend.tests.test_availability_iter89.TestPhotographerAvailability" name="test_get_availability_empty" time="1.123" /><testcase classname="backend.tests.test_availability_iter89.TestPhotographerAvailability" name="test_create_availability_single_date" time="0.589" /><testcase classname="backend.tests.test_availability_iter89.TestPhotographerAvailability" name="test_create_availability_recurring" time="0.313" /><testcase classname="backend.tests.test_availability_iter89.TestPhotographerAvailability" name="test_get_availability_after_create" time="0.241" /><testcase classname="backend.tests.test_availability_iter89.TestPhotographerAvailability" name="test_delete_availability" time="0.569" /><testcase classname="backend.tests.test_availability_iter89.TestSurferAvailableSlots" name="test_get_available_slots_no_availability" time="0.386" /><testcase classname="backend.tests.test_availability_iter89.TestSurferAvailableSlots" name="test_get_available_slots_with_availability" time="0.619" /><testcase classname="backend.tests.test_availability_iter89.TestSurferAvailableSlots" name="test_get_available_slots_invalid_date" time="0.120" /><testcase classname="backend.tests.test_availability_iter89.TestTimePresets" name="test_early_morning_preset" time="0.250" /><testcase classname="backend.tests.test_availability_iter89.TestTimePresets" name="test_evening_preset" time="0.289" /><testcase classname="backend.tests.test_availability_iter89.TestBookingsManagerEndpoints" name="test_get_photographer_bookings" time="0.313" /><testcase classname="backend.tests.test_availability_iter89.TestBookingsManagerEndpoints" name="test_get_photographer_pricing" time="0.266" /><testcase classname="backend.tests.test_availability_iter89.TestBookingsManagerEndpoints" name="test_get_booked_slots" time="0.234" /><testcase classname="backend.tests.test_availability_iter89.TestCleanup" name="test_cleanup_test_availability" time="1.578" /></testsuite></testsuites>