<?xml version="1.0" encoding="utf-8"?><testsuites name="pytest tests"><testsuite name="pytest" errors="0" failures="0" skipped="0" tests="13" time="9.362" timestamp="2026-03-14T15:16:24.487671+00:00" hostname="agent-env-80022ca7-d611-4cb1-b080-4135e2286024"><testcase classname="backend.tests.test_subscription_checkout.TestSubscriptionCheckout" name="test_health_check" time="0.177" /><testcase classname="backend.tests.test_subscription_checkout.TestSubscriptionCheckout" name="test_surfer_free_tier_returns_feed_redirect" time="1.359" /><testcase classname="backend.tests.test_subscription_checkout.TestSubscriptionCheckout" name="test_free_tier_status_returns_completed" time="0.137" /><testcase classname="backend.tests.test_subscription_checkout.TestSubscriptionCheckout" name="test_surfer_basic_tier_creates_stripe_session" time="0.931" /><testcase classname="backend.tests.test_subscription_checkout.TestSubscriptionCheckout" name="test_surfer_premium_tier_creates_stripe_session" time="0.670" /><testcase classname="backend.tests.test_subscription_checkout.TestSubscriptionCheckout" name="test_photographer_basic_tier_creates_stripe_session" time="0.721" /><testcase classname="backend.tests.test_subscription_checkout.TestSubscriptionCheckout" name="test_photographer_premium_tier_creates_stripe_session" time="0.668" /><testcase classname="backend.tests.test_subscription_checkout.TestSubscriptionCheckout" name="test_invalid_tier_returns_400" time="0.131" /><testcase classname="backend.tests.test_subscription_checkout.TestSubscriptionCheckout" name="test_nonexistent_user_returns_404" time="0.278" /><testcase classname="backend.tests.test_subscription_checkout.TestSubscriptionCheckout" name="test_invalid_session_status_returns_404" time="0.323" /><testcase classname="backend.tests.test_subscription_checkout.TestSubscriptionCheckout" name="test_pending_session_returns_unpaid" time="1.119" /><testcase classname="backend.tests.test_subscription_checkout.TestSubscriptionPricing" name="test_surfer_tiers_exist" time="1.520" /><testcase classname="backend.tests.test_subscription_checkout.TestSubscriptionPricing" name="test_photographer_tiers_exist" time="1.258" /></testsuite></testsuites>