<?xml version="1.0" encoding="utf-8"?><testsuites name="pytest tests"><testsuite name="pytest" errors="0" failures="0" skipped="0" tests="11" time="11.534" timestamp="2026-04-01T00:19:55.403101+00:00" hostname="agent-env-80022ca7-d611-4cb1-b080-4135e2286024"><testcase classname="tests.test_stoked_tab_iter106.TestStokedTabAPI" name="test_stoked_endpoint_returns_data_for_surfer" time="1.425" /><testcase classname="tests.test_stoked_tab_iter106.TestStokedTabAPI" name="test_stoked_endpoint_credits_structure" time="1.413" /><testcase classname="tests.test_stoked_tab_iter106.TestStokedTabAPI" name="test_stoked_endpoint_stoke_level_structure" time="1.144" /><testcase classname="tests.test_stoked_tab_iter106.TestStokedTabAPI" name="test_stoked_endpoint_supporters_structure" time="1.294" /><testcase classname="tests.test_stoked_tab_iter106.TestStokedTabAPI" name="test_stoked_endpoint_purchases_structure" time="1.377" /><testcase classname="tests.test_stoked_tab_iter106.TestStokedTabAPI" name="test_stoked_endpoint_credit_uses_structure" time="1.459" /><testcase classname="tests.test_stoked_tab_iter106.TestStokedTabAPI" name="test_stoked_endpoint_not_eligible_for_photographer" time="0.633" /><testcase classname="tests.test_stoked_tab_iter106.TestStokedTabAPI" name="test_stoked_endpoint_returns_404_for_invalid_user" time="0.251" /><testcase classname="tests.test_stoked_tab_iter106.TestStokedTabAPI" name="test_stoked_endpoint_role_flags" time="1.040" /><testcase classname="tests.test_stoked_tab_iter106.TestStokedTabIntegration" name="test_profile_endpoint_exists" time="0.689" /><testcase classname="tests.test_stoked_tab_iter106.TestStokedTabIntegration" name="test_impact_public_endpoint_for_surfer" time="0.732" /></testsuite></testsuites>