<?xml version="1.0" encoding="utf-8"?><testsuites name="pytest tests"><testsuite name="pytest" errors="0" failures="0" skipped="0" tests="12" time="0.742" timestamp="2026-03-31T22:56:41.467217+00:00" hostname="agent-env-80022ca7-d611-4cb1-b080-4135e2286024"><testcase classname="tests.test_social_live_delta_iter105.TestWebSocketStatus" name="test_ws_status_endpoint_returns_connection_counts" time="0.212" /><testcase classname="tests.test_social_live_delta_iter105.TestWebSocketConditionsEndpoint" name="test_ws_conditions_endpoint_exists_in_code" time="0.000" /><testcase classname="tests.test_social_live_delta_iter105.TestWebSocketLiveEndpoint" name="test_ws_live_endpoint_exists_in_code" time="0.000" /><testcase classname="tests.test_social_live_delta_iter105.TestConditionReportsBroadcast" name="test_condition_reports_imports_broadcast_function" time="0.000" /><testcase classname="tests.test_social_live_delta_iter105.TestConditionReportsBroadcast" name="test_condition_reports_broadcast_call_has_correct_data" time="0.000" /><testcase classname="tests.test_social_live_delta_iter105.TestLiveKitBroadcast" name="test_livekit_imports_broadcast_function" time="0.000" /><testcase classname="tests.test_social_live_delta_iter105.TestLiveKitBroadcast" name="test_livekit_broadcasts_on_stream_start" time="0.000" /><testcase classname="tests.test_social_live_delta_iter105.TestLiveKitBroadcast" name="test_livekit_broadcasts_on_stream_end" time="0.000" /><testcase classname="tests.test_social_live_delta_iter105.TestWebSocketManager" name="test_websocket_manager_has_broadcast_functions" time="0.000" /><testcase classname="tests.test_social_live_delta_iter105.TestWebSocketManager" name="test_broadcast_new_condition_report_structure" time="0.000" /><testcase classname="tests.test_social_live_delta_iter105.TestWebSocketManager" name="test_broadcast_live_status_change_structure" time="0.000" /><testcase classname="tests.test_social_live_delta_iter105.TestLiveKitActiveStreams" name="test_active_streams_endpoint" time="0.470" /></testsuite></testsuites>