<?xml version="1.0" encoding="utf-8"?><testsuites name="pytest tests"><testsuite name="pytest" errors="0" failures="0" skipped="0" tests="20" time="16.848" timestamp="2026-03-15T02:04:40.579454+00:00" hostname="agent-env-80022ca7-d611-4cb1-b080-4135e2286024"><testcase classname="backend.tests.test_photographer_workflow_notifications.TestSurfSpotDropdownData" name="test_get_surf_spots_for_dropdown" time="1.938" /><testcase classname="backend.tests.test_photographer_workflow_notifications.TestPhotographerGoLiveEndSession" name="test_get_active_session_when_not_live" time="0.587" /><testcase classname="backend.tests.test_photographer_workflow_notifications.TestPhotographerGoLiveEndSession" name="test_go_live_requires_surf_spot" time="1.537" /><testcase classname="backend.tests.test_photographer_workflow_notifications.TestPhotographerGoLiveEndSession" name="test_end_session_creates_gallery" time="1.127" /><testcase classname="backend.tests.test_photographer_workflow_notifications.TestGalleryPhotoUpload" name="test_get_photographer_galleries" time="0.529" /><testcase classname="backend.tests.test_photographer_workflow_notifications.TestGalleryPhotoUpload" name="test_add_item_to_gallery" time="0.986" /><testcase classname="backend.tests.test_photographer_workflow_notifications.TestGalleryPhotoUpload" name="test_create_gallery_item_directly" time="0.411" /><testcase classname="backend.tests.test_photographer_workflow_notifications.TestAITaggingSuggestTags" name="test_suggest_tags_endpoint" time="5.241" /><testcase classname="backend.tests.test_photographer_workflow_notifications.TestAITaggingSuggestTags" name="test_suggest_tags_no_image" time="0.125" /><testcase classname="backend.tests.test_photographer_workflow_notifications.TestAITaggingConfirmTags" name="test_confirm_tags_creates_notification" time="0.914" /><testcase classname="backend.tests.test_photographer_workflow_notifications.TestAITaggingConfirmTags" name="test_confirm_tags_invalid_gallery_item" time="0.236" /><testcase classname="backend.tests.test_photographer_workflow_notifications.TestNotificationsPhotoTagged" name="test_get_notifications_for_user" time="0.284" /><testcase classname="backend.tests.test_photographer_workflow_notifications.TestNotificationsPhotoTagged" name="test_photo_tagged_notification_has_correct_data" time="0.240" /><testcase classname="backend.tests.test_photographer_workflow_notifications.TestNotificationsPhotoTagged" name="test_get_unread_notification_count" time="0.287" /><testcase classname="backend.tests.test_photographer_workflow_notifications.TestMyTaggedPhotos" name="test_get_my_tagged_photos" time="0.362" /><testcase classname="backend.tests.test_photographer_workflow_notifications.TestFindBuddiesSkillFiltering" name="test_get_nearby_bookings_basic" time="0.453" /><testcase classname="backend.tests.test_photographer_workflow_notifications.TestFindBuddiesSkillFiltering" name="test_filter_by_skill_level_beginner" time="0.394" /><testcase classname="backend.tests.test_photographer_workflow_notifications.TestFindBuddiesSkillFiltering" name="test_filter_by_skill_level_intermediate" time="0.393" /><testcase classname="backend.tests.test_photographer_workflow_notifications.TestFindBuddiesSkillFiltering" name="test_filter_by_skill_level_advanced" time="0.354" /><testcase classname="backend.tests.test_photographer_workflow_notifications.TestFindBuddiesSkillFiltering" name="test_filter_by_skill_level_expert" time="0.367" /></testsuite></testsuites>