<?xml version="1.0" encoding="utf-8"?><testsuites name="pytest tests"><testsuite name="pytest" errors="0" failures="0" skipped="0" tests="17" time="25.386" timestamp="2026-03-14T16:18:40.149606+00:00" hostname="agent-env-80022ca7-d611-4cb1-b080-4135e2286024"><testcase classname="backend.tests.test_surf_conditions_reports.TestSurfConditionsAPI" name="test_api_health" time="0.243" /><testcase classname="backend.tests.test_surf_conditions_reports.TestSurfConditionsAPI" name="test_get_surf_spots_list" time="1.812" /><testcase classname="backend.tests.test_surf_conditions_reports.TestSurfConditionsAPI" name="test_get_single_spot_conditions" time="1.866" /><testcase classname="backend.tests.test_surf_conditions_reports.TestSurfConditionsAPI" name="test_conditions_include_all_required_fields" time="1.736" /><testcase classname="backend.tests.test_surf_conditions_reports.TestSurfConditionsAPI" name="test_batch_conditions_api" time="2.975" /><testcase classname="backend.tests.test_surf_conditions_reports.TestSurfConditionsAPI" name="test_batch_conditions_empty_param" time="0.121" /><testcase classname="backend.tests.test_surf_conditions_reports.TestSurfConditionsAPI" name="test_conditions_label_mapping" time="2.843" /><testcase classname="backend.tests.test_surf_conditions_reports.TestSurfConditionsAPI" name="test_conditions_invalid_spot_id" time="0.248" /><testcase classname="backend.tests.test_surf_conditions_reports.TestUserSurfReportsAPI" name="test_create_surf_report" time="1.709" /><testcase classname="backend.tests.test_surf_conditions_reports.TestUserSurfReportsAPI" name="test_create_surf_report_minimal" time="1.396" /><testcase classname="backend.tests.test_surf_conditions_reports.TestUserSurfReportsAPI" name="test_create_surf_report_invalid_user" time="1.184" /><testcase classname="backend.tests.test_surf_conditions_reports.TestUserSurfReportsAPI" name="test_create_surf_report_invalid_spot" time="0.269" /><testcase classname="backend.tests.test_surf_conditions_reports.TestUserSurfReportsAPI" name="test_get_todays_reports" time="1.325" /><testcase classname="backend.tests.test_surf_conditions_reports.TestUserSurfReportsAPI" name="test_get_spot_reports" time="1.384" /><testcase classname="backend.tests.test_surf_conditions_reports.TestConditionsLabelLogic" name="test_label_calculation_via_batch" time="3.978" /><testcase classname="backend.tests.test_surf_conditions_reports.TestAtlanticBeachReport" name="test_find_atlantic_beach_spot" time="0.971" /><testcase classname="backend.tests.test_surf_conditions_reports.TestAtlanticBeachReport" name="test_atlantic_beach_has_reports" time="1.243" /></testsuite></testsuites>