<?xml version="1.0" encoding="utf-8"?><testsuites name="pytest tests"><testsuite name="pytest" errors="0" failures="0" skipped="0" tests="19" time="11.737" timestamp="2026-04-10T05:34:41.091291+00:00" hostname="agent-env-80022ca7-d611-4cb1-b080-4135e2286024"><testcase classname="backend.tests.test_live_session_features_iter281.TestEndSessionFunctionality" name="test_end_session_when_not_live" time="0.237" /><testcase classname="backend.tests.test_live_session_features_iter281.TestEndSessionFunctionality" name="test_end_session_idempotency" time="0.403" /><testcase classname="backend.tests.test_live_session_features_iter281.TestCompletePaymentIdempotency" name="test_complete_payment_invalid_session" time="0.367" /><testcase classname="backend.tests.test_live_session_features_iter281.TestCompletePaymentIdempotency" name="test_complete_payment_endpoint_exists" time="0.097" /><testcase classname="backend.tests.test_live_session_features_iter281.TestLiveParticipantsWithSelfies" name="test_get_live_participants_structure" time="0.209" /><testcase classname="backend.tests.test_live_session_features_iter281.TestLiveParticipantsWithSelfies" name="test_live_participants_when_not_live" time="0.207" /><testcase classname="backend.tests.test_live_session_features_iter281.TestPhotographerNotes" name="test_update_notes_invalid_participant" time="0.250" /><testcase classname="backend.tests.test_live_session_features_iter281.TestPhotographerNotes" name="test_notes_endpoint_exists" time="0.248" /><testcase classname="backend.tests.test_live_session_features_iter281.TestGoLiveFunctionality" name="test_go_live_endpoint_exists" time="1.550" /><testcase classname="backend.tests.test_live_session_features_iter281.TestGoLiveFunctionality" name="test_go_live_requires_spot_or_location" time="2.218" /><testcase classname="backend.tests.test_live_session_features_iter281.TestBookingParticipantSelfie" name="test_participant_selfie_endpoint_exists" time="0.293" /><testcase classname="backend.tests.test_live_session_features_iter281.TestBookingParticipantSelfie" name="test_participant_selfie_invalid_booking" time="0.201" /><testcase classname="backend.tests.test_live_session_features_iter281.TestProfileIdentificationFields" name="test_get_profile_has_identification_fields" time="0.385" /><testcase classname="backend.tests.test_live_session_features_iter281.TestProfileIdentificationFields" name="test_update_profile_identification_fields" time="1.232" /><testcase classname="backend.tests.test_live_session_features_iter281.TestGallerySyncService" name="test_active_session_endpoint" time="0.220" /><testcase classname="backend.tests.test_live_session_features_iter281.TestGallerySyncService" name="test_session_history_endpoint" time="0.438" /><testcase classname="backend.tests.test_live_session_features_iter281.TestFullGoLiveEndSessionCycle" name="test_full_cycle" time="2.708" /><testcase classname="backend.tests.test_live_session_features_iter281.TestPhotographerPricing" name="test_get_pricing" time="0.204" /><testcase classname="backend.tests.test_live_session_features_iter281.TestPhotographerPricing" name="test_get_gallery_pricing" time="0.207" /></testsuite></testsuites>