<?xml version="1.0" encoding="utf-8"?><testsuites name="pytest tests"><testsuite name="pytest" errors="0" failures="0" skipped="0" tests="11" time="134.977" timestamp="2026-04-02T23:49:49.732188+00:00" hostname="agent-env-80022ca7-d611-4cb1-b080-4135e2286024"><testcase classname="tests.test_iteration_154_offshore_coordinates.TestFloridaOffshoreCoordinates" name="test_api_health" time="0.815" /><testcase classname="tests.test_iteration_154_offshore_coordinates.TestFloridaOffshoreCoordinates" name="test_daytona_beach_coordinates" time="13.534" /><testcase classname="tests.test_iteration_154_offshore_coordinates.TestFloridaOffshoreCoordinates" name="test_daytona_beach_shores_coordinates" time="13.473" /><testcase classname="tests.test_iteration_154_offshore_coordinates.TestFloridaOffshoreCoordinates" name="test_ormond_beach_coordinates" time="13.448" /><testcase classname="tests.test_iteration_154_offshore_coordinates.TestFloridaOffshoreCoordinates" name="test_cocoa_beach_pier_coordinates" time="13.600" /><testcase classname="tests.test_iteration_154_offshore_coordinates.TestFloridaOffshoreCoordinates" name="test_jetty_park_coordinates" time="13.442" /><testcase classname="tests.test_iteration_154_offshore_coordinates.TestFloridaOffshoreCoordinates" name="test_sebastian_inlet_coordinates" time="13.293" /><testcase classname="tests.test_iteration_154_offshore_coordinates.TestFloridaOffshoreCoordinates" name="test_jacksonville_beach_pier_coordinates" time="13.220" /><testcase classname="tests.test_iteration_154_offshore_coordinates.TestFloridaOffshoreCoordinates" name="test_miami_south_beach_coordinates" time="13.377" /><testcase classname="tests.test_iteration_154_offshore_coordinates.TestFloridaOffshoreCoordinates" name="test_all_florida_spots_offshore" time="13.351" /><testcase classname="tests.test_iteration_154_offshore_coordinates.TestSpecificCoordinateValues" name="test_expected_coordinates_summary" time="13.358" /></testsuite></testsuites>