<?xml version="1.0" encoding="utf-8"?><testsuites name="pytest tests"><testsuite name="pytest" errors="0" failures="0" skipped="0" tests="5" time="4.859" timestamp="2026-03-19T02:57:00.349380+00:00" hostname="agent-env-80022ca7-d611-4cb1-b080-4135e2286024"><testcase classname="backend.tests.test_on_demand_photos_included.TestGalleryPricingAPI" name="test_gallery_pricing_returns_on_demand_photos_included" time="1.464" /><testcase classname="backend.tests.test_on_demand_photos_included.TestGalleryPricingAPI" name="test_gallery_pricing_accepts_on_demand_photos_included" time="0.757" /><testcase classname="backend.tests.test_on_demand_photos_included.TestOnDemandSettingsAPI" name="test_on_demand_settings_returns_on_demand_photos_included" time="0.311" /><testcase classname="backend.tests.test_on_demand_photos_included.TestOnDemandSettingsAPI" name="test_on_demand_settings_accepts_on_demand_photos_included" time="0.555" /><testcase classname="backend.tests.test_on_demand_photos_included.TestPhotosIncludedCrossBothAPIs" name="test_field_sync_between_apis" time="1.715" /></testsuite></testsuites>