<?xml version="1.0" encoding="utf-8"?><testsuites name="pytest tests"><testsuite name="pytest" errors="0" failures="0" skipped="0" tests="9" time="3.875" timestamp="2026-04-03T23:18:25.462451+00:00" hostname="agent-env-80022ca7-d611-4cb1-b080-4135e2286024"><testcase classname="backend.tests.test_crew_split_endpoints.TestUserSearchEndpoints" name="test_user_search_endpoint_exists" time="0.264" /><testcase classname="backend.tests.test_crew_split_endpoints.TestUserSearchEndpoints" name="test_user_search_requires_min_query_length" time="0.125" /><testcase classname="backend.tests.test_crew_split_endpoints.TestUserSearchEndpoints" name="test_user_search_returns_user_fields" time="0.273" /><testcase classname="backend.tests.test_crew_split_endpoints.TestRecentBuddiesEndpoint" name="test_recent_buddies_endpoint_exists" time="0.289" /><testcase classname="backend.tests.test_crew_split_endpoints.TestFollowingEndpoint" name="test_following_endpoint_exists" time="0.236" /><testcase classname="backend.tests.test_crew_split_endpoints.TestSendCrewRequestsEndpoint" name="test_send_crew_requests_requires_booking_id" time="0.283" /><testcase classname="backend.tests.test_crew_split_endpoints.TestSendCrewRequestsEndpoint" name="test_send_crew_requests_endpoint_structure" time="0.113" /><testcase classname="backend.tests.test_crew_split_endpoints.TestBookingCreationWithCrew" name="test_booking_create_accepts_crew_members" time="1.979" /><testcase classname="backend.tests.test_crew_split_endpoints.TestGroupDiscountCalculation" name="test_photographer_has_group_discount_fields" time="0.252" /></testsuite></testsuites>