<?xml version="1.0" encoding="utf-8"?><testsuites name="pytest tests"><testsuite name="pytest" errors="0" failures="0" skipped="0" tests="22" time="27.617" timestamp="2026-03-14T16:42:06.299492+00:00" hostname="agent-env-80022ca7-d611-4cb1-b080-4135e2286024"><testcase classname="tests.test_p0_alerts_push_tides.TestAPIHealth" name="test_api_root_returns_active" time="0.230" /><testcase classname="tests.test_p0_alerts_push_tides.TestPushNotifications" name="test_vapid_key_endpoint_returns_public_key" time="0.161" /><testcase classname="tests.test_p0_alerts_push_tides.TestPushNotifications" name="test_push_subscribe_creates_subscription" time="1.245" /><testcase classname="tests.test_p0_alerts_push_tides.TestPushNotifications" name="test_push_unsubscribe_removes_subscription" time="0.650" /><testcase classname="tests.test_p0_alerts_push_tides.TestSurfAlerts" name="test_get_user_alerts_empty" time="1.379" /><testcase classname="tests.test_p0_alerts_push_tides.TestSurfAlerts" name="test_create_surf_alert" time="2.998" /><testcase classname="tests.test_p0_alerts_push_tides.TestSurfAlerts" name="test_get_user_alerts_returns_alerts" time="1.339" /><testcase classname="tests.test_p0_alerts_push_tides.TestSurfAlerts" name="test_update_surf_alert" time="1.989" /><testcase classname="tests.test_p0_alerts_push_tides.TestSurfAlerts" name="test_create_alert_duplicate_fails" time="1.655" /><testcase classname="tests.test_p0_alerts_push_tides.TestSurfAlerts" name="test_create_alert_invalid_user_fails" time="1.263" /><testcase classname="tests.test_p0_alerts_push_tides.TestSurfAlerts" name="test_create_alert_invalid_spot_fails" time="1.276" /><testcase classname="tests.test_p0_alerts_push_tides.TestTideData" name="test_tides_endpoint_returns_noaa_data" time="1.630" /><testcase classname="tests.test_p0_alerts_push_tides.TestTideData" name="test_tides_current_status_is_valid" time="1.377" /><testcase classname="tests.test_p0_alerts_push_tides.TestTideData" name="test_tides_station_mapping_by_region" time="1.780" /><testcase classname="tests.test_p0_alerts_push_tides.TestTideData" name="test_tides_invalid_spot_fails" time="1.235" /><testcase classname="tests.test_p0_alerts_push_tides.TestConditionsWithTides" name="test_conditions_endpoint_returns_wave_data" time="1.821" /><testcase classname="tests.test_p0_alerts_push_tides.TestConditionsWithTides" name="test_conditions_label_mapping" time="1.797" /><testcase classname="tests.test_p0_alerts_push_tides.TestAlertChecking" name="test_alert_check_endpoint_exists" time="1.160" /><testcase classname="tests.test_p0_alerts_push_tides.TestAlertDeletion" name="test_delete_surf_alert" time="0.292" /><testcase classname="tests.test_p0_alerts_push_tides.TestAlertDeletion" name="test_delete_nonexistent_alert_fails" time="0.240" /><testcase classname="tests.test_p0_alerts_push_tides.TestSurfSpotsIntegration" name="test_surf_spots_returns_list" time="1.008" /><testcase classname="tests.test_p0_alerts_push_tides.TestSurfSpotsIntegration" name="test_surf_spots_have_images" time="1.001" /></testsuite></testsuites>