<?xml version="1.0" encoding="utf-8"?><testsuites name="pytest tests"><testsuite name="pytest" errors="0" failures="0" skipped="0" tests="11" time="4.677" timestamp="2026-03-31T00:47:49.203627+00:00" hostname="agent-env-80022ca7-d611-4cb1-b080-4135e2286024"><testcase classname="tests.test_bookings_manager_iter88.TestPhotographerPricingEndpoint" name="test_pricing_endpoint_returns_200" time="1.314" /><testcase classname="tests.test_bookings_manager_iter88.TestPhotographerPricingEndpoint" name="test_pricing_contains_price_per_additional_surfer" time="0.239" /><testcase classname="tests.test_bookings_manager_iter88.TestPhotographerPricingEndpoint" name="test_pricing_contains_booking_hourly_rate" time="0.221" /><testcase classname="tests.test_bookings_manager_iter88.TestPhotographerPricingEndpoint" name="test_pricing_contains_resolution_pricing" time="0.221" /><testcase classname="tests.test_bookings_manager_iter88.TestPhotographerPricingEndpoint" name="test_pricing_contains_photos_included" time="0.215" /><testcase classname="tests.test_bookings_manager_iter88.TestBookedSlotsEndpoint" name="test_booked_slots_endpoint_returns_200" time="0.296" /><testcase classname="tests.test_bookings_manager_iter88.TestBookedSlotsEndpoint" name="test_booked_slots_returns_array" time="0.219" /><testcase classname="tests.test_bookings_manager_iter88.TestBookedSlotsEndpoint" name="test_booked_slots_invalid_date_format" time="0.111" /><testcase classname="tests.test_bookings_manager_iter88.TestPhotographerBookingsEndpoint" name="test_bookings_endpoint_returns_200" time="0.314" /><testcase classname="tests.test_bookings_manager_iter88.TestPhotographerBookingsEndpoint" name="test_bookings_returns_array" time="0.241" /><testcase classname="tests.test_bookings_manager_iter88.TestUpdatePricingEndpoint" name="test_update_price_per_additional_surfer" time="1.224" /></testsuite></testsuites>