<?xml version="1.0" encoding="utf-8"?><testsuites name="pytest tests"><testsuite name="pytest" errors="0" failures="0" skipped="0" tests="14" time="4.027" timestamp="2026-04-08T01:58:20.098708+00:00" hostname="agent-env-80022ca7-d611-4cb1-b080-4135e2286024"><testcase classname="backend.tests.test_hashtag_autocomplete_iter260.TestHashtagSuggestAPI" name="test_suggest_hashtags_with_query_sur" time="0.550" /><testcase classname="backend.tests.test_hashtag_autocomplete_iter260.TestHashtagSuggestAPI" name="test_suggest_hashtags_with_query_wave" time="0.272" /><testcase classname="backend.tests.test_hashtag_autocomplete_iter260.TestHashtagSuggestAPI" name="test_suggest_hashtags_sorted_by_popularity" time="0.245" /><testcase classname="backend.tests.test_hashtag_autocomplete_iter260.TestHashtagSuggestAPI" name="test_suggest_hashtags_limit_parameter" time="0.241" /><testcase classname="backend.tests.test_hashtag_autocomplete_iter260.TestHashtagSuggestAPI" name="test_suggest_hashtags_no_results" time="0.225" /><testcase classname="backend.tests.test_hashtag_autocomplete_iter260.TestHashtagSuggestAPI" name="test_suggest_hashtags_case_insensitive" time="0.444" /><testcase classname="backend.tests.test_hashtag_autocomplete_iter260.TestHashtagTrendingAPI" name="test_trending_hashtags_returns_list" time="0.250" /><testcase classname="backend.tests.test_hashtag_autocomplete_iter260.TestHashtagTrendingAPI" name="test_trending_hashtags_structure" time="0.223" /><testcase classname="backend.tests.test_hashtag_autocomplete_iter260.TestHashtagTrendingAPI" name="test_trending_hashtags_sorted_by_post_count" time="0.209" /><testcase classname="backend.tests.test_hashtag_autocomplete_iter260.TestHashtagTrendingAPI" name="test_trending_hashtags_limit_parameter" time="0.216" /><testcase classname="backend.tests.test_hashtag_autocomplete_iter260.TestHashtagTrendingAPI" name="test_trending_hashtags_days_parameter" time="0.209" /><testcase classname="backend.tests.test_hashtag_autocomplete_iter260.TestHashtagTrendingAPI" name="test_trending_hashtags_seeded_data" time="0.241" /><testcase classname="backend.tests.test_hashtag_autocomplete_iter260.TestHashtagPostsAPI" name="test_get_posts_by_hashtag" time="0.373" /><testcase classname="backend.tests.test_hashtag_autocomplete_iter260.TestHashtagPostsAPI" name="test_get_posts_by_hashtag_with_hash_prefix" time="0.251" /></testsuite></testsuites>