<?xml version="1.0" encoding="utf-8"?><testsuites name="pytest tests"><testsuite name="pytest" errors="0" failures="0" skipped="0" tests="13" time="14.418" timestamp="2026-04-03T21:02:21.459206+00:00" hostname="agent-env-80022ca7-d611-4cb1-b080-4135e2286024"><testcase classname="backend.tests.test_iteration_187_p1_features.TestStripeBookingIntegration" name="test_create_booking_with_stripe_returns_checkout_url" time="1.584" /><testcase classname="backend.tests.test_iteration_187_p1_features.TestStripeBookingIntegration" name="test_create_booking_with_stripe_applies_credits" time="0.512" /><testcase classname="backend.tests.test_iteration_187_p1_features.TestBookingPaymentSuccess" name="test_payment_success_requires_session_id" time="0.104" /><testcase classname="backend.tests.test_iteration_187_p1_features.TestBookingPaymentSuccess" name="test_payment_success_with_invalid_session" time="0.240" /><testcase classname="backend.tests.test_iteration_187_p1_features.TestBookingDetailsUpdate" name="test_update_booking_location" time="1.940" /><testcase classname="backend.tests.test_iteration_187_p1_features.TestBookingDetailsUpdate" name="test_update_booking_date_and_duration" time="1.543" /><testcase classname="backend.tests.test_iteration_187_p1_features.TestBookingDetailsUpdate" name="test_update_booking_max_participants" time="1.593" /><testcase classname="backend.tests.test_iteration_187_p1_features.TestBookingStatusUpdate" name="test_confirm_booking" time="1.605" /><testcase classname="backend.tests.test_iteration_187_p1_features.TestBookingStatusUpdate" name="test_cancel_booking" time="1.499" /><testcase classname="backend.tests.test_iteration_187_p1_features.TestBookingStatusUpdate" name="test_invalid_status_rejected" time="1.337" /><testcase classname="backend.tests.test_iteration_187_p1_features.TestSchedulerJobRegistration" name="test_scheduler_endpoint_exists" time="1.021" /><testcase classname="backend.tests.test_iteration_187_p1_features.TestPhotographerBookingsEndpoints" name="test_get_photographer_bookings" time="0.551" /><testcase classname="backend.tests.test_iteration_187_p1_features.TestPhotographerBookingsEndpoints" name="test_get_booking_details" time="0.803" /></testsuite></testsuites>