<?xml version="1.0" encoding="utf-8"?><testsuites name="pytest tests"><testsuite name="pytest" errors="0" failures="0" skipped="0" tests="13" time="5.420" timestamp="2026-04-01T18:26:36.210774+00:00" hostname="agent-env-80022ca7-d611-4cb1-b080-4135e2286024"><testcase classname="backend.tests.test_delta_features_iter113.TestFamilyActivityFeed" name="test_family_activity_feed_returns_200" time="1.488" /><testcase classname="backend.tests.test_delta_features_iter113.TestFamilyActivityFeed" name="test_family_activity_feed_structure" time="0.324" /><testcase classname="backend.tests.test_delta_features_iter113.TestFamilyActivityFeed" name="test_family_activity_feed_with_specific_grom" time="0.366" /><testcase classname="backend.tests.test_delta_features_iter113.TestFamilyActivityFeed" name="test_family_activity_feed_invalid_parent" time="0.214" /><testcase classname="backend.tests.test_delta_features_iter113.TestVerifyAgeComplete" name="test_verify_age_complete_endpoint_exists" time="0.459" /><testcase classname="backend.tests.test_delta_features_iter113.TestVerifyAgeComplete" name="test_age_verification_status" time="0.212" /><testcase classname="backend.tests.test_delta_features_iter113.TestGoldPassBookingWindow" name="test_gold_pass_slot_creation_24_hour_window" time="0.445" /><testcase classname="backend.tests.test_delta_features_iter113.TestRegressionGalleryPricingHidden" name="test_gallery_photographer_endpoint_works" time="0.356" /><testcase classname="backend.tests.test_delta_features_iter113.TestRegressionGalleryPricingHidden" name="test_gallery_item_pricing_endpoint_exists" time="0.318" /><testcase classname="backend.tests.test_delta_features_iter113.TestRegressionFamilyChatFolder" name="test_family_members_endpoint" time="0.305" /><testcase classname="backend.tests.test_delta_features_iter113.TestRegressionFamilyChatFolder" name="test_family_conversations_endpoint" time="0.369" /><testcase classname="backend.tests.test_delta_features_iter113.TestLinkedGromsEndpoint" name="test_linked_groms_returns_data" time="0.258" /><testcase classname="backend.tests.test_delta_features_iter113.TestGromParentProfile" name="test_grom_parent_profile_exists" time="0.236" /></testsuite></testsuites>