<?xml version="1.0" encoding="utf-8"?><testsuites name="pytest tests"><testsuite name="pytest" errors="0" failures="0" skipped="0" tests="10" time="4.741" timestamp="2026-04-09T02:14:52.403567+00:00" hostname="agent-env-80022ca7-d611-4cb1-b080-4135e2286024"><testcase classname="backend.tests.test_location_filtering.TestLocationFilteringEndpoints" name="test_locations_endpoint_returns_countries" time="0.720" /><testcase classname="backend.tests.test_location_filtering.TestLocationFilteringEndpoints" name="test_locations_endpoint_has_usa" time="0.254" /><testcase classname="backend.tests.test_location_filtering.TestLocationFilteringEndpoints" name="test_surf_spots_filter_by_country" time="0.575" /><testcase classname="backend.tests.test_location_filtering.TestLocationFilteringEndpoints" name="test_surf_spots_filter_by_country_and_state" time="0.432" /><testcase classname="backend.tests.test_location_filtering.TestLocationFilteringEndpoints" name="test_surf_spots_filter_returns_expected_count" time="0.821" /><testcase classname="backend.tests.test_location_filtering.TestLocationFilteringEndpoints" name="test_surf_spots_response_structure" time="0.316" /><testcase classname="backend.tests.test_location_filtering.TestLocationFilteringEndpoints" name="test_locations_endpoint_has_multiple_countries" time="0.306" /><testcase classname="backend.tests.test_location_filtering.TestLocationFilteringEndpoints" name="test_australia_has_states" time="0.305" /><testcase classname="backend.tests.test_location_filtering.TestLocationFilteringEndpoints" name="test_empty_country_returns_all_spots" time="0.619" /><testcase classname="backend.tests.test_location_filtering.TestLocationFilteringEndpoints" name="test_invalid_country_returns_empty" time="0.311" /></testsuite></testsuites>