<?xml version="1.0" encoding="utf-8"?><testsuites name="pytest tests"><testsuite name="pytest" errors="0" failures="1" skipped="0" tests="8" time="2.010" timestamp="2026-03-31T05:24:37.141899+00:00" hostname="agent-env-80022ca7-d611-4cb1-b080-4135e2286024"><testcase classname="tests.test_social_live_conditions_iter101.TestConditionReportsAPI" name="test_condition_reports_regions_returns_16_regions" time="0.128" /><testcase classname="tests.test_social_live_conditions_iter101.TestConditionReportsAPI" name="test_condition_reports_feed_returns_data" time="0.308" /><testcase classname="tests.test_social_live_conditions_iter101.TestConditionReportsAPI" name="test_condition_reports_feed_with_region_filter" time="0.303" /><testcase classname="tests.test_social_live_conditions_iter101.TestConditionReportsAPI" name="test_condition_reports_feed_with_all_region" time="0.344" /><testcase classname="tests.test_social_live_conditions_iter101.TestConditionReportsAPI" name="test_condition_reports_feed_pagination" time="0.238" /><testcase classname="tests.test_social_live_conditions_iter101.TestSocialLiveAPI" name="test_social_live_active_returns_empty_array" time="0.287" /><testcase classname="tests.test_social_live_conditions_iter101.TestSocialLiveAPI" name="test_social_live_active_with_limit" time="0.237" /><testcase classname="tests.test_social_live_conditions_iter101.TestHealthCheck" name="test_backend_health" time="0.096"><failure message="AssertionError: Backend health check failed: 404&#10;assert 404 == 200&#10; +  where 404 = &lt;Response [404]&gt;.status_code">tests/test_social_live_conditions_iter101.py:116: in test_backend_health
    assert response.status_code == 200, f"Backend health check failed: {response.status_code}"
E   AssertionError: Backend health check failed: 404
E   assert 404 == 200
E    +  where 404 = &lt;Response [404]&gt;.status_code</failure></testcase></testsuite></testsuites>