<?xml version="1.0" encoding="utf-8"?><testsuites name="pytest tests"><testsuite name="pytest" errors="0" failures="1" skipped="0" tests="14" time="111.905" timestamp="2026-04-02T22:02:33.387602+00:00" hostname="agent-env-80022ca7-d611-4cb1-b080-4135e2286024"><testcase classname="backend.tests.test_iteration_150_global_spots.TestGlobalSpotsExpansion" name="test_api_health" time="0.923" /><testcase classname="backend.tests.test_iteration_150_global_spots.TestGlobalSpotsExpansion" name="test_total_spots_count" time="11.181" /><testcase classname="backend.tests.test_iteration_150_global_spots.TestGlobalSpotsExpansion" name="test_space_coast_spots_count" time="10.745" /><testcase classname="backend.tests.test_iteration_150_global_spots.TestGlobalSpotsExpansion" name="test_space_coast_surfline_names" time="10.726"><failure message="AssertionError: Expected at least 3 Surfline-precision names, found 2&#10;assert 2 &gt;= 3&#10; +  where 2 = len(['Jetty Park', 'Shepard Park'])">backend/tests/test_iteration_150_global_spots.py:97: in test_space_coast_surfline_names
    assert len(found_names) &gt;= 3, f"Expected at least 3 Surfline-precision names, found {len(found_names)}"
E   AssertionError: Expected at least 3 Surfline-precision names, found 2
E   assert 2 &gt;= 3
E    +  where 2 = len(['Jetty Park', 'Shepard Park'])</failure></testcase><testcase classname="backend.tests.test_iteration_150_global_spots.TestGlobalSpotsExpansion" name="test_jetty_park_offshore_coordinates" time="10.971" /><testcase classname="backend.tests.test_iteration_150_global_spots.TestGlobalSpotsExpansion" name="test_australia_spots" time="10.559" /><testcase classname="backend.tests.test_iteration_150_global_spots.TestGlobalSpotsExpansion" name="test_portugal_spots" time="11.220" /><testcase classname="backend.tests.test_iteration_150_global_spots.TestGlobalSpotsExpansion" name="test_france_spots" time="10.765" /><testcase classname="backend.tests.test_iteration_150_global_spots.TestGlobalSpotsExpansion" name="test_indonesia_spots" time="11.245" /><testcase classname="backend.tests.test_iteration_150_global_spots.TestSpotOfTheDay" name="test_spot_of_the_day_api_exists" time="0.490" /><testcase classname="backend.tests.test_iteration_150_global_spots.TestSpotOfTheDay" name="test_spot_of_the_day_with_region" time="0.264" /><testcase classname="backend.tests.test_iteration_150_global_spots.TestSpotOfTheDay" name="test_spot_of_the_day_trigger_endpoint" time="11.502" /><testcase classname="backend.tests.test_iteration_150_global_spots.TestSpotOfTheDayModel" name="test_spot_of_the_day_response_structure" time="0.322" /><testcase classname="backend.tests.test_iteration_150_global_spots.TestCountryBreakdown" name="test_spots_by_country" time="10.915" /></testsuite></testsuites>