<?xml version="1.0" encoding="utf-8"?><testsuites name="pytest tests"><testsuite name="pytest" errors="0" failures="0" skipped="0" tests="16" time="2.955" timestamp="2026-04-01T20:49:32.467689+00:00" hostname="agent-env-80022ca7-d611-4cb1-b080-4135e2286024"><testcase classname="tests.test_safety_gate_prozone_iter120.TestGromSignupRequiresParentEmail" name="test_grom_signup_without_parent_email_fails" time="0.306" /><testcase classname="tests.test_safety_gate_prozone_iter120.TestGromSignupRequiresParentEmail" name="test_grom_signup_with_parent_email_succeeds" time="0.826" /><testcase classname="tests.test_safety_gate_prozone_iter120.TestProZoneCheckEndpoint" name="test_pro_zone_check_endpoint_exists" time="0.245" /><testcase classname="tests.test_safety_gate_prozone_iter120.TestProZoneCheckEndpoint" name="test_grom_parent_no_nearby_pro_can_go_live" time="0.217" /><testcase classname="tests.test_safety_gate_prozone_iter120.TestProZoneCheckEndpoint" name="test_surfer_not_affected_by_pro_zone" time="0.840" /><testcase classname="tests.test_safety_gate_prozone_iter120.TestProZoneLogic" name="test_hobbyist_role_is_restricted" time="0.000" /><testcase classname="tests.test_safety_gate_prozone_iter120.TestProZoneLogic" name="test_surfer_grom_not_restricted" time="0.000" /><testcase classname="tests.test_safety_gate_prozone_iter120.TestHaversineDistanceCalculation" name="test_same_location_zero_distance" time="0.000" /><testcase classname="tests.test_safety_gate_prozone_iter120.TestHaversineDistanceCalculation" name="test_one_degree_latitude_approx_69_miles" time="0.000" /><testcase classname="tests.test_safety_gate_prozone_iter120.TestHaversineDistanceCalculation" name="test_half_mile_distance_detection" time="0.000" /><testcase classname="tests.test_safety_gate_prozone_iter120.TestMuxStatus" name="test_mux_status_endpoint" time="0.105" /><testcase classname="tests.test_safety_gate_prozone_iter120.TestActiveLiveStreams" name="test_active_streams_endpoint" time="0.353" /><testcase classname="tests.test_pro_zone_restrictions" name="test_haversine_distance_calculation" time="0.000" /><testcase classname="tests.test_pro_zone_restrictions" name="test_pro_zone_radius" time="0.000" /><testcase classname="tests.test_pro_zone_restrictions" name="test_pro_zone_logic_blocks_hobbyist" time="0.000" /><testcase classname="tests.test_pro_zone_restrictions" name="test_roles_affected_by_pro_zone" time="0.000" /></testsuite></testsuites>