<?xml version="1.0" encoding="utf-8"?><testsuites name="pytest tests"><testsuite name="pytest" errors="0" failures="0" skipped="0" tests="13" time="66.233" timestamp="2026-04-02T21:32:14.677583+00:00" hostname="agent-env-80022ca7-d611-4cb1-b080-4135e2286024"><testcase classname="backend.tests.test_iteration_149_features.TestPrivacyShield" name="test_spot_detail_returns_count_always" time="7.668" /><testcase classname="backend.tests.test_iteration_149_features.TestPrivacyShield" name="test_spot_detail_out_of_geofence_nullifies_list" time="7.134" /><testcase classname="backend.tests.test_iteration_149_features.TestPrivacyShield" name="test_spot_detail_within_geofence_returns_all" time="7.034" /><testcase classname="backend.tests.test_iteration_149_features.TestPrivacyShield" name="test_spot_list_returns_count_always" time="6.702" /><testcase classname="backend.tests.test_iteration_149_features.TestSpotImport" name="test_total_spots_count" time="6.706" /><testcase classname="backend.tests.test_iteration_149_features.TestSpotImport" name="test_florida_spots_exist" time="6.760" /><testcase classname="backend.tests.test_iteration_149_features.TestSpotImport" name="test_usa_coastline_spots" time="7.115" /><testcase classname="backend.tests.test_iteration_149_features.TestStripeIdentity" name="test_identity_endpoint_exists" time="0.705" /><testcase classname="backend.tests.test_iteration_149_features.TestStripeIdentity" name="test_identity_status_endpoint" time="0.407" /><testcase classname="backend.tests.test_iteration_149_features.TestGeofenceFields" name="test_spot_detail_has_geofence_fields" time="7.510" /><testcase classname="backend.tests.test_iteration_149_features.TestGeofenceFields" name="test_upgrade_required_matches_geofence" time="7.354" /><testcase classname="backend.tests.test_iteration_149_features.TestNearbySpots" name="test_nearby_spots_returns_geofence_info" time="0.614" /><testcase classname="backend.tests.test_iteration_149_features.TestAdminSpotStats" name="test_spot_stats_endpoint" time="0.454" /></testsuite></testsuites>