<?xml version="1.0" encoding="utf-8"?><testsuites name="pytest tests"><testsuite name="pytest" errors="0" failures="0" skipped="0" tests="13" time="9.673" timestamp="2026-04-01T02:42:02.498210+00:00" hostname="agent-env-80022ca7-d611-4cb1-b080-4135e2286024"><testcase classname="backend.tests.test_grom_hq_manage_iter107.TestGromHQAuthentication" name="test_grom_parent_login" time="0.527" /><testcase classname="backend.tests.test_grom_hq_manage_iter107.TestLinkedGroms" name="test_get_linked_groms" time="0.713" /><testcase classname="backend.tests.test_grom_hq_manage_iter107.TestLinkedGroms" name="test_linked_groms_stats" time="0.703" /><testcase classname="backend.tests.test_grom_hq_manage_iter107.TestGromActivity" name="test_get_grom_activity" time="0.781" /><testcase classname="backend.tests.test_grom_hq_manage_iter107.TestGromActivity" name="test_activity_unauthorized_parent" time="0.751" /><testcase classname="backend.tests.test_grom_hq_manage_iter107.TestSpendingSummary" name="test_get_spending_summary" time="0.755" /><testcase classname="backend.tests.test_grom_hq_manage_iter107.TestSpendingSummary" name="test_spending_unauthorized_parent" time="0.634" /><testcase classname="backend.tests.test_grom_hq_manage_iter107.TestSpendingControls" name="test_update_spending_controls" time="0.713" /><testcase classname="backend.tests.test_grom_hq_manage_iter107.TestSpendingControls" name="test_spending_controls_persist" time="1.013" /><testcase classname="backend.tests.test_grom_hq_manage_iter107.TestParentalControls" name="test_update_parental_controls" time="0.694" /><testcase classname="backend.tests.test_grom_hq_manage_iter107.TestParentalControls" name="test_parental_controls_persist" time="1.034" /><testcase classname="backend.tests.test_grom_hq_manage_iter107.TestParentalControls" name="test_parental_controls_unauthorized" time="0.648" /><testcase classname="backend.tests.test_grom_hq_manage_iter107.TestGromNotFound" name="test_activity_grom_not_found" time="0.649" /></testsuite></testsuites>