<?xml version="1.0" encoding="utf-8"?><testsuites name="pytest tests"><testsuite name="pytest" errors="0" failures="0" skipped="0" tests="7" time="2.729" timestamp="2026-03-31T02:35:44.906501+00:00" hostname="agent-env-80022ca7-d611-4cb1-b080-4135e2286024"><testcase classname="backend.tests.test_active_duty_iter93.TestOnDemandToggleAPI" name="test_on_demand_toggle_enable" time="1.292" /><testcase classname="backend.tests.test_active_duty_iter93.TestOnDemandToggleAPI" name="test_on_demand_toggle_disable" time="0.255" /><testcase classname="backend.tests.test_active_duty_iter93.TestOnDemandToggleAPI" name="test_on_demand_toggle_rejects_wrong_field_name" time="0.112" /><testcase classname="backend.tests.test_active_duty_iter93.TestOnDemandStatusAPI" name="test_get_on_demand_status" time="0.205" /><testcase classname="backend.tests.test_active_duty_iter93.TestLivePhotographersAPI" name="test_get_live_photographers" time="0.266" /><testcase classname="backend.tests.test_active_duty_iter93.TestPhotographerBookingsAPI" name="test_get_photographer_bookings" time="0.433" /><testcase classname="backend.tests.test_active_duty_iter93.TestHealthCheck" name="test_api_health" time="0.106" /></testsuite></testsuites>