<?xml version="1.0" encoding="utf-8"?><testsuites name="pytest tests"><testsuite name="pytest" errors="0" failures="1" skipped="1" tests="19" time="7.516" timestamp="2026-04-04T00:34:30.906981+00:00" hostname="agent-env-80022ca7-d611-4cb1-b080-4135e2286024"><testcase classname="backend.tests.test_session_collaboration_iter193.TestPostsSessionFields" name="test_posts_endpoint_returns_session_fields" time="0.940" /><testcase classname="backend.tests.test_session_collaboration_iter193.TestPostsSessionFields" name="test_posts_endpoint_returns_collaborator_count" time="0.841" /><testcase classname="backend.tests.test_session_collaboration_iter193.TestCollaboratorsEndpoint" name="test_get_collaborators_empty" time="0.323" /><testcase classname="backend.tests.test_session_collaboration_iter193.TestCollaboratorsEndpoint" name="test_get_collaborators_with_status_filter" time="0.345" /><testcase classname="backend.tests.test_session_collaboration_iter193.TestCollaboratorsEndpoint" name="test_get_collaborators_invalid_post" time="0.249" /><testcase classname="backend.tests.test_session_collaboration_iter193.TestRequestCollaboration" name="test_request_collaboration_own_post_fails" time="0.371" /><testcase classname="backend.tests.test_session_collaboration_iter193.TestRequestCollaboration" name="test_request_collaboration_invalid_post" time="0.252" /><testcase classname="backend.tests.test_session_collaboration_iter193.TestRequestCollaboration" name="test_request_collaboration_with_gps" time="0.791"><failure message="AssertionError: Expected 400 or 404, got 500&#10;assert 500 in [400, 404]&#10; +  where 500 = &lt;Response [500]&gt;.status_code">backend/tests/test_session_collaboration_iter193.py:161: in test_request_collaboration_with_gps
    assert response.status_code in [400, 404], f"Expected 400 or 404, got {response.status_code}"
E   AssertionError: Expected 400 or 404, got 500
E   assert 500 in [400, 404]
E    +  where 500 = &lt;Response [500]&gt;.status_code</failure></testcase><testcase classname="backend.tests.test_session_collaboration_iter193.TestInviteCollaborator" name="test_invite_collaborator_not_author_fails" time="0.346" /><testcase classname="backend.tests.test_session_collaboration_iter193.TestInviteCollaborator" name="test_invite_collaborator_invalid_post" time="0.292" /><testcase classname="backend.tests.test_session_collaboration_iter193.TestInviteCollaborator" name="test_invite_nonexistent_user_fails" time="0.377" /><testcase classname="backend.tests.test_session_collaboration_iter193.TestRespondToCollaboration" name="test_respond_invalid_collaboration" time="0.310" /><testcase classname="backend.tests.test_session_collaboration_iter193.TestUntagCollaboration" name="test_untag_invalid_collaboration" time="0.284" /><testcase classname="backend.tests.test_session_collaboration_iter193.TestSessionMetadataUpdate" name="test_update_session_metadata_not_author_fails" time="0.244" /><testcase classname="backend.tests.test_session_collaboration_iter193.TestSessionMetadataUpdate" name="test_update_session_metadata_invalid_post" time="0.288" /><testcase classname="backend.tests.test_session_collaboration_iter193.TestUserCollaborationRequests" name="test_get_user_collaboration_requests" time="0.312" /><testcase classname="backend.tests.test_session_collaboration_iter193.TestUserCollaborationRequests" name="test_get_user_collaboration_requests_filtered" time="0.276" /><testcase classname="backend.tests.test_session_collaboration_iter193.TestUserCollaborationRequests" name="test_get_user_collaboration_requests_status_filter" time="0.282" /><testcase classname="backend.tests.test_session_collaboration_iter193.TestEndToEndCollaborationFlow" name="test_collaboration_flow_requires_second_user" time="0.289"><skipped type="pytest.skip" message="No second user available for collaboration flow test">/app/backend/tests/test_session_collaboration_iter193.py:328: No second user available for collaboration flow test</skipped></testcase></testsuite></testsuites>