<?xml version="1.0" encoding="utf-8"?><testsuites name="pytest tests"><testsuite name="pytest" errors="0" failures="0" skipped="2" tests="8" time="4.897" timestamp="2026-03-16T12:47:21.375072+00:00" hostname="agent-env-80022ca7-d611-4cb1-b080-4135e2286024"><testcase classname="backend.tests.test_god_mode_session_join.TestGodModeSessionJoin" name="test_admin_user_is_admin" time="1.317" /><testcase classname="backend.tests.test_god_mode_session_join.TestGodModeSessionJoin" name="test_effective_role_field_accepted" time="0.324"><skipped type="pytest.skip" message="Could not fetch spots">/app/backend/tests/test_god_mode_session_join.py:48: Could not fetch spots</skipped></testcase><testcase classname="backend.tests.test_god_mode_session_join.TestGodModeSessionJoin" name="test_surfer_roles_defined_correctly" time="0.273" /><testcase classname="backend.tests.test_god_mode_session_join.TestGodModeSessionJoin" name="test_effective_role_with_different_surfer_roles" time="1.323" /><testcase classname="backend.tests.test_god_mode_session_join.TestGodModeSessionJoin" name="test_effective_role_with_invalid_role_blocked" time="1.014" /><testcase classname="backend.tests.test_god_mode_session_join.TestNormalUserSessionJoin" name="test_normal_user_without_effective_role" time="0.244"><skipped type="pytest.skip" message="No surfer users found">/app/backend/tests/test_god_mode_session_join.py:228: No surfer users found</skipped></testcase><testcase classname="backend.tests.test_god_mode_session_join.TestJoinSessionRequestModel" name="test_required_fields" time="0.105" /><testcase classname="backend.tests.test_god_mode_session_join.TestJoinSessionRequestModel" name="test_optional_fields" time="0.239" /></testsuite></testsuites>