<?xml version="1.0" encoding="utf-8"?><testsuites name="pytest tests"><testsuite name="pytest" errors="0" failures="0" skipped="0" tests="8" time="2.899" timestamp="2026-04-02T19:25:33.682301+00:00" hostname="agent-env-80022ca7-d611-4cb1-b080-4135e2286024"><testcase classname="tests.test_create_flow_ad_center_iter144.TestAdAnalyticsEndpoint" name="test_my_analytics_returns_200" time="0.531" /><testcase classname="tests.test_create_flow_ad_center_iter144.TestAdAnalyticsEndpoint" name="test_my_analytics_response_structure" time="0.221" /><testcase classname="tests.test_create_flow_ad_center_iter144.TestAdAnalyticsEndpoint" name="test_my_analytics_per_ad_stats_structure" time="0.218" /><testcase classname="tests.test_create_flow_ad_center_iter144.TestAdSubmissionsEndpoint" name="test_my_submissions_returns_200" time="0.248" /><testcase classname="tests.test_create_flow_ad_center_iter144.TestAdSubmissionsEndpoint" name="test_my_submissions_response_structure" time="0.249" /><testcase classname="tests.test_create_flow_ad_center_iter144.TestPublicAdConfig" name="test_public_ad_config_returns_200" time="0.293" /><testcase classname="tests.test_create_flow_ad_center_iter144.TestPublicAdConfig" name="test_public_ad_config_structure" time="0.221" /><testcase classname="tests.test_create_flow_ad_center_iter144.TestHealthEndpoint" name="test_health_endpoint" time="0.853" /></testsuite></testsuites>