<?xml version="1.0" encoding="utf-8"?><testsuites name="pytest tests"><testsuite name="pytest" errors="0" failures="0" skipped="0" tests="30" time="5.819" timestamp="2026-04-03T03:09:50.693762+00:00" hostname="agent-env-80022ca7-d611-4cb1-b080-4135e2286024"><testcase classname="backend.tests.test_iteration_166_global_expansion_phase3.TestAPIHealth" name="test_api_health" time="0.778" /><testcase classname="backend.tests.test_iteration_166_global_expansion_phase3.TestAPIHealth" name="test_surf_spots_endpoint_accessible" time="0.693" /><testcase classname="backend.tests.test_iteration_166_global_expansion_phase3.TestTotalSpotCount" name="test_total_spot_count_1047" time="0.308" /><testcase classname="backend.tests.test_iteration_166_global_expansion_phase3.TestAPIPerformance" name="test_api_response_under_2_seconds" time="0.275" /><testcase classname="backend.tests.test_iteration_166_global_expansion_phase3.TestHawaiiExpansion" name="test_hawaii_total_spots" time="0.285" /><testcase classname="backend.tests.test_iteration_166_global_expansion_phase3.TestHawaiiExpansion" name="test_hawaii_oahu_spots" time="0.000" /><testcase classname="backend.tests.test_iteration_166_global_expansion_phase3.TestHawaiiExpansion" name="test_hawaii_key_spots_exist" time="0.000" /><testcase classname="backend.tests.test_iteration_166_global_expansion_phase3.TestFijiSpots" name="test_fiji_total_spots" time="0.279" /><testcase classname="backend.tests.test_iteration_166_global_expansion_phase3.TestFijiSpots" name="test_fiji_key_spots_exist" time="0.000" /><testcase classname="backend.tests.test_iteration_166_global_expansion_phase3.TestFrenchPolynesiaSpots" name="test_french_polynesia_total_spots" time="0.279" /><testcase classname="backend.tests.test_iteration_166_global_expansion_phase3.TestFrenchPolynesiaSpots" name="test_teahupoo_exists" time="0.000" /><testcase classname="backend.tests.test_iteration_166_global_expansion_phase3.TestFrenchPolynesiaSpots" name="test_papara_exists" time="0.000" /><testcase classname="backend.tests.test_iteration_166_global_expansion_phase3.TestSamoaSpots" name="test_samoa_total_spots" time="0.284" /><testcase classname="backend.tests.test_iteration_166_global_expansion_phase3.TestSamoaSpots" name="test_samoa_key_spots_exist" time="0.000" /><testcase classname="backend.tests.test_iteration_166_global_expansion_phase3.TestIndiaSpots" name="test_india_total_spots" time="0.285" /><testcase classname="backend.tests.test_iteration_166_global_expansion_phase3.TestIndiaSpots" name="test_india_kerala_spots" time="0.000" /><testcase classname="backend.tests.test_iteration_166_global_expansion_phase3.TestIndiaSpots" name="test_india_goa_spots" time="0.000" /><testcase classname="backend.tests.test_iteration_166_global_expansion_phase3.TestTaiwanExpansion" name="test_taiwan_total_spots" time="0.456" /><testcase classname="backend.tests.test_iteration_166_global_expansion_phase3.TestMoroccoExpansion" name="test_morocco_total_spots" time="0.302" /><testcase classname="backend.tests.test_iteration_166_global_expansion_phase3.TestMoroccoExpansion" name="test_morocco_taghazout_spots" time="0.000" /><testcase classname="backend.tests.test_iteration_166_global_expansion_phase3.TestMoroccoExpansion" name="test_morocco_dakhla_spots" time="0.000" /><testcase classname="backend.tests.test_iteration_166_global_expansion_phase3.TestNamibiaSpots" name="test_namibia_total_spots" time="0.294" /><testcase classname="backend.tests.test_iteration_166_global_expansion_phase3.TestNamibiaSpots" name="test_skeleton_bay_exists" time="0.000" /><testcase classname="backend.tests.test_iteration_166_global_expansion_phase3.TestGhanaSpots" name="test_ghana_total_spots" time="0.295" /><testcase classname="backend.tests.test_iteration_166_global_expansion_phase3.TestGhanaSpots" name="test_ghana_key_spots_exist" time="0.000" /><testcase classname="backend.tests.test_iteration_166_global_expansion_phase3.TestSenegalSpots" name="test_senegal_total_spots" time="0.289" /><testcase classname="backend.tests.test_iteration_166_global_expansion_phase3.TestSenegalSpots" name="test_senegal_key_spots_exist" time="0.000" /><testcase classname="backend.tests.test_iteration_166_global_expansion_phase3.TestCoordinatesOffshore" name="test_fiji_coordinates_offshore" time="0.324" /><testcase classname="backend.tests.test_iteration_166_global_expansion_phase3.TestCoordinatesOffshore" name="test_india_coordinates_offshore" time="0.000" /><testcase classname="backend.tests.test_iteration_166_global_expansion_phase3.TestCountryBreakdown" name="test_country_breakdown" time="0.294" /></testsuite></testsuites>