<?xml version="1.0" encoding="utf-8"?><testsuites name="pytest tests"><testsuite name="pytest" errors="0" failures="0" skipped="0" tests="14" time="6.572" timestamp="2026-03-31T01:31:31.037277+00:00" hostname="agent-env-80022ca7-d611-4cb1-b080-4135e2286024"><testcase classname="backend.tests.test_financial_backbone_iter90.TestPhotographerPricing" name="test_get_photographer_pricing" time="0.475" /><testcase classname="backend.tests.test_financial_backbone_iter90.TestPhotographerPricing" name="test_update_crew_split_pricing" time="1.732" /><testcase classname="backend.tests.test_financial_backbone_iter90.TestPhotographerAvailability" name="test_get_availability" time="0.212" /><testcase classname="backend.tests.test_financial_backbone_iter90.TestPhotographerAvailability" name="test_create_recurring_availability" time="0.300" /><testcase classname="backend.tests.test_financial_backbone_iter90.TestPhotographerAvailability" name="test_create_date_specific_availability" time="0.288" /><testcase classname="backend.tests.test_financial_backbone_iter90.TestPhotographerAvailability" name="test_get_available_slots_for_surfer" time="0.401" /><testcase classname="backend.tests.test_financial_backbone_iter90.TestPhotographerAvailability" name="test_delete_availability" time="0.855" /><testcase classname="backend.tests.test_financial_backbone_iter90.TestBookedSlots" name="test_get_booked_slots" time="0.262" /><testcase classname="backend.tests.test_financial_backbone_iter90.TestOnDemandPhotographers" name="test_get_on_demand_photographers" time="0.253" /><testcase classname="backend.tests.test_financial_backbone_iter90.TestDispatchRequest" name="test_get_available_pros" time="0.324" /><testcase classname="backend.tests.test_financial_backbone_iter90.TestCrewSplitFormula" name="test_crew_split_formula_calculation" time="0.237" /><testcase classname="backend.tests.test_financial_backbone_iter90.TestPhotographerBookings" name="test_get_photographer_bookings" time="0.459" /><testcase classname="backend.tests.test_financial_backbone_iter90.TestPhotographerBookings" name="test_create_booking_with_crew" time="0.510" /><testcase classname="backend.tests.test_financial_backbone_iter90.TestGalleryPricing" name="test_get_gallery_pricing" time="0.208" /></testsuite></testsuites>