<?xml version="1.0" encoding="utf-8"?><testsuites name="pytest tests"><testsuite name="pytest" errors="0" failures="0" skipped="0" tests="12" time="15.360" timestamp="2026-04-04T02:14:05.006451+00:00" hostname="agent-env-80022ca7-d611-4cb1-b080-4135e2286024"><testcase classname="tests.test_post_delete_iwasthere_iter198.TestPostDelete" name="test_create_and_delete_post" time="2.880" /><testcase classname="tests.test_post_delete_iwasthere_iter198.TestPostDelete" name="test_delete_post_unauthorized" time="1.292" /><testcase classname="tests.test_post_delete_iwasthere_iter198.TestPostDelete" name="test_delete_nonexistent_post" time="0.258" /><testcase classname="tests.test_post_delete_iwasthere_iter198.TestIWasThere" name="test_request_collaboration_endpoint" time="1.521" /><testcase classname="tests.test_post_delete_iwasthere_iter198.TestIWasThere" name="test_cannot_request_collaboration_on_own_post" time="1.268" /><testcase classname="tests.test_post_delete_iwasthere_iter198.TestIWasThere" name="test_get_post_collaborators" time="1.357" /><testcase classname="tests.test_post_delete_iwasthere_iter198.TestPostSettings" name="test_toggle_hide_like_count" time="1.602" /><testcase classname="tests.test_post_delete_iwasthere_iter198.TestPostSettings" name="test_toggle_comments_disabled" time="1.602" /><testcase classname="tests.test_post_delete_iwasthere_iter198.TestPostSettings" name="test_settings_unauthorized" time="1.303" /><testcase classname="tests.test_post_delete_iwasthere_iter198.TestNOAAConditions" name="test_post_with_noaa_data_exists" time="0.609" /><testcase classname="tests.test_post_delete_iwasthere_iter198.TestNOAAConditions" name="test_create_post_with_session_metadata" time="0.959" /><testcase classname="tests.test_post_delete_iwasthere_iter198.TestFeedWithConditions" name="test_feed_returns_session_metadata" time="0.618" /></testsuite></testsuites>