<?xml version="1.0" encoding="utf-8"?><testsuites name="pytest tests"><testsuite name="pytest" errors="0" failures="0" skipped="0" tests="15" time="5.556" timestamp="2026-04-01T05:38:23.882119+00:00" hostname="agent-env-80022ca7-d611-4cb1-b080-4135e2286024"><testcase classname="backend.tests.test_raw_surf_features_iter112.TestBoostRequestFeature" name="test_boost_status_endpoint_exists" time="1.358" /><testcase classname="backend.tests.test_raw_surf_features_iter112.TestBoostRequestFeature" name="test_boost_request_endpoint_exists" time="0.203" /><testcase classname="backend.tests.test_raw_surf_features_iter112.TestBoostRequestFeature" name="test_boost_hours_validation" time="0.109" /><testcase classname="backend.tests.test_raw_surf_features_iter112.TestBoostRequestFeature" name="test_pending_requests_includes_boost_info" time="0.278" /><testcase classname="backend.tests.test_raw_surf_features_iter112.TestGalleryPricingHiddenForGromParent" name="test_grom_parent_login" time="0.657" /><testcase classname="backend.tests.test_raw_surf_features_iter112.TestGalleryPricingHiddenForGromParent" name="test_grom_parent_profile_role" time="0.234" /><testcase classname="backend.tests.test_raw_surf_features_iter112.TestDemoVerifyAgeEndpoint" name="test_demo_verify_age_endpoint_exists" time="0.207" /><testcase classname="backend.tests.test_raw_surf_features_iter112.TestDemoVerifyAgeEndpoint" name="test_age_verification_status_after_demo" time="0.418" /><testcase classname="backend.tests.test_raw_surf_features_iter112.TestDemoVerifyAgeEndpoint" name="test_demo_verify_age_non_grom_parent_rejected" time="0.204" /><testcase classname="backend.tests.test_raw_surf_features_iter112.TestFamilyChatFeature" name="test_family_members_endpoint_for_grom_parent" time="0.277" /><testcase classname="backend.tests.test_raw_surf_features_iter112.TestFamilyChatFeature" name="test_family_members_endpoint_for_grom" time="0.450" /><testcase classname="backend.tests.test_raw_surf_features_iter112.TestFamilyChatFeature" name="test_family_conversations_endpoint_for_grom_parent" time="0.359" /><testcase classname="backend.tests.test_raw_surf_features_iter112.TestFamilyChatFeature" name="test_family_conversations_endpoint_for_grom" time="0.230" /><testcase classname="backend.tests.test_raw_surf_features_iter112.TestLinkedGromsEndpoint" name="test_linked_groms_endpoint" time="0.272" /><testcase classname="backend.tests.test_raw_surf_features_iter112.TestDispatchPendingRequestsWithPriority" name="test_pending_requests_structure" time="0.218" /></testsuite></testsuites>