<?xml version="1.0" encoding="utf-8"?><testsuites name="pytest tests"><testsuite name="pytest" errors="0" failures="0" skipped="0" tests="14" time="22.555" timestamp="2026-03-15T07:26:52.872128+00:00" hostname="agent-env-80022ca7-d611-4cb1-b080-4135e2286024"><testcase classname="backend.tests.test_post_reactions.TestPostReactionsAPI" name="test_add_shaka_reaction" time="2.606" /><testcase classname="backend.tests.test_post_reactions.TestPostReactionsAPI" name="test_add_wave_reaction" time="1.344" /><testcase classname="backend.tests.test_post_reactions.TestPostReactionsAPI" name="test_add_heart_reaction" time="1.310" /><testcase classname="backend.tests.test_post_reactions.TestPostReactionsAPI" name="test_add_fire_reaction" time="1.318" /><testcase classname="backend.tests.test_post_reactions.TestPostReactionsAPI" name="test_invalid_emoji_rejected" time="1.631" /><testcase classname="backend.tests.test_post_reactions.TestPostReactionsAPI" name="test_toggle_reaction_removes" time="2.793" /><testcase classname="backend.tests.test_post_reactions.TestPostReactionsAPI" name="test_reaction_nonexistent_post" time="1.467" /><testcase classname="backend.tests.test_post_reactions.TestPostReactionsAPI" name="test_reaction_invalid_user" time="1.190" /><testcase classname="backend.tests.test_post_reactions.TestGetPostsIncludesReactions" name="test_posts_include_reactions_array" time="1.016" /><testcase classname="backend.tests.test_post_reactions.TestGetPostsIncludesReactions" name="test_reactions_have_user_name" time="0.775" /><testcase classname="backend.tests.test_post_reactions.TestGetPostReactions" name="test_get_post_reactions" time="1.066" /><testcase classname="backend.tests.test_post_reactions.TestGetPostReactions" name="test_get_reactions_nonexistent_post" time="0.973" /><testcase classname="backend.tests.test_post_reactions.TestMultipleUserReactions" name="test_different_users_same_emoji" time="2.231" /><testcase classname="backend.tests.test_post_reactions.TestMultipleUserReactions" name="test_same_user_different_emojis" time="2.765" /></testsuite></testsuites>