<?xml version="1.0" encoding="utf-8"?><testsuites name="pytest tests"><testsuite name="pytest" errors="0" failures="0" skipped="0" tests="9" time="5.570" timestamp="2026-04-02T18:14:35.437327+00:00" hostname="agent-env-80022ca7-d611-4cb1-b080-4135e2286024"><testcase classname="backend.tests.test_ad_approval_queue_iter141.TestAdSubmission" name="test_submit_ad_success" time="0.874" /><testcase classname="backend.tests.test_ad_approval_queue_iter141.TestAdSubmission" name="test_submit_ad_insufficient_credits" time="0.221" /><testcase classname="backend.tests.test_ad_approval_queue_iter141.TestAdApprovalQueue" name="test_get_pending_queue" time="0.210" /><testcase classname="backend.tests.test_ad_approval_queue_iter141.TestAdApprovalQueue" name="test_get_all_queue_statuses" time="0.658" /><testcase classname="backend.tests.test_ad_approval_queue_iter141.TestAdApprovalActions" name="test_approve_ad" time="0.644" /><testcase classname="backend.tests.test_ad_approval_queue_iter141.TestAdApprovalActions" name="test_reject_ad" time="1.046" /><testcase classname="backend.tests.test_ad_approval_queue_iter141.TestAdApprovalActions" name="test_approve_nonexistent_ad" time="0.578" /><testcase classname="backend.tests.test_ad_approval_queue_iter141.TestMyAdSubmissions" name="test_get_my_submissions" time="0.109" /><testcase classname="backend.tests.test_ad_approval_queue_iter141.TestAdCancellation" name="test_cancel_pending_ad" time="1.171" /></testsuite></testsuites>