<?xml version="1.0" encoding="utf-8"?><testsuites name="pytest tests"><testsuite name="pytest" errors="0" failures="1" skipped="0" tests="15" time="5.273" timestamp="2026-04-04T01:00:54.944046+00:00" hostname="agent-env-80022ca7-d611-4cb1-b080-4135e2286024"><testcase classname="backend.tests.test_photographer_availability_iter194.TestPhotographerAlertSubscriptions" name="test_get_subscription_status_no_subscriptions" time="0.334" /><testcase classname="backend.tests.test_photographer_availability_iter194.TestPhotographerAlertSubscriptions" name="test_subscribe_to_live_shooting_alerts" time="0.458" /><testcase classname="backend.tests.test_photographer_availability_iter194.TestPhotographerAlertSubscriptions" name="test_subscribe_to_on_demand_alerts" time="0.700" /><testcase classname="backend.tests.test_photographer_availability_iter194.TestPhotographerAlertSubscriptions" name="test_subscribe_to_scheduled_booking_alerts" time="0.490" /><testcase classname="backend.tests.test_photographer_availability_iter194.TestPhotographerAlertSubscriptions" name="test_get_subscription_status_with_subscriptions" time="0.240" /><testcase classname="backend.tests.test_photographer_availability_iter194.TestPhotographerAlertSubscriptions" name="test_unsubscribe_from_live_shooting_alerts" time="0.314" /><testcase classname="backend.tests.test_photographer_availability_iter194.TestPhotographerAlertSubscriptions" name="test_unsubscribe_from_on_demand_alerts" time="0.296" /><testcase classname="backend.tests.test_photographer_availability_iter194.TestPhotographerAlertSubscriptions" name="test_unsubscribe_from_scheduled_booking_alerts" time="0.279" /><testcase classname="backend.tests.test_photographer_availability_iter194.TestPhotographerAlertSubscriptions" name="test_subscribe_invalid_user" time="0.260" /><testcase classname="backend.tests.test_photographer_availability_iter194.TestPhotographerAlertSubscriptions" name="test_subscribe_invalid_photographer" time="0.323" /><testcase classname="backend.tests.test_photographer_availability_iter194.TestPhotographerProfileForAvailability" name="test_get_photographer_profile" time="0.279" /><testcase classname="backend.tests.test_photographer_availability_iter194.TestPhotographerProfileForAvailability" name="test_get_active_session_for_photographer" time="0.242" /><testcase classname="backend.tests.test_photographer_availability_iter194.TestFeedFollowCTA" name="test_get_posts_with_author_role" time="0.637" /><testcase classname="backend.tests.test_photographer_availability_iter194.TestFeedFollowCTA" name="test_follow_photographer_from_feed" time="0.226" /><testcase classname="backend.tests.test_photographer_availability_iter194.TestFeedFollowCTA" name="test_get_following_list" time="0.115"><failure message="AssertionError: Expected 200, got 404: {&quot;detail&quot;:&quot;Not Found&quot;}&#10;assert 404 == 200&#10; +  where 404 = &lt;Response [404]&gt;.status_code">backend/tests/test_photographer_availability_iter194.py:252: in test_get_following_list
    assert response.status_code == 200, f"Expected 200, got {response.status_code}: {response.text}"
E   AssertionError: Expected 200, got 404: {"detail":"Not Found"}
E   assert 404 == 200
E    +  where 404 = &lt;Response [404]&gt;.status_code</failure></testcase></testsuite></testsuites>