<?xml version="1.0" encoding="utf-8"?><testsuites name="pytest tests"><testsuite name="pytest" errors="0" failures="0" skipped="0" tests="12" time="4.065" timestamp="2026-04-08T02:48:42.298041+00:00" hostname="agent-env-80022ca7-d611-4cb1-b080-4135e2286024"><testcase classname="backend.tests.test_richtext_hashtag_mention_iter263.TestUsernameLookupAPI" name="test_lookup_existing_username_davidpritzker" time="0.665" /><testcase classname="backend.tests.test_richtext_hashtag_mention_iter263.TestUsernameLookupAPI" name="test_lookup_existing_username_davidsurf" time="0.215" /><testcase classname="backend.tests.test_richtext_hashtag_mention_iter263.TestUsernameLookupAPI" name="test_lookup_nonexistent_username" time="0.256" /><testcase classname="backend.tests.test_richtext_hashtag_mention_iter263.TestUsernameLookupAPI" name="test_lookup_with_at_symbol" time="0.205" /><testcase classname="backend.tests.test_richtext_hashtag_mention_iter263.TestUsernameLookupAPI" name="test_lookup_case_insensitive" time="0.221" /><testcase classname="backend.tests.test_richtext_hashtag_mention_iter263.TestUsernameSearchAPI" name="test_search_usernames" time="0.330" /><testcase classname="backend.tests.test_richtext_hashtag_mention_iter263.TestUsernameSearchAPI" name="test_search_with_limit" time="0.247" /><testcase classname="backend.tests.test_richtext_hashtag_mention_iter263.TestHashtagExploreAPI" name="test_hashtags_trending_endpoint" time="0.235" /><testcase classname="backend.tests.test_richtext_hashtag_mention_iter263.TestHashtagExploreAPI" name="test_explore_with_hashtag_param" time="0.725" /><testcase classname="backend.tests.test_richtext_hashtag_mention_iter263.TestPostsWithHashtagsAndMentions" name="test_posts_endpoint_returns_posts" time="0.577" /><testcase classname="backend.tests.test_richtext_hashtag_mention_iter263.TestHashtagSearchAPI" name="test_hashtag_search_endpoint" time="0.114" /><testcase classname="backend.tests.test_richtext_hashtag_mention_iter263.TestHashtagSearchAPI" name="test_trending_hashtags_endpoint" time="0.204" /></testsuite></testsuites>