<?xml version="1.0" encoding="utf-8"?><testsuites name="pytest tests"><testsuite name="pytest" errors="0" failures="0" skipped="4" tests="6" time="2.293" timestamp="2026-04-02T03:00:54.338966+00:00" hostname="agent-env-80022ca7-d611-4cb1-b080-4135e2286024"><testcase classname="backend.tests.test_crew_chat_reactions.TestReactionEmojisEndpoint" name="test_get_reaction_emojis_returns_list" time="0.217" /><testcase classname="backend.tests.test_crew_chat_reactions.TestMessageReactions" name="test_add_reaction_to_message" time="0.549"><skipped type="pytest.skip" message="Login failed: 401 - {&quot;detail&quot;:&quot;Invalid password&quot;}">/app/backend/tests/test_crew_chat_reactions.py:66: Login failed: 401 - {"detail":"Invalid password"}</skipped></testcase><testcase classname="backend.tests.test_crew_chat_reactions.TestMessageReactions" name="test_toggle_reaction_removes_it" time="0.424"><skipped type="pytest.skip" message="Login failed: 401 - {&quot;detail&quot;:&quot;Invalid password&quot;}">/app/backend/tests/test_crew_chat_reactions.py:117: Login failed: 401 - {"detail":"Invalid password"}</skipped></testcase><testcase classname="backend.tests.test_crew_chat_reactions.TestMessageReactions" name="test_invalid_emoji_rejected" time="0.465"><skipped type="pytest.skip" message="Login failed: 401 - {&quot;detail&quot;:&quot;Invalid password&quot;}">/app/backend/tests/test_crew_chat_reactions.py:158: Login failed: 401 - {"detail":"Invalid password"}</skipped></testcase><testcase classname="backend.tests.test_crew_chat_reactions.TestMessageReactions" name="test_reactions_included_in_messages" time="0.473"><skipped type="pytest.skip" message="Login failed: 401 - {&quot;detail&quot;:&quot;Invalid password&quot;}">/app/backend/tests/test_crew_chat_reactions.py:187: Login failed: 401 - {"detail":"Invalid password"}</skipped></testcase><testcase classname="backend.tests.test_crew_chat_reactions.TestQuickActionsEndpoint" name="test_get_quick_actions" time="0.112" /></testsuite></testsuites>