<?xml version="1.0" encoding="utf-8"?><testsuites name="pytest tests"><testsuite name="pytest" errors="0" failures="0" skipped="0" tests="8" time="5.707" timestamp="2026-04-10T16:34:50.422504+00:00" hostname="agent-env-80022ca7-d611-4cb1-b080-4135e2286024"><testcase classname="backend.tests.test_approved_pro_verification_queue_iter282.TestApprovedProSignupVerificationQueue" name="test_01_approved_pro_signup_creates_verification_request_and_appears_in_queue" time="1.897" /><testcase classname="backend.tests.test_approved_pro_verification_queue_iter282.TestApprovedProSignupVerificationQueue" name="test_02_admin_queue_returns_pending_requests" time="0.354" /><testcase classname="backend.tests.test_approved_pro_verification_queue_iter282.TestUsernameValidation" name="test_01_username_required_for_signup" time="0.254" /><testcase classname="backend.tests.test_approved_pro_verification_queue_iter282.TestUsernameValidation" name="test_02_username_too_short_rejected" time="0.228" /><testcase classname="backend.tests.test_approved_pro_verification_queue_iter282.TestUsernameValidation" name="test_03_username_invalid_chars_rejected" time="0.222" /><testcase classname="backend.tests.test_approved_pro_verification_queue_iter282.TestUsernameValidation" name="test_04_valid_username_accepted" time="0.967" /><testcase classname="backend.tests.test_approved_pro_verification_queue_iter282.TestUsernameValidation" name="test_05_username_with_at_symbol_cleaned" time="0.608" /><testcase classname="backend.tests.test_approved_pro_verification_queue_iter282.TestVerificationRequestFields" name="test_01_verification_request_has_correct_type" time="1.105" /></testsuite></testsuites>