<?xml version="1.0" encoding="utf-8"?><testsuites name="pytest tests"><testsuite name="pytest" errors="0" failures="0" skipped="1" tests="11" time="3.329" timestamp="2026-04-03T23:39:58.860021+00:00" hostname="agent-env-80022ca7-d611-4cb1-b080-4135e2286024"><testcase classname="backend.tests.test_crew_leaderboard_iter192.TestCrewLeaderboardEndpoints" name="test_get_leaderboard_default_metric" time="0.336" /><testcase classname="backend.tests.test_crew_leaderboard_iter192.TestCrewLeaderboardEndpoints" name="test_get_leaderboard_money_saved_metric" time="0.258" /><testcase classname="backend.tests.test_crew_leaderboard_iter192.TestCrewLeaderboardEndpoints" name="test_get_leaderboard_current_streak_metric" time="0.294" /><testcase classname="backend.tests.test_crew_leaderboard_iter192.TestCrewLeaderboardEndpoints" name="test_get_leaderboard_with_limit" time="0.244" /><testcase classname="backend.tests.test_crew_leaderboard_iter192.TestCrewLeaderboardEndpoints" name="test_get_leaderboard_with_min_crew_size" time="0.273" /><testcase classname="backend.tests.test_crew_leaderboard_iter192.TestCrewLeaderboardEndpoints" name="test_get_leaderboard_entry_structure" time="0.328" /><testcase classname="backend.tests.test_crew_leaderboard_iter192.TestUserCrewSummary" name="test_get_user_crew_summary" time="0.292"><skipped type="pytest.skip" message="No test user available">/app/backend/tests/test_crew_leaderboard_iter192.py:117: No test user available</skipped></testcase><testcase classname="backend.tests.test_crew_leaderboard_iter192.TestUserCrewSummary" name="test_get_user_crew_summary_invalid_user" time="0.359" /><testcase classname="backend.tests.test_crew_leaderboard_iter192.TestCrewSettings" name="test_update_crew_settings_not_found" time="0.298" /><testcase classname="backend.tests.test_crew_leaderboard_iter192.TestCrewStatsUpdate" name="test_update_stats_booking_not_found" time="0.330" /><testcase classname="backend.tests.test_crew_leaderboard_iter192.TestCrewStatsDetail" name="test_get_crew_stats_not_found" time="0.257" /></testsuite></testsuites>