<?xml version="1.0" encoding="utf-8"?><testsuites name="pytest tests"><testsuite name="pytest" errors="0" failures="0" skipped="0" tests="6" time="2.438" timestamp="2026-04-03T18:25:26.071685+00:00" hostname="agent-env-80022ca7-d611-4cb1-b080-4135e2286024"><testcase classname="backend.tests.test_iteration_184_messages_notes.TestMessagesConversationsAPI" name="test_conversations_returns_other_user_updated_at" time="1.026" /><testcase classname="backend.tests.test_iteration_184_messages_notes.TestMessagesConversationsAPI" name="test_conversations_channel_folder" time="0.396" /><testcase classname="backend.tests.test_iteration_184_messages_notes.TestMessagesConversationsAPI" name="test_conversation_response_structure" time="0.404" /><testcase classname="backend.tests.test_iteration_184_messages_notes.TestNotesAPI" name="test_notes_feed_endpoint" time="0.407" /><testcase classname="backend.tests.test_iteration_184_messages_notes.TestNotesAPI" name="test_create_note_endpoint_exists" time="0.142" /><testcase classname="backend.tests.test_iteration_184_messages_notes.TestFrontendDataTestIds" name="test_document_expected_testids" time="0.000" /></testsuite></testsuites>