<?xml version="1.0" encoding="utf-8"?><testsuites name="pytest tests"><testsuite name="pytest" errors="0" failures="0" skipped="1" tests="18" time="6.035" timestamp="2026-04-03T16:55:50.365607+00:00" hostname="agent-env-80022ca7-d611-4cb1-b080-4135e2286024"><testcase classname="backend.tests.test_iteration_179_features.TestSpotDatabaseDeltaSync" name="test_total_spot_count" time="0.747" /><testcase classname="backend.tests.test_iteration_179_features.TestSpotDatabaseDeltaSync" name="test_indonesia_spots_count" time="0.355" /><testcase classname="backend.tests.test_iteration_179_features.TestSpotDatabaseDeltaSync" name="test_australia_spots_count" time="0.320" /><testcase classname="backend.tests.test_iteration_179_features.TestSpotDatabaseDeltaSync" name="test_japan_spots_count" time="0.458" /><testcase classname="backend.tests.test_iteration_179_features.TestSpotDatabaseDeltaSync" name="test_gland_spots_exist" time="0.328" /><testcase classname="backend.tests.test_iteration_179_features.TestSpotDatabaseDeltaSync" name="test_mentawai_spots_exist" time="0.316" /><testcase classname="backend.tests.test_iteration_179_features.TestSpotDatabaseDeltaSync" name="test_margaret_river_spots_exist" time="0.352" /><testcase classname="backend.tests.test_iteration_179_features.TestSpotDatabaseDeltaSync" name="test_cactus_beach_exists" time="0.319" /><testcase classname="backend.tests.test_iteration_179_features.TestSpotDatabaseDeltaSync" name="test_ichinomiya_olympics_venue_exists" time="0.332" /><testcase classname="backend.tests.test_iteration_179_features.TestSpotDatabaseDeltaSync" name="test_hokkaido_spots_exist" time="0.321" /><testcase classname="backend.tests.test_iteration_179_features.TestNotesReplyNotifications" name="test_notes_notifications_endpoint_exists" time="0.657" /><testcase classname="backend.tests.test_iteration_179_features.TestNotesReplyNotifications" name="test_notes_mark_read_endpoint_exists" time="0.457" /><testcase classname="backend.tests.test_iteration_179_features.TestNotesReplyNotifications" name="test_note_reply_creates_notification" time="0.475"><skipped type="pytest.skip" message="Could not create note: {&quot;detail&quot;:&quot;User not found&quot;}">/app/backend/tests/test_iteration_179_features.py:165: Could not create note: {"detail":"User not found"}</skipped></testcase><testcase classname="backend.tests.test_iteration_179_features.TestCrewChatFileSharing" name="test_file_upload_endpoint_structure" time="0.255" /><testcase classname="backend.tests.test_iteration_179_features.TestCrewChatFileSharing" name="test_allowed_file_types_documented" time="0.000" /><testcase classname="backend.tests.test_iteration_179_features.TestCrewChatFileSharing" name="test_file_size_limit" time="0.000" /><testcase classname="backend.tests.test_iteration_179_features.TestCrewChatReactionEmojis" name="test_reaction_emojis_endpoint" time="0.157" /><testcase classname="backend.tests.test_iteration_179_features.TestQuickActions" name="test_quick_actions_endpoint" time="0.110" /></testsuite></testsuites>