<?xml version="1.0" encoding="utf-8"?><testsuites name="pytest tests"><testsuite name="pytest" errors="0" failures="0" skipped="0" tests="10" time="8.711" timestamp="2026-04-03T18:12:42.879162+00:00" hostname="agent-env-80022ca7-d611-4cb1-b080-4135e2286024"><testcase classname="backend.tests.test_iteration_183_notes_forecast_offline.TestForecastAPI" name="test_forecast_returns_10_days_default" time="1.668" /><testcase classname="backend.tests.test_iteration_183_notes_forecast_offline.TestForecastAPI" name="test_forecast_with_custom_days_param" time="1.134" /><testcase classname="backend.tests.test_iteration_183_notes_forecast_offline.TestNotesAPI" name="test_get_user_note_endpoint" time="0.270" /><testcase classname="backend.tests.test_iteration_183_notes_forecast_offline.TestNotesAPI" name="test_get_notes_feed_endpoint" time="0.387" /><testcase classname="backend.tests.test_iteration_183_notes_forecast_offline.TestConditionsAPI" name="test_get_spot_conditions" time="1.157" /><testcase classname="backend.tests.test_iteration_183_notes_forecast_offline.TestConditionsAPI" name="test_batch_conditions" time="1.751" /><testcase classname="backend.tests.test_iteration_183_notes_forecast_offline.TestSpotsAPI" name="test_get_all_spots" time="0.556" /><testcase classname="backend.tests.test_iteration_183_notes_forecast_offline.TestSpotsAPI" name="test_spots_count_for_offline" time="0.315" /><testcase classname="backend.tests.test_iteration_183_notes_forecast_offline.TestHealthAndAuth" name="test_health_endpoint" time="0.930" /><testcase classname="backend.tests.test_iteration_183_notes_forecast_offline.TestHealthAndAuth" name="test_login_with_test_credentials" time="0.472" /></testsuite></testsuites>