<?xml version="1.0" encoding="utf-8"?><testsuites name="pytest tests"><testsuite name="pytest" errors="0" failures="0" skipped="0" tests="15" time="1.624" timestamp="2026-04-01T20:29:47.108100+00:00" hostname="agent-env-80022ca7-d611-4cb1-b080-4135e2286024"><testcase classname="tests.test_websocket_earnings_iter118.TestWebSocketEarningsEndpoint" name="test_websocket_status_endpoint" time="0.134" /><testcase classname="tests.test_websocket_earnings_iter118.TestWebSocketEarningsEndpoint" name="test_websocket_earnings_connection" time="0.276" /><testcase classname="tests.test_websocket_earnings_iter118.TestBroadcastImports" name="test_gallery_route_imports_broadcast" time="0.000" /><testcase classname="tests.test_websocket_earnings_iter118.TestBroadcastImports" name="test_bookings_route_imports_broadcast" time="0.000" /><testcase classname="tests.test_websocket_earnings_iter118.TestBroadcastImports" name="test_career_route_imports_broadcast" time="0.000" /><testcase classname="tests.test_websocket_earnings_iter118.TestBroadcastUpdateTypes" name="test_gallery_uses_new_sale_type" time="0.000" /><testcase classname="tests.test_websocket_earnings_iter118.TestBroadcastUpdateTypes" name="test_bookings_uses_booking_paid_type" time="0.000" /><testcase classname="tests.test_websocket_earnings_iter118.TestBroadcastUpdateTypes" name="test_career_uses_tip_received_type" time="0.000" /><testcase classname="tests.test_websocket_earnings_iter118.TestFrontendEarningsHandler" name="test_earnings_dashboard_handles_all_types" time="0.000" /><testcase classname="tests.test_websocket_earnings_iter118.TestFrontendEarningsHandler" name="test_earnings_dashboard_uses_websocket_hook" time="0.000" /><testcase classname="tests.test_websocket_earnings_iter118.TestWebSocketManagerFunction" name="test_broadcast_earnings_update_function_exists" time="0.000" /><testcase classname="tests.test_websocket_earnings_iter118.TestAPIEndpoints" name="test_profiles_endpoint" time="0.258" /><testcase classname="tests.test_websocket_earnings_iter118.TestAPIEndpoints" name="test_gallery_endpoint" time="0.251" /><testcase classname="tests.test_websocket_earnings_iter118.TestAPIEndpoints" name="test_bookings_endpoint" time="0.403" /><testcase classname="tests.test_websocket_earnings_iter118.TestAPIEndpoints" name="test_career_stats_endpoint" time="0.244" /></testsuite></testsuites>