<?xml version="1.0" encoding="utf-8"?><testsuites name="pytest tests"><testsuite name="pytest" errors="0" failures="0" skipped="0" tests="15" time="7.008" timestamp="2026-04-03T21:56:47.891074+00:00" hostname="agent-env-80022ca7-d611-4cb1-b080-4135e2286024"><testcase classname="backend.tests.test_iteration_189_p2_remaining.TestSchedulerAutoEscrowRelease" name="test_scheduler_has_auto_escrow_release_job" time="0.001" /><testcase classname="backend.tests.test_iteration_189_p2_remaining.TestPhotographerBookingsCalendar" name="test_get_bookings_calendar_returns_structure" time="1.261" /><testcase classname="backend.tests.test_iteration_189_p2_remaining.TestPhotographerBookingsCalendar" name="test_get_bookings_calendar_invalid_photographer" time="0.254" /><testcase classname="backend.tests.test_iteration_189_p2_remaining.TestPhotographerAvailabilityWindows" name="test_update_availability_windows" time="0.812" /><testcase classname="backend.tests.test_iteration_189_p2_remaining.TestPhotographerAvailabilityWindows" name="test_update_availability_windows_invalid_photographer" time="0.235" /><testcase classname="backend.tests.test_iteration_189_p2_remaining.TestPhotographerBlockDate" name="test_block_date" time="0.518" /><testcase classname="backend.tests.test_iteration_189_p2_remaining.TestPhotographerBlockDate" name="test_unblock_date" time="0.343" /><testcase classname="backend.tests.test_iteration_189_p2_remaining.TestPhotographerBlockDate" name="test_block_date_invalid_format" time="0.252" /><testcase classname="backend.tests.test_iteration_189_p2_remaining.TestStripeIdentityAgeVerification" name="test_create_age_verification_session" time="0.722" /><testcase classname="backend.tests.test_iteration_189_p2_remaining.TestStripeIdentityAgeVerification" name="test_create_age_verification_invalid_parent" time="0.242" /><testcase classname="backend.tests.test_iteration_189_p2_remaining.TestGroupDiscountInBookingCreation" name="test_group_discount_applied_in_price_calculation" time="0.759" /><testcase classname="backend.tests.test_iteration_189_p2_remaining.TestGroupDiscountInBookingCreation" name="test_booking_price_calculation_with_group_discount" time="0.001" /><testcase classname="backend.tests.test_iteration_189_p2_remaining.TestPhotographerAvailabilityCalendarIntegration" name="test_full_calendar_flow" time="1.518" /><testcase classname="backend.tests.test_iteration_189_p2_remaining.TestScheduledBookingDrawerGroupDiscountDisplay" name="test_frontend_has_group_discount_display" time="0.000" /><testcase classname="backend.tests.test_iteration_189_p2_remaining.TestPhotographerBookingsManagerCalendarTab" name="test_bookings_manager_has_calendar_tab" time="0.000" /></testsuite></testsuites>