<?xml version="1.0" encoding="utf-8"?><testsuites name="pytest tests"><testsuite name="pytest" errors="0" failures="0" skipped="0" tests="17" time="21.929" timestamp="2026-04-04T01:19:14.082238+00:00" hostname="agent-env-80022ca7-d611-4cb1-b080-4135e2286024"><testcase classname="backend.tests.test_surf_conditions_post_menu_iter195.TestSurfConditionsAPI" name="test_get_surf_conditions_by_spot_name" time="0.725" /><testcase classname="backend.tests.test_surf_conditions_post_menu_iter195.TestSurfConditionsAPI" name="test_get_surf_conditions_by_coordinates" time="1.161" /><testcase classname="backend.tests.test_surf_conditions_post_menu_iter195.TestSurfConditionsAPI" name="test_get_surf_conditions_known_spots" time="0.117" /><testcase classname="backend.tests.test_surf_conditions_post_menu_iter195.TestSurfConditionsAPI" name="test_surf_conditions_missing_params" time="0.100" /><testcase classname="backend.tests.test_surf_conditions_post_menu_iter195.TestPostSettingsAPI" name="test_toggle_hide_like_count" time="2.711" /><testcase classname="backend.tests.test_surf_conditions_post_menu_iter195.TestPostSettingsAPI" name="test_toggle_comments_disabled" time="2.226" /><testcase classname="backend.tests.test_surf_conditions_post_menu_iter195.TestPostSettingsAPI" name="test_settings_unauthorized" time="1.335" /><testcase classname="backend.tests.test_surf_conditions_post_menu_iter195.TestPostEditAPI" name="test_edit_post_caption" time="1.409" /><testcase classname="backend.tests.test_surf_conditions_post_menu_iter195.TestPostEditAPI" name="test_edit_post_unauthorized" time="1.370" /><testcase classname="backend.tests.test_surf_conditions_post_menu_iter195.TestPostDeleteAPI" name="test_delete_post" time="2.141" /><testcase classname="backend.tests.test_surf_conditions_post_menu_iter195.TestPostDeleteAPI" name="test_delete_post_unauthorized" time="1.339" /><testcase classname="backend.tests.test_surf_conditions_post_menu_iter195.TestPostReportAPI" name="test_report_post" time="1.200" /><testcase classname="backend.tests.test_surf_conditions_post_menu_iter195.TestPostReportAPI" name="test_report_nonexistent_post" time="0.266" /><testcase classname="backend.tests.test_surf_conditions_post_menu_iter195.TestUserFavoritesAPI" name="test_add_to_favorites" time="1.687" /><testcase classname="backend.tests.test_surf_conditions_post_menu_iter195.TestUserFavoritesAPI" name="test_add_duplicate_favorite" time="1.745" /><testcase classname="backend.tests.test_surf_conditions_post_menu_iter195.TestUserFavoritesAPI" name="test_remove_from_favorites" time="1.354" /><testcase classname="backend.tests.test_surf_conditions_post_menu_iter195.TestUserFavoritesAPI" name="test_get_user_favorites" time="0.954" /></testsuite></testsuites>