<?xml version="1.0" encoding="utf-8"?><testsuites name="pytest tests"><testsuite name="pytest" errors="0" failures="0" skipped="0" tests="12" time="3.767" timestamp="2026-04-04T04:08:08.989097+00:00" hostname="agent-env-80022ca7-d611-4cb1-b080-4135e2286024"><testcase classname="backend.tests.test_meta_sharing.TestMetaOAuthURL" name="test_oauth_url_returns_valid_url" time="0.124" /><testcase classname="backend.tests.test_meta_sharing.TestMetaOAuthURL" name="test_oauth_url_with_custom_redirect" time="0.101" /><testcase classname="backend.tests.test_meta_sharing.TestMetaConnectionStatus" name="test_status_for_existing_user" time="0.234" /><testcase classname="backend.tests.test_meta_sharing.TestMetaConnectionStatus" name="test_status_for_nonexistent_user" time="0.237" /><testcase classname="backend.tests.test_meta_sharing.TestMetaDisconnect" name="test_disconnect_for_existing_user" time="0.238" /><testcase classname="backend.tests.test_meta_sharing.TestMetaDisconnect" name="test_disconnect_for_nonexistent_user" time="0.237" /><testcase classname="backend.tests.test_meta_sharing.TestShareToFacebook" name="test_share_without_connection_returns_error" time="0.481" /><testcase classname="backend.tests.test_meta_sharing.TestShareToFacebook" name="test_share_with_invalid_post_id" time="0.237" /><testcase classname="backend.tests.test_meta_sharing.TestShareToInstagram" name="test_share_without_connection_returns_error" time="0.492" /><testcase classname="backend.tests.test_meta_sharing.TestShareToInstagram" name="test_share_with_nonexistent_user" time="0.253" /><testcase classname="backend.tests.test_meta_sharing.TestMetaOAuthCallback" name="test_callback_without_credentials_returns_error" time="0.218" /><testcase classname="backend.tests.test_meta_sharing.TestMetaIntegrationFlow" name="test_full_flow_without_oauth" time="0.855" /></testsuite></testsuites>