<?xml version="1.0" encoding="utf-8"?><testsuites name="pytest tests"><testsuite name="pytest" errors="0" failures="0" skipped="0" tests="12" time="8.537" timestamp="2026-04-12T03:16:24.684071+00:00" hostname="agent-env-80022ca7-d611-4cb1-b080-4135e2286024"><testcase classname="backend.tests.test_post_reactions_save_iter288.TestPostSaveEndpoints" name="test_save_post" time="1.014" /><testcase classname="backend.tests.test_post_reactions_save_iter288.TestPostSaveEndpoints" name="test_check_is_saved" time="0.219" /><testcase classname="backend.tests.test_post_reactions_save_iter288.TestPostSaveEndpoints" name="test_unsave_post" time="0.515" /><testcase classname="backend.tests.test_post_reactions_save_iter288.TestPostSaveEndpoints" name="test_verify_unsaved_state" time="0.448" /><testcase classname="backend.tests.test_post_reactions_save_iter288.TestPostSaveEndpoints" name="test_save_already_saved_post" time="0.748" /><testcase classname="backend.tests.test_post_reactions_save_iter288.TestPostReactionEndpoints" name="test_add_reaction" time="0.669" /><testcase classname="backend.tests.test_post_reactions_save_iter288.TestPostReactionEndpoints" name="test_toggle_reaction" time="0.656" /><testcase classname="backend.tests.test_post_reactions_save_iter288.TestPostReactionEndpoints" name="test_invalid_reaction_emoji" time="0.102" /><testcase classname="backend.tests.test_post_reactions_save_iter288.TestPostReactionEndpoints" name="test_get_post_reactions" time="0.368" /><testcase classname="backend.tests.test_post_reactions_save_iter288.TestPostReactionEndpoints" name="test_all_valid_reactions" time="1.316" /><testcase classname="backend.tests.test_post_reactions_save_iter288.TestPostEndpointWithSavedState" name="test_get_post_includes_saved_state" time="0.766" /><testcase classname="backend.tests.test_post_reactions_save_iter288.TestPostEndpointWithSavedState" name="test_saved_state_updates_correctly" time="1.648" /></testsuite></testsuites>