<?xml version="1.0" encoding="utf-8"?><testsuites name="pytest tests"><testsuite name="pytest" errors="0" failures="0" skipped="0" tests="7" time="4.348" timestamp="2026-04-07T05:09:47.807320+00:00" hostname="agent-env-80022ca7-d611-4cb1-b080-4135e2286024"><testcase classname="backend.tests.test_username_display.TestHealthCheck" name="test_api_health" time="0.768" /><testcase classname="backend.tests.test_username_display.TestPostsAuthorUsername" name="test_posts_feed_returns_author_username" time="1.093" /><testcase classname="backend.tests.test_username_display.TestPostsAuthorUsername" name="test_post_response_structure" time="0.606" /><testcase classname="backend.tests.test_username_display.TestPostsAuthorUsername" name="test_comments_have_author_username" time="0.732" /><testcase classname="backend.tests.test_username_display.TestPostsAuthorUsername" name="test_collaborators_have_username" time="0.505" /><testcase classname="backend.tests.test_username_display.TestUserProfileUsername" name="test_username_status_endpoint" time="0.241" /><testcase classname="backend.tests.test_username_display.TestUsernameSearch" name="test_search_by_username" time="0.335" /></testsuite></testsuites>