<?xml version="1.0" encoding="utf-8"?><testsuites name="pytest tests"><testsuite name="pytest" errors="0" failures="0" skipped="0" tests="8" time="2.399" timestamp="2026-03-31T03:48:01.913689+00:00" hostname="agent-env-80022ca7-d611-4cb1-b080-4135e2286024"><testcase classname="tests.test_sprint_features_iter97.TestOnDemandStatusEndpoint" name="test_on_demand_status_returns_is_available" time="0.258" /><testcase classname="tests.test_sprint_features_iter97.TestOnDemandStatusEndpoint" name="test_on_demand_status_returns_spot_info" time="0.451" /><testcase classname="tests.test_sprint_features_iter97.TestOnDemandStatusEndpoint" name="test_on_demand_status_404_for_invalid_id" time="0.232" /><testcase classname="tests.test_sprint_features_iter97.TestOnDemandToggleEndpoint" name="test_on_demand_toggle_requires_spot_when_enabling" time="0.239" /><testcase classname="tests.test_sprint_features_iter97.TestOnDemandToggleEndpoint" name="test_on_demand_toggle_with_spot_info" time="0.307" /><testcase classname="tests.test_sprint_features_iter97.TestOnDemandSettingsEndpoint" name="test_get_on_demand_settings" time="0.242" /><testcase classname="tests.test_sprint_features_iter97.TestOnDemandSettingsEndpoint" name="test_post_on_demand_settings" time="0.233" /><testcase classname="tests.test_sprint_features_iter97.TestHealthCheck" name="test_photographers_live_endpoint" time="0.378" /></testsuite></testsuites>