<?xml version="1.0" encoding="utf-8"?><testsuites name="pytest tests"><testsuite name="pytest" errors="0" failures="0" skipped="1" tests="12" time="16.148" timestamp="2026-03-14T23:20:27.295882+00:00" hostname="agent-env-80022ca7-d611-4cb1-b080-4135e2286024"><testcase classname="backend.tests.test_comments.TestCommentEndpoints" name="test_get_comments_for_existing_post" time="2.114" /><testcase classname="backend.tests.test_comments.TestCommentEndpoints" name="test_get_comments_for_nonexistent_post" time="0.947" /><testcase classname="backend.tests.test_comments.TestCommentEndpoints" name="test_create_comment_success" time="1.969" /><testcase classname="backend.tests.test_comments.TestCommentEndpoints" name="test_create_comment_empty_content" time="1.475" /><testcase classname="backend.tests.test_comments.TestCommentEndpoints" name="test_create_comment_no_user_id" time="0.825" /><testcase classname="backend.tests.test_comments.TestCommentEndpoints" name="test_create_comment_nonexistent_post" time="0.879" /><testcase classname="backend.tests.test_comments.TestCommentEndpoints" name="test_create_comment_nonexistent_user" time="0.931" /><testcase classname="backend.tests.test_comments.TestCommentEndpoints" name="test_delete_own_comment" time="1.690" /><testcase classname="backend.tests.test_comments.TestCommentEndpoints" name="test_delete_nonexistent_comment" time="0.960" /><testcase classname="backend.tests.test_comments.TestCommentEndpoints" name="test_delete_other_users_comment_forbidden" time="1.008"><skipped type="pytest.skip" message="No other user's comment available to test deletion">/app/backend/tests/test_comments.py:222: No other user's comment available to test deletion</skipped></testcase><testcase classname="backend.tests.test_comments.TestCommentEndpoints" name="test_comment_count_increases_on_create" time="2.192" /><testcase classname="backend.tests.test_comments.TestCommentEndpoints" name="test_feed_includes_recent_comments" time="1.088" /></testsuite></testsuites>