<?xml version="1.0" encoding="utf-8"?><testsuites name="pytest tests"><testsuite name="pytest" errors="0" failures="0" skipped="0" tests="12" time="6.272" timestamp="2026-03-16T06:27:12.800158+00:00" hostname="agent-env-80022ca7-d611-4cb1-b080-4135e2286024"><testcase classname="backend.tests.test_bookings_jump_in_photo_upload.TestLivePhotographersAPI" name="test_get_live_photographers" time="1.633" /><testcase classname="backend.tests.test_bookings_jump_in_photo_upload.TestPhotoUploadAPI" name="test_photo_upload_endpoint_exists" time="0.470" /><testcase classname="backend.tests.test_bookings_jump_in_photo_upload.TestPhotoUploadAPI" name="test_photo_upload_with_file" time="0.948" /><testcase classname="backend.tests.test_bookings_jump_in_photo_upload.TestPhotoUploadAPI" name="test_photo_upload_with_tagged_surfers" time="0.754" /><testcase classname="backend.tests.test_bookings_jump_in_photo_upload.TestSurferRolesAuthorization" name="test_surfer_roles_defined" time="0.000" /><testcase classname="backend.tests.test_bookings_jump_in_photo_upload.TestSurferRolesAuthorization" name="test_user_profile_role_field" time="0.416" /><testcase classname="backend.tests.test_bookings_jump_in_photo_upload.TestLiveSessionDealBadge" name="test_photographer_pricing_fields" time="0.309" /><testcase classname="backend.tests.test_bookings_jump_in_photo_upload.TestGamificationDataStructure" name="test_xp_transactions_endpoint" time="0.131" /><testcase classname="backend.tests.test_bookings_jump_in_photo_upload.TestGamificationDataStructure" name="test_badges_endpoint" time="0.321" /><testcase classname="backend.tests.test_bookings_jump_in_photo_upload.TestSessionsUserEndpoint" name="test_user_sessions_endpoint" time="0.281" /><testcase classname="backend.tests.test_bookings_jump_in_photo_upload.TestSessionsUserEndpoint" name="test_bookings_user_endpoint" time="0.263" /><testcase classname="backend.tests.test_bookings_jump_in_photo_upload.TestPhotographerActiveSession" name="test_photographer_active_session" time="0.677" /></testsuite></testsuites>