<?xml version="1.0" encoding="utf-8"?><testsuites name="pytest tests"><testsuite name="pytest" errors="0" failures="0" skipped="0" tests="12" time="9.942" timestamp="2026-04-10T18:08:04.247279+00:00" hostname="agent-env-80022ca7-d611-4cb1-b080-4135e2286024"><testcase classname="backend.tests.test_signup_redirect_iter283.TestSignupRedirectLogic" name="test_surfer_signup_redirects_to_surfer_subscription" time="1.379" /><testcase classname="backend.tests.test_signup_redirect_iter283.TestSignupRedirectLogic" name="test_photographer_signup_redirects_to_photographer_subscription" time="0.655" /><testcase classname="backend.tests.test_signup_redirect_iter283.TestSignupRedirectLogic" name="test_verified_pro_photographer_signup_redirects_to_pro_onboarding" time="2.836" /><testcase classname="backend.tests.test_signup_redirect_iter283.TestSignupRedirectLogic" name="test_hobbyist_signup_redirects_to_feed" time="0.666" /><testcase classname="backend.tests.test_signup_redirect_iter283.TestSignupRedirectLogic" name="test_business_school_signup_redirects_to_feed" time="0.703" /><testcase classname="backend.tests.test_signup_redirect_iter283.TestSignupRedirectLogic" name="test_business_coach_signup_redirects_to_feed" time="0.637" /><testcase classname="backend.tests.test_signup_redirect_iter283.TestSignupRedirectLogic" name="test_grom_signup_redirects_to_surfer_subscription" time="0.637" /><testcase classname="backend.tests.test_signup_redirect_iter283.TestSignupRedirectLogic" name="test_comp_surfer_signup_redirects_to_surfer_subscription" time="0.651" /><testcase classname="backend.tests.test_signup_redirect_iter283.TestSignupRedirectLogic" name="test_pro_surfer_signup_redirects_to_surfer_subscription" time="0.620" /><testcase classname="backend.tests.test_signup_redirect_iter283.TestSignupUsernameValidation" name="test_signup_without_username_fails" time="0.206" /><testcase classname="backend.tests.test_signup_redirect_iter283.TestSignupUsernameValidation" name="test_signup_with_short_username_fails" time="0.267" /><testcase classname="backend.tests.test_signup_redirect_iter283.TestSignupUserLoggedIn" name="test_signup_returns_user_id" time="0.600" /></testsuite></testsuites>