<?xml version="1.0" encoding="utf-8"?><testsuites name="pytest tests"><testsuite name="pytest" errors="0" failures="0" skipped="0" tests="12" time="10.011" timestamp="2026-03-17T00:59:23.690823+00:00" hostname="agent-env-80022ca7-d611-4cb1-b080-4135e2286024"><testcase classname="backend.tests.test_theme_badges_iter60.TestHealthAndAuth" name="test_api_works" time="1.621" /><testcase classname="backend.tests.test_theme_badges_iter60.TestHealthAndAuth" name="test_admin_login" time="0.311" /><testcase classname="backend.tests.test_theme_badges_iter60.TestGamificationBadges" name="test_gamification_stats_endpoint" time="0.792" /><testcase classname="backend.tests.test_theme_badges_iter60.TestGamificationBadges" name="test_check_badges_endpoint" time="0.804" /><testcase classname="backend.tests.test_theme_badges_iter60.TestGamificationBadges" name="test_leaderboard_endpoint" time="1.212" /><testcase classname="backend.tests.test_theme_badges_iter60.TestGamificationBadges" name="test_leaderboard_with_filters" time="0.729" /><testcase classname="backend.tests.test_theme_badges_iter60.TestReviewsBadgeTrigger" name="test_reviews_photographer_stats" time="0.966" /><testcase classname="backend.tests.test_theme_badges_iter60.TestGalleryEndpoints" name="test_photographer_gallery" time="0.688" /><testcase classname="backend.tests.test_theme_badges_iter60.TestSessionsGodMode" name="test_sessions_endpoint_exists" time="0.603" /><testcase classname="backend.tests.test_theme_badges_iter60.TestSessionsGodMode" name="test_surfer_active_session" time="0.552" /><testcase classname="backend.tests.test_theme_badges_iter60.TestSpotsEndpoint" name="test_spots_list" time="1.095" /><testcase classname="backend.tests.test_theme_badges_iter60.TestSpotsEndpoint" name="test_active_shooters" time="0.569" /></testsuite></testsuites>