<?xml version="1.0" encoding="utf-8"?><testsuites name="pytest tests"><testsuite name="pytest" errors="0" failures="0" skipped="0" tests="46" time="17.416" timestamp="2026-04-03T02:36:25.416785+00:00" hostname="agent-env-80022ca7-d611-4cb1-b080-4135e2286024"><testcase classname="backend.tests.test_iteration_163_caribbean_asia_pacific.TestAPIHealth" name="test_api_health" time="0.827" /><testcase classname="backend.tests.test_iteration_163_caribbean_asia_pacific.TestSurfSpotsEndpoint" name="test_surf_spots_returns_200" time="0.658" /><testcase classname="backend.tests.test_iteration_163_caribbean_asia_pacific.TestSurfSpotsEndpoint" name="test_total_spot_count_702" time="0.308" /><testcase classname="backend.tests.test_iteration_163_caribbean_asia_pacific.TestSurfSpotsEndpoint" name="test_api_performance_under_2_seconds" time="0.267" /><testcase classname="backend.tests.test_iteration_163_caribbean_asia_pacific.TestJamaicaSpots" name="test_jamaica_spot_count" time="0.263" /><testcase classname="backend.tests.test_iteration_163_caribbean_asia_pacific.TestJamaicaSpots" name="test_jamaica_bull_bay_jamnesia" time="0.271" /><testcase classname="backend.tests.test_iteration_163_caribbean_asia_pacific.TestJamaicaSpots" name="test_jamaica_boston_bay" time="0.277" /><testcase classname="backend.tests.test_iteration_163_caribbean_asia_pacific.TestJamaicaSpots" name="test_jamaica_makka_pro" time="0.265" /><testcase classname="backend.tests.test_iteration_163_caribbean_asia_pacific.TestDominicanRepublicSpots" name="test_dr_spot_count" time="0.270" /><testcase classname="backend.tests.test_iteration_163_caribbean_asia_pacific.TestDominicanRepublicSpots" name="test_dr_encuentro" time="0.271" /><testcase classname="backend.tests.test_iteration_163_caribbean_asia_pacific.TestDominicanRepublicSpots" name="test_dr_cabarete_kite_beach" time="0.290" /><testcase classname="backend.tests.test_iteration_163_caribbean_asia_pacific.TestDominicanRepublicSpots" name="test_dr_sosua" time="0.307" /><testcase classname="backend.tests.test_iteration_163_caribbean_asia_pacific.TestNicaraguaSpots" name="test_nicaragua_spot_count" time="0.261" /><testcase classname="backend.tests.test_iteration_163_caribbean_asia_pacific.TestNicaraguaSpots" name="test_nicaragua_popoyo_outer_reef" time="0.280" /><testcase classname="backend.tests.test_iteration_163_caribbean_asia_pacific.TestNicaraguaSpots" name="test_nicaragua_playa_maderas" time="0.271" /><testcase classname="backend.tests.test_iteration_163_caribbean_asia_pacific.TestNicaraguaSpots" name="test_nicaragua_colorados" time="0.288" /><testcase classname="backend.tests.test_iteration_163_caribbean_asia_pacific.TestPanamaSpots" name="test_panama_spot_count" time="0.278" /><testcase classname="backend.tests.test_iteration_163_caribbean_asia_pacific.TestPanamaSpots" name="test_panama_santa_catalina" time="0.281" /><testcase classname="backend.tests.test_iteration_163_caribbean_asia_pacific.TestPanamaSpots" name="test_panama_bocas_del_toro_bluff_beach" time="0.868" /><testcase classname="backend.tests.test_iteration_163_caribbean_asia_pacific.TestPanamaSpots" name="test_panama_playa_venao" time="0.505" /><testcase classname="backend.tests.test_iteration_163_caribbean_asia_pacific.TestSriLankaSpots" name="test_sri_lanka_spot_count" time="0.410" /><testcase classname="backend.tests.test_iteration_163_caribbean_asia_pacific.TestSriLankaSpots" name="test_sri_lanka_arugam_bay_main_point" time="0.360" /><testcase classname="backend.tests.test_iteration_163_caribbean_asia_pacific.TestSriLankaSpots" name="test_sri_lanka_weligama" time="0.378" /><testcase classname="backend.tests.test_iteration_163_caribbean_asia_pacific.TestSriLankaSpots" name="test_sri_lanka_hikkaduwa" time="0.464" /><testcase classname="backend.tests.test_iteration_163_caribbean_asia_pacific.TestMaldivesSpots" name="test_maldives_spot_count" time="0.426" /><testcase classname="backend.tests.test_iteration_163_caribbean_asia_pacific.TestMaldivesSpots" name="test_maldives_cokes" time="0.362" /><testcase classname="backend.tests.test_iteration_163_caribbean_asia_pacific.TestMaldivesSpots" name="test_maldives_sultans" time="0.373" /><testcase classname="backend.tests.test_iteration_163_caribbean_asia_pacific.TestMaldivesSpots" name="test_maldives_pasta_point" time="0.347" /><testcase classname="backend.tests.test_iteration_163_caribbean_asia_pacific.TestTaiwanSpots" name="test_taiwan_spot_count" time="0.489" /><testcase classname="backend.tests.test_iteration_163_caribbean_asia_pacific.TestTaiwanSpots" name="test_taiwan_jinzun_harbor" time="0.352" /><testcase classname="backend.tests.test_iteration_163_caribbean_asia_pacific.TestTaiwanSpots" name="test_taiwan_honeymoon_bay" time="0.385" /><testcase classname="backend.tests.test_iteration_163_caribbean_asia_pacific.TestTaiwanSpots" name="test_taiwan_jialeshuei" time="0.364" /><testcase classname="backend.tests.test_iteration_163_caribbean_asia_pacific.TestNewZealandSpots" name="test_nz_spot_count" time="0.372" /><testcase classname="backend.tests.test_iteration_163_caribbean_asia_pacific.TestNewZealandSpots" name="test_nz_raglan_manu_bay" time="0.361" /><testcase classname="backend.tests.test_iteration_163_caribbean_asia_pacific.TestNewZealandSpots" name="test_nz_piha" time="0.351" /><testcase classname="backend.tests.test_iteration_163_caribbean_asia_pacific.TestNewZealandSpots" name="test_nz_mount_maunganui" time="0.368" /><testcase classname="backend.tests.test_iteration_163_caribbean_asia_pacific.TestNewZealandSpots" name="test_nz_gisborne_wainui" time="0.367" /><testcase classname="backend.tests.test_iteration_163_caribbean_asia_pacific.TestAustraliaAdditionalSpots" name="test_australia_has_many_spots" time="0.392" /><testcase classname="backend.tests.test_iteration_163_caribbean_asia_pacific.TestAustraliaAdditionalSpots" name="test_australia_kirra" time="0.368" /><testcase classname="backend.tests.test_iteration_163_caribbean_asia_pacific.TestAustraliaAdditionalSpots" name="test_australia_the_pass_byron" time="0.365" /><testcase classname="backend.tests.test_iteration_163_caribbean_asia_pacific.TestAustraliaAdditionalSpots" name="test_australia_lennox_head" time="0.370" /><testcase classname="backend.tests.test_iteration_163_caribbean_asia_pacific.TestAustraliaAdditionalSpots" name="test_australia_the_box" time="0.355" /><testcase classname="backend.tests.test_iteration_163_caribbean_asia_pacific.TestCoordinateValidation" name="test_jamaica_coordinates_offshore" time="0.479" /><testcase classname="backend.tests.test_iteration_163_caribbean_asia_pacific.TestCoordinateValidation" name="test_maldives_coordinates_in_atolls" time="0.392" /><testcase classname="backend.tests.test_iteration_163_caribbean_asia_pacific.TestCoordinateValidation" name="test_new_zealand_coordinates_valid" time="0.384" /><testcase classname="backend.tests.test_iteration_163_caribbean_asia_pacific.TestExpansionSummary" name="test_expansion_summary" time="0.360" /></testsuite></testsuites>