<?xml version="1.0" encoding="utf-8"?><testsuites name="pytest tests"><testsuite name="pytest" errors="0" failures="0" skipped="0" tests="39" time="18.488" timestamp="2026-04-03T03:27:12.745214+00:00" hostname="agent-env-80022ca7-d611-4cb1-b080-4135e2286024"><testcase classname="backend.tests.test_iteration_167_global_expansion_phase4.TestAPIHealth" name="test_api_health" time="0.940" /><testcase classname="backend.tests.test_iteration_167_global_expansion_phase4.TestAPIHealth" name="test_surf_spots_endpoint" time="0.558" /><testcase classname="backend.tests.test_iteration_167_global_expansion_phase4.TestTotalSpotCount" name="test_total_spot_count_1114" time="0.595" /><testcase classname="backend.tests.test_iteration_167_global_expansion_phase4.TestTotalSpotCount" name="test_api_performance" time="0.539" /><testcase classname="backend.tests.test_iteration_167_global_expansion_phase4.TestTongaSpots" name="test_tonga_total_count" time="0.485" /><testcase classname="backend.tests.test_iteration_167_global_expansion_phase4.TestTongaSpots" name="test_haatafu_beach_exists" time="0.567" /><testcase classname="backend.tests.test_iteration_167_global_expansion_phase4.TestVanuatuSpots" name="test_vanuatu_total_count" time="0.547" /><testcase classname="backend.tests.test_iteration_167_global_expansion_phase4.TestVanuatuSpots" name="test_pango_point_exists" time="0.584" /><testcase classname="backend.tests.test_iteration_167_global_expansion_phase4.TestVanuatuSpots" name="test_breakas_exists" time="0.560" /><testcase classname="backend.tests.test_iteration_167_global_expansion_phase4.TestPapuaNewGuineaSpots" name="test_png_total_count" time="0.395" /><testcase classname="backend.tests.test_iteration_167_global_expansion_phase4.TestPapuaNewGuineaSpots" name="test_tupira_exists" time="0.474" /><testcase classname="backend.tests.test_iteration_167_global_expansion_phase4.TestPapuaNewGuineaSpots" name="test_vanimo_exists" time="0.457" /><testcase classname="backend.tests.test_iteration_167_global_expansion_phase4.TestMadagascarSpots" name="test_madagascar_total_count" time="0.433" /><testcase classname="backend.tests.test_iteration_167_global_expansion_phase4.TestMadagascarSpots" name="test_anakao_exists" time="0.413" /><testcase classname="backend.tests.test_iteration_167_global_expansion_phase4.TestMadagascarSpots" name="test_lavanono_exists" time="0.421" /><testcase classname="backend.tests.test_iteration_167_global_expansion_phase4.TestMozambiqueSpots" name="test_mozambique_total_count" time="0.407" /><testcase classname="backend.tests.test_iteration_167_global_expansion_phase4.TestMozambiqueSpots" name="test_tofo_beach_exists" time="0.439" /><testcase classname="backend.tests.test_iteration_167_global_expansion_phase4.TestMozambiqueSpots" name="test_tofinho_exists" time="0.416" /><testcase classname="backend.tests.test_iteration_167_global_expansion_phase4.TestAngolaSpots" name="test_angola_total_count" time="0.445" /><testcase classname="backend.tests.test_iteration_167_global_expansion_phase4.TestAngolaSpots" name="test_cabo_ledo_exists" time="0.421" /><testcase classname="backend.tests.test_iteration_167_global_expansion_phase4.TestAngolaSpots" name="test_baia_azul_exists" time="0.548" /><testcase classname="backend.tests.test_iteration_167_global_expansion_phase4.TestOmanSpots" name="test_oman_total_count" time="0.439" /><testcase classname="backend.tests.test_iteration_167_global_expansion_phase4.TestOmanSpots" name="test_salalah_exists" time="0.426" /><testcase classname="backend.tests.test_iteration_167_global_expansion_phase4.TestOmanSpots" name="test_musandam_exists" time="0.455" /><testcase classname="backend.tests.test_iteration_167_global_expansion_phase4.TestUAESpots" name="test_uae_total_count" time="0.420" /><testcase classname="backend.tests.test_iteration_167_global_expansion_phase4.TestUAESpots" name="test_fujairah_exists" time="0.411" /><testcase classname="backend.tests.test_iteration_167_global_expansion_phase4.TestIsraelSpots" name="test_israel_total_count" time="0.446" /><testcase classname="backend.tests.test_iteration_167_global_expansion_phase4.TestIsraelSpots" name="test_tel_aviv_hilton_exists" time="0.415" /><testcase classname="backend.tests.test_iteration_167_global_expansion_phase4.TestIsraelSpots" name="test_herzliya_exists" time="0.415" /><testcase classname="backend.tests.test_iteration_167_global_expansion_phase4.TestEcuadorSpots" name="test_ecuador_total_count" time="0.414" /><testcase classname="backend.tests.test_iteration_167_global_expansion_phase4.TestEcuadorSpots" name="test_montanita_exists" time="0.414" /><testcase classname="backend.tests.test_iteration_167_global_expansion_phase4.TestEcuadorSpots" name="test_galapagos_exists" time="0.413" /><testcase classname="backend.tests.test_iteration_167_global_expansion_phase4.TestColombiaSpots" name="test_colombia_total_count" time="0.418" /><testcase classname="backend.tests.test_iteration_167_global_expansion_phase4.TestColombiaSpots" name="test_nuqui_exists" time="0.537" /><testcase classname="backend.tests.test_iteration_167_global_expansion_phase4.TestColombiaSpots" name="test_palomino_exists" time="0.413" /><testcase classname="backend.tests.test_iteration_167_global_expansion_phase4.TestCoordinatesOffshore" name="test_tonga_coordinates_offshore" time="0.433" /><testcase classname="backend.tests.test_iteration_167_global_expansion_phase4.TestCoordinatesOffshore" name="test_israel_coordinates_offshore" time="0.409" /><testcase classname="backend.tests.test_iteration_167_global_expansion_phase4.TestCoordinatesOffshore" name="test_ecuador_coordinates_offshore" time="0.430" /><testcase classname="backend.tests.test_iteration_167_global_expansion_phase4.TestCountryBreakdown" name="test_country_breakdown" time="0.422" /></testsuite></testsuites>