<?xml version="1.0" encoding="utf-8"?><testsuites name="pytest tests"><testsuite name="pytest" errors="0" failures="0" skipped="0" tests="7" time="10.121" timestamp="2026-04-04T21:13:15.036376+00:00" hostname="agent-env-80022ca7-d611-4cb1-b080-4135e2286024"><testcase classname="backend.tests.test_service_area_pricing.TestServiceAreaPricing" name="test_get_pricing_returns_service_area_fields" time="0.802" /><testcase classname="backend.tests.test_service_area_pricing.TestServiceAreaPricing" name="test_update_service_radius_miles" time="1.768" /><testcase classname="backend.tests.test_service_area_pricing.TestServiceAreaPricing" name="test_update_home_location" time="1.274" /><testcase classname="backend.tests.test_service_area_pricing.TestServiceAreaPricing" name="test_update_charges_travel_fees" time="1.689" /><testcase classname="backend.tests.test_service_area_pricing.TestServiceAreaPricing" name="test_update_travel_surcharges" time="1.197" /><testcase classname="backend.tests.test_service_area_pricing.TestServiceAreaPricing" name="test_full_service_area_update" time="1.673" /><testcase classname="backend.tests.test_service_area_pricing.TestServiceAreaPricing" name="test_service_radius_validation" time="1.657" /></testsuite></testsuites>