<?xml version="1.0" encoding="utf-8"?><testsuites name="pytest tests"><testsuite name="pytest" errors="0" failures="0" skipped="0" tests="18" time="6.532" timestamp="2026-03-14T15:47:32.189066+00:00" hostname="agent-env-80022ca7-d611-4cb1-b080-4135e2286024"><testcase classname="backend.tests.test_p1_p2_features.TestCheckInAndStreaks" name="test_get_streak_for_existing_user" time="0.264" /><testcase classname="backend.tests.test_p1_p2_features.TestCheckInAndStreaks" name="test_get_streak_for_nonexistent_user" time="0.235" /><testcase classname="backend.tests.test_p1_p2_features.TestCheckInAndStreaks" name="test_get_user_check_ins" time="0.233" /><testcase classname="backend.tests.test_p1_p2_features.TestCheckInAndStreaks" name="test_check_in_requires_user_id" time="0.105" /><testcase classname="backend.tests.test_p1_p2_features.TestCheckInAndStreaks" name="test_check_in_with_valid_user" time="0.287" /><testcase classname="backend.tests.test_p1_p2_features.TestExploreSearch" name="test_explore_search_spots" time="0.230" /><testcase classname="backend.tests.test_p1_p2_features.TestExploreSearch" name="test_explore_search_all" time="0.320" /><testcase classname="backend.tests.test_p1_p2_features.TestExploreSearch" name="test_explore_search_users" time="0.231" /><testcase classname="backend.tests.test_p1_p2_features.TestExploreTrending" name="test_explore_trending_returns_data" time="0.369" /><testcase classname="backend.tests.test_p1_p2_features.TestExploreTrending" name="test_trending_live_now_structure" time="0.394" /><testcase classname="backend.tests.test_p1_p2_features.TestFeedAndPosts" name="test_get_posts" time="0.283" /><testcase classname="backend.tests.test_p1_p2_features.TestFeedAndPosts" name="test_like_post_shaka" time="0.550" /><testcase classname="backend.tests.test_p1_p2_features.TestFollowSystem" name="test_get_followers" time="0.237" /><testcase classname="backend.tests.test_p1_p2_features.TestFollowSystem" name="test_get_following" time="0.265" /><testcase classname="backend.tests.test_p1_p2_features.TestSurfSpots" name="test_get_surf_spots" time="0.983" /><testcase classname="backend.tests.test_p1_p2_features.TestProfileEndpoints" name="test_get_profile" time="0.241" /><testcase classname="backend.tests.test_p1_p2_features.TestProfileEndpoints" name="test_update_profile" time="1.092" /><testcase classname="backend.tests.test_p1_p2_features.TestHealthCheck" name="test_api_health" time="0.155" /></testsuite></testsuites>