<?xml version="1.0" encoding="utf-8"?><testsuites name="pytest tests"><testsuite name="pytest" errors="0" failures="0" skipped="0" tests="20" time="11.886" timestamp="2026-03-14T16:58:16.678143+00:00" hostname="agent-env-80022ca7-d611-4cb1-b080-4135e2286024"><testcase classname="tests.test_stories_scheduler.TestStoriesAPI" name="test_api_health" time="0.144" /><testcase classname="tests.test_stories_scheduler.TestStoriesAPI" name="test_stories_feed_empty_initially" time="0.448" /><testcase classname="tests.test_stories_scheduler.TestStoriesAPI" name="test_create_story_success" time="0.441" /><testcase classname="tests.test_stories_scheduler.TestStoriesAPI" name="test_create_story_with_location" time="1.518" /><testcase classname="tests.test_stories_scheduler.TestStoriesAPI" name="test_stories_feed_returns_created_story" time="0.456" /><testcase classname="tests.test_stories_scheduler.TestStoriesAPI" name="test_stories_feed_with_type_filter" time="0.795" /><testcase classname="tests.test_stories_scheduler.TestStoriesAPI" name="test_mark_story_viewed" time="0.393" /><testcase classname="tests.test_stories_scheduler.TestStoriesAPI" name="test_mark_story_viewed_duplicate" time="0.335" /><testcase classname="tests.test_stories_scheduler.TestStoriesAPI" name="test_view_story_nonexistent_fails" time="0.285" /><testcase classname="tests.test_stories_scheduler.TestStoriesAPI" name="test_create_story_invalid_author_fails" time="0.265" /><testcase classname="tests.test_stories_scheduler.TestStoriesAPI" name="test_get_author_stories" time="0.510" /><testcase classname="tests.test_stories_scheduler.TestStoriesAPI" name="test_cleanup_expired_stories_endpoint" time="0.258" /><testcase classname="tests.test_stories_scheduler.TestStoriesAPI" name="test_delete_story_unauthorized_fails" time="0.256" /><testcase classname="tests.test_stories_scheduler.TestStoriesAPI" name="test_delete_story_success" time="0.397" /><testcase classname="tests.test_stories_scheduler.TestLocationVisibility" name="test_stories_feed_with_location_params" time="0.449" /><testcase classname="tests.test_stories_scheduler.TestSchedulerIntegration" name="test_surf_alerts_page_loads" time="0.350" /><testcase classname="tests.test_stories_scheduler.TestSchedulerIntegration" name="test_surf_spots_endpoint" time="1.040" /><testcase classname="tests.test_stories_scheduler.TestSchedulerIntegration" name="test_conditions_endpoint_still_works" time="1.917" /><testcase classname="tests.test_stories_scheduler.TestStoryExpiration" name="test_story_has_expires_at" time="0.846" /><testcase classname="tests.test_stories_scheduler.TestStoryTypes" name="test_photographer_story_type" time="0.731" /></testsuite></testsuites>