<?xml version="1.0" encoding="utf-8"?><testsuites name="pytest tests"><testsuite name="pytest" errors="0" failures="0" skipped="1" tests="16" time="7.604" timestamp="2026-04-10T05:27:34.548815+00:00" hostname="agent-env-80022ca7-d611-4cb1-b080-4135e2286024"><testcase classname="backend.tests.test_selfie_facial_recognition_iter280.TestParticipantSelfieEndpoint" name="test_endpoint_exists" time="2.526" /><testcase classname="backend.tests.test_selfie_facial_recognition_iter280.TestParticipantSelfieEndpoint" name="test_selfie_upload_success" time="0.280"><skipped type="pytest.skip" message="Could not create test booking">/app/backend/tests/test_selfie_facial_recognition_iter280.py:56: Could not create test booking</skipped></testcase><testcase classname="backend.tests.test_selfie_facial_recognition_iter280.TestParticipantSelfieEndpoint" name="test_selfie_upload_missing_participant" time="0.214" /><testcase classname="backend.tests.test_selfie_facial_recognition_iter280.TestProfileIdentificationFields" name="test_get_profile_has_identification_fields" time="0.269" /><testcase classname="backend.tests.test_selfie_facial_recognition_iter280.TestProfileIdentificationFields" name="test_update_wetsuit_color" time="0.436" /><testcase classname="backend.tests.test_selfie_facial_recognition_iter280.TestProfileIdentificationFields" name="test_update_rash_guard_color" time="0.436" /><testcase classname="backend.tests.test_selfie_facial_recognition_iter280.TestProfileIdentificationFields" name="test_update_stance" time="0.416" /><testcase classname="backend.tests.test_selfie_facial_recognition_iter280.TestAIIdentityMatchingEndpoints" name="test_ai_analyze_photo_endpoint_exists" time="0.621" /><testcase classname="backend.tests.test_selfie_facial_recognition_iter280.TestAIIdentityMatchingEndpoints" name="test_ai_batch_analyze_endpoint_exists" time="0.323" /><testcase classname="backend.tests.test_selfie_facial_recognition_iter280.TestAIIdentityMatchingEndpoints" name="test_ai_analyze_with_invalid_surfer" time="0.234" /><testcase classname="backend.tests.test_selfie_facial_recognition_iter280.TestSurferGalleryReviewEndpoints" name="test_proposed_matches_endpoint" time="0.290" /><testcase classname="backend.tests.test_selfie_facial_recognition_iter280.TestSurferGalleryReviewEndpoints" name="test_session_entitlements_endpoint" time="0.295" /><testcase classname="backend.tests.test_selfie_facial_recognition_iter280.TestSurferGalleryReviewEndpoints" name="test_ai_sessions_endpoint" time="0.245" /><testcase classname="backend.tests.test_selfie_facial_recognition_iter280.TestSurferProfileModel" name="test_surfer_profile_fields_in_ai_matching" time="0.449" /><testcase classname="backend.tests.test_selfie_facial_recognition_iter280.TestDatabaseSchema" name="test_booking_participants_selfie_url_column" time="0.293" /><testcase classname="backend.tests.test_selfie_facial_recognition_iter280.TestDatabaseSchema" name="test_profile_identification_columns" time="0.202" /></testsuite></testsuites>