<?xml version="1.0" encoding="utf-8"?><testsuites name="pytest tests"><testsuite name="pytest" errors="0" failures="0" skipped="0" tests="9" time="7.197" timestamp="2026-03-15T15:27:09.997675+00:00" hostname="agent-env-80022ca7-d611-4cb1-b080-4135e2286024"><testcase classname="backend.tests.test_p2_dispatch_pricing.TestPhotographerPricing" name="test_get_default_packages" time="0.513" /><testcase classname="backend.tests.test_p2_dispatch_pricing.TestPhotographerPricing" name="test_get_photographer_pricing" time="0.806" /><testcase classname="backend.tests.test_p2_dispatch_pricing.TestPhotographerPricing" name="test_get_photographer_pricing_not_found" time="0.473" /><testcase classname="backend.tests.test_p2_dispatch_pricing.TestPhotographerPricing" name="test_update_photographer_pricing" time="0.964" /><testcase classname="backend.tests.test_p2_dispatch_pricing.TestPhotographerPricing" name="test_packages_reflect_custom_pricing" time="0.860" /><testcase classname="backend.tests.test_p2_dispatch_pricing.TestDispatchTracking" name="test_tracking_not_found" time="0.672" /><testcase classname="backend.tests.test_p2_dispatch_pricing.TestDispatchTracking" name="test_active_dispatch_endpoint" time="0.740" /><testcase classname="backend.tests.test_p2_dispatch_pricing.TestFriendMapEndpoint" name="test_friends_on_map_endpoint" time="0.710" /><testcase classname="backend.tests.test_p2_dispatch_pricing.TestCheckoutWithCustomPricing" name="test_checkout_uses_photographer_pricing" time="1.402" /></testsuite></testsuites>